[2024-11-15T21:29:50.876+0000] {local_task_job_runner.py:120} INFO - ::group::Pre task execution logs
[2024-11-15T21:29:51.624+0000] {taskinstance.py:2076} INFO - Dependencies all met for dep_context=non-requeueable deps ti=<TaskInstance: FLOAT_DATA_TO_PG.ingest_to_postgres manual__2024-11-15T21:29:23.846354+00:00 [queued]>
[2024-11-15T21:29:51.825+0000] {taskinstance.py:2076} INFO - Dependencies all met for dep_context=requeueable deps ti=<TaskInstance: FLOAT_DATA_TO_PG.ingest_to_postgres manual__2024-11-15T21:29:23.846354+00:00 [queued]>
[2024-11-15T21:29:51.831+0000] {taskinstance.py:2306} INFO - Starting attempt 1 of 1
[2024-11-15T21:29:52.010+0000] {taskinstance.py:2330} INFO - Executing <Task(PythonOperator): ingest_to_postgres> on 2024-11-15 21:29:23.846354+00:00
[2024-11-15T21:29:52.266+0000] {warnings.py:110} WARNING - /home/***/.local/lib/python3.12/site-packages/***/task/task_runner/standard_task_runner.py:61: DeprecationWarning: This process (pid=1089) is multi-threaded, use of fork() may lead to deadlocks in the child.
  pid = os.fork()

[2024-11-15T21:29:52.277+0000] {standard_task_runner.py:63} INFO - Started process 1091 to run task
[2024-11-15T21:29:52.340+0000] {standard_task_runner.py:90} INFO - Running: ['***', 'tasks', 'run', 'FLOAT_DATA_TO_PG', 'ingest_to_postgres', 'manual__2024-11-15T21:29:23.846354+00:00', '--job-id', '50', '--raw', '--subdir', 'DAGS_FOLDER/etl_process_float_data.py', '--cfg-path', '/tmp/tmppuwo9kqv']
[2024-11-15T21:29:52.361+0000] {standard_task_runner.py:91} INFO - Job 50: Subtask ingest_to_postgres
[2024-11-15T21:29:52.676+0000] {task_command.py:426} INFO - Running <TaskInstance: FLOAT_DATA_TO_PG.ingest_to_postgres manual__2024-11-15T21:29:23.846354+00:00 [running]> on host 35eb7317174e
[2024-11-15T21:29:53.016+0000] {taskinstance.py:2648} INFO - Exporting env vars: AIRFLOW_CTX_DAG_OWNER='***' AIRFLOW_CTX_DAG_ID='FLOAT_DATA_TO_PG' AIRFLOW_CTX_TASK_ID='ingest_to_postgres' AIRFLOW_CTX_EXECUTION_DATE='2024-11-15T21:29:23.846354+00:00' AIRFLOW_CTX_TRY_NUMBER='1' AIRFLOW_CTX_DAG_RUN_ID='manual__2024-11-15T21:29:23.846354+00:00'
[2024-11-15T21:29:53.019+0000] {taskinstance.py:430} INFO - ::endgroup::
[2024-11-15T21:29:53.420+0000] {etl_process_float_data.py:74} INFO - Transformed data successfully ingested into PostgreSQL using pandas
[2024-11-15T21:29:53.422+0000] {python.py:237} INFO - Done. Returned value was: None
[2024-11-15T21:29:53.424+0000] {taskinstance.py:441} INFO - ::group::Post task execution logs
[2024-11-15T21:29:53.465+0000] {taskinstance.py:1206} INFO - Marking task as SUCCESS. dag_id=FLOAT_DATA_TO_PG, task_id=ingest_to_postgres, run_id=manual__2024-11-15T21:29:23.846354+00:00, execution_date=20241115T212923, start_date=20241115T212951, end_date=20241115T212953
[2024-11-15T21:29:53.555+0000] {local_task_job_runner.py:240} INFO - Task exited with return code 0
[2024-11-15T21:29:53.623+0000] {taskinstance.py:3498} INFO - 0 downstream tasks scheduled from follow-on schedule check
[2024-11-15T21:29:53.628+0000] {local_task_job_runner.py:222} INFO - ::endgroup::
