SLF4J: Class path contains multiple SLF4J bindings.
SLF4J: Found binding in [jar:file:/opt/hdfs/nodemanager/usercache/yxsu/filecache/20/spark-assembly-1.4.1-hadoop2.6.0.jar!/org/slf4j/impl/StaticLoggerBinder.class]
SLF4J: Found binding in [jar:file:/usr/local/hadoop/share/hadoop/common/lib/slf4j-log4j12-1.7.10.jar!/org/slf4j/impl/StaticLoggerBinder.class]
SLF4J: See http://www.slf4j.org/codes.html#multiple_bindings for an explanation.
SLF4J: Actual binding is of type [org.slf4j.impl.Log4jLoggerFactory]
15/09/01 18:14:44 INFO executor.CoarseGrainedExecutorBackend: Registered signal handlers for [TERM, HUP, INT]
15/09/01 18:14:45 INFO spark.SecurityManager: Changing view acls to: yarn,yxsu
15/09/01 18:14:45 INFO spark.SecurityManager: Changing modify acls to: yarn,yxsu
15/09/01 18:14:45 INFO spark.SecurityManager: SecurityManager: authentication disabled; ui acls disabled; users with view permissions: Set(yarn, yxsu); users with modify permissions: Set(yarn, yxsu)
15/09/01 18:14:46 INFO slf4j.Slf4jLogger: Slf4jLogger started
15/09/01 18:14:46 INFO Remoting: Starting remoting
15/09/01 18:14:46 INFO Remoting: Remoting started; listening on addresses :[akka.tcp://driverPropsFetcher@mesos-slave-30:57357]
15/09/01 18:14:46 INFO util.Utils: Successfully started service 'driverPropsFetcher' on port 57357.
15/09/01 18:14:46 INFO spark.SecurityManager: Changing view acls to: yarn,yxsu
15/09/01 18:14:46 INFO spark.SecurityManager: Changing modify acls to: yarn,yxsu
15/09/01 18:14:46 INFO spark.SecurityManager: SecurityManager: authentication disabled; ui acls disabled; users with view permissions: Set(yarn, yxsu); users with modify permissions: Set(yarn, yxsu)
15/09/01 18:14:46 INFO remote.RemoteActorRefProvider$RemotingTerminator: Shutting down remote daemon.
15/09/01 18:14:46 INFO remote.RemoteActorRefProvider$RemotingTerminator: Remote daemon shut down; proceeding with flushing remote transports.
15/09/01 18:14:46 INFO slf4j.Slf4jLogger: Slf4jLogger started
15/09/01 18:14:46 INFO Remoting: Starting remoting
15/09/01 18:14:46 INFO Remoting: Remoting started; listening on addresses :[akka.tcp://sparkExecutor@mesos-slave-30:35430]
15/09/01 18:14:46 INFO util.Utils: Successfully started service 'sparkExecutor' on port 35430.
15/09/01 18:14:46 INFO storage.DiskBlockManager: Created local directory at /opt/hdfs/nodemanager/usercache/yxsu/appcache/application_1440487435730_0039/blockmgr-f838ba80-9864-40e3-85ba-9c686e5cf43c
15/09/01 18:14:46 INFO storage.MemoryStore: MemoryStore started with capacity 530.3 MB
15/09/01 18:14:46 INFO executor.CoarseGrainedExecutorBackend: Connecting to driver: akka.tcp://sparkDriver@10.10.18.32:65488/user/CoarseGrainedScheduler
15/09/01 18:14:47 INFO executor.CoarseGrainedExecutorBackend: Successfully registered with driver
15/09/01 18:14:47 INFO executor.Executor: Starting executor ID 182 on host mesos-slave-30
15/09/01 18:14:47 INFO util.Utils: Successfully started service 'org.apache.spark.network.netty.NettyBlockTransferService' on port 37736.
15/09/01 18:14:47 INFO netty.NettyBlockTransferService: Server created on 37736
15/09/01 18:14:47 INFO storage.BlockManagerMaster: Trying to register BlockManager
15/09/01 18:14:47 INFO storage.BlockManagerMaster: Registered BlockManager
15/09/01 18:14:47 INFO executor.Executor: Using REPL class URI: http://10.10.18.32:65475
15/09/01 18:16:43 INFO executor.CoarseGrainedExecutorBackend: Got assigned task 331
15/09/01 18:16:43 INFO executor.Executor: Running task 330.0 in stage 0.0 (TID 331)
15/09/01 18:16:43 INFO broadcast.TorrentBroadcast: Started reading broadcast variable 1
15/09/01 18:16:43 INFO storage.MemoryStore: ensureFreeSpace(1097) called with curMem=0, maxMem=556038881
15/09/01 18:16:43 INFO storage.MemoryStore: Block broadcast_1_piece0 stored as bytes in memory (estimated size 1097.0 B, free 530.3 MB)
15/09/01 18:16:43 INFO broadcast.TorrentBroadcast: Reading broadcast variable 1 took 429 ms
15/09/01 18:16:43 INFO storage.MemoryStore: ensureFreeSpace(1776) called with curMem=1097, maxMem=556038881
15/09/01 18:16:43 INFO storage.MemoryStore: Block broadcast_1 stored as values in memory (estimated size 1776.0 B, free 530.3 MB)
15/09/01 18:16:43 INFO rdd.BinaryFileRDD: Input split: Paths:/yxsu/dataset/ImageNet/ILSVRC2012_img_test/ILSVRC2012_test_00000503.JPEG:0+104937,/yxsu/dataset/ImageNet/ILSVRC2012_img_test/ILSVRC2012_test_00000504.JPEG:0+182976
15/09/01 18:16:43 INFO broadcast.TorrentBroadcast: Started reading broadcast variable 0
15/09/01 18:16:44 INFO storage.MemoryStore: ensureFreeSpace(20110) called with curMem=2873, maxMem=556038881
15/09/01 18:16:44 INFO storage.MemoryStore: Block broadcast_0_piece0 stored as bytes in memory (estimated size 19.6 KB, free 530.3 MB)
15/09/01 18:16:44 INFO broadcast.TorrentBroadcast: Reading broadcast variable 0 took 196 ms
15/09/01 18:16:44 INFO storage.MemoryStore: ensureFreeSpace(338816) called with curMem=22983, maxMem=556038881
15/09/01 18:16:44 INFO storage.MemoryStore: Block broadcast_0 stored as values in memory (estimated size 330.9 KB, free 529.9 MB)
15/09/01 18:16:44 INFO executor.Executor: Finished task 330.0 in stage 0.0 (TID 331). 1835 bytes result sent to driver
15/09/01 18:16:44 INFO executor.CoarseGrainedExecutorBackend: Got assigned task 699
15/09/01 18:16:44 INFO executor.Executor: Running task 666.0 in stage 0.0 (TID 699)
15/09/01 18:16:44 INFO rdd.BinaryFileRDD: Input split: Paths:/yxsu/dataset/ImageNet/ILSVRC2012_img_test/ILSVRC2012_test_00001104.JPEG:0+86999,/yxsu/dataset/ImageNet/ILSVRC2012_img_test/ILSVRC2012_test_00001110.JPEG:0+140504
15/09/01 18:16:44 INFO executor.Executor: Finished task 666.0 in stage 0.0 (TID 699). 1835 bytes result sent to driver
15/09/01 18:16:44 INFO executor.CoarseGrainedExecutorBackend: Got assigned task 1021
15/09/01 18:16:44 INFO executor.Executor: Running task 1086.0 in stage 0.0 (TID 1021)
15/09/01 18:16:44 INFO rdd.BinaryFileRDD: Input split: Paths:/yxsu/dataset/ImageNet/ILSVRC2012_img_test/ILSVRC2012_test_00001776.JPEG:0+116935,/yxsu/dataset/ImageNet/ILSVRC2012_img_test/ILSVRC2012_test_00001786.JPEG:0+128952
15/09/01 18:16:45 INFO executor.Executor: Finished task 1086.0 in stage 0.0 (TID 1021). 1835 bytes result sent to driver
15/09/01 18:16:45 INFO executor.CoarseGrainedExecutorBackend: Got assigned task 1382
15/09/01 18:16:45 INFO executor.Executor: Running task 1730.0 in stage 0.0 (TID 1382)
15/09/01 18:16:45 INFO rdd.BinaryFileRDD: Input split: Paths:/yxsu/dataset/ImageNet/ILSVRC2012_img_test/ILSVRC2012_test_00002855.JPEG:0+109911,/yxsu/dataset/ImageNet/ILSVRC2012_img_test/ILSVRC2012_test_00002858.JPEG:0+98690
15/09/01 18:16:45 INFO executor.Executor: Finished task 1730.0 in stage 0.0 (TID 1382). 1835 bytes result sent to driver
15/09/01 18:16:45 INFO executor.CoarseGrainedExecutorBackend: Got assigned task 1813
15/09/01 18:16:45 INFO executor.Executor: Running task 2346.0 in stage 0.0 (TID 1813)
15/09/01 18:16:45 INFO rdd.BinaryFileRDD: Input split: Paths:/yxsu/dataset/ImageNet/ILSVRC2012_img_test/ILSVRC2012_test_00003830.JPEG:0+156495
15/09/01 18:16:45 INFO executor.Executor: Finished task 2346.0 in stage 0.0 (TID 1813). 1835 bytes result sent to driver
15/09/01 18:16:46 INFO executor.CoarseGrainedExecutorBackend: Got assigned task 2339
15/09/01 18:16:46 INFO executor.Executor: Running task 2878.0 in stage 0.0 (TID 2339)
15/09/01 18:16:46 INFO rdd.BinaryFileRDD: Input split: Paths:/yxsu/dataset/ImageNet/ILSVRC2012_img_test/ILSVRC2012_test_00004705.JPEG:0+124330,/yxsu/dataset/ImageNet/ILSVRC2012_img_test/ILSVRC2012_test_00004727.JPEG:0+62444
15/09/01 18:16:46 INFO executor.Executor: Finished task 2878.0 in stage 0.0 (TID 2339). 1835 bytes result sent to driver
15/09/01 18:16:46 INFO executor.CoarseGrainedExecutorBackend: Got assigned task 2883
15/09/01 18:16:46 INFO executor.Executor: Running task 3410.0 in stage 0.0 (TID 2883)
15/09/01 18:16:46 INFO rdd.BinaryFileRDD: Input split: Paths:/yxsu/dataset/ImageNet/ILSVRC2012_img_test/ILSVRC2012_test_00005575.JPEG:0+253923
15/09/01 18:16:46 INFO executor.Executor: Finished task 3410.0 in stage 0.0 (TID 2883). 1835 bytes result sent to driver
15/09/01 18:16:46 INFO executor.CoarseGrainedExecutorBackend: Got assigned task 3428
15/09/01 18:16:46 INFO executor.Executor: Running task 3998.0 in stage 0.0 (TID 3428)
15/09/01 18:16:46 INFO rdd.BinaryFileRDD: Input split: Paths:/yxsu/dataset/ImageNet/ILSVRC2012_img_test/ILSVRC2012_test_00006553.JPEG:0+138796
15/09/01 18:16:46 INFO executor.Executor: Finished task 3998.0 in stage 0.0 (TID 3428). 1835 bytes result sent to driver
15/09/01 18:16:47 INFO executor.CoarseGrainedExecutorBackend: Got assigned task 3964
15/09/01 18:16:47 INFO executor.Executor: Running task 4614.0 in stage 0.0 (TID 3964)
15/09/01 18:16:47 INFO rdd.BinaryFileRDD: Input split: Paths:/yxsu/dataset/ImageNet/ILSVRC2012_img_test/ILSVRC2012_test_00007667.JPEG:0+5720,/yxsu/dataset/ImageNet/ILSVRC2012_img_test/ILSVRC2012_test_00007668.JPEG:0+89945,/yxsu/dataset/ImageNet/ILSVRC2012_img_test/ILSVRC2012_test_00007673.JPEG:0+90408
15/09/01 18:16:47 INFO executor.Executor: Finished task 4614.0 in stage 0.0 (TID 3964). 1835 bytes result sent to driver
15/09/01 18:16:47 INFO executor.CoarseGrainedExecutorBackend: Got assigned task 4521
15/09/01 18:16:47 INFO executor.Executor: Running task 5202.0 in stage 0.0 (TID 4521)
15/09/01 18:16:47 INFO rdd.BinaryFileRDD: Input split: Paths:/yxsu/dataset/ImageNet/ILSVRC2012_img_test/ILSVRC2012_test_00008609.JPEG:0+194095
15/09/01 18:16:47 INFO executor.Executor: Finished task 5202.0 in stage 0.0 (TID 4521). 1835 bytes result sent to driver
15/09/01 18:16:48 INFO executor.CoarseGrainedExecutorBackend: Got assigned task 5038
15/09/01 18:16:48 INFO executor.Executor: Running task 5790.0 in stage 0.0 (TID 5038)
15/09/01 18:16:48 INFO rdd.BinaryFileRDD: Input split: Paths:/yxsu/dataset/ImageNet/ILSVRC2012_img_test/ILSVRC2012_test_00009552.JPEG:0+225380
15/09/01 18:16:48 INFO executor.Executor: Finished task 5790.0 in stage 0.0 (TID 5038). 1835 bytes result sent to driver
15/09/01 18:16:48 INFO executor.CoarseGrainedExecutorBackend: Got assigned task 5585
15/09/01 18:16:48 INFO executor.Executor: Running task 6322.0 in stage 0.0 (TID 5585)
15/09/01 18:16:48 INFO rdd.BinaryFileRDD: Input split: Paths:/yxsu/dataset/ImageNet/ILSVRC2012_img_test/ILSVRC2012_test_00010361.JPEG:0+31169,/yxsu/dataset/ImageNet/ILSVRC2012_img_test/ILSVRC2012_test_00010396.JPEG:0+132456
15/09/01 18:16:48 INFO executor.Executor: Finished task 6322.0 in stage 0.0 (TID 5585). 1835 bytes result sent to driver
15/09/01 18:16:49 INFO executor.CoarseGrainedExecutorBackend: Got assigned task 6145
15/09/01 18:16:49 INFO executor.Executor: Running task 6882.0 in stage 0.0 (TID 6145)
15/09/01 18:16:49 INFO rdd.BinaryFileRDD: Input split: Paths:/yxsu/dataset/ImageNet/ILSVRC2012_img_test/ILSVRC2012_test_00011271.JPEG:0+108814,/yxsu/dataset/ImageNet/ILSVRC2012_img_test/ILSVRC2012_test_00011284.JPEG:0+136440
15/09/01 18:16:49 INFO executor.Executor: Finished task 6882.0 in stage 0.0 (TID 6145). 1835 bytes result sent to driver
15/09/01 18:16:49 INFO executor.CoarseGrainedExecutorBackend: Got assigned task 6716
15/09/01 18:16:49 INFO executor.Executor: Running task 7470.0 in stage 0.0 (TID 6716)
15/09/01 18:16:49 INFO rdd.BinaryFileRDD: Input split: Paths:/yxsu/dataset/ImageNet/ILSVRC2012_img_test/ILSVRC2012_test_00012292.JPEG:0+62045,/yxsu/dataset/ImageNet/ILSVRC2012_img_test/ILSVRC2012_test_00012295.JPEG:0+120954
15/09/01 18:16:49 INFO executor.Executor: Finished task 7470.0 in stage 0.0 (TID 6716). 1835 bytes result sent to driver
15/09/01 18:16:50 INFO executor.CoarseGrainedExecutorBackend: Got assigned task 7282
15/09/01 18:16:50 INFO executor.Executor: Running task 8058.0 in stage 0.0 (TID 7282)
15/09/01 18:16:50 INFO rdd.BinaryFileRDD: Input split: Paths:/yxsu/dataset/ImageNet/ILSVRC2012_img_test/ILSVRC2012_test_00013278.JPEG:0+124863,/yxsu/dataset/ImageNet/ILSVRC2012_img_test/ILSVRC2012_test_00013279.JPEG:0+109919
15/09/01 18:16:50 INFO executor.Executor: Finished task 8058.0 in stage 0.0 (TID 7282). 1835 bytes result sent to driver
15/09/01 18:16:50 INFO executor.CoarseGrainedExecutorBackend: Got assigned task 7847
15/09/01 18:16:50 INFO executor.Executor: Running task 8646.0 in stage 0.0 (TID 7847)
15/09/01 18:16:50 INFO rdd.BinaryFileRDD: Input split: Paths:/yxsu/dataset/ImageNet/ILSVRC2012_img_test/ILSVRC2012_test_00014206.JPEG:0+158475
15/09/01 18:16:50 INFO executor.Executor: Finished task 8646.0 in stage 0.0 (TID 7847). 1835 bytes result sent to driver
15/09/01 18:16:50 INFO executor.CoarseGrainedExecutorBackend: Got assigned task 8403
15/09/01 18:16:50 INFO executor.Executor: Running task 9234.0 in stage 0.0 (TID 8403)
15/09/01 18:16:50 INFO rdd.BinaryFileRDD: Input split: Paths:/yxsu/dataset/ImageNet/ILSVRC2012_img_test/ILSVRC2012_test_00015172.JPEG:0+1438,/yxsu/dataset/ImageNet/ILSVRC2012_img_test/ILSVRC2012_test_00015176.JPEG:0+158264
15/09/01 18:16:50 INFO executor.Executor: Finished task 9234.0 in stage 0.0 (TID 8403). 1835 bytes result sent to driver
15/09/01 18:16:51 INFO executor.CoarseGrainedExecutorBackend: Got assigned task 8963
15/09/01 18:16:51 INFO executor.Executor: Running task 9822.0 in stage 0.0 (TID 8963)
15/09/01 18:16:51 INFO rdd.BinaryFileRDD: Input split: Paths:/yxsu/dataset/ImageNet/ILSVRC2012_img_test/ILSVRC2012_test_00016126.JPEG:0+56956,/yxsu/dataset/ImageNet/ILSVRC2012_img_test/ILSVRC2012_test_00016138.JPEG:0+80395
15/09/01 18:16:51 INFO executor.Executor: Finished task 9822.0 in stage 0.0 (TID 8963). 1835 bytes result sent to driver
15/09/01 18:16:51 INFO executor.CoarseGrainedExecutorBackend: Got assigned task 9547
15/09/01 18:16:51 INFO executor.Executor: Running task 10466.0 in stage 0.0 (TID 9547)
15/09/01 18:16:51 INFO rdd.BinaryFileRDD: Input split: Paths:/yxsu/dataset/ImageNet/ILSVRC2012_img_test/ILSVRC2012_test_00017163.JPEG:0+85039,/yxsu/dataset/ImageNet/ILSVRC2012_img_test/ILSVRC2012_test_00017170.JPEG:0+147405
15/09/01 18:16:51 INFO executor.Executor: Finished task 10466.0 in stage 0.0 (TID 9547). 1835 bytes result sent to driver
15/09/01 18:16:52 INFO executor.CoarseGrainedExecutorBackend: Got assigned task 10127
15/09/01 18:16:52 INFO executor.Executor: Running task 11054.0 in stage 0.0 (TID 10127)
15/09/01 18:16:52 INFO rdd.BinaryFileRDD: Input split: Paths:/yxsu/dataset/ImageNet/ILSVRC2012_img_test/ILSVRC2012_test_00018089.JPEG:0+20186,/yxsu/dataset/ImageNet/ILSVRC2012_img_test/ILSVRC2012_test_00018127.JPEG:0+104265,/yxsu/dataset/ImageNet/ILSVRC2012_img_test/ILSVRC2012_test_00018149.JPEG:0+193606
15/09/01 18:16:52 INFO executor.Executor: Finished task 11054.0 in stage 0.0 (TID 10127). 1835 bytes result sent to driver
15/09/01 18:16:52 INFO executor.CoarseGrainedExecutorBackend: Got assigned task 10721
15/09/01 18:16:52 INFO executor.Executor: Running task 11698.0 in stage 0.0 (TID 10721)
15/09/01 18:16:52 INFO rdd.BinaryFileRDD: Input split: Paths:/yxsu/dataset/ImageNet/ILSVRC2012_img_test/ILSVRC2012_test_00019161.JPEG:0+13654,/yxsu/dataset/ImageNet/ILSVRC2012_img_test/ILSVRC2012_test_00019169.JPEG:0+57858,/yxsu/dataset/ImageNet/ILSVRC2012_img_test/ILSVRC2012_test_00019174.JPEG:0+109028
15/09/01 18:16:52 INFO executor.Executor: Finished task 11698.0 in stage 0.0 (TID 10721). 1835 bytes result sent to driver
15/09/01 18:16:53 INFO executor.CoarseGrainedExecutorBackend: Got assigned task 11290
15/09/01 18:16:53 INFO executor.Executor: Running task 12286.0 in stage 0.0 (TID 11290)
15/09/01 18:16:53 INFO rdd.BinaryFileRDD: Input split: Paths:/yxsu/dataset/ImageNet/ILSVRC2012_img_test/ILSVRC2012_test_00020110.JPEG:0+89243,/yxsu/dataset/ImageNet/ILSVRC2012_img_test/ILSVRC2012_test_00020123.JPEG:0+82375
15/09/01 18:16:53 INFO executor.Executor: Finished task 12286.0 in stage 0.0 (TID 11290). 1835 bytes result sent to driver
15/09/01 18:16:53 INFO executor.CoarseGrainedExecutorBackend: Got assigned task 11861
15/09/01 18:16:53 INFO executor.Executor: Running task 12874.0 in stage 0.0 (TID 11861)
15/09/01 18:16:53 INFO rdd.BinaryFileRDD: Input split: Paths:/yxsu/dataset/ImageNet/ILSVRC2012_img_test/ILSVRC2012_test_00021113.JPEG:0+112364,/yxsu/dataset/ImageNet/ILSVRC2012_img_test/ILSVRC2012_test_00021122.JPEG:0+78519
15/09/01 18:16:53 INFO executor.Executor: Finished task 12874.0 in stage 0.0 (TID 11861). 1835 bytes result sent to driver
15/09/01 18:16:54 INFO executor.CoarseGrainedExecutorBackend: Got assigned task 12449
15/09/01 18:16:54 INFO executor.Executor: Running task 13462.0 in stage 0.0 (TID 12449)
15/09/01 18:16:54 INFO rdd.BinaryFileRDD: Input split: Paths:/yxsu/dataset/ImageNet/ILSVRC2012_img_test/ILSVRC2012_test_00022032.JPEG:0+95809,/yxsu/dataset/ImageNet/ILSVRC2012_img_test/ILSVRC2012_test_00022068.JPEG:0+121277
15/09/01 18:16:54 INFO executor.Executor: Finished task 13462.0 in stage 0.0 (TID 12449). 1835 bytes result sent to driver
15/09/01 18:16:54 INFO executor.CoarseGrainedExecutorBackend: Got assigned task 13015
15/09/01 18:16:54 INFO executor.Executor: Running task 14022.0 in stage 0.0 (TID 13015)
15/09/01 18:16:54 INFO rdd.BinaryFileRDD: Input split: Paths:/yxsu/dataset/ImageNet/ILSVRC2012_img_test/ILSVRC2012_test_00022952.JPEG:0+133753,/yxsu/dataset/ImageNet/ILSVRC2012_img_test/ILSVRC2012_test_00022958.JPEG:0+131236
15/09/01 18:16:54 INFO executor.Executor: Finished task 14022.0 in stage 0.0 (TID 13015). 1835 bytes result sent to driver
15/09/01 18:16:55 INFO executor.CoarseGrainedExecutorBackend: Got assigned task 13579
15/09/01 18:16:55 INFO executor.Executor: Running task 14610.0 in stage 0.0 (TID 13579)
15/09/01 18:16:55 INFO rdd.BinaryFileRDD: Input split: Paths:/yxsu/dataset/ImageNet/ILSVRC2012_img_test/ILSVRC2012_test_00023912.JPEG:0+135900,/yxsu/dataset/ImageNet/ILSVRC2012_img_test/ILSVRC2012_test_00023918.JPEG:0+13676
15/09/01 18:16:55 INFO executor.Executor: Finished task 14610.0 in stage 0.0 (TID 13579). 1835 bytes result sent to driver
15/09/01 18:16:55 INFO executor.CoarseGrainedExecutorBackend: Got assigned task 14133
15/09/01 18:16:55 INFO executor.Executor: Running task 15198.0 in stage 0.0 (TID 14133)
15/09/01 18:16:55 INFO rdd.BinaryFileRDD: Input split: Paths:/yxsu/dataset/ImageNet/ILSVRC2012_img_test/ILSVRC2012_test_00024930.JPEG:0+143732
15/09/01 18:16:55 INFO executor.Executor: Finished task 15198.0 in stage 0.0 (TID 14133). 1835 bytes result sent to driver
15/09/01 18:16:55 INFO executor.CoarseGrainedExecutorBackend: Got assigned task 14690
15/09/01 18:16:55 INFO executor.Executor: Running task 15758.0 in stage 0.0 (TID 14690)
15/09/01 18:16:55 INFO rdd.BinaryFileRDD: Input split: Paths:/yxsu/dataset/ImageNet/ILSVRC2012_img_test/ILSVRC2012_test_00025828.JPEG:0+131458,/yxsu/dataset/ImageNet/ILSVRC2012_img_test/ILSVRC2012_test_00025856.JPEG:0+109017
15/09/01 18:16:55 INFO executor.Executor: Finished task 15758.0 in stage 0.0 (TID 14690). 1835 bytes result sent to driver
15/09/01 18:16:56 INFO executor.CoarseGrainedExecutorBackend: Got assigned task 15263
15/09/01 18:16:56 INFO executor.Executor: Running task 16374.0 in stage 0.0 (TID 15263)
15/09/01 18:16:56 INFO rdd.BinaryFileRDD: Input split: Paths:/yxsu/dataset/ImageNet/ILSVRC2012_img_test/ILSVRC2012_test_00026835.JPEG:0+166060
15/09/01 18:16:56 INFO executor.Executor: Finished task 16374.0 in stage 0.0 (TID 15263). 1835 bytes result sent to driver
15/09/01 18:16:56 INFO executor.CoarseGrainedExecutorBackend: Got assigned task 15817
15/09/01 18:16:56 INFO executor.Executor: Running task 16906.0 in stage 0.0 (TID 15817)
15/09/01 18:16:56 INFO rdd.BinaryFileRDD: Input split: Paths:/yxsu/dataset/ImageNet/ILSVRC2012_img_test/ILSVRC2012_test_00027661.JPEG:0+33172,/yxsu/dataset/ImageNet/ILSVRC2012_img_test/ILSVRC2012_test_00027671.JPEG:0+118650
15/09/01 18:16:56 INFO executor.Executor: Finished task 16906.0 in stage 0.0 (TID 15817). 1835 bytes result sent to driver
15/09/01 18:16:57 INFO executor.CoarseGrainedExecutorBackend: Got assigned task 16387
15/09/01 18:16:57 INFO executor.Executor: Running task 17494.0 in stage 0.0 (TID 16387)
15/09/01 18:16:57 INFO rdd.BinaryFileRDD: Input split: Paths:/yxsu/dataset/ImageNet/ILSVRC2012_img_test/ILSVRC2012_test_00028645.JPEG:0+66333,/yxsu/dataset/ImageNet/ILSVRC2012_img_test/ILSVRC2012_test_00028651.JPEG:0+117747
15/09/01 18:16:57 INFO executor.Executor: Finished task 17494.0 in stage 0.0 (TID 16387). 1835 bytes result sent to driver
15/09/01 18:16:57 INFO executor.CoarseGrainedExecutorBackend: Got assigned task 16970
15/09/01 18:16:57 INFO executor.Executor: Running task 18110.0 in stage 0.0 (TID 16970)
15/09/01 18:16:57 INFO rdd.BinaryFileRDD: Input split: Paths:/yxsu/dataset/ImageNet/ILSVRC2012_img_test/ILSVRC2012_test_00029707.JPEG:0+133133,/yxsu/dataset/ImageNet/ILSVRC2012_img_test/ILSVRC2012_test_00029721.JPEG:0+121781
15/09/01 18:16:57 INFO executor.Executor: Finished task 18110.0 in stage 0.0 (TID 16970). 1835 bytes result sent to driver
15/09/01 18:16:58 INFO executor.CoarseGrainedExecutorBackend: Got assigned task 17542
15/09/01 18:16:58 INFO executor.Executor: Running task 18670.0 in stage 0.0 (TID 17542)
15/09/01 18:16:58 INFO rdd.BinaryFileRDD: Input split: Paths:/yxsu/dataset/ImageNet/ILSVRC2012_img_test/ILSVRC2012_test_00030506.JPEG:0+51342,/yxsu/dataset/ImageNet/ILSVRC2012_img_test/ILSVRC2012_test_00030522.JPEG:0+43629,/yxsu/dataset/ImageNet/ILSVRC2012_img_test/ILSVRC2012_test_00030567.JPEG:0+161655
15/09/01 18:16:58 INFO executor.Executor: Finished task 18670.0 in stage 0.0 (TID 17542). 1835 bytes result sent to driver
15/09/01 18:16:58 INFO executor.CoarseGrainedExecutorBackend: Got assigned task 18114
15/09/01 18:16:58 INFO executor.Executor: Running task 19314.0 in stage 0.0 (TID 18114)
15/09/01 18:16:58 INFO rdd.BinaryFileRDD: Input split: Paths:/yxsu/dataset/ImageNet/ILSVRC2012_img_test/ILSVRC2012_test_00031569.JPEG:0+243115
15/09/01 18:16:58 INFO executor.Executor: Finished task 19314.0 in stage 0.0 (TID 18114). 1835 bytes result sent to driver
15/09/01 18:16:59 INFO executor.CoarseGrainedExecutorBackend: Got assigned task 18684
15/09/01 18:16:59 INFO executor.Executor: Running task 19902.0 in stage 0.0 (TID 18684)
15/09/01 18:16:59 INFO rdd.BinaryFileRDD: Input split: Paths:/yxsu/dataset/ImageNet/ILSVRC2012_img_test/ILSVRC2012_test_00032550.JPEG:0+129782,/yxsu/dataset/ImageNet/ILSVRC2012_img_test/ILSVRC2012_test_00032554.JPEG:0+28716
15/09/01 18:16:59 INFO executor.Executor: Finished task 19902.0 in stage 0.0 (TID 18684). 1835 bytes result sent to driver
15/09/01 18:16:59 INFO executor.CoarseGrainedExecutorBackend: Got assigned task 19261
15/09/01 18:16:59 INFO executor.Executor: Running task 20490.0 in stage 0.0 (TID 19261)
15/09/01 18:16:59 INFO rdd.BinaryFileRDD: Input split: Paths:/yxsu/dataset/ImageNet/ILSVRC2012_img_test/ILSVRC2012_test_00033525.JPEG:0+188050
15/09/01 18:16:59 INFO executor.Executor: Finished task 20490.0 in stage 0.0 (TID 19261). 1835 bytes result sent to driver
15/09/01 18:17:00 INFO executor.CoarseGrainedExecutorBackend: Got assigned task 19821
15/09/01 18:17:00 INFO executor.Executor: Running task 21078.0 in stage 0.0 (TID 19821)
15/09/01 18:17:00 INFO rdd.BinaryFileRDD: Input split: Paths:/yxsu/dataset/ImageNet/ILSVRC2012_img_test/ILSVRC2012_test_00034472.JPEG:0+122293,/yxsu/dataset/ImageNet/ILSVRC2012_img_test/ILSVRC2012_test_00034473.JPEG:0+88376
15/09/01 18:17:00 INFO executor.Executor: Finished task 21078.0 in stage 0.0 (TID 19821). 1835 bytes result sent to driver
15/09/01 18:17:00 INFO executor.CoarseGrainedExecutorBackend: Got assigned task 20388
15/09/01 18:17:00 INFO executor.Executor: Running task 21638.0 in stage 0.0 (TID 20388)
15/09/01 18:17:00 INFO rdd.BinaryFileRDD: Input split: Paths:/yxsu/dataset/ImageNet/ILSVRC2012_img_test/ILSVRC2012_test_00035377.JPEG:0+218774
15/09/01 18:17:00 INFO executor.Executor: Finished task 21638.0 in stage 0.0 (TID 20388). 1835 bytes result sent to driver
15/09/01 18:17:00 INFO executor.CoarseGrainedExecutorBackend: Got assigned task 20946
15/09/01 18:17:00 INFO executor.Executor: Running task 22198.0 in stage 0.0 (TID 20946)
15/09/01 18:17:00 INFO rdd.BinaryFileRDD: Input split: Paths:/yxsu/dataset/ImageNet/ILSVRC2012_img_test/ILSVRC2012_test_00036247.JPEG:0+147800
15/09/01 18:17:00 INFO executor.Executor: Finished task 22198.0 in stage 0.0 (TID 20946). 1835 bytes result sent to driver
15/09/01 18:17:01 INFO executor.CoarseGrainedExecutorBackend: Got assigned task 21517
15/09/01 18:17:01 INFO executor.Executor: Running task 22758.0 in stage 0.0 (TID 21517)
15/09/01 18:17:01 INFO rdd.BinaryFileRDD: Input split: Paths:/yxsu/dataset/ImageNet/ILSVRC2012_img_test/ILSVRC2012_test_00037186.JPEG:0+192902
15/09/01 18:17:01 INFO executor.Executor: Finished task 22758.0 in stage 0.0 (TID 21517). 1835 bytes result sent to driver
15/09/01 18:17:01 INFO executor.CoarseGrainedExecutorBackend: Got assigned task 22068
15/09/01 18:17:01 INFO executor.Executor: Running task 23346.0 in stage 0.0 (TID 22068)
15/09/01 18:17:01 INFO rdd.BinaryFileRDD: Input split: Paths:/yxsu/dataset/ImageNet/ILSVRC2012_img_test/ILSVRC2012_test_00038135.JPEG:0+198670
15/09/01 18:17:01 INFO executor.Executor: Finished task 23346.0 in stage 0.0 (TID 22068). 1835 bytes result sent to driver
15/09/01 18:17:02 INFO executor.CoarseGrainedExecutorBackend: Got assigned task 22636
15/09/01 18:17:02 INFO executor.Executor: Running task 23934.0 in stage 0.0 (TID 22636)
15/09/01 18:17:02 INFO rdd.BinaryFileRDD: Input split: Paths:/yxsu/dataset/ImageNet/ILSVRC2012_img_test/ILSVRC2012_test_00039088.JPEG:0+271023
15/09/01 18:17:02 INFO executor.Executor: Finished task 23934.0 in stage 0.0 (TID 22636). 1835 bytes result sent to driver
15/09/01 18:17:02 INFO executor.CoarseGrainedExecutorBackend: Got assigned task 23196
15/09/01 18:17:02 INFO executor.Executor: Running task 24522.0 in stage 0.0 (TID 23196)
15/09/01 18:17:02 INFO rdd.BinaryFileRDD: Input split: Paths:/yxsu/dataset/ImageNet/ILSVRC2012_img_test/ILSVRC2012_test_00040088.JPEG:0+109289,/yxsu/dataset/ImageNet/ILSVRC2012_img_test/ILSVRC2012_test_00040103.JPEG:0+96910
15/09/01 18:17:02 INFO executor.Executor: Finished task 24522.0 in stage 0.0 (TID 23196). 1835 bytes result sent to driver
15/09/01 18:17:03 INFO executor.CoarseGrainedExecutorBackend: Got assigned task 23766
15/09/01 18:17:03 INFO executor.Executor: Running task 25110.0 in stage 0.0 (TID 23766)
15/09/01 18:17:03 INFO rdd.BinaryFileRDD: Input split: Paths:/yxsu/dataset/ImageNet/ILSVRC2012_img_test/ILSVRC2012_test_00041024.JPEG:0+125602,/yxsu/dataset/ImageNet/ILSVRC2012_img_test/ILSVRC2012_test_00041030.JPEG:0+119209
15/09/01 18:17:03 INFO executor.Executor: Finished task 25110.0 in stage 0.0 (TID 23766). 1835 bytes result sent to driver
15/09/01 18:17:03 INFO executor.CoarseGrainedExecutorBackend: Got assigned task 24335
15/09/01 18:17:03 INFO executor.Executor: Running task 25726.0 in stage 0.0 (TID 24335)
15/09/01 18:17:03 INFO rdd.BinaryFileRDD: Input split: Paths:/yxsu/dataset/ImageNet/ILSVRC2012_img_test/ILSVRC2012_test_00042007.JPEG:0+88346,/yxsu/dataset/ImageNet/ILSVRC2012_img_test/ILSVRC2012_test_00042042.JPEG:0+136981
15/09/01 18:17:03 INFO executor.Executor: Finished task 25726.0 in stage 0.0 (TID 24335). 1835 bytes result sent to driver
15/09/01 18:17:04 INFO executor.CoarseGrainedExecutorBackend: Got assigned task 24913
15/09/01 18:17:04 INFO executor.Executor: Running task 26286.0 in stage 0.0 (TID 24913)
15/09/01 18:17:04 INFO rdd.BinaryFileRDD: Input split: Paths:/yxsu/dataset/ImageNet/ILSVRC2012_img_test/ILSVRC2012_test_00042973.JPEG:0+153951
15/09/01 18:17:04 INFO executor.Executor: Finished task 26286.0 in stage 0.0 (TID 24913). 1835 bytes result sent to driver
15/09/01 18:17:04 INFO executor.CoarseGrainedExecutorBackend: Got assigned task 25477
15/09/01 18:17:04 INFO executor.Executor: Running task 26874.0 in stage 0.0 (TID 25477)
15/09/01 18:17:04 INFO rdd.BinaryFileRDD: Input split: Paths:/yxsu/dataset/ImageNet/ILSVRC2012_img_test/ILSVRC2012_test_00044036.JPEG:0+99328,/yxsu/dataset/ImageNet/ILSVRC2012_img_test/ILSVRC2012_test_00044039.JPEG:0+128267
15/09/01 18:17:04 INFO executor.Executor: Finished task 26874.0 in stage 0.0 (TID 25477). 1835 bytes result sent to driver
15/09/01 18:17:05 INFO executor.CoarseGrainedExecutorBackend: Got assigned task 26050
15/09/01 18:17:05 INFO executor.Executor: Running task 27462.0 in stage 0.0 (TID 26050)
15/09/01 18:17:05 INFO rdd.BinaryFileRDD: Input split: Paths:/yxsu/dataset/ImageNet/ILSVRC2012_img_test/ILSVRC2012_test_00044904.JPEG:0+199811
15/09/01 18:17:05 INFO executor.Executor: Finished task 27462.0 in stage 0.0 (TID 26050). 1835 bytes result sent to driver
15/09/01 18:17:05 INFO executor.CoarseGrainedExecutorBackend: Got assigned task 26614
15/09/01 18:17:05 INFO executor.Executor: Running task 28050.0 in stage 0.0 (TID 26614)
15/09/01 18:17:05 INFO rdd.BinaryFileRDD: Input split: Paths:/yxsu/dataset/ImageNet/ILSVRC2012_img_test/ILSVRC2012_test_00045885.JPEG:0+286119
15/09/01 18:17:05 INFO executor.Executor: Finished task 28050.0 in stage 0.0 (TID 26614). 1835 bytes result sent to driver
15/09/01 18:17:06 INFO executor.CoarseGrainedExecutorBackend: Got assigned task 27181
15/09/01 18:17:06 INFO executor.Executor: Running task 28610.0 in stage 0.0 (TID 27181)
15/09/01 18:17:06 INFO rdd.BinaryFileRDD: Input split: Paths:/yxsu/dataset/ImageNet/ILSVRC2012_img_test/ILSVRC2012_test_00046774.JPEG:0+739483
15/09/01 18:17:06 INFO executor.Executor: Finished task 28610.0 in stage 0.0 (TID 27181). 1835 bytes result sent to driver
15/09/01 18:17:06 INFO executor.CoarseGrainedExecutorBackend: Got assigned task 27754
15/09/01 18:17:06 INFO executor.Executor: Running task 29198.0 in stage 0.0 (TID 27754)
15/09/01 18:17:06 INFO rdd.BinaryFileRDD: Input split: Paths:/yxsu/dataset/ImageNet/ILSVRC2012_img_test/ILSVRC2012_test_00047735.JPEG:0+102574,/yxsu/dataset/ImageNet/ILSVRC2012_img_test/ILSVRC2012_test_00047739.JPEG:0+146850
15/09/01 18:17:06 INFO executor.Executor: Finished task 29198.0 in stage 0.0 (TID 27754). 1835 bytes result sent to driver
15/09/01 18:17:07 INFO executor.CoarseGrainedExecutorBackend: Got assigned task 28339
15/09/01 18:17:07 INFO executor.Executor: Running task 29786.0 in stage 0.0 (TID 28339)
15/09/01 18:17:07 INFO rdd.BinaryFileRDD: Input split: Paths:/yxsu/dataset/ImageNet/ILSVRC2012_img_test/ILSVRC2012_test_00048674.JPEG:0+144522
15/09/01 18:17:07 INFO executor.Executor: Finished task 29786.0 in stage 0.0 (TID 28339). 1835 bytes result sent to driver
15/09/01 18:17:07 INFO executor.CoarseGrainedExecutorBackend: Got assigned task 28901
15/09/01 18:17:07 INFO executor.Executor: Running task 30374.0 in stage 0.0 (TID 28901)
15/09/01 18:17:07 INFO rdd.BinaryFileRDD: Input split: Paths:/yxsu/dataset/ImageNet/ILSVRC2012_img_test/ILSVRC2012_test_00049624.JPEG:0+114303,/yxsu/dataset/ImageNet/ILSVRC2012_img_test/ILSVRC2012_test_00049625.JPEG:0+118086
15/09/01 18:17:07 INFO executor.Executor: Finished task 30374.0 in stage 0.0 (TID 28901). 1835 bytes result sent to driver
15/09/01 18:17:08 INFO executor.CoarseGrainedExecutorBackend: Got assigned task 29470
15/09/01 18:17:08 INFO executor.Executor: Running task 30990.0 in stage 0.0 (TID 29470)
15/09/01 18:17:08 INFO rdd.BinaryFileRDD: Input split: Paths:/yxsu/dataset/ImageNet/ILSVRC2012_img_test/ILSVRC2012_test_00050664.JPEG:0+169573
15/09/01 18:17:08 INFO executor.Executor: Finished task 30990.0 in stage 0.0 (TID 29470). 1835 bytes result sent to driver
15/09/01 18:17:08 INFO executor.CoarseGrainedExecutorBackend: Got assigned task 30021
15/09/01 18:17:08 INFO executor.Executor: Running task 31578.0 in stage 0.0 (TID 30021)
15/09/01 18:17:08 INFO rdd.BinaryFileRDD: Input split: Paths:/yxsu/dataset/ImageNet/ILSVRC2012_img_test/ILSVRC2012_test_00051565.JPEG:0+156369
15/09/01 18:17:08 INFO executor.Executor: Finished task 31578.0 in stage 0.0 (TID 30021). 1835 bytes result sent to driver
15/09/01 18:17:09 INFO executor.CoarseGrainedExecutorBackend: Got assigned task 30592
15/09/01 18:17:09 INFO executor.Executor: Running task 32166.0 in stage 0.0 (TID 30592)
15/09/01 18:17:09 INFO rdd.BinaryFileRDD: Input split: Paths:/yxsu/dataset/ImageNet/ILSVRC2012_img_test/ILSVRC2012_test_00052524.JPEG:0+152631
15/09/01 18:17:09 INFO executor.Executor: Finished task 32166.0 in stage 0.0 (TID 30592). 1835 bytes result sent to driver
15/09/01 18:17:09 INFO executor.CoarseGrainedExecutorBackend: Got assigned task 31151
15/09/01 18:17:09 INFO executor.Executor: Running task 32698.0 in stage 0.0 (TID 31151)
15/09/01 18:17:09 INFO rdd.BinaryFileRDD: Input split: Paths:/yxsu/dataset/ImageNet/ILSVRC2012_img_test/ILSVRC2012_test_00053405.JPEG:0+92282,/yxsu/dataset/ImageNet/ILSVRC2012_img_test/ILSVRC2012_test_00053442.JPEG:0+93739
15/09/01 18:17:09 INFO executor.Executor: Finished task 32698.0 in stage 0.0 (TID 31151). 1835 bytes result sent to driver
15/09/01 18:17:10 INFO executor.CoarseGrainedExecutorBackend: Got assigned task 31721
15/09/01 18:17:10 INFO executor.Executor: Running task 33286.0 in stage 0.0 (TID 31721)
15/09/01 18:17:10 INFO rdd.BinaryFileRDD: Input split: Paths:/yxsu/dataset/ImageNet/ILSVRC2012_img_test/ILSVRC2012_test_00054401.JPEG:0+171442
15/09/01 18:17:10 INFO executor.Executor: Finished task 33286.0 in stage 0.0 (TID 31721). 1835 bytes result sent to driver
15/09/01 18:17:10 INFO executor.CoarseGrainedExecutorBackend: Got assigned task 32285
15/09/01 18:17:10 INFO executor.Executor: Running task 33846.0 in stage 0.0 (TID 32285)
15/09/01 18:17:10 INFO rdd.BinaryFileRDD: Input split: Paths:/yxsu/dataset/ImageNet/ILSVRC2012_img_test/ILSVRC2012_test_00055308.JPEG:0+154511
15/09/01 18:17:10 INFO executor.Executor: Finished task 33846.0 in stage 0.0 (TID 32285). 1835 bytes result sent to driver
15/09/01 18:17:11 INFO executor.CoarseGrainedExecutorBackend: Got assigned task 32852
15/09/01 18:17:11 INFO executor.Executor: Running task 34434.0 in stage 0.0 (TID 32852)
15/09/01 18:17:11 INFO rdd.BinaryFileRDD: Input split: Paths:/yxsu/dataset/ImageNet/ILSVRC2012_img_test/ILSVRC2012_test_00056259.JPEG:0+88415,/yxsu/dataset/ImageNet/ILSVRC2012_img_test/ILSVRC2012_test_00056267.JPEG:0+108219
15/09/01 18:17:11 INFO executor.Executor: Finished task 34434.0 in stage 0.0 (TID 32852). 1835 bytes result sent to driver
15/09/01 18:17:11 INFO executor.CoarseGrainedExecutorBackend: Got assigned task 33434
15/09/01 18:17:11 INFO executor.Executor: Running task 35022.0 in stage 0.0 (TID 33434)
15/09/01 18:17:11 INFO rdd.BinaryFileRDD: Input split: Paths:/yxsu/dataset/ImageNet/ILSVRC2012_img_test/ILSVRC2012_test_00057224.JPEG:0+178567
15/09/01 18:17:11 INFO executor.Executor: Finished task 35022.0 in stage 0.0 (TID 33434). 1835 bytes result sent to driver
15/09/01 18:17:12 INFO executor.CoarseGrainedExecutorBackend: Got assigned task 33990
15/09/01 18:17:12 INFO executor.Executor: Running task 35610.0 in stage 0.0 (TID 33990)
15/09/01 18:17:12 INFO rdd.BinaryFileRDD: Input split: Paths:/yxsu/dataset/ImageNet/ILSVRC2012_img_test/ILSVRC2012_test_00058169.JPEG:0+225776
15/09/01 18:17:12 INFO executor.Executor: Finished task 35610.0 in stage 0.0 (TID 33990). 1835 bytes result sent to driver
15/09/01 18:17:12 INFO executor.CoarseGrainedExecutorBackend: Got assigned task 34543
15/09/01 18:17:12 INFO executor.Executor: Running task 36198.0 in stage 0.0 (TID 34543)
15/09/01 18:17:12 INFO rdd.BinaryFileRDD: Input split: Paths:/yxsu/dataset/ImageNet/ILSVRC2012_img_test/ILSVRC2012_test_00059114.JPEG:0+159826
15/09/01 18:17:12 INFO executor.Executor: Finished task 36198.0 in stage 0.0 (TID 34543). 1835 bytes result sent to driver
15/09/01 18:17:12 INFO executor.CoarseGrainedExecutorBackend: Got assigned task 35094
15/09/01 18:17:12 INFO executor.Executor: Running task 36730.0 in stage 0.0 (TID 35094)
15/09/01 18:17:12 INFO rdd.BinaryFileRDD: Input split: Paths:/yxsu/dataset/ImageNet/ILSVRC2012_img_test/ILSVRC2012_test_00060000.JPEG:0+201647
15/09/01 18:17:12 INFO executor.Executor: Finished task 36730.0 in stage 0.0 (TID 35094). 1835 bytes result sent to driver
15/09/01 18:17:13 INFO executor.CoarseGrainedExecutorBackend: Got assigned task 35656
15/09/01 18:17:13 INFO executor.Executor: Running task 37318.0 in stage 0.0 (TID 35656)
15/09/01 18:17:13 INFO rdd.BinaryFileRDD: Input split: Paths:/yxsu/dataset/ImageNet/ILSVRC2012_img_test/ILSVRC2012_test_00060941.JPEG:0+130631,/yxsu/dataset/ImageNet/ILSVRC2012_img_test/ILSVRC2012_test_00060964.JPEG:0+135440
15/09/01 18:17:13 INFO executor.Executor: Finished task 37318.0 in stage 0.0 (TID 35656). 1835 bytes result sent to driver
15/09/01 18:17:13 INFO executor.CoarseGrainedExecutorBackend: Got assigned task 36220
15/09/01 18:17:13 INFO executor.Executor: Running task 37934.0 in stage 0.0 (TID 36220)
15/09/01 18:17:13 INFO rdd.BinaryFileRDD: Input split: Paths:/yxsu/dataset/ImageNet/ILSVRC2012_img_test/ILSVRC2012_test_00061962.JPEG:0+118104,/yxsu/dataset/ImageNet/ILSVRC2012_img_test/ILSVRC2012_test_00061970.JPEG:0+62267
15/09/01 18:17:13 INFO executor.Executor: Finished task 37934.0 in stage 0.0 (TID 36220). 1835 bytes result sent to driver
15/09/01 18:17:14 INFO executor.CoarseGrainedExecutorBackend: Got assigned task 36788
15/09/01 18:17:14 INFO executor.Executor: Running task 38522.0 in stage 0.0 (TID 36788)
15/09/01 18:17:14 INFO rdd.BinaryFileRDD: Input split: Paths:/yxsu/dataset/ImageNet/ILSVRC2012_img_test/ILSVRC2012_test_00062899.JPEG:0+101465,/yxsu/dataset/ImageNet/ILSVRC2012_img_test/ILSVRC2012_test_00062912.JPEG:0+50739
15/09/01 18:17:14 INFO executor.Executor: Finished task 38522.0 in stage 0.0 (TID 36788). 1835 bytes result sent to driver
15/09/01 18:17:14 INFO executor.CoarseGrainedExecutorBackend: Got assigned task 37361
15/09/01 18:17:14 INFO executor.Executor: Running task 39138.0 in stage 0.0 (TID 37361)
15/09/01 18:17:14 INFO rdd.BinaryFileRDD: Input split: Paths:/yxsu/dataset/ImageNet/ILSVRC2012_img_test/ILSVRC2012_test_00063901.JPEG:0+185155
15/09/01 18:17:14 INFO executor.Executor: Finished task 39138.0 in stage 0.0 (TID 37361). 1835 bytes result sent to driver
15/09/01 18:17:15 INFO executor.CoarseGrainedExecutorBackend: Got assigned task 37926
15/09/01 18:17:15 INFO executor.Executor: Running task 39698.0 in stage 0.0 (TID 37926)
15/09/01 18:17:15 INFO rdd.BinaryFileRDD: Input split: Paths:/yxsu/dataset/ImageNet/ILSVRC2012_img_test/ILSVRC2012_test_00064836.JPEG:0+117504,/yxsu/dataset/ImageNet/ILSVRC2012_img_test/ILSVRC2012_test_00064846.JPEG:0+71606
15/09/01 18:17:15 INFO executor.Executor: Finished task 39698.0 in stage 0.0 (TID 37926). 1835 bytes result sent to driver
15/09/01 18:17:15 INFO executor.CoarseGrainedExecutorBackend: Got assigned task 38483
15/09/01 18:17:15 INFO executor.Executor: Running task 40146.0 in stage 0.0 (TID 38483)
15/09/01 18:17:15 INFO rdd.BinaryFileRDD: Input split: Paths:/yxsu/dataset/ImageNet/ILSVRC2012_img_test/ILSVRC2012_test_00065564.JPEG:0+104953,/yxsu/dataset/ImageNet/ILSVRC2012_img_test/ILSVRC2012_test_00065592.JPEG:0+64948
15/09/01 18:17:15 INFO executor.Executor: Finished task 40146.0 in stage 0.0 (TID 38483). 1835 bytes result sent to driver
15/09/01 18:17:16 INFO executor.CoarseGrainedExecutorBackend: Got assigned task 39040
15/09/01 18:17:16 INFO executor.Executor: Running task 40734.0 in stage 0.0 (TID 39040)
15/09/01 18:17:16 INFO rdd.BinaryFileRDD: Input split: Paths:/yxsu/dataset/ImageNet/ILSVRC2012_img_test/ILSVRC2012_test_00066497.JPEG:0+92418,/yxsu/dataset/ImageNet/ILSVRC2012_img_test/ILSVRC2012_test_00066508.JPEG:0+105033
15/09/01 18:17:16 INFO executor.Executor: Finished task 40734.0 in stage 0.0 (TID 39040). 1835 bytes result sent to driver
15/09/01 18:17:16 INFO executor.CoarseGrainedExecutorBackend: Got assigned task 39589
15/09/01 18:17:16 INFO executor.Executor: Running task 41294.0 in stage 0.0 (TID 39589)
15/09/01 18:17:16 INFO rdd.BinaryFileRDD: Input split: Paths:/yxsu/dataset/ImageNet/ILSVRC2012_img_test/ILSVRC2012_test_00067407.JPEG:0+111065,/yxsu/dataset/ImageNet/ILSVRC2012_img_test/ILSVRC2012_test_00067417.JPEG:0+208119
15/09/01 18:17:16 INFO executor.Executor: Finished task 41294.0 in stage 0.0 (TID 39589). 1835 bytes result sent to driver
15/09/01 18:17:17 INFO executor.CoarseGrainedExecutorBackend: Got assigned task 40245
15/09/01 18:17:17 INFO executor.Executor: Running task 42078.0 in stage 0.0 (TID 40245)
15/09/01 18:17:17 INFO rdd.BinaryFileRDD: Input split: Paths:/yxsu/dataset/ImageNet/ILSVRC2012_img_test/ILSVRC2012_test_00068696.JPEG:0+154009
15/09/01 18:17:17 INFO executor.Executor: Finished task 42078.0 in stage 0.0 (TID 40245). 1835 bytes result sent to driver
15/09/01 18:17:17 INFO executor.CoarseGrainedExecutorBackend: Got assigned task 40809
15/09/01 18:17:17 INFO executor.Executor: Running task 42638.0 in stage 0.0 (TID 40809)
15/09/01 18:17:17 INFO rdd.BinaryFileRDD: Input split: Paths:/yxsu/dataset/ImageNet/ILSVRC2012_img_test/ILSVRC2012_test_00069644.JPEG:0+231310
15/09/01 18:17:17 INFO executor.Executor: Finished task 42638.0 in stage 0.0 (TID 40809). 1835 bytes result sent to driver
15/09/01 18:17:18 INFO executor.CoarseGrainedExecutorBackend: Got assigned task 41360
15/09/01 18:17:18 INFO executor.Executor: Running task 43142.0 in stage 0.0 (TID 41360)
15/09/01 18:17:18 INFO rdd.BinaryFileRDD: Input split: Paths:/yxsu/dataset/ImageNet/ILSVRC2012_img_test/ILSVRC2012_test_00070544.JPEG:0+160542
15/09/01 18:17:18 INFO executor.Executor: Finished task 43142.0 in stage 0.0 (TID 41360). 1835 bytes result sent to driver
15/09/01 18:17:18 INFO executor.CoarseGrainedExecutorBackend: Got assigned task 41916
15/09/01 18:17:18 INFO executor.Executor: Running task 43730.0 in stage 0.0 (TID 41916)
15/09/01 18:17:18 INFO rdd.BinaryFileRDD: Input split: Paths:/yxsu/dataset/ImageNet/ILSVRC2012_img_test/ILSVRC2012_test_00071413.JPEG:0+177205
15/09/01 18:17:18 INFO executor.Executor: Finished task 43730.0 in stage 0.0 (TID 41916). 1835 bytes result sent to driver
15/09/01 18:17:19 INFO executor.CoarseGrainedExecutorBackend: Got assigned task 42472
15/09/01 18:17:19 INFO executor.Executor: Running task 44318.0 in stage 0.0 (TID 42472)
15/09/01 18:17:19 INFO rdd.BinaryFileRDD: Input split: Paths:/yxsu/dataset/ImageNet/ILSVRC2012_img_test/ILSVRC2012_test_00072374.JPEG:0+91794,/yxsu/dataset/ImageNet/ILSVRC2012_img_test/ILSVRC2012_test_00072375.JPEG:0+159050
15/09/01 18:17:19 INFO executor.Executor: Finished task 44318.0 in stage 0.0 (TID 42472). 1835 bytes result sent to driver
15/09/01 18:17:19 INFO executor.CoarseGrainedExecutorBackend: Got assigned task 43033
15/09/01 18:17:19 INFO executor.Executor: Running task 44906.0 in stage 0.0 (TID 43033)
15/09/01 18:17:19 INFO rdd.BinaryFileRDD: Input split: Paths:/yxsu/dataset/ImageNet/ILSVRC2012_img_test/ILSVRC2012_test_00073282.JPEG:0+178620
15/09/01 18:17:19 INFO executor.Executor: Finished task 44906.0 in stage 0.0 (TID 43033). 1835 bytes result sent to driver
15/09/01 18:17:20 INFO executor.CoarseGrainedExecutorBackend: Got assigned task 43587
15/09/01 18:17:20 INFO executor.Executor: Running task 45494.0 in stage 0.0 (TID 43587)
15/09/01 18:17:20 INFO rdd.BinaryFileRDD: Input split: Paths:/yxsu/dataset/ImageNet/ILSVRC2012_img_test/ILSVRC2012_test_00074248.JPEG:0+110945,/yxsu/dataset/ImageNet/ILSVRC2012_img_test/ILSVRC2012_test_00074262.JPEG:0+208738
15/09/01 18:17:20 INFO executor.Executor: Finished task 45494.0 in stage 0.0 (TID 43587). 1835 bytes result sent to driver
15/09/01 18:17:20 INFO executor.CoarseGrainedExecutorBackend: Got assigned task 44132
15/09/01 18:17:20 INFO executor.Executor: Running task 45998.0 in stage 0.0 (TID 44132)
15/09/01 18:17:20 INFO rdd.BinaryFileRDD: Input split: Paths:/yxsu/dataset/ImageNet/ILSVRC2012_img_test/ILSVRC2012_test_00075082.JPEG:0+109915,/yxsu/dataset/ImageNet/ILSVRC2012_img_test/ILSVRC2012_test_00075092.JPEG:0+214857
15/09/01 18:17:20 INFO executor.Executor: Finished task 45998.0 in stage 0.0 (TID 44132). 1835 bytes result sent to driver
15/09/01 18:17:21 INFO executor.CoarseGrainedExecutorBackend: Got assigned task 44692
15/09/01 18:17:21 INFO executor.Executor: Running task 46558.0 in stage 0.0 (TID 44692)
15/09/01 18:17:21 INFO rdd.BinaryFileRDD: Input split: Paths:/yxsu/dataset/ImageNet/ILSVRC2012_img_test/ILSVRC2012_test_00075997.JPEG:0+54746,/yxsu/dataset/ImageNet/ILSVRC2012_img_test/ILSVRC2012_test_00076031.JPEG:0+86773
15/09/01 18:17:21 INFO executor.Executor: Finished task 46558.0 in stage 0.0 (TID 44692). 1835 bytes result sent to driver
15/09/01 18:17:21 INFO executor.CoarseGrainedExecutorBackend: Got assigned task 45240
15/09/01 18:17:21 INFO executor.Executor: Running task 47174.0 in stage 0.0 (TID 45240)
15/09/01 18:17:21 INFO rdd.BinaryFileRDD: Input split: Paths:/yxsu/dataset/ImageNet/ILSVRC2012_img_test/ILSVRC2012_test_00076979.JPEG:0+152244
15/09/01 18:17:21 INFO executor.Executor: Finished task 47174.0 in stage 0.0 (TID 45240). 1835 bytes result sent to driver
15/09/01 18:17:22 INFO executor.CoarseGrainedExecutorBackend: Got assigned task 45795
15/09/01 18:17:22 INFO executor.Executor: Running task 47790.0 in stage 0.0 (TID 45795)
15/09/01 18:17:22 INFO rdd.BinaryFileRDD: Input split: Paths:/yxsu/dataset/ImageNet/ILSVRC2012_img_test/ILSVRC2012_test_00078101.JPEG:0+22533,/yxsu/dataset/ImageNet/ILSVRC2012_img_test/ILSVRC2012_test_00078114.JPEG:0+240900
15/09/01 18:17:22 INFO executor.Executor: Finished task 47790.0 in stage 0.0 (TID 45795). 1835 bytes result sent to driver
15/09/01 18:17:22 INFO executor.CoarseGrainedExecutorBackend: Got assigned task 46381
15/09/01 18:17:22 INFO executor.Executor: Running task 48434.0 in stage 0.0 (TID 46381)
15/09/01 18:17:22 INFO rdd.BinaryFileRDD: Input split: Paths:/yxsu/dataset/ImageNet/ILSVRC2012_img_test/ILSVRC2012_test_00079034.JPEG:0+102701,/yxsu/dataset/ImageNet/ILSVRC2012_img_test/ILSVRC2012_test_00079037.JPEG:0+152164
15/09/01 18:17:22 INFO executor.Executor: Finished task 48434.0 in stage 0.0 (TID 46381). 1835 bytes result sent to driver
15/09/01 18:17:23 INFO executor.CoarseGrainedExecutorBackend: Got assigned task 46949
15/09/01 18:17:23 INFO executor.Executor: Running task 49050.0 in stage 0.0 (TID 46949)
15/09/01 18:17:23 INFO rdd.BinaryFileRDD: Input split: Paths:/yxsu/dataset/ImageNet/ILSVRC2012_img_test/ILSVRC2012_test_00080067.JPEG:0+112331,/yxsu/dataset/ImageNet/ILSVRC2012_img_test/ILSVRC2012_test_00080075.JPEG:0+187693
15/09/01 18:17:23 INFO executor.Executor: Finished task 49050.0 in stage 0.0 (TID 46949). 1835 bytes result sent to driver
15/09/01 18:17:23 INFO executor.CoarseGrainedExecutorBackend: Got assigned task 47528
15/09/01 18:17:23 INFO executor.Executor: Running task 49666.0 in stage 0.0 (TID 47528)
15/09/01 18:17:23 INFO rdd.BinaryFileRDD: Input split: Paths:/yxsu/dataset/ImageNet/ILSVRC2012_img_test/ILSVRC2012_test_00081060.JPEG:0+94853,/yxsu/dataset/ImageNet/ILSVRC2012_img_test/ILSVRC2012_test_00081063.JPEG:0+110787
15/09/01 18:17:23 INFO executor.Executor: Finished task 49666.0 in stage 0.0 (TID 47528). 1835 bytes result sent to driver
15/09/01 18:17:24 INFO executor.CoarseGrainedExecutorBackend: Got assigned task 48102
15/09/01 18:17:24 INFO executor.Executor: Running task 50310.0 in stage 0.0 (TID 48102)
15/09/01 18:17:24 INFO rdd.BinaryFileRDD: Input split: Paths:/yxsu/dataset/ImageNet/ILSVRC2012_img_test/ILSVRC2012_test_00082118.JPEG:0+106646,/yxsu/dataset/ImageNet/ILSVRC2012_img_test/ILSVRC2012_test_00082136.JPEG:0+87838
15/09/01 18:17:24 INFO executor.Executor: Finished task 50310.0 in stage 0.0 (TID 48102). 1835 bytes result sent to driver
15/09/01 18:17:24 INFO executor.CoarseGrainedExecutorBackend: Got assigned task 48662
15/09/01 18:17:24 INFO executor.Executor: Running task 50898.0 in stage 0.0 (TID 48662)
15/09/01 18:17:24 INFO rdd.BinaryFileRDD: Input split: Paths:/yxsu/dataset/ImageNet/ILSVRC2012_img_test/ILSVRC2012_test_00083114.JPEG:0+143952
15/09/01 18:17:24 INFO executor.Executor: Finished task 50898.0 in stage 0.0 (TID 48662). 1835 bytes result sent to driver
15/09/01 18:17:24 INFO executor.CoarseGrainedExecutorBackend: Got assigned task 49222
15/09/01 18:17:24 INFO executor.Executor: Running task 51430.0 in stage 0.0 (TID 49222)
15/09/01 18:17:24 INFO rdd.BinaryFileRDD: Input split: Paths:/yxsu/dataset/ImageNet/ILSVRC2012_img_test/ILSVRC2012_test_00083996.JPEG:0+128361,/yxsu/dataset/ImageNet/ILSVRC2012_img_test/ILSVRC2012_test_00084010.JPEG:0+168833
15/09/01 18:17:24 INFO executor.Executor: Finished task 51430.0 in stage 0.0 (TID 49222). 1835 bytes result sent to driver
15/09/01 18:17:25 INFO executor.CoarseGrainedExecutorBackend: Got assigned task 49784
15/09/01 18:17:25 INFO executor.Executor: Running task 51990.0 in stage 0.0 (TID 49784)
15/09/01 18:17:25 INFO rdd.BinaryFileRDD: Input split: Paths:/yxsu/dataset/ImageNet/ILSVRC2012_img_test/ILSVRC2012_test_00084914.JPEG:0+54475,/yxsu/dataset/ImageNet/ILSVRC2012_img_test/ILSVRC2012_test_00084936.JPEG:0+89715
15/09/01 18:17:25 INFO executor.Executor: Finished task 51990.0 in stage 0.0 (TID 49784). 1835 bytes result sent to driver
15/09/01 18:17:25 INFO executor.CoarseGrainedExecutorBackend: Got assigned task 50344
15/09/01 18:17:25 INFO executor.Executor: Running task 52578.0 in stage 0.0 (TID 50344)
15/09/01 18:17:25 INFO rdd.BinaryFileRDD: Input split: Paths:/yxsu/dataset/ImageNet/ILSVRC2012_img_test/ILSVRC2012_test_00085889.JPEG:0+123362,/yxsu/dataset/ImageNet/ILSVRC2012_img_test/ILSVRC2012_test_00085893.JPEG:0+176740
15/09/01 18:17:25 INFO executor.Executor: Finished task 52578.0 in stage 0.0 (TID 50344). 1835 bytes result sent to driver
15/09/01 18:17:26 INFO executor.CoarseGrainedExecutorBackend: Got assigned task 50905
15/09/01 18:17:26 INFO executor.Executor: Running task 53166.0 in stage 0.0 (TID 50905)
15/09/01 18:17:26 INFO rdd.BinaryFileRDD: Input split: Paths:/yxsu/dataset/ImageNet/ILSVRC2012_img_test/ILSVRC2012_test_00086852.JPEG:0+91171,/yxsu/dataset/ImageNet/ILSVRC2012_img_test/ILSVRC2012_test_00086889.JPEG:0+92888
15/09/01 18:17:26 INFO executor.Executor: Finished task 53166.0 in stage 0.0 (TID 50905). 1835 bytes result sent to driver
15/09/01 18:17:26 INFO executor.CoarseGrainedExecutorBackend: Got assigned task 51472
15/09/01 18:17:26 INFO executor.Executor: Running task 53754.0 in stage 0.0 (TID 51472)
15/09/01 18:17:26 INFO rdd.BinaryFileRDD: Input split: Paths:/yxsu/dataset/ImageNet/ILSVRC2012_img_test/ILSVRC2012_test_00087774.JPEG:0+101433,/yxsu/dataset/ImageNet/ILSVRC2012_img_test/ILSVRC2012_test_00087779.JPEG:0+118011
15/09/01 18:17:26 INFO executor.Executor: Finished task 53754.0 in stage 0.0 (TID 51472). 1835 bytes result sent to driver
15/09/01 18:17:27 INFO executor.CoarseGrainedExecutorBackend: Got assigned task 52033
15/09/01 18:17:27 INFO executor.Executor: Running task 54370.0 in stage 0.0 (TID 52033)
15/09/01 18:17:27 INFO rdd.BinaryFileRDD: Input split: Paths:/yxsu/dataset/ImageNet/ILSVRC2012_img_test/ILSVRC2012_test_00088773.JPEG:0+111690,/yxsu/dataset/ImageNet/ILSVRC2012_img_test/ILSVRC2012_test_00088792.JPEG:0+21872,/yxsu/dataset/ImageNet/ILSVRC2012_img_test/ILSVRC2012_test_00088794.JPEG:0+6160
15/09/01 18:17:27 INFO executor.Executor: Finished task 54370.0 in stage 0.0 (TID 52033). 1835 bytes result sent to driver
15/09/01 18:17:27 INFO executor.CoarseGrainedExecutorBackend: Got assigned task 52600
15/09/01 18:17:27 INFO executor.Executor: Running task 54930.0 in stage 0.0 (TID 52600)
15/09/01 18:17:27 INFO rdd.BinaryFileRDD: Input split: Paths:/yxsu/dataset/ImageNet/ILSVRC2012_img_test/ILSVRC2012_test_00089662.JPEG:0+170950
15/09/01 18:17:27 INFO executor.Executor: Finished task 54930.0 in stage 0.0 (TID 52600). 1835 bytes result sent to driver
15/09/01 18:17:28 INFO executor.CoarseGrainedExecutorBackend: Got assigned task 53151
15/09/01 18:17:28 INFO executor.Executor: Running task 55490.0 in stage 0.0 (TID 53151)
15/09/01 18:17:28 INFO rdd.BinaryFileRDD: Input split: Paths:/yxsu/dataset/ImageNet/ILSVRC2012_img_test/ILSVRC2012_test_00090593.JPEG:0+192302
15/09/01 18:17:28 INFO executor.Executor: Finished task 55490.0 in stage 0.0 (TID 53151). 1835 bytes result sent to driver
15/09/01 18:17:28 INFO executor.CoarseGrainedExecutorBackend: Got assigned task 53710
15/09/01 18:17:28 INFO executor.Executor: Running task 56078.0 in stage 0.0 (TID 53710)
15/09/01 18:17:28 INFO rdd.BinaryFileRDD: Input split: Paths:/yxsu/dataset/ImageNet/ILSVRC2012_img_test/ILSVRC2012_test_00091560.JPEG:0+175950
15/09/01 18:17:28 INFO executor.Executor: Finished task 56078.0 in stage 0.0 (TID 53710). 1835 bytes result sent to driver
15/09/01 18:17:28 INFO executor.CoarseGrainedExecutorBackend: Got assigned task 54255
15/09/01 18:17:28 INFO executor.Executor: Running task 56638.0 in stage 0.0 (TID 54255)
15/09/01 18:17:28 INFO rdd.BinaryFileRDD: Input split: Paths:/yxsu/dataset/ImageNet/ILSVRC2012_img_test/ILSVRC2012_test_00092455.JPEG:0+116676,/yxsu/dataset/ImageNet/ILSVRC2012_img_test/ILSVRC2012_test_00092479.JPEG:0+39943
15/09/01 18:17:28 INFO executor.Executor: Finished task 56638.0 in stage 0.0 (TID 54255). 1835 bytes result sent to driver
15/09/01 18:17:29 INFO executor.CoarseGrainedExecutorBackend: Got assigned task 54825
15/09/01 18:17:29 INFO executor.Executor: Running task 57198.0 in stage 0.0 (TID 54825)
15/09/01 18:17:29 INFO rdd.BinaryFileRDD: Input split: Paths:/yxsu/dataset/ImageNet/ILSVRC2012_img_test/ILSVRC2012_test_00093401.JPEG:0+196777
15/09/01 18:17:29 INFO executor.Executor: Finished task 57198.0 in stage 0.0 (TID 54825). 1835 bytes result sent to driver
15/09/01 18:17:29 INFO executor.CoarseGrainedExecutorBackend: Got assigned task 55346
15/09/01 18:17:29 INFO executor.Executor: Running task 57786.0 in stage 0.0 (TID 55346)
15/09/01 18:17:29 INFO rdd.BinaryFileRDD: Input split: Paths:/yxsu/dataset/ImageNet/ILSVRC2012_img_test/ILSVRC2012_test_00094367.JPEG:0+11272,/yxsu/dataset/ImageNet/ILSVRC2012_img_test/ILSVRC2012_test_00094399.JPEG:0+28241,/yxsu/dataset/ImageNet/ILSVRC2012_img_test/ILSVRC2012_test_00094402.JPEG:0+141369
15/09/01 18:17:29 INFO executor.Executor: Finished task 57786.0 in stage 0.0 (TID 55346). 1835 bytes result sent to driver
15/09/01 18:17:30 INFO executor.CoarseGrainedExecutorBackend: Got assigned task 55839
15/09/01 18:17:30 INFO executor.Executor: Running task 58430.0 in stage 0.0 (TID 55839)
15/09/01 18:17:30 INFO rdd.BinaryFileRDD: Input split: Paths:/yxsu/dataset/ImageNet/ILSVRC2012_img_test/ILSVRC2012_test_00095415.JPEG:0+11141,/yxsu/dataset/ImageNet/ILSVRC2012_img_test/ILSVRC2012_test_00095425.JPEG:0+86863,/yxsu/dataset/ImageNet/ILSVRC2012_img_test/ILSVRC2012_test_00095441.JPEG:0+97284
15/09/01 18:17:30 INFO executor.Executor: Finished task 58430.0 in stage 0.0 (TID 55839). 1835 bytes result sent to driver
15/09/01 18:17:30 INFO executor.CoarseGrainedExecutorBackend: Got assigned task 56330
15/09/01 18:17:30 INFO executor.Executor: Running task 59046.0 in stage 0.0 (TID 56330)
15/09/01 18:17:30 INFO rdd.BinaryFileRDD: Input split: Paths:/yxsu/dataset/ImageNet/ILSVRC2012_img_test/ILSVRC2012_test_00096382.JPEG:0+129791,/yxsu/dataset/ImageNet/ILSVRC2012_img_test/ILSVRC2012_test_00096397.JPEG:0+129809
15/09/01 18:17:30 INFO executor.Executor: Finished task 59046.0 in stage 0.0 (TID 56330). 1835 bytes result sent to driver
15/09/01 18:17:31 INFO executor.CoarseGrainedExecutorBackend: Got assigned task 56801
15/09/01 18:17:31 INFO executor.Executor: Running task 59634.0 in stage 0.0 (TID 56801)
15/09/01 18:17:31 INFO rdd.BinaryFileRDD: Input split: Paths:/yxsu/dataset/ImageNet/ILSVRC2012_img_test/ILSVRC2012_test_00097508.JPEG:0+249562
15/09/01 18:17:31 INFO executor.Executor: Finished task 59634.0 in stage 0.0 (TID 56801). 1835 bytes result sent to driver
15/09/01 18:17:31 INFO executor.CoarseGrainedExecutorBackend: Got assigned task 57264
15/09/01 18:17:31 INFO executor.Executor: Running task 60166.0 in stage 0.0 (TID 57264)
15/09/01 18:17:31 INFO rdd.BinaryFileRDD: Input split: Paths:/yxsu/dataset/ImageNet/ILSVRC2012_img_test/ILSVRC2012_test_00098227.JPEG:0+9452,/yxsu/dataset/ImageNet/ILSVRC2012_img_test/ILSVRC2012_test_00098235.JPEG:0+52861,/yxsu/dataset/ImageNet/ILSVRC2012_img_test/ILSVRC2012_test_00098238.JPEG:0+136344
15/09/01 18:17:31 INFO executor.Executor: Finished task 60166.0 in stage 0.0 (TID 57264). 1835 bytes result sent to driver
15/09/01 18:17:31 INFO executor.CoarseGrainedExecutorBackend: Got assigned task 57625
15/09/01 18:17:31 INFO executor.Executor: Running task 60838.0 in stage 0.0 (TID 57625)
15/09/01 18:17:31 INFO rdd.BinaryFileRDD: Input split: Paths:/yxsu/dataset/ImageNet/ILSVRC2012_img_test/ILSVRC2012_test_00099331.JPEG:0+108225,/yxsu/dataset/ImageNet/ILSVRC2012_img_test/ILSVRC2012_test_00099340.JPEG:0+231084
15/09/01 18:17:31 INFO executor.Executor: Finished task 60838.0 in stage 0.0 (TID 57625). 1835 bytes result sent to driver
15/09/01 18:17:37 INFO executor.CoarseGrainedExecutorBackend: Got assigned task 59321
15/09/01 18:17:37 INFO executor.Executor: Running task 7420.0 in stage 0.0 (TID 59321)
15/09/01 18:17:37 INFO rdd.BinaryFileRDD: Input split: Paths:/yxsu/dataset/ImageNet/ILSVRC2012_img_test/ILSVRC2012_test_00012168.JPEG:0+172766
15/09/01 18:17:37 INFO executor.Executor: Finished task 7420.0 in stage 0.0 (TID 59321). 1835 bytes result sent to driver
15/09/01 18:17:38 INFO executor.CoarseGrainedExecutorBackend: Got assigned task 60950
15/09/01 18:17:38 INFO executor.Executor: Running task 53032.0 in stage 0.0 (TID 60950)
15/09/01 18:17:38 INFO rdd.BinaryFileRDD: Input split: Paths:/yxsu/dataset/ImageNet/ILSVRC2012_img_test/ILSVRC2012_test_00086655.JPEG:0+119514,/yxsu/dataset/ImageNet/ILSVRC2012_img_test/ILSVRC2012_test_00086659.JPEG:0+83348
15/09/01 18:17:38 INFO executor.Executor: Finished task 53032.0 in stage 0.0 (TID 60950). 1835 bytes result sent to driver
15/09/01 18:19:50 ERROR executor.CoarseGrainedExecutorBackend: Driver 10.10.18.32:65488 disassociated! Shutting down.
15/09/01 18:19:50 INFO storage.DiskBlockManager: Shutdown hook called
15/09/01 18:19:50 INFO util.Utils: Shutdown hook called
