SLF4J: Class path contains multiple SLF4J bindings.
SLF4J: Found binding in [jar:file:/opt/hdfs/nodemanager/usercache/yxsu/filecache/20/spark-assembly-1.4.1-hadoop2.6.0.jar!/org/slf4j/impl/StaticLoggerBinder.class]
SLF4J: Found binding in [jar:file:/usr/local/hadoop/share/hadoop/common/lib/slf4j-log4j12-1.7.10.jar!/org/slf4j/impl/StaticLoggerBinder.class]
SLF4J: See http://www.slf4j.org/codes.html#multiple_bindings for an explanation.
SLF4J: Actual binding is of type [org.slf4j.impl.Log4jLoggerFactory]
15/09/01 18:14:55 INFO executor.CoarseGrainedExecutorBackend: Registered signal handlers for [TERM, HUP, INT]
15/09/01 18:14:55 INFO spark.SecurityManager: Changing view acls to: yarn,yxsu
15/09/01 18:14:55 INFO spark.SecurityManager: Changing modify acls to: yarn,yxsu
15/09/01 18:14:55 INFO spark.SecurityManager: SecurityManager: authentication disabled; ui acls disabled; users with view permissions: Set(yarn, yxsu); users with modify permissions: Set(yarn, yxsu)
15/09/01 18:14:56 INFO slf4j.Slf4jLogger: Slf4jLogger started
15/09/01 18:14:56 INFO Remoting: Starting remoting
15/09/01 18:14:56 INFO Remoting: Remoting started; listening on addresses :[akka.tcp://driverPropsFetcher@mesos-slave-30:39581]
15/09/01 18:14:56 INFO util.Utils: Successfully started service 'driverPropsFetcher' on port 39581.
15/09/01 18:14:56 INFO spark.SecurityManager: Changing view acls to: yarn,yxsu
15/09/01 18:14:56 INFO spark.SecurityManager: Changing modify acls to: yarn,yxsu
15/09/01 18:14:56 INFO spark.SecurityManager: SecurityManager: authentication disabled; ui acls disabled; users with view permissions: Set(yarn, yxsu); users with modify permissions: Set(yarn, yxsu)
15/09/01 18:14:56 INFO remote.RemoteActorRefProvider$RemotingTerminator: Shutting down remote daemon.
15/09/01 18:14:56 INFO remote.RemoteActorRefProvider$RemotingTerminator: Remote daemon shut down; proceeding with flushing remote transports.
15/09/01 18:14:56 INFO remote.RemoteActorRefProvider$RemotingTerminator: Remoting shut down.
15/09/01 18:14:56 INFO slf4j.Slf4jLogger: Slf4jLogger started
15/09/01 18:14:56 INFO Remoting: Starting remoting
15/09/01 18:14:56 INFO Remoting: Remoting started; listening on addresses :[akka.tcp://sparkExecutor@mesos-slave-30:59165]
15/09/01 18:14:56 INFO util.Utils: Successfully started service 'sparkExecutor' on port 59165.
15/09/01 18:14:57 INFO storage.DiskBlockManager: Created local directory at /opt/hdfs/nodemanager/usercache/yxsu/appcache/application_1440487435730_0039/blockmgr-a8c3de78-b2cb-440b-8362-af466d2a87db
15/09/01 18:14:57 INFO storage.MemoryStore: MemoryStore started with capacity 530.3 MB
15/09/01 18:14:57 INFO executor.CoarseGrainedExecutorBackend: Connecting to driver: akka.tcp://sparkDriver@10.10.18.32:65488/user/CoarseGrainedScheduler
15/09/01 18:14:57 INFO executor.CoarseGrainedExecutorBackend: Successfully registered with driver
15/09/01 18:14:57 INFO executor.Executor: Starting executor ID 434 on host mesos-slave-30
15/09/01 18:14:57 INFO util.Utils: Successfully started service 'org.apache.spark.network.netty.NettyBlockTransferService' on port 46031.
15/09/01 18:14:57 INFO netty.NettyBlockTransferService: Server created on 46031
15/09/01 18:14:57 INFO storage.BlockManagerMaster: Trying to register BlockManager
15/09/01 18:14:57 INFO storage.BlockManagerMaster: Registered BlockManager
15/09/01 18:14:57 INFO executor.Executor: Using REPL class URI: http://10.10.18.32:65475
15/09/01 18:16:43 INFO executor.CoarseGrainedExecutorBackend: Got assigned task 405
15/09/01 18:16:43 INFO executor.Executor: Running task 470.0 in stage 0.0 (TID 405)
15/09/01 18:16:43 INFO broadcast.TorrentBroadcast: Started reading broadcast variable 1
15/09/01 18:16:43 INFO storage.MemoryStore: ensureFreeSpace(1097) called with curMem=0, maxMem=556038881
15/09/01 18:16:43 INFO storage.MemoryStore: Block broadcast_1_piece0 stored as bytes in memory (estimated size 1097.0 B, free 530.3 MB)
15/09/01 18:16:43 INFO broadcast.TorrentBroadcast: Reading broadcast variable 1 took 520 ms
15/09/01 18:16:44 INFO storage.MemoryStore: ensureFreeSpace(1776) called with curMem=1097, maxMem=556038881
15/09/01 18:16:44 INFO storage.MemoryStore: Block broadcast_1 stored as values in memory (estimated size 1776.0 B, free 530.3 MB)
15/09/01 18:16:44 INFO rdd.BinaryFileRDD: Input split: Paths:/yxsu/dataset/ImageNet/ILSVRC2012_img_test/ILSVRC2012_test_00000750.JPEG:0+132061,/yxsu/dataset/ImageNet/ILSVRC2012_img_test/ILSVRC2012_test_00000754.JPEG:0+133257
15/09/01 18:16:44 INFO broadcast.TorrentBroadcast: Started reading broadcast variable 0
15/09/01 18:16:44 INFO storage.MemoryStore: ensureFreeSpace(20110) called with curMem=2873, maxMem=556038881
15/09/01 18:16:44 INFO storage.MemoryStore: Block broadcast_0_piece0 stored as bytes in memory (estimated size 19.6 KB, free 530.3 MB)
15/09/01 18:16:44 INFO broadcast.TorrentBroadcast: Reading broadcast variable 0 took 192 ms
15/09/01 18:16:44 INFO storage.MemoryStore: ensureFreeSpace(338816) called with curMem=22983, maxMem=556038881
15/09/01 18:16:44 INFO storage.MemoryStore: Block broadcast_0 stored as values in memory (estimated size 330.9 KB, free 529.9 MB)
15/09/01 18:16:44 INFO executor.Executor: Finished task 470.0 in stage 0.0 (TID 405). 1835 bytes result sent to driver
15/09/01 18:16:44 INFO executor.CoarseGrainedExecutorBackend: Got assigned task 1050
15/09/01 18:16:44 INFO executor.Executor: Running task 1226.0 in stage 0.0 (TID 1050)
15/09/01 18:16:44 INFO rdd.BinaryFileRDD: Input split: Paths:/yxsu/dataset/ImageNet/ILSVRC2012_img_test/ILSVRC2012_test_00002056.JPEG:0+146106
15/09/01 18:16:45 INFO executor.Executor: Finished task 1226.0 in stage 0.0 (TID 1050). 1835 bytes result sent to driver
15/09/01 18:16:45 INFO executor.CoarseGrainedExecutorBackend: Got assigned task 1377
15/09/01 18:16:45 INFO executor.Executor: Running task 1702.0 in stage 0.0 (TID 1377)
15/09/01 18:16:45 INFO rdd.BinaryFileRDD: Input split: Paths:/yxsu/dataset/ImageNet/ILSVRC2012_img_test/ILSVRC2012_test_00002812.JPEG:0+146336
15/09/01 18:16:45 INFO executor.Executor: Finished task 1702.0 in stage 0.0 (TID 1377). 1835 bytes result sent to driver
15/09/01 18:16:45 INFO executor.CoarseGrainedExecutorBackend: Got assigned task 1785
15/09/01 18:16:45 INFO executor.Executor: Running task 2290.0 in stage 0.0 (TID 1785)
15/09/01 18:16:45 INFO rdd.BinaryFileRDD: Input split: Paths:/yxsu/dataset/ImageNet/ILSVRC2012_img_test/ILSVRC2012_test_00003730.JPEG:0+133344,/yxsu/dataset/ImageNet/ILSVRC2012_img_test/ILSVRC2012_test_00003740.JPEG:0+89305
15/09/01 18:16:45 INFO executor.Executor: Finished task 2290.0 in stage 0.0 (TID 1785). 1835 bytes result sent to driver
15/09/01 18:16:46 INFO executor.CoarseGrainedExecutorBackend: Got assigned task 2362
15/09/01 18:16:46 INFO executor.Executor: Running task 2934.0 in stage 0.0 (TID 2362)
15/09/01 18:16:46 INFO rdd.BinaryFileRDD: Input split: Paths:/yxsu/dataset/ImageNet/ILSVRC2012_img_test/ILSVRC2012_test_00004772.JPEG:0+143204
15/09/01 18:16:46 INFO executor.Executor: Finished task 2934.0 in stage 0.0 (TID 2362). 1835 bytes result sent to driver
15/09/01 18:16:46 INFO executor.CoarseGrainedExecutorBackend: Got assigned task 2899
15/09/01 18:16:46 INFO executor.Executor: Running task 3466.0 in stage 0.0 (TID 2899)
15/09/01 18:16:46 INFO rdd.BinaryFileRDD: Input split: Paths:/yxsu/dataset/ImageNet/ILSVRC2012_img_test/ILSVRC2012_test_00005647.JPEG:0+51207,/yxsu/dataset/ImageNet/ILSVRC2012_img_test/ILSVRC2012_test_00005650.JPEG:0+97232
15/09/01 18:16:46 INFO executor.Executor: Finished task 3466.0 in stage 0.0 (TID 2899). 1835 bytes result sent to driver
15/09/01 18:16:46 INFO executor.CoarseGrainedExecutorBackend: Got assigned task 3464
15/09/01 18:16:46 INFO executor.Executor: Running task 4110.0 in stage 0.0 (TID 3464)
15/09/01 18:16:46 INFO rdd.BinaryFileRDD: Input split: Paths:/yxsu/dataset/ImageNet/ILSVRC2012_img_test/ILSVRC2012_test_00006757.JPEG:0+191537
15/09/01 18:16:46 INFO executor.Executor: Finished task 4110.0 in stage 0.0 (TID 3464). 1835 bytes result sent to driver
15/09/01 18:16:47 INFO executor.CoarseGrainedExecutorBackend: Got assigned task 3994
15/09/01 18:16:47 INFO executor.Executor: Running task 4698.0 in stage 0.0 (TID 3994)
15/09/01 18:16:47 INFO rdd.BinaryFileRDD: Input split: Paths:/yxsu/dataset/ImageNet/ILSVRC2012_img_test/ILSVRC2012_test_00007760.JPEG:0+131774,/yxsu/dataset/ImageNet/ILSVRC2012_img_test/ILSVRC2012_test_00007768.JPEG:0+183103
15/09/01 18:16:47 INFO executor.Executor: Finished task 4698.0 in stage 0.0 (TID 3994). 1835 bytes result sent to driver
15/09/01 18:16:47 INFO executor.CoarseGrainedExecutorBackend: Got assigned task 4544
15/09/01 18:16:47 INFO executor.Executor: Running task 5258.0 in stage 0.0 (TID 4544)
15/09/01 18:16:47 INFO rdd.BinaryFileRDD: Input split: Paths:/yxsu/dataset/ImageNet/ILSVRC2012_img_test/ILSVRC2012_test_00008661.JPEG:0+157662
15/09/01 18:16:47 INFO executor.Executor: Finished task 5258.0 in stage 0.0 (TID 4544). 1835 bytes result sent to driver
15/09/01 18:16:48 INFO executor.CoarseGrainedExecutorBackend: Got assigned task 5074
15/09/01 18:16:48 INFO executor.Executor: Running task 5846.0 in stage 0.0 (TID 5074)
15/09/01 18:16:48 INFO rdd.BinaryFileRDD: Input split: Paths:/yxsu/dataset/ImageNet/ILSVRC2012_img_test/ILSVRC2012_test_00009628.JPEG:0+138316
15/09/01 18:16:48 INFO executor.Executor: Finished task 5846.0 in stage 0.0 (TID 5074). 1835 bytes result sent to driver
15/09/01 18:16:48 INFO executor.CoarseGrainedExecutorBackend: Got assigned task 5630
15/09/01 18:16:48 INFO executor.Executor: Running task 6434.0 in stage 0.0 (TID 5630)
15/09/01 18:16:48 INFO rdd.BinaryFileRDD: Input split: Paths:/yxsu/dataset/ImageNet/ILSVRC2012_img_test/ILSVRC2012_test_00010566.JPEG:0+69334,/yxsu/dataset/ImageNet/ILSVRC2012_img_test/ILSVRC2012_test_00010597.JPEG:0+200966
15/09/01 18:16:48 INFO executor.Executor: Finished task 6434.0 in stage 0.0 (TID 5630). 1835 bytes result sent to driver
15/09/01 18:16:49 INFO executor.CoarseGrainedExecutorBackend: Got assigned task 6186
15/09/01 18:16:49 INFO executor.Executor: Running task 6994.0 in stage 0.0 (TID 6186)
15/09/01 18:16:49 INFO rdd.BinaryFileRDD: Input split: Paths:/yxsu/dataset/ImageNet/ILSVRC2012_img_test/ILSVRC2012_test_00011481.JPEG:0+141823
15/09/01 18:16:49 INFO executor.Executor: Finished task 6994.0 in stage 0.0 (TID 6186). 1835 bytes result sent to driver
15/09/01 18:16:49 INFO executor.CoarseGrainedExecutorBackend: Got assigned task 6739
15/09/01 18:16:49 INFO executor.Executor: Running task 7526.0 in stage 0.0 (TID 6739)
15/09/01 18:16:49 INFO rdd.BinaryFileRDD: Input split: Paths:/yxsu/dataset/ImageNet/ILSVRC2012_img_test/ILSVRC2012_test_00012363.JPEG:0+34116,/yxsu/dataset/ImageNet/ILSVRC2012_img_test/ILSVRC2012_test_00012366.JPEG:0+161345
15/09/01 18:16:49 INFO executor.Executor: Finished task 7526.0 in stage 0.0 (TID 6739). 1835 bytes result sent to driver
15/09/01 18:16:50 INFO executor.CoarseGrainedExecutorBackend: Got assigned task 7303
15/09/01 18:16:50 INFO executor.Executor: Running task 8142.0 in stage 0.0 (TID 7303)
15/09/01 18:16:50 INFO rdd.BinaryFileRDD: Input split: Paths:/yxsu/dataset/ImageNet/ILSVRC2012_img_test/ILSVRC2012_test_00013390.JPEG:0+163471
15/09/01 18:16:50 INFO executor.Executor: Finished task 8142.0 in stage 0.0 (TID 7303). 1835 bytes result sent to driver
15/09/01 18:16:50 INFO executor.CoarseGrainedExecutorBackend: Got assigned task 7856
15/09/01 18:16:50 INFO executor.Executor: Running task 8674.0 in stage 0.0 (TID 7856)
15/09/01 18:16:50 INFO rdd.BinaryFileRDD: Input split: Paths:/yxsu/dataset/ImageNet/ILSVRC2012_img_test/ILSVRC2012_test_00014255.JPEG:0+135739,/yxsu/dataset/ImageNet/ILSVRC2012_img_test/ILSVRC2012_test_00014261.JPEG:0+155021
15/09/01 18:16:50 INFO executor.Executor: Finished task 8674.0 in stage 0.0 (TID 7856). 1835 bytes result sent to driver
15/09/01 18:16:50 INFO executor.CoarseGrainedExecutorBackend: Got assigned task 8408
15/09/01 18:16:50 INFO executor.Executor: Running task 9262.0 in stage 0.0 (TID 8408)
15/09/01 18:16:50 INFO rdd.BinaryFileRDD: Input split: Paths:/yxsu/dataset/ImageNet/ILSVRC2012_img_test/ILSVRC2012_test_00015181.JPEG:0+108991,/yxsu/dataset/ImageNet/ILSVRC2012_img_test/ILSVRC2012_test_00015216.JPEG:0+43632
15/09/01 18:16:50 INFO executor.Executor: Finished task 9262.0 in stage 0.0 (TID 8408). 1835 bytes result sent to driver
15/09/01 18:16:51 INFO executor.CoarseGrainedExecutorBackend: Got assigned task 8972
15/09/01 18:16:51 INFO executor.Executor: Running task 9878.0 in stage 0.0 (TID 8972)
15/09/01 18:16:51 INFO rdd.BinaryFileRDD: Input split: Paths:/yxsu/dataset/ImageNet/ILSVRC2012_img_test/ILSVRC2012_test_00016198.JPEG:0+142062
15/09/01 18:16:51 INFO executor.Executor: Finished task 9878.0 in stage 0.0 (TID 8972). 1835 bytes result sent to driver
15/09/01 18:16:51 INFO executor.CoarseGrainedExecutorBackend: Got assigned task 9534
15/09/01 18:16:51 INFO executor.Executor: Running task 10438.0 in stage 0.0 (TID 9534)
15/09/01 18:16:51 INFO rdd.BinaryFileRDD: Input split: Paths:/yxsu/dataset/ImageNet/ILSVRC2012_img_test/ILSVRC2012_test_00017141.JPEG:0+40194,/yxsu/dataset/ImageNet/ILSVRC2012_img_test/ILSVRC2012_test_00017152.JPEG:0+61469,/yxsu/dataset/ImageNet/ILSVRC2012_img_test/ILSVRC2012_test_00017155.JPEG:0+91826
15/09/01 18:16:51 INFO executor.Executor: Finished task 10438.0 in stage 0.0 (TID 9534). 1835 bytes result sent to driver
15/09/01 18:16:52 INFO executor.CoarseGrainedExecutorBackend: Got assigned task 10129
15/09/01 18:16:52 INFO executor.Executor: Running task 11082.0 in stage 0.0 (TID 10129)
15/09/01 18:16:52 INFO rdd.BinaryFileRDD: Input split: Paths:/yxsu/dataset/ImageNet/ILSVRC2012_img_test/ILSVRC2012_test_00018202.JPEG:0+149631
15/09/01 18:16:52 INFO executor.Executor: Finished task 11082.0 in stage 0.0 (TID 10129). 1835 bytes result sent to driver
15/09/01 18:16:52 INFO executor.CoarseGrainedExecutorBackend: Got assigned task 10697
15/09/01 18:16:52 INFO executor.Executor: Running task 11614.0 in stage 0.0 (TID 10697)
15/09/01 18:16:52 INFO rdd.BinaryFileRDD: Input split: Paths:/yxsu/dataset/ImageNet/ILSVRC2012_img_test/ILSVRC2012_test_00019029.JPEG:0+153314
15/09/01 18:16:52 INFO executor.Executor: Finished task 11614.0 in stage 0.0 (TID 10697). 1835 bytes result sent to driver
15/09/01 18:16:53 INFO executor.CoarseGrainedExecutorBackend: Got assigned task 11258
15/09/01 18:16:53 INFO executor.Executor: Running task 12202.0 in stage 0.0 (TID 11258)
15/09/01 18:16:53 INFO rdd.BinaryFileRDD: Input split: Paths:/yxsu/dataset/ImageNet/ILSVRC2012_img_test/ILSVRC2012_test_00019998.JPEG:0+101867,/yxsu/dataset/ImageNet/ILSVRC2012_img_test/ILSVRC2012_test_00020002.JPEG:0+48847
15/09/01 18:16:53 INFO executor.Executor: Finished task 12202.0 in stage 0.0 (TID 11258). 1835 bytes result sent to driver
15/09/01 18:16:53 INFO executor.CoarseGrainedExecutorBackend: Got assigned task 11844
15/09/01 18:16:53 INFO executor.Executor: Running task 12818.0 in stage 0.0 (TID 11844)
15/09/01 18:16:53 INFO rdd.BinaryFileRDD: Input split: Paths:/yxsu/dataset/ImageNet/ILSVRC2012_img_test/ILSVRC2012_test_00020977.JPEG:0+162353
15/09/01 18:16:53 INFO executor.Executor: Finished task 12818.0 in stage 0.0 (TID 11844). 1835 bytes result sent to driver
15/09/01 18:16:54 INFO executor.CoarseGrainedExecutorBackend: Got assigned task 12397
15/09/01 18:16:54 INFO executor.Executor: Running task 13350.0 in stage 0.0 (TID 12397)
15/09/01 18:16:54 INFO rdd.BinaryFileRDD: Input split: Paths:/yxsu/dataset/ImageNet/ILSVRC2012_img_test/ILSVRC2012_test_00021848.JPEG:0+143534
15/09/01 18:16:54 INFO executor.Executor: Finished task 13350.0 in stage 0.0 (TID 12397). 1835 bytes result sent to driver
15/09/01 18:16:54 INFO executor.CoarseGrainedExecutorBackend: Got assigned task 12947
15/09/01 18:16:54 INFO executor.Executor: Running task 13938.0 in stage 0.0 (TID 12947)
15/09/01 18:16:54 INFO rdd.BinaryFileRDD: Input split: Paths:/yxsu/dataset/ImageNet/ILSVRC2012_img_test/ILSVRC2012_test_00022811.JPEG:0+158272
15/09/01 18:16:54 INFO executor.Executor: Finished task 13938.0 in stage 0.0 (TID 12947). 1835 bytes result sent to driver
15/09/01 18:16:55 INFO executor.CoarseGrainedExecutorBackend: Got assigned task 13517
15/09/01 18:16:55 INFO executor.Executor: Running task 14526.0 in stage 0.0 (TID 13517)
15/09/01 18:16:55 INFO rdd.BinaryFileRDD: Input split: Paths:/yxsu/dataset/ImageNet/ILSVRC2012_img_test/ILSVRC2012_test_00023799.JPEG:0+137815
15/09/01 18:16:55 INFO executor.Executor: Finished task 14526.0 in stage 0.0 (TID 13517). 1835 bytes result sent to driver
15/09/01 18:16:55 INFO executor.CoarseGrainedExecutorBackend: Got assigned task 14070
15/09/01 18:16:55 INFO executor.Executor: Running task 15114.0 in stage 0.0 (TID 14070)
15/09/01 18:16:55 INFO rdd.BinaryFileRDD: Input split: Paths:/yxsu/dataset/ImageNet/ILSVRC2012_img_test/ILSVRC2012_test_00024868.JPEG:0+112530,/yxsu/dataset/ImageNet/ILSVRC2012_img_test/ILSVRC2012_test_00024872.JPEG:0+167553
15/09/01 18:16:55 INFO executor.Executor: Finished task 15114.0 in stage 0.0 (TID 14070). 1835 bytes result sent to driver
15/09/01 18:16:55 INFO executor.CoarseGrainedExecutorBackend: Got assigned task 14646
15/09/01 18:16:55 INFO executor.Executor: Running task 15702.0 in stage 0.0 (TID 14646)
15/09/01 18:16:55 INFO rdd.BinaryFileRDD: Input split: Paths:/yxsu/dataset/ImageNet/ILSVRC2012_img_test/ILSVRC2012_test_00025723.JPEG:0+122421,/yxsu/dataset/ImageNet/ILSVRC2012_img_test/ILSVRC2012_test_00025725.JPEG:0+18030
15/09/01 18:16:55 INFO executor.Executor: Finished task 15702.0 in stage 0.0 (TID 14646). 1835 bytes result sent to driver
15/09/01 18:16:56 INFO executor.CoarseGrainedExecutorBackend: Got assigned task 15209
15/09/01 18:16:56 INFO executor.Executor: Running task 16290.0 in stage 0.0 (TID 15209)
15/09/01 18:16:56 INFO rdd.BinaryFileRDD: Input split: Paths:/yxsu/dataset/ImageNet/ILSVRC2012_img_test/ILSVRC2012_test_00026660.JPEG:0+1774759
15/09/01 18:16:56 INFO executor.Executor: Finished task 16290.0 in stage 0.0 (TID 15209). 1835 bytes result sent to driver
15/09/01 18:16:56 INFO executor.CoarseGrainedExecutorBackend: Got assigned task 15766
15/09/01 18:16:56 INFO executor.Executor: Running task 16850.0 in stage 0.0 (TID 15766)
15/09/01 18:16:56 INFO rdd.BinaryFileRDD: Input split: Paths:/yxsu/dataset/ImageNet/ILSVRC2012_img_test/ILSVRC2012_test_00027535.JPEG:0+217323
15/09/01 18:16:56 INFO executor.Executor: Finished task 16850.0 in stage 0.0 (TID 15766). 1835 bytes result sent to driver
15/09/01 18:16:57 INFO executor.CoarseGrainedExecutorBackend: Got assigned task 16329
15/09/01 18:16:57 INFO executor.Executor: Running task 17438.0 in stage 0.0 (TID 16329)
15/09/01 18:16:57 INFO rdd.BinaryFileRDD: Input split: Paths:/yxsu/dataset/ImageNet/ILSVRC2012_img_test/ILSVRC2012_test_00028534.JPEG:0+117821,/yxsu/dataset/ImageNet/ILSVRC2012_img_test/ILSVRC2012_test_00028560.JPEG:0+76133
15/09/01 18:16:57 INFO executor.Executor: Finished task 17438.0 in stage 0.0 (TID 16329). 1835 bytes result sent to driver
15/09/01 18:16:57 INFO executor.CoarseGrainedExecutorBackend: Got assigned task 16893
15/09/01 18:16:57 INFO executor.Executor: Running task 17998.0 in stage 0.0 (TID 16893)
15/09/01 18:16:57 INFO rdd.BinaryFileRDD: Input split: Paths:/yxsu/dataset/ImageNet/ILSVRC2012_img_test/ILSVRC2012_test_00029433.JPEG:0+121079,/yxsu/dataset/ImageNet/ILSVRC2012_img_test/ILSVRC2012_test_00029458.JPEG:0+113635
15/09/01 18:16:57 INFO executor.Executor: Finished task 17998.0 in stage 0.0 (TID 16893). 1835 bytes result sent to driver
15/09/01 18:16:58 INFO executor.CoarseGrainedExecutorBackend: Got assigned task 17453
15/09/01 18:16:58 INFO executor.Executor: Running task 18586.0 in stage 0.0 (TID 17453)
15/09/01 18:16:58 INFO rdd.BinaryFileRDD: Input split: Paths:/yxsu/dataset/ImageNet/ILSVRC2012_img_test/ILSVRC2012_test_00030396.JPEG:0+492785
15/09/01 18:16:58 INFO executor.Executor: Finished task 18586.0 in stage 0.0 (TID 17453). 1835 bytes result sent to driver
15/09/01 18:16:58 INFO executor.CoarseGrainedExecutorBackend: Got assigned task 18016
15/09/01 18:16:58 INFO executor.Executor: Running task 19174.0 in stage 0.0 (TID 18016)
15/09/01 18:16:58 INFO rdd.BinaryFileRDD: Input split: Paths:/yxsu/dataset/ImageNet/ILSVRC2012_img_test/ILSVRC2012_test_00031334.JPEG:0+49388,/yxsu/dataset/ImageNet/ILSVRC2012_img_test/ILSVRC2012_test_00031345.JPEG:0+136788
15/09/01 18:16:58 INFO executor.Executor: Finished task 19174.0 in stage 0.0 (TID 18016). 1835 bytes result sent to driver
15/09/01 18:16:59 INFO executor.CoarseGrainedExecutorBackend: Got assigned task 18580
15/09/01 18:16:59 INFO executor.Executor: Running task 19762.0 in stage 0.0 (TID 18580)
15/09/01 18:16:59 INFO rdd.BinaryFileRDD: Input split: Paths:/yxsu/dataset/ImageNet/ILSVRC2012_img_test/ILSVRC2012_test_00032304.JPEG:0+150942
15/09/01 18:16:59 INFO executor.Executor: Finished task 19762.0 in stage 0.0 (TID 18580). 1835 bytes result sent to driver
15/09/01 18:16:59 INFO executor.CoarseGrainedExecutorBackend: Got assigned task 19142
15/09/01 18:16:59 INFO executor.Executor: Running task 20350.0 in stage 0.0 (TID 19142)
15/09/01 18:16:59 INFO rdd.BinaryFileRDD: Input split: Paths:/yxsu/dataset/ImageNet/ILSVRC2012_img_test/ILSVRC2012_test_00033292.JPEG:0+102019,/yxsu/dataset/ImageNet/ILSVRC2012_img_test/ILSVRC2012_test_00033298.JPEG:0+165592
15/09/01 18:16:59 INFO executor.Executor: Finished task 20350.0 in stage 0.0 (TID 19142). 1835 bytes result sent to driver
15/09/01 18:16:59 INFO executor.CoarseGrainedExecutorBackend: Got assigned task 19700
15/09/01 18:16:59 INFO executor.Executor: Running task 20910.0 in stage 0.0 (TID 19700)
15/09/01 18:16:59 INFO rdd.BinaryFileRDD: Input split: Paths:/yxsu/dataset/ImageNet/ILSVRC2012_img_test/ILSVRC2012_test_00034181.JPEG:0+131117,/yxsu/dataset/ImageNet/ILSVRC2012_img_test/ILSVRC2012_test_00034199.JPEG:0+81556
15/09/01 18:16:59 INFO executor.Executor: Finished task 20910.0 in stage 0.0 (TID 19700). 1835 bytes result sent to driver
15/09/01 18:17:00 INFO executor.CoarseGrainedExecutorBackend: Got assigned task 20263
15/09/01 18:17:00 INFO executor.Executor: Running task 21498.0 in stage 0.0 (TID 20263)
15/09/01 18:17:00 INFO rdd.BinaryFileRDD: Input split: Paths:/yxsu/dataset/ImageNet/ILSVRC2012_img_test/ILSVRC2012_test_00035152.JPEG:0+137735
15/09/01 18:17:00 INFO executor.Executor: Finished task 21498.0 in stage 0.0 (TID 20263). 1835 bytes result sent to driver
15/09/01 18:17:00 INFO executor.CoarseGrainedExecutorBackend: Got assigned task 20818
15/09/01 18:17:00 INFO executor.Executor: Running task 22058.0 in stage 0.0 (TID 20818)
15/09/01 18:17:00 INFO rdd.BinaryFileRDD: Input split: Paths:/yxsu/dataset/ImageNet/ILSVRC2012_img_test/ILSVRC2012_test_00036026.JPEG:0+120808,/yxsu/dataset/ImageNet/ILSVRC2012_img_test/ILSVRC2012_test_00036035.JPEG:0+146707
15/09/01 18:17:00 INFO executor.Executor: Finished task 22058.0 in stage 0.0 (TID 20818). 1835 bytes result sent to driver
15/09/01 18:17:01 INFO executor.CoarseGrainedExecutorBackend: Got assigned task 21387
15/09/01 18:17:01 INFO executor.Executor: Running task 22646.0 in stage 0.0 (TID 21387)
15/09/01 18:17:01 INFO rdd.BinaryFileRDD: Input split: Paths:/yxsu/dataset/ImageNet/ILSVRC2012_img_test/ILSVRC2012_test_00036990.JPEG:0+156962
15/09/01 18:17:01 INFO executor.Executor: Finished task 22646.0 in stage 0.0 (TID 21387). 1835 bytes result sent to driver
15/09/01 18:17:01 INFO executor.CoarseGrainedExecutorBackend: Got assigned task 21962
15/09/01 18:17:01 INFO executor.Executor: Running task 23234.0 in stage 0.0 (TID 21962)
15/09/01 18:17:01 INFO rdd.BinaryFileRDD: Input split: Paths:/yxsu/dataset/ImageNet/ILSVRC2012_img_test/ILSVRC2012_test_00037975.JPEG:0+201652
15/09/01 18:17:01 INFO executor.Executor: Finished task 23234.0 in stage 0.0 (TID 21962). 1835 bytes result sent to driver
15/09/01 18:17:02 INFO executor.CoarseGrainedExecutorBackend: Got assigned task 22538
15/09/01 18:17:02 INFO executor.Executor: Running task 23822.0 in stage 0.0 (TID 22538)
15/09/01 18:17:02 INFO rdd.BinaryFileRDD: Input split: Paths:/yxsu/dataset/ImageNet/ILSVRC2012_img_test/ILSVRC2012_test_00038895.JPEG:0+102399,/yxsu/dataset/ImageNet/ILSVRC2012_img_test/ILSVRC2012_test_00038910.JPEG:0+127830
15/09/01 18:17:02 INFO executor.Executor: Finished task 23822.0 in stage 0.0 (TID 22538). 1835 bytes result sent to driver
15/09/01 18:17:02 INFO executor.CoarseGrainedExecutorBackend: Got assigned task 23115
15/09/01 18:17:02 INFO executor.Executor: Running task 24410.0 in stage 0.0 (TID 23115)
15/09/01 18:17:02 INFO rdd.BinaryFileRDD: Input split: Paths:/yxsu/dataset/ImageNet/ILSVRC2012_img_test/ILSVRC2012_test_00039890.JPEG:0+118764,/yxsu/dataset/ImageNet/ILSVRC2012_img_test/ILSVRC2012_test_00039914.JPEG:0+149470
15/09/01 18:17:02 INFO executor.Executor: Finished task 24410.0 in stage 0.0 (TID 23115). 1835 bytes result sent to driver
15/09/01 18:17:03 INFO executor.CoarseGrainedExecutorBackend: Got assigned task 23674
15/09/01 18:17:03 INFO executor.Executor: Running task 24970.0 in stage 0.0 (TID 23674)
15/09/01 18:17:03 INFO rdd.BinaryFileRDD: Input split: Paths:/yxsu/dataset/ImageNet/ILSVRC2012_img_test/ILSVRC2012_test_00040835.JPEG:0+195933
15/09/01 18:17:03 INFO executor.Executor: Finished task 24970.0 in stage 0.0 (TID 23674). 1835 bytes result sent to driver
15/09/01 18:17:03 INFO executor.CoarseGrainedExecutorBackend: Got assigned task 24238
15/09/01 18:17:03 INFO executor.Executor: Running task 25558.0 in stage 0.0 (TID 24238)
15/09/01 18:17:03 INFO rdd.BinaryFileRDD: Input split: Paths:/yxsu/dataset/ImageNet/ILSVRC2012_img_test/ILSVRC2012_test_00041782.JPEG:0+178137
15/09/01 18:17:03 INFO executor.Executor: Finished task 25558.0 in stage 0.0 (TID 24238). 1835 bytes result sent to driver
15/09/01 18:17:04 INFO executor.CoarseGrainedExecutorBackend: Got assigned task 24794
15/09/01 18:17:04 INFO executor.Executor: Running task 26118.0 in stage 0.0 (TID 24794)
15/09/01 18:17:04 INFO rdd.BinaryFileRDD: Input split: Paths:/yxsu/dataset/ImageNet/ILSVRC2012_img_test/ILSVRC2012_test_00042668.JPEG:0+133316,/yxsu/dataset/ImageNet/ILSVRC2012_img_test/ILSVRC2012_test_00042689.JPEG:0+130191
15/09/01 18:17:04 INFO executor.Executor: Finished task 26118.0 in stage 0.0 (TID 24794). 1835 bytes result sent to driver
15/09/01 18:17:04 INFO executor.CoarseGrainedExecutorBackend: Got assigned task 25357
15/09/01 18:17:04 INFO executor.Executor: Running task 26650.0 in stage 0.0 (TID 25357)
15/09/01 18:17:04 INFO rdd.BinaryFileRDD: Input split: Paths:/yxsu/dataset/ImageNet/ILSVRC2012_img_test/ILSVRC2012_test_00043549.JPEG:0+133120,/yxsu/dataset/ImageNet/ILSVRC2012_img_test/ILSVRC2012_test_00043567.JPEG:0+81715
15/09/01 18:17:04 INFO executor.Executor: Finished task 26650.0 in stage 0.0 (TID 25357). 1835 bytes result sent to driver
15/09/01 18:17:05 INFO executor.CoarseGrainedExecutorBackend: Got assigned task 25920
15/09/01 18:17:05 INFO executor.Executor: Running task 27238.0 in stage 0.0 (TID 25920)
15/09/01 18:17:05 INFO rdd.BinaryFileRDD: Input split: Paths:/yxsu/dataset/ImageNet/ILSVRC2012_img_test/ILSVRC2012_test_00044541.JPEG:0+212972
15/09/01 18:17:05 INFO executor.Executor: Finished task 27238.0 in stage 0.0 (TID 25920). 1835 bytes result sent to driver
15/09/01 18:17:05 INFO executor.CoarseGrainedExecutorBackend: Got assigned task 26480
15/09/01 18:17:05 INFO executor.Executor: Running task 27826.0 in stage 0.0 (TID 26480)
15/09/01 18:17:05 INFO rdd.BinaryFileRDD: Input split: Paths:/yxsu/dataset/ImageNet/ILSVRC2012_img_test/ILSVRC2012_test_00045502.JPEG:0+144473
15/09/01 18:17:05 INFO executor.Executor: Finished task 27826.0 in stage 0.0 (TID 26480). 1835 bytes result sent to driver
15/09/01 18:17:06 INFO executor.CoarseGrainedExecutorBackend: Got assigned task 27069
15/09/01 18:17:06 INFO executor.Executor: Running task 28414.0 in stage 0.0 (TID 27069)
15/09/01 18:17:06 INFO rdd.BinaryFileRDD: Input split: Paths:/yxsu/dataset/ImageNet/ILSVRC2012_img_test/ILSVRC2012_test_00046496.JPEG:0+18393,/yxsu/dataset/ImageNet/ILSVRC2012_img_test/ILSVRC2012_test_00046500.JPEG:0+185184
15/09/01 18:17:06 INFO executor.Executor: Finished task 28414.0 in stage 0.0 (TID 27069). 1835 bytes result sent to driver
15/09/01 18:17:06 INFO executor.CoarseGrainedExecutorBackend: Got assigned task 27643
15/09/01 18:17:06 INFO executor.Executor: Running task 29030.0 in stage 0.0 (TID 27643)
15/09/01 18:17:06 INFO rdd.BinaryFileRDD: Input split: Paths:/yxsu/dataset/ImageNet/ILSVRC2012_img_test/ILSVRC2012_test_00047423.JPEG:0+135276,/yxsu/dataset/ImageNet/ILSVRC2012_img_test/ILSVRC2012_test_00047450.JPEG:0+101873
15/09/01 18:17:06 INFO executor.Executor: Finished task 29030.0 in stage 0.0 (TID 27643). 1835 bytes result sent to driver
15/09/01 18:17:07 INFO executor.CoarseGrainedExecutorBackend: Got assigned task 28206
15/09/01 18:17:07 INFO executor.Executor: Running task 29618.0 in stage 0.0 (TID 28206)
15/09/01 18:17:07 INFO rdd.BinaryFileRDD: Input split: Paths:/yxsu/dataset/ImageNet/ILSVRC2012_img_test/ILSVRC2012_test_00048394.JPEG:0+119517,/yxsu/dataset/ImageNet/ILSVRC2012_img_test/ILSVRC2012_test_00048398.JPEG:0+113527
15/09/01 18:17:07 INFO executor.Executor: Finished task 29618.0 in stage 0.0 (TID 28206). 1835 bytes result sent to driver
15/09/01 18:17:07 INFO executor.CoarseGrainedExecutorBackend: Got assigned task 28770
15/09/01 18:17:07 INFO executor.Executor: Running task 30206.0 in stage 0.0 (TID 28770)
15/09/01 18:17:07 INFO rdd.BinaryFileRDD: Input split: Paths:/yxsu/dataset/ImageNet/ILSVRC2012_img_test/ILSVRC2012_test_00049368.JPEG:0+18508,/yxsu/dataset/ImageNet/ILSVRC2012_img_test/ILSVRC2012_test_00049371.JPEG:0+118372
15/09/01 18:17:07 INFO executor.Executor: Finished task 30206.0 in stage 0.0 (TID 28770). 1835 bytes result sent to driver
15/09/01 18:17:07 INFO executor.CoarseGrainedExecutorBackend: Got assigned task 29352
15/09/01 18:17:07 INFO executor.Executor: Running task 30794.0 in stage 0.0 (TID 29352)
15/09/01 18:17:07 INFO rdd.BinaryFileRDD: Input split: Paths:/yxsu/dataset/ImageNet/ILSVRC2012_img_test/ILSVRC2012_test_00050327.JPEG:0+26588,/yxsu/dataset/ImageNet/ILSVRC2012_img_test/ILSVRC2012_test_00050335.JPEG:0+156068
15/09/01 18:17:07 INFO executor.Executor: Finished task 30794.0 in stage 0.0 (TID 29352). 1835 bytes result sent to driver
15/09/01 18:17:08 INFO executor.CoarseGrainedExecutorBackend: Got assigned task 29927
15/09/01 18:17:08 INFO executor.Executor: Running task 31382.0 in stage 0.0 (TID 29927)
15/09/01 18:17:08 INFO rdd.BinaryFileRDD: Input split: Paths:/yxsu/dataset/ImageNet/ILSVRC2012_img_test/ILSVRC2012_test_00051256.JPEG:0+27848,/yxsu/dataset/ImageNet/ILSVRC2012_img_test/ILSVRC2012_test_00051274.JPEG:0+115585
15/09/01 18:17:08 INFO executor.Executor: Finished task 31382.0 in stage 0.0 (TID 29927). 1835 bytes result sent to driver
15/09/01 18:17:08 INFO executor.CoarseGrainedExecutorBackend: Got assigned task 30498
15/09/01 18:17:08 INFO executor.Executor: Running task 31998.0 in stage 0.0 (TID 30498)
15/09/01 18:17:08 INFO rdd.BinaryFileRDD: Input split: Paths:/yxsu/dataset/ImageNet/ILSVRC2012_img_test/ILSVRC2012_test_00052241.JPEG:0+155695
15/09/01 18:17:08 INFO executor.Executor: Finished task 31998.0 in stage 0.0 (TID 30498). 1835 bytes result sent to driver
15/09/01 18:17:09 INFO executor.CoarseGrainedExecutorBackend: Got assigned task 31062
15/09/01 18:17:09 INFO executor.Executor: Running task 32558.0 in stage 0.0 (TID 31062)
15/09/01 18:17:09 INFO rdd.BinaryFileRDD: Input split: Paths:/yxsu/dataset/ImageNet/ILSVRC2012_img_test/ILSVRC2012_test_00053159.JPEG:0+161050
15/09/01 18:17:09 INFO executor.Executor: Finished task 32558.0 in stage 0.0 (TID 31062). 1835 bytes result sent to driver
15/09/01 18:17:10 INFO executor.CoarseGrainedExecutorBackend: Got assigned task 31638
15/09/01 18:17:10 INFO executor.Executor: Running task 33146.0 in stage 0.0 (TID 31638)
15/09/01 18:17:10 INFO rdd.BinaryFileRDD: Input split: Paths:/yxsu/dataset/ImageNet/ILSVRC2012_img_test/ILSVRC2012_test_00054167.JPEG:0+90033,/yxsu/dataset/ImageNet/ILSVRC2012_img_test/ILSVRC2012_test_00054172.JPEG:0+100565
15/09/01 18:17:10 INFO executor.Executor: Finished task 33146.0 in stage 0.0 (TID 31638). 1835 bytes result sent to driver
15/09/01 18:17:10 INFO executor.CoarseGrainedExecutorBackend: Got assigned task 32216
15/09/01 18:17:10 INFO executor.Executor: Running task 33734.0 in stage 0.0 (TID 32216)
15/09/01 18:17:10 INFO rdd.BinaryFileRDD: Input split: Paths:/yxsu/dataset/ImageNet/ILSVRC2012_img_test/ILSVRC2012_test_00055129.JPEG:0+156567
15/09/01 18:17:10 INFO executor.Executor: Finished task 33734.0 in stage 0.0 (TID 32216). 1835 bytes result sent to driver
15/09/01 18:17:11 INFO executor.CoarseGrainedExecutorBackend: Got assigned task 32783
15/09/01 18:17:11 INFO executor.Executor: Running task 34322.0 in stage 0.0 (TID 32783)
15/09/01 18:17:11 INFO rdd.BinaryFileRDD: Input split: Paths:/yxsu/dataset/ImageNet/ILSVRC2012_img_test/ILSVRC2012_test_00056042.JPEG:0+142401
15/09/01 18:17:11 INFO executor.Executor: Finished task 34322.0 in stage 0.0 (TID 32783). 1835 bytes result sent to driver
15/09/01 18:17:11 INFO executor.CoarseGrainedExecutorBackend: Got assigned task 33334
15/09/01 18:17:11 INFO executor.Executor: Running task 34882.0 in stage 0.0 (TID 33334)
15/09/01 18:17:11 INFO rdd.BinaryFileRDD: Input split: Paths:/yxsu/dataset/ImageNet/ILSVRC2012_img_test/ILSVRC2012_test_00057003.JPEG:0+83733,/yxsu/dataset/ImageNet/ILSVRC2012_img_test/ILSVRC2012_test_00057011.JPEG:0+94099
15/09/01 18:17:11 INFO executor.Executor: Finished task 34882.0 in stage 0.0 (TID 33334). 1835 bytes result sent to driver
15/09/01 18:17:11 INFO executor.CoarseGrainedExecutorBackend: Got assigned task 33901
15/09/01 18:17:11 INFO executor.Executor: Running task 35470.0 in stage 0.0 (TID 33901)
15/09/01 18:17:11 INFO rdd.BinaryFileRDD: Input split: Paths:/yxsu/dataset/ImageNet/ILSVRC2012_img_test/ILSVRC2012_test_00057921.JPEG:0+150409
15/09/01 18:17:11 INFO executor.Executor: Finished task 35470.0 in stage 0.0 (TID 33901). 1835 bytes result sent to driver
15/09/01 18:17:12 INFO executor.CoarseGrainedExecutorBackend: Got assigned task 34456
15/09/01 18:17:12 INFO executor.Executor: Running task 36058.0 in stage 0.0 (TID 34456)
15/09/01 18:17:12 INFO rdd.BinaryFileRDD: Input split: Paths:/yxsu/dataset/ImageNet/ILSVRC2012_img_test/ILSVRC2012_test_00058916.JPEG:0+108861,/yxsu/dataset/ImageNet/ILSVRC2012_img_test/ILSVRC2012_test_00058923.JPEG:0+181640
15/09/01 18:17:12 INFO executor.Executor: Finished task 36058.0 in stage 0.0 (TID 34456). 1835 bytes result sent to driver
15/09/01 18:17:12 INFO executor.CoarseGrainedExecutorBackend: Got assigned task 35012
15/09/01 18:17:12 INFO executor.Executor: Running task 36618.0 in stage 0.0 (TID 35012)
15/09/01 18:17:12 INFO rdd.BinaryFileRDD: Input split: Paths:/yxsu/dataset/ImageNet/ILSVRC2012_img_test/ILSVRC2012_test_00059859.JPEG:0+57090,/yxsu/dataset/ImageNet/ILSVRC2012_img_test/ILSVRC2012_test_00059864.JPEG:0+114046
15/09/01 18:17:12 INFO executor.Executor: Finished task 36618.0 in stage 0.0 (TID 35012). 1835 bytes result sent to driver
15/09/01 18:17:13 INFO executor.CoarseGrainedExecutorBackend: Got assigned task 35570
15/09/01 18:17:13 INFO executor.Executor: Running task 37206.0 in stage 0.0 (TID 35570)
15/09/01 18:17:13 INFO rdd.BinaryFileRDD: Input split: Paths:/yxsu/dataset/ImageNet/ILSVRC2012_img_test/ILSVRC2012_test_00060724.JPEG:0+72700,/yxsu/dataset/ImageNet/ILSVRC2012_img_test/ILSVRC2012_test_00060736.JPEG:0+177731
15/09/01 18:17:13 INFO executor.Executor: Finished task 37206.0 in stage 0.0 (TID 35570). 1835 bytes result sent to driver
15/09/01 18:17:13 INFO executor.CoarseGrainedExecutorBackend: Got assigned task 36128
15/09/01 18:17:13 INFO executor.Executor: Running task 37794.0 in stage 0.0 (TID 36128)
15/09/01 18:17:13 INFO rdd.BinaryFileRDD: Input split: Paths:/yxsu/dataset/ImageNet/ILSVRC2012_img_test/ILSVRC2012_test_00061743.JPEG:0+103437,/yxsu/dataset/ImageNet/ILSVRC2012_img_test/ILSVRC2012_test_00061761.JPEG:0+115283
15/09/01 18:17:13 INFO executor.Executor: Finished task 37794.0 in stage 0.0 (TID 36128). 1835 bytes result sent to driver
15/09/01 18:17:14 INFO executor.CoarseGrainedExecutorBackend: Got assigned task 36689
15/09/01 18:17:14 INFO executor.Executor: Running task 38382.0 in stage 0.0 (TID 36689)
15/09/01 18:17:14 INFO rdd.BinaryFileRDD: Input split: Paths:/yxsu/dataset/ImageNet/ILSVRC2012_img_test/ILSVRC2012_test_00062644.JPEG:0+48353,/yxsu/dataset/ImageNet/ILSVRC2012_img_test/ILSVRC2012_test_00062654.JPEG:0+148127
15/09/01 18:17:14 INFO executor.Executor: Finished task 38382.0 in stage 0.0 (TID 36689). 1835 bytes result sent to driver
15/09/01 18:17:14 INFO executor.CoarseGrainedExecutorBackend: Got assigned task 37248
15/09/01 18:17:14 INFO executor.Executor: Running task 38970.0 in stage 0.0 (TID 37248)
15/09/01 18:17:14 INFO rdd.BinaryFileRDD: Input split: Paths:/yxsu/dataset/ImageNet/ILSVRC2012_img_test/ILSVRC2012_test_00063589.JPEG:0+148328
15/09/01 18:17:14 INFO executor.Executor: Finished task 38970.0 in stage 0.0 (TID 37248). 1835 bytes result sent to driver
15/09/01 18:17:15 INFO executor.CoarseGrainedExecutorBackend: Got assigned task 37803
15/09/01 18:17:15 INFO executor.Executor: Running task 39558.0 in stage 0.0 (TID 37803)
15/09/01 18:17:15 INFO rdd.BinaryFileRDD: Input split: Paths:/yxsu/dataset/ImageNet/ILSVRC2012_img_test/ILSVRC2012_test_00064598.JPEG:0+164176
15/09/01 18:17:15 INFO executor.Executor: Finished task 39558.0 in stage 0.0 (TID 37803). 1835 bytes result sent to driver
15/09/01 18:17:15 INFO executor.CoarseGrainedExecutorBackend: Got assigned task 38374
15/09/01 18:17:15 INFO executor.Executor: Running task 40062.0 in stage 0.0 (TID 38374)
15/09/01 18:17:15 INFO rdd.BinaryFileRDD: Input split: Paths:/yxsu/dataset/ImageNet/ILSVRC2012_img_test/ILSVRC2012_test_00065436.JPEG:0+206096
15/09/01 18:17:15 INFO executor.Executor: Finished task 40062.0 in stage 0.0 (TID 38374). 1835 bytes result sent to driver
15/09/01 18:17:16 INFO executor.CoarseGrainedExecutorBackend: Got assigned task 38945
15/09/01 18:17:16 INFO executor.Executor: Running task 40650.0 in stage 0.0 (TID 38945)
15/09/01 18:17:16 INFO rdd.BinaryFileRDD: Input split: Paths:/yxsu/dataset/ImageNet/ILSVRC2012_img_test/ILSVRC2012_test_00066425.JPEG:0+154271
15/09/01 18:17:16 INFO executor.Executor: Finished task 40650.0 in stage 0.0 (TID 38945). 1835 bytes result sent to driver
15/09/01 18:17:16 INFO executor.CoarseGrainedExecutorBackend: Got assigned task 39496
15/09/01 18:17:16 INFO executor.Executor: Running task 41238.0 in stage 0.0 (TID 39496)
15/09/01 18:17:16 INFO rdd.BinaryFileRDD: Input split: Paths:/yxsu/dataset/ImageNet/ILSVRC2012_img_test/ILSVRC2012_test_00067302.JPEG:0+128753,/yxsu/dataset/ImageNet/ILSVRC2012_img_test/ILSVRC2012_test_00067345.JPEG:0+73710
15/09/01 18:17:16 INFO executor.Executor: Finished task 41238.0 in stage 0.0 (TID 39496). 1835 bytes result sent to driver
15/09/01 18:17:17 INFO executor.CoarseGrainedExecutorBackend: Got assigned task 40056
15/09/01 18:17:17 INFO executor.Executor: Running task 41798.0 in stage 0.0 (TID 40056)
15/09/01 18:17:17 INFO rdd.BinaryFileRDD: Input split: Paths:/yxsu/dataset/ImageNet/ILSVRC2012_img_test/ILSVRC2012_test_00068234.JPEG:0+120820,/yxsu/dataset/ImageNet/ILSVRC2012_img_test/ILSVRC2012_test_00068243.JPEG:0+167078
15/09/01 18:17:17 INFO executor.Executor: Finished task 41798.0 in stage 0.0 (TID 40056). 1835 bytes result sent to driver
15/09/01 18:17:17 INFO executor.CoarseGrainedExecutorBackend: Got assigned task 40624
15/09/01 18:17:17 INFO executor.Executor: Running task 42358.0 in stage 0.0 (TID 40624)
15/09/01 18:17:17 INFO rdd.BinaryFileRDD: Input split: Paths:/yxsu/dataset/ImageNet/ILSVRC2012_img_test/ILSVRC2012_test_00069205.JPEG:0+120777,/yxsu/dataset/ImageNet/ILSVRC2012_img_test/ILSVRC2012_test_00069219.JPEG:0+46363
15/09/01 18:17:17 INFO executor.Executor: Finished task 42358.0 in stage 0.0 (TID 40624). 1835 bytes result sent to driver
15/09/01 18:17:18 INFO executor.CoarseGrainedExecutorBackend: Got assigned task 41177
15/09/01 18:17:18 INFO executor.Executor: Running task 42946.0 in stage 0.0 (TID 41177)
15/09/01 18:17:18 INFO rdd.BinaryFileRDD: Input split: Paths:/yxsu/dataset/ImageNet/ILSVRC2012_img_test/ILSVRC2012_test_00070123.JPEG:0+92075,/yxsu/dataset/ImageNet/ILSVRC2012_img_test/ILSVRC2012_test_00070127.JPEG:0+243886
15/09/01 18:17:18 INFO executor.Executor: Finished task 42946.0 in stage 0.0 (TID 41177). 1835 bytes result sent to driver
15/09/01 18:17:18 INFO executor.CoarseGrainedExecutorBackend: Got assigned task 41742
15/09/01 18:17:18 INFO executor.Executor: Running task 43534.0 in stage 0.0 (TID 41742)
15/09/01 18:17:18 INFO rdd.BinaryFileRDD: Input split: Paths:/yxsu/dataset/ImageNet/ILSVRC2012_img_test/ILSVRC2012_test_00071145.JPEG:0+263790
15/09/01 18:17:18 INFO executor.Executor: Finished task 43534.0 in stage 0.0 (TID 41742). 1835 bytes result sent to driver
15/09/01 18:17:19 INFO executor.CoarseGrainedExecutorBackend: Got assigned task 42295
15/09/01 18:17:19 INFO executor.Executor: Running task 44122.0 in stage 0.0 (TID 42295)
15/09/01 18:17:19 INFO rdd.BinaryFileRDD: Input split: Paths:/yxsu/dataset/ImageNet/ILSVRC2012_img_test/ILSVRC2012_test_00072048.JPEG:0+201326
15/09/01 18:17:19 INFO executor.Executor: Finished task 44122.0 in stage 0.0 (TID 42295). 1835 bytes result sent to driver
15/09/01 18:17:19 INFO executor.CoarseGrainedExecutorBackend: Got assigned task 42848
15/09/01 18:17:19 INFO executor.Executor: Running task 44710.0 in stage 0.0 (TID 42848)
15/09/01 18:17:19 INFO rdd.BinaryFileRDD: Input split: Paths:/yxsu/dataset/ImageNet/ILSVRC2012_img_test/ILSVRC2012_test_00072959.JPEG:0+32077,/yxsu/dataset/ImageNet/ILSVRC2012_img_test/ILSVRC2012_test_00072984.JPEG:0+156981
15/09/01 18:17:19 INFO executor.Executor: Finished task 44710.0 in stage 0.0 (TID 42848). 1835 bytes result sent to driver
15/09/01 18:17:20 INFO executor.CoarseGrainedExecutorBackend: Got assigned task 43413
15/09/01 18:17:20 INFO executor.Executor: Running task 45298.0 in stage 0.0 (TID 43413)
15/09/01 18:17:20 INFO rdd.BinaryFileRDD: Input split: Paths:/yxsu/dataset/ImageNet/ILSVRC2012_img_test/ILSVRC2012_test_00073925.JPEG:0+146406
15/09/01 18:17:20 INFO executor.Executor: Finished task 45298.0 in stage 0.0 (TID 43413). 1835 bytes result sent to driver
15/09/01 18:17:20 INFO executor.CoarseGrainedExecutorBackend: Got assigned task 44058
15/09/01 18:17:20 INFO executor.Executor: Running task 45914.0 in stage 0.0 (TID 44058)
15/09/01 18:17:20 INFO rdd.BinaryFileRDD: Input split: Paths:/yxsu/dataset/ImageNet/ILSVRC2012_img_test/ILSVRC2012_test_00074956.JPEG:0+126826,/yxsu/dataset/ImageNet/ILSVRC2012_img_test/ILSVRC2012_test_00074958.JPEG:0+164006
15/09/01 18:17:20 INFO executor.Executor: Finished task 45914.0 in stage 0.0 (TID 44058). 1835 bytes result sent to driver
15/09/01 18:17:21 INFO executor.CoarseGrainedExecutorBackend: Got assigned task 44617
15/09/01 18:17:21 INFO executor.Executor: Running task 46502.0 in stage 0.0 (TID 44617)
15/09/01 18:17:21 INFO rdd.BinaryFileRDD: Input split: Paths:/yxsu/dataset/ImageNet/ILSVRC2012_img_test/ILSVRC2012_test_00075921.JPEG:0+172759
15/09/01 18:17:21 INFO executor.Executor: Finished task 46502.0 in stage 0.0 (TID 44617). 1835 bytes result sent to driver
15/09/01 18:17:21 INFO executor.CoarseGrainedExecutorBackend: Got assigned task 45162
15/09/01 18:17:21 INFO executor.Executor: Running task 47090.0 in stage 0.0 (TID 45162)
15/09/01 18:17:21 INFO rdd.BinaryFileRDD: Input split: Paths:/yxsu/dataset/ImageNet/ILSVRC2012_img_test/ILSVRC2012_test_00076846.JPEG:0+96062,/yxsu/dataset/ImageNet/ILSVRC2012_img_test/ILSVRC2012_test_00076857.JPEG:0+71548
15/09/01 18:17:21 INFO executor.Executor: Finished task 47090.0 in stage 0.0 (TID 45162). 1835 bytes result sent to driver
15/09/01 18:17:22 INFO executor.CoarseGrainedExecutorBackend: Got assigned task 45717
15/09/01 18:17:22 INFO executor.Executor: Running task 47678.0 in stage 0.0 (TID 45717)
15/09/01 18:17:22 INFO rdd.BinaryFileRDD: Input split: Paths:/yxsu/dataset/ImageNet/ILSVRC2012_img_test/ILSVRC2012_test_00077814.JPEG:0+105404,/yxsu/dataset/ImageNet/ILSVRC2012_img_test/ILSVRC2012_test_00077822.JPEG:0+148096
15/09/01 18:17:22 INFO executor.Executor: Finished task 47678.0 in stage 0.0 (TID 45717). 1835 bytes result sent to driver
15/09/01 18:17:22 INFO executor.CoarseGrainedExecutorBackend: Got assigned task 46274
15/09/01 18:17:22 INFO executor.Executor: Running task 48238.0 in stage 0.0 (TID 46274)
15/09/01 18:17:22 INFO rdd.BinaryFileRDD: Input split: Paths:/yxsu/dataset/ImageNet/ILSVRC2012_img_test/ILSVRC2012_test_00078728.JPEG:0+102830,/yxsu/dataset/ImageNet/ILSVRC2012_img_test/ILSVRC2012_test_00078748.JPEG:0+209544
15/09/01 18:17:22 INFO executor.Executor: Finished task 48238.0 in stage 0.0 (TID 46274). 1835 bytes result sent to driver
15/09/01 18:17:22 INFO executor.CoarseGrainedExecutorBackend: Got assigned task 46833
15/09/01 18:17:22 INFO executor.Executor: Running task 48826.0 in stage 0.0 (TID 46833)
15/09/01 18:17:22 INFO rdd.BinaryFileRDD: Input split: Paths:/yxsu/dataset/ImageNet/ILSVRC2012_img_test/ILSVRC2012_test_00079706.JPEG:0+313651
15/09/01 18:17:22 INFO executor.Executor: Finished task 48826.0 in stage 0.0 (TID 46833). 1835 bytes result sent to driver
15/09/01 18:17:23 INFO executor.CoarseGrainedExecutorBackend: Got assigned task 47399
15/09/01 18:17:23 INFO executor.Executor: Running task 49414.0 in stage 0.0 (TID 47399)
15/09/01 18:17:23 INFO rdd.BinaryFileRDD: Input split: Paths:/yxsu/dataset/ImageNet/ILSVRC2012_img_test/ILSVRC2012_test_00080675.JPEG:0+174661
15/09/01 18:17:23 INFO executor.Executor: Finished task 49414.0 in stage 0.0 (TID 47399). 1835 bytes result sent to driver
15/09/01 18:17:23 INFO executor.CoarseGrainedExecutorBackend: Got assigned task 47951
15/09/01 18:17:23 INFO executor.Executor: Running task 50002.0 in stage 0.0 (TID 47951)
15/09/01 18:17:23 INFO rdd.BinaryFileRDD: Input split: Paths:/yxsu/dataset/ImageNet/ILSVRC2012_img_test/ILSVRC2012_test_00081619.JPEG:0+104197,/yxsu/dataset/ImageNet/ILSVRC2012_img_test/ILSVRC2012_test_00081627.JPEG:0+143345
15/09/01 18:17:23 INFO executor.Executor: Finished task 50002.0 in stage 0.0 (TID 47951). 1835 bytes result sent to driver
15/09/01 18:17:24 INFO executor.CoarseGrainedExecutorBackend: Got assigned task 48513
15/09/01 18:17:24 INFO executor.Executor: Running task 50562.0 in stage 0.0 (TID 48513)
15/09/01 18:17:24 INFO rdd.BinaryFileRDD: Input split: Paths:/yxsu/dataset/ImageNet/ILSVRC2012_img_test/ILSVRC2012_test_00082563.JPEG:0+103599,/yxsu/dataset/ImageNet/ILSVRC2012_img_test/ILSVRC2012_test_00082571.JPEG:0+122162
15/09/01 18:17:24 INFO executor.Executor: Finished task 50562.0 in stage 0.0 (TID 48513). 1835 bytes result sent to driver
15/09/01 18:17:24 INFO executor.CoarseGrainedExecutorBackend: Got assigned task 49069
15/09/01 18:17:24 INFO executor.Executor: Running task 51150.0 in stage 0.0 (TID 49069)
15/09/01 18:17:24 INFO rdd.BinaryFileRDD: Input split: Paths:/yxsu/dataset/ImageNet/ILSVRC2012_img_test/ILSVRC2012_test_00083535.JPEG:0+115699,/yxsu/dataset/ImageNet/ILSVRC2012_img_test/ILSVRC2012_test_00083555.JPEG:0+196620
15/09/01 18:17:24 INFO executor.Executor: Finished task 51150.0 in stage 0.0 (TID 49069). 1835 bytes result sent to driver
15/09/01 18:17:25 INFO executor.CoarseGrainedExecutorBackend: Got assigned task 49646
15/09/01 18:17:25 INFO executor.Executor: Running task 51738.0 in stage 0.0 (TID 49646)
15/09/01 18:17:25 INFO rdd.BinaryFileRDD: Input split: Paths:/yxsu/dataset/ImageNet/ILSVRC2012_img_test/ILSVRC2012_test_00084493.JPEG:0+113148,/yxsu/dataset/ImageNet/ILSVRC2012_img_test/ILSVRC2012_test_00084512.JPEG:0+122063
15/09/01 18:17:25 INFO executor.Executor: Finished task 51738.0 in stage 0.0 (TID 49646). 1835 bytes result sent to driver
15/09/01 18:17:25 INFO executor.CoarseGrainedExecutorBackend: Got assigned task 50201
15/09/01 18:17:25 INFO executor.Executor: Running task 52326.0 in stage 0.0 (TID 50201)
15/09/01 18:17:25 INFO rdd.BinaryFileRDD: Input split: Paths:/yxsu/dataset/ImageNet/ILSVRC2012_img_test/ILSVRC2012_test_00085472.JPEG:0+112302,/yxsu/dataset/ImageNet/ILSVRC2012_img_test/ILSVRC2012_test_00085482.JPEG:0+48315
15/09/01 18:17:25 INFO executor.Executor: Finished task 52326.0 in stage 0.0 (TID 50201). 1835 bytes result sent to driver
15/09/01 18:17:26 INFO executor.CoarseGrainedExecutorBackend: Got assigned task 50768
15/09/01 18:17:26 INFO executor.Executor: Running task 52914.0 in stage 0.0 (TID 50768)
15/09/01 18:17:26 INFO rdd.BinaryFileRDD: Input split: Paths:/yxsu/dataset/ImageNet/ILSVRC2012_img_test/ILSVRC2012_test_00086423.JPEG:0+121091,/yxsu/dataset/ImageNet/ILSVRC2012_img_test/ILSVRC2012_test_00086427.JPEG:0+183326
15/09/01 18:17:26 INFO executor.Executor: Finished task 52914.0 in stage 0.0 (TID 50768). 1835 bytes result sent to driver
15/09/01 18:17:26 INFO executor.CoarseGrainedExecutorBackend: Got assigned task 51328
15/09/01 18:17:26 INFO executor.Executor: Running task 53502.0 in stage 0.0 (TID 51328)
15/09/01 18:17:26 INFO rdd.BinaryFileRDD: Input split: Paths:/yxsu/dataset/ImageNet/ILSVRC2012_img_test/ILSVRC2012_test_00087374.JPEG:0+85956,/yxsu/dataset/ImageNet/ILSVRC2012_img_test/ILSVRC2012_test_00087377.JPEG:0+133910
15/09/01 18:17:26 INFO executor.Executor: Finished task 53502.0 in stage 0.0 (TID 51328). 1835 bytes result sent to driver
15/09/01 18:17:27 INFO executor.CoarseGrainedExecutorBackend: Got assigned task 51887
15/09/01 18:17:27 INFO executor.Executor: Running task 54090.0 in stage 0.0 (TID 51887)
15/09/01 18:17:27 INFO rdd.BinaryFileRDD: Input split: Paths:/yxsu/dataset/ImageNet/ILSVRC2012_img_test/ILSVRC2012_test_00088333.JPEG:0+190375
15/09/01 18:17:27 INFO executor.Executor: Finished task 54090.0 in stage 0.0 (TID 51887). 1835 bytes result sent to driver
15/09/01 18:17:27 INFO executor.CoarseGrainedExecutorBackend: Got assigned task 52437
15/09/01 18:17:27 INFO executor.Executor: Running task 54678.0 in stage 0.0 (TID 52437)
15/09/01 18:17:27 INFO rdd.BinaryFileRDD: Input split: Paths:/yxsu/dataset/ImageNet/ILSVRC2012_img_test/ILSVRC2012_test_00089274.JPEG:0+159638
15/09/01 18:17:27 INFO executor.Executor: Finished task 54678.0 in stage 0.0 (TID 52437). 1835 bytes result sent to driver
15/09/01 18:17:27 INFO executor.CoarseGrainedExecutorBackend: Got assigned task 52996
15/09/01 18:17:27 INFO executor.Executor: Running task 55238.0 in stage 0.0 (TID 52996)
15/09/01 18:17:27 INFO rdd.BinaryFileRDD: Input split: Paths:/yxsu/dataset/ImageNet/ILSVRC2012_img_test/ILSVRC2012_test_00090172.JPEG:0+123183,/yxsu/dataset/ImageNet/ILSVRC2012_img_test/ILSVRC2012_test_00090194.JPEG:0+112814
15/09/01 18:17:27 INFO executor.Executor: Finished task 55238.0 in stage 0.0 (TID 52996). 1835 bytes result sent to driver
15/09/01 18:17:28 INFO executor.CoarseGrainedExecutorBackend: Got assigned task 53555
15/09/01 18:17:28 INFO executor.Executor: Running task 55826.0 in stage 0.0 (TID 53555)
15/09/01 18:17:28 INFO rdd.BinaryFileRDD: Input split: Paths:/yxsu/dataset/ImageNet/ILSVRC2012_img_test/ILSVRC2012_test_00091151.JPEG:0+116900,/yxsu/dataset/ImageNet/ILSVRC2012_img_test/ILSVRC2012_test_00091170.JPEG:0+97211
15/09/01 18:17:28 INFO executor.Executor: Finished task 55826.0 in stage 0.0 (TID 53555). 1835 bytes result sent to driver
15/09/01 18:17:28 INFO executor.CoarseGrainedExecutorBackend: Got assigned task 54118
15/09/01 18:17:28 INFO executor.Executor: Running task 56414.0 in stage 0.0 (TID 54118)
15/09/01 18:17:28 INFO rdd.BinaryFileRDD: Input split: Paths:/yxsu/dataset/ImageNet/ILSVRC2012_img_test/ILSVRC2012_test_00092092.JPEG:0+166780
15/09/01 18:17:28 INFO executor.Executor: Finished task 56414.0 in stage 0.0 (TID 54118). 1835 bytes result sent to driver
15/09/01 18:17:29 INFO executor.CoarseGrainedExecutorBackend: Got assigned task 54679
15/09/01 18:17:29 INFO executor.Executor: Running task 57002.0 in stage 0.0 (TID 54679)
15/09/01 18:17:29 INFO rdd.BinaryFileRDD: Input split: Paths:/yxsu/dataset/ImageNet/ILSVRC2012_img_test/ILSVRC2012_test_00093136.JPEG:0+79977,/yxsu/dataset/ImageNet/ILSVRC2012_img_test/ILSVRC2012_test_00093151.JPEG:0+174384
15/09/01 18:17:29 INFO executor.Executor: Finished task 57002.0 in stage 0.0 (TID 54679). 1835 bytes result sent to driver
15/09/01 18:17:29 INFO executor.CoarseGrainedExecutorBackend: Got assigned task 55225
15/09/01 18:17:29 INFO executor.Executor: Running task 57590.0 in stage 0.0 (TID 55225)
15/09/01 18:17:29 INFO rdd.BinaryFileRDD: Input split: Paths:/yxsu/dataset/ImageNet/ILSVRC2012_img_test/ILSVRC2012_test_00094056.JPEG:0+107869,/yxsu/dataset/ImageNet/ILSVRC2012_img_test/ILSVRC2012_test_00094065.JPEG:0+148477
15/09/01 18:17:29 INFO executor.Executor: Finished task 57590.0 in stage 0.0 (TID 55225). 1835 bytes result sent to driver
15/09/01 18:17:30 INFO executor.CoarseGrainedExecutorBackend: Got assigned task 55704
15/09/01 18:17:30 INFO executor.Executor: Running task 58178.0 in stage 0.0 (TID 55704)
15/09/01 18:17:30 INFO rdd.BinaryFileRDD: Input split: Paths:/yxsu/dataset/ImageNet/ILSVRC2012_img_test/ILSVRC2012_test_00095006.JPEG:0+150873
15/09/01 18:17:30 INFO executor.Executor: Finished task 58178.0 in stage 0.0 (TID 55704). 1835 bytes result sent to driver
15/09/01 18:17:30 INFO executor.CoarseGrainedExecutorBackend: Got assigned task 56173
15/09/01 18:17:30 INFO executor.Executor: Running task 58766.0 in stage 0.0 (TID 56173)
15/09/01 18:17:30 INFO rdd.BinaryFileRDD: Input split: Paths:/yxsu/dataset/ImageNet/ILSVRC2012_img_test/ILSVRC2012_test_00096026.JPEG:0+160958
15/09/01 18:17:30 INFO executor.Executor: Finished task 58766.0 in stage 0.0 (TID 56173). 1835 bytes result sent to driver
15/09/01 18:17:30 INFO executor.CoarseGrainedExecutorBackend: Got assigned task 56645
15/09/01 18:17:30 INFO executor.Executor: Running task 59354.0 in stage 0.0 (TID 56645)
15/09/01 18:17:30 INFO rdd.BinaryFileRDD: Input split: Paths:/yxsu/dataset/ImageNet/ILSVRC2012_img_test/ILSVRC2012_test_00096887.JPEG:0+171769
15/09/01 18:17:30 INFO executor.Executor: Finished task 59354.0 in stage 0.0 (TID 56645). 1835 bytes result sent to driver
15/09/01 18:17:31 INFO executor.CoarseGrainedExecutorBackend: Got assigned task 57113
15/09/01 18:17:31 INFO executor.Executor: Running task 59942.0 in stage 0.0 (TID 57113)
15/09/01 18:17:31 INFO rdd.BinaryFileRDD: Input split: Paths:/yxsu/dataset/ImageNet/ILSVRC2012_img_test/ILSVRC2012_test_00097860.JPEG:0+70700,/yxsu/dataset/ImageNet/ILSVRC2012_img_test/ILSVRC2012_test_00097875.JPEG:0+190534
15/09/01 18:17:31 INFO executor.Executor: Finished task 59942.0 in stage 0.0 (TID 57113). 1835 bytes result sent to driver
15/09/01 18:17:31 INFO executor.CoarseGrainedExecutorBackend: Got assigned task 57524
15/09/01 18:17:31 INFO executor.Executor: Running task 60530.0 in stage 0.0 (TID 57524)
15/09/01 18:17:31 INFO rdd.BinaryFileRDD: Input split: Paths:/yxsu/dataset/ImageNet/ILSVRC2012_img_test/ILSVRC2012_test_00098835.JPEG:0+76630,/yxsu/dataset/ImageNet/ILSVRC2012_img_test/ILSVRC2012_test_00098847.JPEG:0+126549
15/09/01 18:17:31 INFO executor.Executor: Finished task 60530.0 in stage 0.0 (TID 57524). 1835 bytes result sent to driver
15/09/01 18:17:31 INFO executor.CoarseGrainedExecutorBackend: Got assigned task 57786
15/09/01 18:17:31 INFO executor.Executor: Running task 61118.0 in stage 0.0 (TID 57786)
15/09/01 18:17:31 INFO rdd.BinaryFileRDD: Input split: Paths:/yxsu/dataset/ImageNet/ILSVRC2012_img_test/ILSVRC2012_test_00099757.JPEG:0+247891
15/09/01 18:17:31 INFO executor.Executor: Finished task 61118.0 in stage 0.0 (TID 57786). 1835 bytes result sent to driver
15/09/01 18:17:37 INFO executor.CoarseGrainedExecutorBackend: Got assigned task 59128
15/09/01 18:17:37 INFO executor.Executor: Running task 2016.0 in stage 0.0 (TID 59128)
15/09/01 18:17:37 INFO rdd.BinaryFileRDD: Input split: Paths:/yxsu/dataset/ImageNet/ILSVRC2012_img_test/ILSVRC2012_test_00003311.JPEG:0+94523,/yxsu/dataset/ImageNet/ILSVRC2012_img_test/ILSVRC2012_test_00003312.JPEG:0+131575
15/09/01 18:17:37 INFO executor.Executor: Finished task 2016.0 in stage 0.0 (TID 59128). 1835 bytes result sent to driver
15/09/01 18:17:37 INFO executor.CoarseGrainedExecutorBackend: Got assigned task 59657
15/09/01 18:17:37 INFO executor.Executor: Running task 16828.0 in stage 0.0 (TID 59657)
15/09/01 18:17:37 INFO rdd.BinaryFileRDD: Input split: Paths:/yxsu/dataset/ImageNet/ILSVRC2012_img_test/ILSVRC2012_test_00027549.JPEG:0+117672,/yxsu/dataset/ImageNet/ILSVRC2012_img_test/ILSVRC2012_test_00027552.JPEG:0+78880
15/09/01 18:17:37 INFO executor.Executor: Finished task 16828.0 in stage 0.0 (TID 59657). 1835 bytes result sent to driver
15/09/01 18:17:38 INFO executor.CoarseGrainedExecutorBackend: Got assigned task 60433
15/09/01 18:17:38 INFO executor.Executor: Running task 38556.0 in stage 0.0 (TID 60433)
15/09/01 18:17:38 INFO rdd.BinaryFileRDD: Input split: Paths:/yxsu/dataset/ImageNet/ILSVRC2012_img_test/ILSVRC2012_test_00062980.JPEG:0+110777,/yxsu/dataset/ImageNet/ILSVRC2012_img_test/ILSVRC2012_test_00062983.JPEG:0+69648
15/09/01 18:17:38 INFO executor.Executor: Finished task 38556.0 in stage 0.0 (TID 60433). 1835 bytes result sent to driver
15/09/01 18:17:38 INFO executor.CoarseGrainedExecutorBackend: Got assigned task 60889
15/09/01 18:17:38 INFO executor.Executor: Running task 51324.0 in stage 0.0 (TID 60889)
15/09/01 18:17:38 INFO rdd.BinaryFileRDD: Input split: Paths:/yxsu/dataset/ImageNet/ILSVRC2012_img_test/ILSVRC2012_test_00083907.JPEG:0+150575
15/09/01 18:17:38 INFO executor.Executor: Finished task 51324.0 in stage 0.0 (TID 60889). 1835 bytes result sent to driver
15/09/01 18:19:50 ERROR executor.CoarseGrainedExecutorBackend: Driver 10.10.18.32:65488 disassociated! Shutting down.
15/09/01 18:19:50 INFO storage.DiskBlockManager: Shutdown hook called
15/09/01 18:19:50 INFO util.Utils: Shutdown hook called
