[2024-11-15T16:30:05.097+0000] {local_task_job_runner.py:120} INFO - ::group::Pre task execution logs
[2024-11-15T16:30:05.176+0000] {taskinstance.py:2076} INFO - Dependencies all met for dep_context=non-requeueable deps ti=<TaskInstance: FLOAT_DATA_TO_PG.download_google_sheet manual__2024-11-15T16:30:00.141431+00:00 [queued]>
[2024-11-15T16:30:05.198+0000] {taskinstance.py:2076} INFO - Dependencies all met for dep_context=requeueable deps ti=<TaskInstance: FLOAT_DATA_TO_PG.download_google_sheet manual__2024-11-15T16:30:00.141431+00:00 [queued]>
[2024-11-15T16:30:05.199+0000] {taskinstance.py:2306} INFO - Starting attempt 1 of 1
[2024-11-15T16:30:05.241+0000] {taskinstance.py:2330} INFO - Executing <Task(PythonOperator): download_google_sheet> on 2024-11-15 16:30:00.141431+00:00
[2024-11-15T16:30:05.257+0000] {warnings.py:110} WARNING - /home/***/.local/lib/python3.12/site-packages/***/task/task_runner/standard_task_runner.py:61: DeprecationWarning: This process (pid=131) is multi-threaded, use of fork() may lead to deadlocks in the child.
  pid = os.fork()

[2024-11-15T16:30:05.260+0000] {standard_task_runner.py:63} INFO - Started process 143 to run task
[2024-11-15T16:30:05.261+0000] {standard_task_runner.py:90} INFO - Running: ['***', 'tasks', 'run', 'FLOAT_DATA_TO_PG', 'download_google_sheet', 'manual__2024-11-15T16:30:00.141431+00:00', '--job-id', '21', '--raw', '--subdir', 'DAGS_FOLDER/etl_process_float_data.py', '--cfg-path', '/tmp/tmppp8pscqd']
[2024-11-15T16:30:05.267+0000] {standard_task_runner.py:91} INFO - Job 21: Subtask download_google_sheet
[2024-11-15T16:30:05.361+0000] {task_command.py:426} INFO - Running <TaskInstance: FLOAT_DATA_TO_PG.download_google_sheet manual__2024-11-15T16:30:00.141431+00:00 [running]> on host 35eb7317174e
[2024-11-15T16:30:05.546+0000] {taskinstance.py:2648} INFO - Exporting env vars: AIRFLOW_CTX_DAG_OWNER='***' AIRFLOW_CTX_DAG_ID='FLOAT_DATA_TO_PG' AIRFLOW_CTX_TASK_ID='download_google_sheet' AIRFLOW_CTX_EXECUTION_DATE='2024-11-15T16:30:00.141431+00:00' AIRFLOW_CTX_TRY_NUMBER='1' AIRFLOW_CTX_DAG_RUN_ID='manual__2024-11-15T16:30:00.141431+00:00'
[2024-11-15T16:30:05.549+0000] {taskinstance.py:430} INFO - ::endgroup::
[2024-11-15T16:30:33.159+0000] {logging_mixin.py:188} INFO - Google Sheet data downloaded and pushed to XCom
[2024-11-15T16:30:33.160+0000] {python.py:237} INFO - Done. Returned value was: None
[2024-11-15T16:30:33.162+0000] {taskinstance.py:441} INFO - ::group::Post task execution logs
[2024-11-15T16:30:33.175+0000] {taskinstance.py:1206} INFO - Marking task as SUCCESS. dag_id=FLOAT_DATA_TO_PG, task_id=download_google_sheet, run_id=manual__2024-11-15T16:30:00.141431+00:00, execution_date=20241115T163000, start_date=20241115T163005, end_date=20241115T163033
[2024-11-15T16:30:33.234+0000] {local_task_job_runner.py:240} INFO - Task exited with return code 0
[2024-11-15T16:30:33.259+0000] {taskinstance.py:3498} INFO - 1 downstream tasks scheduled from follow-on schedule check
[2024-11-15T16:30:33.262+0000] {local_task_job_runner.py:222} INFO - ::endgroup::
