[2024-11-15T15:54:23.443+0000] {local_task_job_runner.py:120} INFO - ::group::Pre task execution logs
[2024-11-15T15:54:23.470+0000] {taskinstance.py:2076} INFO - Dependencies all met for dep_context=non-requeueable deps ti=<TaskInstance: ETL_FLOAT_DATA.transform_data manual__2024-11-15T15:54:01.344618+00:00 [queued]>
[2024-11-15T15:54:23.483+0000] {taskinstance.py:2076} INFO - Dependencies all met for dep_context=requeueable deps ti=<TaskInstance: ETL_FLOAT_DATA.transform_data manual__2024-11-15T15:54:01.344618+00:00 [queued]>
[2024-11-15T15:54:23.484+0000] {taskinstance.py:2306} INFO - Starting attempt 1 of 1
[2024-11-15T15:54:23.698+0000] {taskinstance.py:2330} INFO - Executing <Task(PythonOperator): transform_data> on 2024-11-15 15:54:01.344618+00:00
[2024-11-15T15:54:23.708+0000] {warnings.py:110} WARNING - /home/***/.local/lib/python3.12/site-packages/***/task/task_runner/standard_task_runner.py:61: DeprecationWarning: This process (pid=69) is multi-threaded, use of fork() may lead to deadlocks in the child.
  pid = os.fork()

[2024-11-15T15:54:23.710+0000] {standard_task_runner.py:63} INFO - Started process 73 to run task
[2024-11-15T15:54:23.709+0000] {standard_task_runner.py:90} INFO - Running: ['***', 'tasks', 'run', 'ETL_FLOAT_DATA', 'transform_data', 'manual__2024-11-15T15:54:01.344618+00:00', '--job-id', '13', '--raw', '--subdir', 'DAGS_FOLDER/etl_float_data.py', '--cfg-path', '/tmp/tmpx10otolc']
[2024-11-15T15:54:23.713+0000] {standard_task_runner.py:91} INFO - Job 13: Subtask transform_data
[2024-11-15T15:54:23.810+0000] {task_command.py:426} INFO - Running <TaskInstance: ETL_FLOAT_DATA.transform_data manual__2024-11-15T15:54:01.344618+00:00 [running]> on host 7f2a459ae460
[2024-11-15T15:54:23.953+0000] {taskinstance.py:2648} INFO - Exporting env vars: AIRFLOW_CTX_DAG_OWNER='***' AIRFLOW_CTX_DAG_ID='ETL_FLOAT_DATA' AIRFLOW_CTX_TASK_ID='transform_data' AIRFLOW_CTX_EXECUTION_DATE='2024-11-15T15:54:01.344618+00:00' AIRFLOW_CTX_TRY_NUMBER='1' AIRFLOW_CTX_DAG_RUN_ID='manual__2024-11-15T15:54:01.344618+00:00'
[2024-11-15T15:54:23.954+0000] {taskinstance.py:430} INFO - ::endgroup::
[2024-11-15T15:54:24.013+0000] {logging_mixin.py:188} INFO - Transformed DataFrame:
[2024-11-15T15:54:24.034+0000] {logging_mixin.py:188} INFO -      Client              Project  ...    End Date Estimated Hours
0  Client 1  Website Development  ...  2023-07-24             112
1  Client 1  Website Development  ...  2023-07-24              24
2  Client 1  Website Development  ...  2023-08-28             189
3  Client 1  Website Development  ...  2023-09-04              77
4  Client 1  Website Development  ...  2023-09-04              92

[5 rows x 8 columns]
[2024-11-15T15:54:24.035+0000] {python.py:237} INFO - Done. Returned value was: None
[2024-11-15T15:54:24.036+0000] {taskinstance.py:441} INFO - ::group::Post task execution logs
[2024-11-15T15:54:24.048+0000] {taskinstance.py:1206} INFO - Marking task as SUCCESS. dag_id=ETL_FLOAT_DATA, task_id=transform_data, run_id=manual__2024-11-15T15:54:01.344618+00:00, execution_date=20241115T155401, start_date=20241115T155423, end_date=20241115T155424
[2024-11-15T15:54:24.106+0000] {local_task_job_runner.py:240} INFO - Task exited with return code 0
[2024-11-15T15:54:24.130+0000] {taskinstance.py:3498} INFO - 0 downstream tasks scheduled from follow-on schedule check
[2024-11-15T15:54:24.132+0000] {local_task_job_runner.py:222} INFO - ::endgroup::
