[2024-11-15T20:59:08.510+0000] {local_task_job_runner.py:120} INFO - ::group::Pre task execution logs
[2024-11-15T20:59:08.555+0000] {taskinstance.py:2076} INFO - Dependencies all met for dep_context=non-requeueable deps ti=<TaskInstance: FLOAT_DATA_TO_PG.ingest_to_postgres manual__2024-11-15T20:58:54.602760+00:00 [queued]>
[2024-11-15T20:59:08.573+0000] {taskinstance.py:2076} INFO - Dependencies all met for dep_context=requeueable deps ti=<TaskInstance: FLOAT_DATA_TO_PG.ingest_to_postgres manual__2024-11-15T20:58:54.602760+00:00 [queued]>
[2024-11-15T20:59:08.574+0000] {taskinstance.py:2306} INFO - Starting attempt 1 of 1
[2024-11-15T20:59:08.602+0000] {taskinstance.py:2330} INFO - Executing <Task(PythonOperator): ingest_to_postgres> on 2024-11-15 20:58:54.602760+00:00
[2024-11-15T20:59:08.612+0000] {warnings.py:110} WARNING - /home/***/.local/lib/python3.12/site-packages/***/task/task_runner/standard_task_runner.py:61: DeprecationWarning: This process (pid=741) is multi-threaded, use of fork() may lead to deadlocks in the child.
  pid = os.fork()

[2024-11-15T20:59:08.615+0000] {standard_task_runner.py:63} INFO - Started process 743 to run task
[2024-11-15T20:59:08.616+0000] {standard_task_runner.py:90} INFO - Running: ['***', 'tasks', 'run', 'FLOAT_DATA_TO_PG', 'ingest_to_postgres', 'manual__2024-11-15T20:58:54.602760+00:00', '--job-id', '47', '--raw', '--subdir', 'DAGS_FOLDER/etl_process_float_data.py', '--cfg-path', '/tmp/tmphk2io7m1']
[2024-11-15T20:59:08.621+0000] {standard_task_runner.py:91} INFO - Job 47: Subtask ingest_to_postgres
[2024-11-15T20:59:08.720+0000] {task_command.py:426} INFO - Running <TaskInstance: FLOAT_DATA_TO_PG.ingest_to_postgres manual__2024-11-15T20:58:54.602760+00:00 [running]> on host 35eb7317174e
[2024-11-15T20:59:09.007+0000] {taskinstance.py:2648} INFO - Exporting env vars: AIRFLOW_CTX_DAG_OWNER='***' AIRFLOW_CTX_DAG_ID='FLOAT_DATA_TO_PG' AIRFLOW_CTX_TASK_ID='ingest_to_postgres' AIRFLOW_CTX_EXECUTION_DATE='2024-11-15T20:58:54.602760+00:00' AIRFLOW_CTX_TRY_NUMBER='1' AIRFLOW_CTX_DAG_RUN_ID='manual__2024-11-15T20:58:54.602760+00:00'
[2024-11-15T20:59:09.010+0000] {taskinstance.py:430} INFO - ::endgroup::
[2024-11-15T20:59:09.315+0000] {etl_process_float_data.py:63} INFO - Transformed data successfully ingested into PostgreSQL using pandas
[2024-11-15T20:59:09.316+0000] {python.py:237} INFO - Done. Returned value was: None
[2024-11-15T20:59:09.318+0000] {taskinstance.py:441} INFO - ::group::Post task execution logs
[2024-11-15T20:59:09.338+0000] {taskinstance.py:1206} INFO - Marking task as SUCCESS. dag_id=FLOAT_DATA_TO_PG, task_id=ingest_to_postgres, run_id=manual__2024-11-15T20:58:54.602760+00:00, execution_date=20241115T205854, start_date=20241115T205908, end_date=20241115T205909
[2024-11-15T20:59:09.384+0000] {local_task_job_runner.py:240} INFO - Task exited with return code 0
[2024-11-15T20:59:09.423+0000] {taskinstance.py:3498} INFO - 0 downstream tasks scheduled from follow-on schedule check
[2024-11-15T20:59:09.426+0000] {local_task_job_runner.py:222} INFO - ::endgroup::
