[2024-11-15T15:53:40.029+0000] {processor.py:161} INFO - Started process (PID=61) to work on /opt/airflow/dags/etl_float_data.py
[2024-11-15T15:53:40.030+0000] {processor.py:830} INFO - Processing file /opt/airflow/dags/etl_float_data.py for tasks to queue
[2024-11-15T15:53:40.039+0000] {logging_mixin.py:188} INFO - [2024-11-15T15:53:40.039+0000] {dagbag.py:545} INFO - Filling up the DagBag from /opt/airflow/dags/etl_float_data.py
[2024-11-15T15:53:41.645+0000] {processor.py:840} INFO - DAG(s) 'ETL_FLOAT_DATA' retrieved from /opt/airflow/dags/etl_float_data.py
[2024-11-15T15:53:41.982+0000] {logging_mixin.py:188} INFO - [2024-11-15T15:53:41.981+0000] {override.py:1829} INFO - Created Permission View: can edit on DAG:ETL_FLOAT_DATA
[2024-11-15T15:53:41.998+0000] {logging_mixin.py:188} INFO - [2024-11-15T15:53:41.997+0000] {override.py:1829} INFO - Created Permission View: can delete on DAG:ETL_FLOAT_DATA
[2024-11-15T15:53:42.011+0000] {logging_mixin.py:188} INFO - [2024-11-15T15:53:42.010+0000] {override.py:1829} INFO - Created Permission View: can read on DAG:ETL_FLOAT_DATA
[2024-11-15T15:53:42.012+0000] {logging_mixin.py:188} INFO - [2024-11-15T15:53:42.012+0000] {dag.py:3096} INFO - Sync 1 DAGs
[2024-11-15T15:53:42.048+0000] {logging_mixin.py:188} INFO - [2024-11-15T15:53:42.047+0000] {dag.py:3118} INFO - Creating ORM DAG for ETL_FLOAT_DATA
[2024-11-15T15:53:42.080+0000] {logging_mixin.py:188} INFO - [2024-11-15T15:53:42.079+0000] {dag.py:3954} INFO - Setting next_dagrun for ETL_FLOAT_DATA to 2024-11-14 00:00:00+00:00, run_after=2024-11-15 00:00:00+00:00
[2024-11-15T15:53:42.347+0000] {processor.py:183} INFO - Processing /opt/airflow/dags/etl_float_data.py took 2.342 seconds
[2024-11-15T15:54:21.883+0000] {processor.py:161} INFO - Started process (PID=37) to work on /opt/airflow/dags/etl_float_data.py
[2024-11-15T15:54:21.885+0000] {processor.py:830} INFO - Processing file /opt/airflow/dags/etl_float_data.py for tasks to queue
[2024-11-15T15:54:21.889+0000] {logging_mixin.py:188} INFO - [2024-11-15T15:54:21.888+0000] {dagbag.py:545} INFO - Filling up the DagBag from /opt/airflow/dags/etl_float_data.py
[2024-11-15T15:54:22.850+0000] {processor.py:840} INFO - DAG(s) 'ETL_FLOAT_DATA' retrieved from /opt/airflow/dags/etl_float_data.py
[2024-11-15T15:54:22.915+0000] {logging_mixin.py:188} INFO - [2024-11-15T15:54:22.914+0000] {dag.py:3096} INFO - Sync 1 DAGs
[2024-11-15T15:54:22.951+0000] {logging_mixin.py:188} INFO - [2024-11-15T15:54:22.950+0000] {dag.py:3954} INFO - Setting next_dagrun for ETL_FLOAT_DATA to 2024-11-15 00:00:00+00:00, run_after=2024-11-16 00:00:00+00:00
[2024-11-15T15:54:22.999+0000] {processor.py:183} INFO - Processing /opt/airflow/dags/etl_float_data.py took 1.126 seconds
[2024-11-15T15:54:53.367+0000] {processor.py:161} INFO - Started process (PID=57) to work on /opt/airflow/dags/etl_float_data.py
[2024-11-15T15:54:53.371+0000] {processor.py:830} INFO - Processing file /opt/airflow/dags/etl_float_data.py for tasks to queue
[2024-11-15T15:54:53.374+0000] {logging_mixin.py:188} INFO - [2024-11-15T15:54:53.373+0000] {dagbag.py:545} INFO - Filling up the DagBag from /opt/airflow/dags/etl_float_data.py
[2024-11-15T15:54:53.926+0000] {processor.py:840} INFO - DAG(s) 'ETL_FLOAT_DATA' retrieved from /opt/airflow/dags/etl_float_data.py
[2024-11-15T15:54:53.960+0000] {logging_mixin.py:188} INFO - [2024-11-15T15:54:53.960+0000] {dag.py:3096} INFO - Sync 1 DAGs
[2024-11-15T15:54:53.990+0000] {logging_mixin.py:188} INFO - [2024-11-15T15:54:53.990+0000] {dag.py:3954} INFO - Setting next_dagrun for ETL_FLOAT_DATA to 2024-11-15 00:00:00+00:00, run_after=2024-11-16 00:00:00+00:00
[2024-11-15T15:54:54.022+0000] {processor.py:183} INFO - Processing /opt/airflow/dags/etl_float_data.py took 0.664 seconds
[2024-11-15T15:55:24.261+0000] {processor.py:161} INFO - Started process (PID=67) to work on /opt/airflow/dags/etl_float_data.py
[2024-11-15T15:55:24.263+0000] {processor.py:830} INFO - Processing file /opt/airflow/dags/etl_float_data.py for tasks to queue
[2024-11-15T15:55:24.272+0000] {logging_mixin.py:188} INFO - [2024-11-15T15:55:24.268+0000] {dagbag.py:545} INFO - Filling up the DagBag from /opt/airflow/dags/etl_float_data.py
[2024-11-15T15:55:25.625+0000] {processor.py:840} INFO - DAG(s) 'ETL_FLOAT_DATA' retrieved from /opt/airflow/dags/etl_float_data.py
[2024-11-15T15:55:25.689+0000] {logging_mixin.py:188} INFO - [2024-11-15T15:55:25.688+0000] {dag.py:3096} INFO - Sync 1 DAGs
[2024-11-15T15:55:25.749+0000] {logging_mixin.py:188} INFO - [2024-11-15T15:55:25.749+0000] {dag.py:3954} INFO - Setting next_dagrun for ETL_FLOAT_DATA to 2024-11-15 00:00:00+00:00, run_after=2024-11-16 00:00:00+00:00
[2024-11-15T15:55:25.828+0000] {processor.py:183} INFO - Processing /opt/airflow/dags/etl_float_data.py took 1.576 seconds
[2024-11-15T15:55:55.959+0000] {processor.py:161} INFO - Started process (PID=78) to work on /opt/airflow/dags/etl_float_data.py
[2024-11-15T15:55:55.960+0000] {processor.py:830} INFO - Processing file /opt/airflow/dags/etl_float_data.py for tasks to queue
[2024-11-15T15:55:55.962+0000] {logging_mixin.py:188} INFO - [2024-11-15T15:55:55.961+0000] {dagbag.py:545} INFO - Filling up the DagBag from /opt/airflow/dags/etl_float_data.py
[2024-11-15T15:55:56.431+0000] {processor.py:840} INFO - DAG(s) 'ETL_FLOAT_DATA' retrieved from /opt/airflow/dags/etl_float_data.py
[2024-11-15T15:55:56.459+0000] {logging_mixin.py:188} INFO - [2024-11-15T15:55:56.458+0000] {dag.py:3096} INFO - Sync 1 DAGs
[2024-11-15T15:55:56.481+0000] {logging_mixin.py:188} INFO - [2024-11-15T15:55:56.481+0000] {dag.py:3954} INFO - Setting next_dagrun for ETL_FLOAT_DATA to 2024-11-15 00:00:00+00:00, run_after=2024-11-16 00:00:00+00:00
[2024-11-15T15:55:56.500+0000] {processor.py:183} INFO - Processing /opt/airflow/dags/etl_float_data.py took 0.550 seconds
[2024-11-15T15:56:26.722+0000] {processor.py:161} INFO - Started process (PID=88) to work on /opt/airflow/dags/etl_float_data.py
[2024-11-15T15:56:26.723+0000] {processor.py:830} INFO - Processing file /opt/airflow/dags/etl_float_data.py for tasks to queue
[2024-11-15T15:56:26.725+0000] {logging_mixin.py:188} INFO - [2024-11-15T15:56:26.725+0000] {dagbag.py:545} INFO - Filling up the DagBag from /opt/airflow/dags/etl_float_data.py
[2024-11-15T15:56:27.234+0000] {processor.py:840} INFO - DAG(s) 'ETL_FLOAT_DATA' retrieved from /opt/airflow/dags/etl_float_data.py
[2024-11-15T15:56:27.260+0000] {logging_mixin.py:188} INFO - [2024-11-15T15:56:27.259+0000] {dag.py:3096} INFO - Sync 1 DAGs
[2024-11-15T15:56:27.280+0000] {logging_mixin.py:188} INFO - [2024-11-15T15:56:27.280+0000] {dag.py:3954} INFO - Setting next_dagrun for ETL_FLOAT_DATA to 2024-11-15 00:00:00+00:00, run_after=2024-11-16 00:00:00+00:00
[2024-11-15T15:56:27.298+0000] {processor.py:183} INFO - Processing /opt/airflow/dags/etl_float_data.py took 0.585 seconds
[2024-11-15T15:56:57.615+0000] {processor.py:161} INFO - Started process (PID=98) to work on /opt/airflow/dags/etl_float_data.py
[2024-11-15T15:56:57.618+0000] {processor.py:830} INFO - Processing file /opt/airflow/dags/etl_float_data.py for tasks to queue
[2024-11-15T15:56:57.621+0000] {logging_mixin.py:188} INFO - [2024-11-15T15:56:57.620+0000] {dagbag.py:545} INFO - Filling up the DagBag from /opt/airflow/dags/etl_float_data.py
[2024-11-15T15:56:58.218+0000] {processor.py:840} INFO - DAG(s) 'ETL_FLOAT_DATA' retrieved from /opt/airflow/dags/etl_float_data.py
[2024-11-15T15:56:58.249+0000] {logging_mixin.py:188} INFO - [2024-11-15T15:56:58.249+0000] {dag.py:3096} INFO - Sync 1 DAGs
[2024-11-15T15:56:58.284+0000] {logging_mixin.py:188} INFO - [2024-11-15T15:56:58.283+0000] {dag.py:3954} INFO - Setting next_dagrun for ETL_FLOAT_DATA to 2024-11-15 00:00:00+00:00, run_after=2024-11-16 00:00:00+00:00
[2024-11-15T15:56:58.306+0000] {processor.py:183} INFO - Processing /opt/airflow/dags/etl_float_data.py took 0.701 seconds
[2024-11-15T15:57:28.505+0000] {processor.py:161} INFO - Started process (PID=108) to work on /opt/airflow/dags/etl_float_data.py
[2024-11-15T15:57:28.508+0000] {processor.py:830} INFO - Processing file /opt/airflow/dags/etl_float_data.py for tasks to queue
[2024-11-15T15:57:28.512+0000] {logging_mixin.py:188} INFO - [2024-11-15T15:57:28.511+0000] {dagbag.py:545} INFO - Filling up the DagBag from /opt/airflow/dags/etl_float_data.py
[2024-11-15T15:57:29.353+0000] {processor.py:840} INFO - DAG(s) 'ETL_FLOAT_DATA' retrieved from /opt/airflow/dags/etl_float_data.py
[2024-11-15T15:57:29.446+0000] {logging_mixin.py:188} INFO - [2024-11-15T15:57:29.445+0000] {dag.py:3096} INFO - Sync 1 DAGs
[2024-11-15T15:57:29.492+0000] {logging_mixin.py:188} INFO - [2024-11-15T15:57:29.492+0000] {dag.py:3954} INFO - Setting next_dagrun for ETL_FLOAT_DATA to 2024-11-15 00:00:00+00:00, run_after=2024-11-16 00:00:00+00:00
[2024-11-15T15:57:29.532+0000] {processor.py:183} INFO - Processing /opt/airflow/dags/etl_float_data.py took 1.037 seconds
[2024-11-15T15:57:59.775+0000] {processor.py:161} INFO - Started process (PID=118) to work on /opt/airflow/dags/etl_float_data.py
[2024-11-15T15:57:59.782+0000] {processor.py:830} INFO - Processing file /opt/airflow/dags/etl_float_data.py for tasks to queue
[2024-11-15T15:57:59.786+0000] {logging_mixin.py:188} INFO - [2024-11-15T15:57:59.786+0000] {dagbag.py:545} INFO - Filling up the DagBag from /opt/airflow/dags/etl_float_data.py
[2024-11-15T15:58:00.332+0000] {processor.py:840} INFO - DAG(s) 'ETL_FLOAT_DATA' retrieved from /opt/airflow/dags/etl_float_data.py
[2024-11-15T15:58:00.364+0000] {logging_mixin.py:188} INFO - [2024-11-15T15:58:00.362+0000] {dag.py:3096} INFO - Sync 1 DAGs
[2024-11-15T15:58:00.388+0000] {logging_mixin.py:188} INFO - [2024-11-15T15:58:00.387+0000] {dag.py:3954} INFO - Setting next_dagrun for ETL_FLOAT_DATA to 2024-11-15 00:00:00+00:00, run_after=2024-11-16 00:00:00+00:00
[2024-11-15T15:58:00.413+0000] {processor.py:183} INFO - Processing /opt/airflow/dags/etl_float_data.py took 0.647 seconds
[2024-11-15T15:58:30.713+0000] {processor.py:161} INFO - Started process (PID=127) to work on /opt/airflow/dags/etl_float_data.py
[2024-11-15T15:58:30.714+0000] {processor.py:830} INFO - Processing file /opt/airflow/dags/etl_float_data.py for tasks to queue
[2024-11-15T15:58:30.717+0000] {logging_mixin.py:188} INFO - [2024-11-15T15:58:30.716+0000] {dagbag.py:545} INFO - Filling up the DagBag from /opt/airflow/dags/etl_float_data.py
[2024-11-15T15:58:31.192+0000] {processor.py:840} INFO - DAG(s) 'ETL_FLOAT_DATA' retrieved from /opt/airflow/dags/etl_float_data.py
[2024-11-15T15:58:31.218+0000] {logging_mixin.py:188} INFO - [2024-11-15T15:58:31.218+0000] {dag.py:3096} INFO - Sync 1 DAGs
[2024-11-15T15:58:31.242+0000] {logging_mixin.py:188} INFO - [2024-11-15T15:58:31.241+0000] {dag.py:3954} INFO - Setting next_dagrun for ETL_FLOAT_DATA to 2024-11-15 00:00:00+00:00, run_after=2024-11-16 00:00:00+00:00
[2024-11-15T15:58:31.265+0000] {processor.py:183} INFO - Processing /opt/airflow/dags/etl_float_data.py took 0.560 seconds
[2024-11-15T15:59:01.517+0000] {processor.py:161} INFO - Started process (PID=137) to work on /opt/airflow/dags/etl_float_data.py
[2024-11-15T15:59:01.525+0000] {processor.py:830} INFO - Processing file /opt/airflow/dags/etl_float_data.py for tasks to queue
[2024-11-15T15:59:01.529+0000] {logging_mixin.py:188} INFO - [2024-11-15T15:59:01.528+0000] {dagbag.py:545} INFO - Filling up the DagBag from /opt/airflow/dags/etl_float_data.py
[2024-11-15T15:59:02.311+0000] {processor.py:840} INFO - DAG(s) 'ETL_FLOAT_DATA' retrieved from /opt/airflow/dags/etl_float_data.py
[2024-11-15T15:59:02.343+0000] {logging_mixin.py:188} INFO - [2024-11-15T15:59:02.342+0000] {dag.py:3096} INFO - Sync 1 DAGs
[2024-11-15T15:59:02.370+0000] {logging_mixin.py:188} INFO - [2024-11-15T15:59:02.370+0000] {dag.py:3954} INFO - Setting next_dagrun for ETL_FLOAT_DATA to 2024-11-15 00:00:00+00:00, run_after=2024-11-16 00:00:00+00:00
[2024-11-15T15:59:02.398+0000] {processor.py:183} INFO - Processing /opt/airflow/dags/etl_float_data.py took 0.891 seconds
[2024-11-15T15:59:32.838+0000] {processor.py:161} INFO - Started process (PID=147) to work on /opt/airflow/dags/etl_float_data.py
[2024-11-15T15:59:32.840+0000] {processor.py:830} INFO - Processing file /opt/airflow/dags/etl_float_data.py for tasks to queue
[2024-11-15T15:59:32.843+0000] {logging_mixin.py:188} INFO - [2024-11-15T15:59:32.843+0000] {dagbag.py:545} INFO - Filling up the DagBag from /opt/airflow/dags/etl_float_data.py
[2024-11-15T15:59:33.445+0000] {processor.py:840} INFO - DAG(s) 'ETL_FLOAT_DATA' retrieved from /opt/airflow/dags/etl_float_data.py
[2024-11-15T15:59:33.468+0000] {logging_mixin.py:188} INFO - [2024-11-15T15:59:33.468+0000] {dag.py:3096} INFO - Sync 1 DAGs
[2024-11-15T15:59:33.489+0000] {logging_mixin.py:188} INFO - [2024-11-15T15:59:33.489+0000] {dag.py:3954} INFO - Setting next_dagrun for ETL_FLOAT_DATA to 2024-11-15 00:00:00+00:00, run_after=2024-11-16 00:00:00+00:00
[2024-11-15T15:59:33.512+0000] {processor.py:183} INFO - Processing /opt/airflow/dags/etl_float_data.py took 0.682 seconds
[2024-11-15T16:00:04.000+0000] {processor.py:161} INFO - Started process (PID=157) to work on /opt/airflow/dags/etl_float_data.py
[2024-11-15T16:00:04.002+0000] {processor.py:830} INFO - Processing file /opt/airflow/dags/etl_float_data.py for tasks to queue
[2024-11-15T16:00:04.005+0000] {logging_mixin.py:188} INFO - [2024-11-15T16:00:04.004+0000] {dagbag.py:545} INFO - Filling up the DagBag from /opt/airflow/dags/etl_float_data.py
[2024-11-15T16:00:04.708+0000] {processor.py:840} INFO - DAG(s) 'ETL_FLOAT_DATA' retrieved from /opt/airflow/dags/etl_float_data.py
[2024-11-15T16:00:04.745+0000] {logging_mixin.py:188} INFO - [2024-11-15T16:00:04.744+0000] {dag.py:3096} INFO - Sync 1 DAGs
[2024-11-15T16:00:04.812+0000] {logging_mixin.py:188} INFO - [2024-11-15T16:00:04.811+0000] {dag.py:3954} INFO - Setting next_dagrun for ETL_FLOAT_DATA to 2024-11-15 00:00:00+00:00, run_after=2024-11-16 00:00:00+00:00
[2024-11-15T16:00:04.859+0000] {processor.py:183} INFO - Processing /opt/airflow/dags/etl_float_data.py took 0.869 seconds
[2024-11-15T16:14:16.513+0000] {processor.py:161} INFO - Started process (PID=62) to work on /opt/airflow/dags/etl_float_data.py
[2024-11-15T16:14:16.516+0000] {processor.py:830} INFO - Processing file /opt/airflow/dags/etl_float_data.py for tasks to queue
[2024-11-15T16:14:16.521+0000] {logging_mixin.py:188} INFO - [2024-11-15T16:14:16.521+0000] {dagbag.py:545} INFO - Filling up the DagBag from /opt/airflow/dags/etl_float_data.py
[2024-11-15T16:14:19.671+0000] {processor.py:840} INFO - DAG(s) 'download_google_sheet_dag' retrieved from /opt/airflow/dags/etl_float_data.py
[2024-11-15T16:14:20.238+0000] {logging_mixin.py:188} INFO - [2024-11-15T16:14:20.237+0000] {dag.py:3096} INFO - Sync 1 DAGs
[2024-11-15T16:14:20.308+0000] {logging_mixin.py:188} INFO - [2024-11-15T16:14:20.307+0000] {dag.py:3954} INFO - Setting next_dagrun for download_google_sheet_dag to 2024-11-15 00:00:00+00:00, run_after=2024-11-16 00:00:00+00:00
[2024-11-15T16:14:20.784+0000] {logging_mixin.py:188} INFO - [2024-11-15T16:14:20.780+0000] {dagbag.py:654} ERROR - Failed to write serialized DAG: /opt/airflow/dags/etl_float_data.py
Traceback (most recent call last):
  File "/home/airflow/.local/lib/python3.12/site-packages/airflow/models/dagbag.py", line 642, in _serialize_dag_capturing_errors
    dag_was_updated = SerializedDagModel.write_dag(
                      ^^^^^^^^^^^^^^^^^^^^^^^^^^^^^
  File "/home/airflow/.local/lib/python3.12/site-packages/airflow/utils/session.py", line 76, in wrapper
    return func(*args, **kwargs)
           ^^^^^^^^^^^^^^^^^^^^^
  File "/home/airflow/.local/lib/python3.12/site-packages/airflow/models/serialized_dag.py", line 158, in write_dag
    if session.scalar(
       ^^^^^^^^^^^^^^^
  File "/home/airflow/.local/lib/python3.12/site-packages/sqlalchemy/orm/session.py", line 1747, in scalar
    return self.execute(
           ^^^^^^^^^^^^^
  File "/home/airflow/.local/lib/python3.12/site-packages/sqlalchemy/orm/session.py", line 1716, in execute
    conn = self._connection_for_bind(bind)
           ^^^^^^^^^^^^^^^^^^^^^^^^^^^^^^^
  File "/home/airflow/.local/lib/python3.12/site-packages/sqlalchemy/orm/session.py", line 1555, in _connection_for_bind
    return self._transaction._connection_for_bind(
           ^^^^^^^^^^^^^^^^^^^^^^^^^^^^^^^^^^^^^^^
  File "/home/airflow/.local/lib/python3.12/site-packages/sqlalchemy/orm/session.py", line 724, in _connection_for_bind
    self._assert_active()
  File "/home/airflow/.local/lib/python3.12/site-packages/sqlalchemy/orm/session.py", line 604, in _assert_active
    raise sa_exc.PendingRollbackError(
sqlalchemy.exc.PendingRollbackError: This Session's transaction has been rolled back due to a previous exception during flush. To begin a new transaction with this Session, first issue Session.rollback(). Original exception was: (psycopg2.errors.UniqueViolation) duplicate key value violates unique constraint "serialized_dag_pkey"
DETAIL:  Key (dag_id)=(download_google_sheet_dag) already exists.

[SQL: INSERT INTO serialized_dag (dag_id, fileloc, fileloc_hash, data, data_compressed, last_updated, dag_hash, processor_subdir) VALUES (%(dag_id)s, %(fileloc)s, %(fileloc_hash)s, %(data)s, %(data_compressed)s, %(last_updated)s, %(dag_hash)s, %(processor_subdir)s)]
[parameters: {'dag_id': 'download_google_sheet_dag', 'fileloc': '/opt/airflow/dags/etl_float_data.py', 'fileloc_hash': 39952990118857266, 'data': '{"__version": 1, "dag": {"edge_info": {}, "fileloc": "/opt/airflow/dags/etl_float_data.py", "start_date": 1698796800.0, "schedule_interval": "@daily" ... (2254 characters truncated) ... onOperator", "_task_module": "airflow.operators.python", "_is_empty": false, "op_args": [], "op_kwargs": {}}], "dag_dependencies": [], "params": {}}}', 'data_compressed': None, 'last_updated': datetime.datetime(2024, 11, 15, 16, 14, 19, 719537, tzinfo=Timezone('UTC')), 'dag_hash': 'a0e73c848dfdee2fa9c51a3c080b1403', 'processor_subdir': '/opt/airflow/dags'}]
(Background on this error at: https://sqlalche.me/e/14/gkpj) (Background on this error at: https://sqlalche.me/e/14/7s2a)
[2024-11-15T16:14:20.788+0000] {logging_mixin.py:188} INFO - [2024-11-15T16:14:20.787+0000] {dag.py:3096} INFO - Sync 1 DAGs
[2024-11-15T16:14:20.791+0000] {processor.py:186} ERROR - Got an exception! Propagating...
Traceback (most recent call last):
  File "/home/airflow/.local/lib/python3.12/site-packages/airflow/dag_processing/processor.py", line 182, in _run_file_processor
    _handle_dag_file_processing()
  File "/home/airflow/.local/lib/python3.12/site-packages/airflow/dag_processing/processor.py", line 163, in _handle_dag_file_processing
    result: tuple[int, int] = dag_file_processor.process_file(
                              ^^^^^^^^^^^^^^^^^^^^^^^^^^^^^^^^
  File "/home/airflow/.local/lib/python3.12/site-packages/airflow/utils/session.py", line 79, in wrapper
    return func(*args, session=session, **kwargs)
           ^^^^^^^^^^^^^^^^^^^^^^^^^^^^^^^^^^^^^^
  File "/home/airflow/.local/lib/python3.12/site-packages/airflow/dag_processing/processor.py", line 859, in process_file
    serialize_errors = DagFileProcessor.save_dag_to_db(
                       ^^^^^^^^^^^^^^^^^^^^^^^^^^^^^^^^
  File "/home/airflow/.local/lib/python3.12/site-packages/airflow/api_internal/internal_api_call.py", line 115, in wrapper
    return func(*args, **kwargs)
           ^^^^^^^^^^^^^^^^^^^^^
  File "/home/airflow/.local/lib/python3.12/site-packages/airflow/utils/session.py", line 79, in wrapper
    return func(*args, session=session, **kwargs)
           ^^^^^^^^^^^^^^^^^^^^^^^^^^^^^^^^^^^^^^
  File "/home/airflow/.local/lib/python3.12/site-packages/airflow/dag_processing/processor.py", line 895, in save_dag_to_db
    import_errors = DagBag._sync_to_db(dags=dags, processor_subdir=dag_directory, session=session)
                    ^^^^^^^^^^^^^^^^^^^^^^^^^^^^^^^^^^^^^^^^^^^^^^^^^^^^^^^^^^^^^^^^^^^^^^^^^^^^^^
  File "/home/airflow/.local/lib/python3.12/site-packages/airflow/utils/session.py", line 76, in wrapper
    return func(*args, **kwargs)
           ^^^^^^^^^^^^^^^^^^^^^
  File "/home/airflow/.local/lib/python3.12/site-packages/airflow/models/dagbag.py", line 664, in _sync_to_db
    for attempt in run_with_db_retries(logger=log):
  File "/home/airflow/.local/lib/python3.12/site-packages/tenacity/__init__.py", line 347, in __iter__
    do = self.iter(retry_state=retry_state)
         ^^^^^^^^^^^^^^^^^^^^^^^^^^^^^^^^^^
  File "/home/airflow/.local/lib/python3.12/site-packages/tenacity/__init__.py", line 314, in iter
    return fut.result()
           ^^^^^^^^^^^^
  File "/usr/local/lib/python3.12/concurrent/futures/_base.py", line 449, in result
    return self.__get_result()
           ^^^^^^^^^^^^^^^^^^^
  File "/usr/local/lib/python3.12/concurrent/futures/_base.py", line 401, in __get_result
    raise self._exception
  File "/home/airflow/.local/lib/python3.12/site-packages/airflow/models/dagbag.py", line 680, in _sync_to_db
    DAG.bulk_write_to_db(dags.values(), processor_subdir=processor_subdir, session=session)
  File "/home/airflow/.local/lib/python3.12/site-packages/airflow/utils/session.py", line 76, in wrapper
    return func(*args, **kwargs)
           ^^^^^^^^^^^^^^^^^^^^^
  File "/home/airflow/.local/lib/python3.12/site-packages/airflow/models/dag.py", line 3108, in bulk_write_to_db
    orm_dags: list[DagModel] = session.scalars(query).unique().all()
                               ^^^^^^^^^^^^^^^^^^^^^^
  File "/home/airflow/.local/lib/python3.12/site-packages/sqlalchemy/orm/session.py", line 1778, in scalars
    return self.execute(
           ^^^^^^^^^^^^^
  File "/home/airflow/.local/lib/python3.12/site-packages/sqlalchemy/orm/session.py", line 1716, in execute
    conn = self._connection_for_bind(bind)
           ^^^^^^^^^^^^^^^^^^^^^^^^^^^^^^^
  File "/home/airflow/.local/lib/python3.12/site-packages/sqlalchemy/orm/session.py", line 1555, in _connection_for_bind
    return self._transaction._connection_for_bind(
           ^^^^^^^^^^^^^^^^^^^^^^^^^^^^^^^^^^^^^^^
  File "/home/airflow/.local/lib/python3.12/site-packages/sqlalchemy/orm/session.py", line 724, in _connection_for_bind
    self._assert_active()
  File "/home/airflow/.local/lib/python3.12/site-packages/sqlalchemy/orm/session.py", line 604, in _assert_active
    raise sa_exc.PendingRollbackError(
sqlalchemy.exc.PendingRollbackError: This Session's transaction has been rolled back due to a previous exception during flush. To begin a new transaction with this Session, first issue Session.rollback(). Original exception was: (psycopg2.errors.UniqueViolation) duplicate key value violates unique constraint "serialized_dag_pkey"
DETAIL:  Key (dag_id)=(download_google_sheet_dag) already exists.

[SQL: INSERT INTO serialized_dag (dag_id, fileloc, fileloc_hash, data, data_compressed, last_updated, dag_hash, processor_subdir) VALUES (%(dag_id)s, %(fileloc)s, %(fileloc_hash)s, %(data)s, %(data_compressed)s, %(last_updated)s, %(dag_hash)s, %(processor_subdir)s)]
[parameters: {'dag_id': 'download_google_sheet_dag', 'fileloc': '/opt/airflow/dags/etl_float_data.py', 'fileloc_hash': 39952990118857266, 'data': '{"__version": 1, "dag": {"edge_info": {}, "fileloc": "/opt/airflow/dags/etl_float_data.py", "start_date": 1698796800.0, "schedule_interval": "@daily" ... (2254 characters truncated) ... onOperator", "_task_module": "airflow.operators.python", "_is_empty": false, "op_args": [], "op_kwargs": {}}], "dag_dependencies": [], "params": {}}}', 'data_compressed': None, 'last_updated': datetime.datetime(2024, 11, 15, 16, 14, 19, 719537, tzinfo=Timezone('UTC')), 'dag_hash': 'a0e73c848dfdee2fa9c51a3c080b1403', 'processor_subdir': '/opt/airflow/dags'}]
(Background on this error at: https://sqlalche.me/e/14/gkpj) (Background on this error at: https://sqlalche.me/e/14/7s2a)
[2024-11-15T16:14:50.975+0000] {processor.py:161} INFO - Started process (PID=72) to work on /opt/airflow/dags/etl_float_data.py
[2024-11-15T16:14:50.978+0000] {processor.py:830} INFO - Processing file /opt/airflow/dags/etl_float_data.py for tasks to queue
[2024-11-15T16:14:50.981+0000] {logging_mixin.py:188} INFO - [2024-11-15T16:14:50.981+0000] {dagbag.py:545} INFO - Filling up the DagBag from /opt/airflow/dags/etl_float_data.py
[2024-11-15T16:14:52.407+0000] {processor.py:840} INFO - DAG(s) 'download_google_sheet_dag' retrieved from /opt/airflow/dags/etl_float_data.py
[2024-11-15T16:14:53.011+0000] {logging_mixin.py:188} INFO - [2024-11-15T16:14:53.010+0000] {dag.py:3096} INFO - Sync 1 DAGs
[2024-11-15T16:14:53.034+0000] {logging_mixin.py:188} INFO - [2024-11-15T16:14:53.034+0000] {dag.py:3954} INFO - Setting next_dagrun for download_google_sheet_dag to 2024-11-15 00:00:00+00:00, run_after=2024-11-16 00:00:00+00:00
[2024-11-15T16:14:53.056+0000] {processor.py:183} INFO - Processing /opt/airflow/dags/etl_float_data.py took 2.093 seconds
[2024-11-15T16:15:23.300+0000] {processor.py:161} INFO - Started process (PID=88) to work on /opt/airflow/dags/etl_float_data.py
[2024-11-15T16:15:23.306+0000] {processor.py:830} INFO - Processing file /opt/airflow/dags/etl_float_data.py for tasks to queue
[2024-11-15T16:15:23.307+0000] {logging_mixin.py:188} INFO - [2024-11-15T16:15:23.306+0000] {dagbag.py:545} INFO - Filling up the DagBag from /opt/airflow/dags/etl_float_data.py
[2024-11-15T16:15:23.852+0000] {processor.py:840} INFO - DAG(s) 'download_google_sheet_dag' retrieved from /opt/airflow/dags/etl_float_data.py
[2024-11-15T16:15:23.968+0000] {logging_mixin.py:188} INFO - [2024-11-15T16:15:23.968+0000] {dag.py:3096} INFO - Sync 1 DAGs
[2024-11-15T16:15:23.980+0000] {logging_mixin.py:188} INFO - [2024-11-15T16:15:23.980+0000] {dag.py:3118} INFO - Creating ORM DAG for download_google_sheet_dag
[2024-11-15T16:15:23.991+0000] {logging_mixin.py:188} INFO - [2024-11-15T16:15:23.991+0000] {dag.py:3954} INFO - Setting next_dagrun for download_google_sheet_dag to 2024-11-14 00:00:00+00:00, run_after=2024-11-15 00:00:00+00:00
[2024-11-15T16:15:24.328+0000] {logging_mixin.py:188} INFO - [2024-11-15T16:15:24.326+0000] {dagbag.py:654} ERROR - Failed to write serialized DAG: /opt/airflow/dags/etl_float_data.py
Traceback (most recent call last):
  File "/home/airflow/.local/lib/python3.12/site-packages/airflow/models/dagbag.py", line 642, in _serialize_dag_capturing_errors
    dag_was_updated = SerializedDagModel.write_dag(
                      ^^^^^^^^^^^^^^^^^^^^^^^^^^^^^
  File "/home/airflow/.local/lib/python3.12/site-packages/airflow/utils/session.py", line 76, in wrapper
    return func(*args, **kwargs)
           ^^^^^^^^^^^^^^^^^^^^^
  File "/home/airflow/.local/lib/python3.12/site-packages/airflow/models/serialized_dag.py", line 158, in write_dag
    if session.scalar(
       ^^^^^^^^^^^^^^^
  File "/home/airflow/.local/lib/python3.12/site-packages/sqlalchemy/orm/session.py", line 1747, in scalar
    return self.execute(
           ^^^^^^^^^^^^^
  File "/home/airflow/.local/lib/python3.12/site-packages/sqlalchemy/orm/session.py", line 1716, in execute
    conn = self._connection_for_bind(bind)
           ^^^^^^^^^^^^^^^^^^^^^^^^^^^^^^^
  File "/home/airflow/.local/lib/python3.12/site-packages/sqlalchemy/orm/session.py", line 1555, in _connection_for_bind
    return self._transaction._connection_for_bind(
           ^^^^^^^^^^^^^^^^^^^^^^^^^^^^^^^^^^^^^^^
  File "/home/airflow/.local/lib/python3.12/site-packages/sqlalchemy/orm/session.py", line 724, in _connection_for_bind
    self._assert_active()
  File "/home/airflow/.local/lib/python3.12/site-packages/sqlalchemy/orm/session.py", line 604, in _assert_active
    raise sa_exc.PendingRollbackError(
sqlalchemy.exc.PendingRollbackError: This Session's transaction has been rolled back due to a previous exception during flush. To begin a new transaction with this Session, first issue Session.rollback(). Original exception was: (psycopg2.errors.UniqueViolation) duplicate key value violates unique constraint "dag_pkey"
DETAIL:  Key (dag_id)=(download_google_sheet_dag) already exists.

[SQL: INSERT INTO dag (dag_id, root_dag_id, is_paused, is_subdag, is_active, last_parsed_time, last_pickled, last_expired, scheduler_lock, pickle_id, fileloc, processor_subdir, owners, dag_display_name, description, default_view, schedule_interval, timetable_description, dataset_expression, max_active_tasks, max_active_runs, max_consecutive_failed_dag_runs, has_task_concurrency_limits, has_import_errors, next_dagrun, next_dagrun_data_interval_start, next_dagrun_data_interval_end, next_dagrun_create_after) VALUES (%(dag_id)s, %(root_dag_id)s, %(is_paused)s, %(is_subdag)s, %(is_active)s, %(last_parsed_time)s, %(last_pickled)s, %(last_expired)s, %(scheduler_lock)s, %(pickle_id)s, %(fileloc)s, %(processor_subdir)s, %(owners)s, %(dag_display_name)s, %(description)s, %(default_view)s, %(schedule_interval)s, %(timetable_description)s, %(dataset_expression)s, %(max_active_tasks)s, %(max_active_runs)s, %(max_consecutive_failed_dag_runs)s, %(has_task_concurrency_limits)s, %(has_import_errors)s, %(next_dagrun)s, %(next_dagrun_data_interval_start)s, %(next_dagrun_data_interval_end)s, %(next_dagrun_create_after)s)]
[parameters: {'dag_id': 'download_google_sheet_dag', 'root_dag_id': None, 'is_paused': True, 'is_subdag': False, 'is_active': True, 'last_parsed_time': datetime.datetime(2024, 11, 15, 16, 15, 23, 989691, tzinfo=Timezone('UTC')), 'last_pickled': None, 'last_expired': None, 'scheduler_lock': None, 'pickle_id': None, 'fileloc': '/opt/airflow/dags/etl_float_data.py', 'processor_subdir': '/opt/airflow/dags', 'owners': 'airflow', 'dag_display_name': None, 'description': None, 'default_view': 'grid', 'schedule_interval': '"@daily"', 'timetable_description': 'At 00:00', 'dataset_expression': 'null', 'max_active_tasks': 16, 'max_active_runs': 16, 'max_consecutive_failed_dag_runs': 0, 'has_task_concurrency_limits': False, 'has_import_errors': False, 'next_dagrun': DateTime(2024, 11, 14, 0, 0, 0, tzinfo=Timezone('UTC')), 'next_dagrun_data_interval_start': DateTime(2024, 11, 14, 0, 0, 0, tzinfo=Timezone('UTC')), 'next_dagrun_data_interval_end': DateTime(2024, 11, 15, 0, 0, 0, tzinfo=Timezone('UTC')), 'next_dagrun_create_after': DateTime(2024, 11, 15, 0, 0, 0, tzinfo=Timezone('UTC'))}]
(Background on this error at: https://sqlalche.me/e/14/gkpj) (Background on this error at: https://sqlalche.me/e/14/7s2a)
[2024-11-15T16:15:24.329+0000] {logging_mixin.py:188} INFO - [2024-11-15T16:15:24.329+0000] {dag.py:3096} INFO - Sync 1 DAGs
[2024-11-15T16:15:24.330+0000] {processor.py:186} ERROR - Got an exception! Propagating...
Traceback (most recent call last):
  File "/home/airflow/.local/lib/python3.12/site-packages/airflow/dag_processing/processor.py", line 182, in _run_file_processor
    _handle_dag_file_processing()
  File "/home/airflow/.local/lib/python3.12/site-packages/airflow/dag_processing/processor.py", line 163, in _handle_dag_file_processing
    result: tuple[int, int] = dag_file_processor.process_file(
                              ^^^^^^^^^^^^^^^^^^^^^^^^^^^^^^^^
  File "/home/airflow/.local/lib/python3.12/site-packages/airflow/utils/session.py", line 79, in wrapper
    return func(*args, session=session, **kwargs)
           ^^^^^^^^^^^^^^^^^^^^^^^^^^^^^^^^^^^^^^
  File "/home/airflow/.local/lib/python3.12/site-packages/airflow/dag_processing/processor.py", line 859, in process_file
    serialize_errors = DagFileProcessor.save_dag_to_db(
                       ^^^^^^^^^^^^^^^^^^^^^^^^^^^^^^^^
  File "/home/airflow/.local/lib/python3.12/site-packages/airflow/api_internal/internal_api_call.py", line 115, in wrapper
    return func(*args, **kwargs)
           ^^^^^^^^^^^^^^^^^^^^^
  File "/home/airflow/.local/lib/python3.12/site-packages/airflow/utils/session.py", line 79, in wrapper
    return func(*args, session=session, **kwargs)
           ^^^^^^^^^^^^^^^^^^^^^^^^^^^^^^^^^^^^^^
  File "/home/airflow/.local/lib/python3.12/site-packages/airflow/dag_processing/processor.py", line 895, in save_dag_to_db
    import_errors = DagBag._sync_to_db(dags=dags, processor_subdir=dag_directory, session=session)
                    ^^^^^^^^^^^^^^^^^^^^^^^^^^^^^^^^^^^^^^^^^^^^^^^^^^^^^^^^^^^^^^^^^^^^^^^^^^^^^^
  File "/home/airflow/.local/lib/python3.12/site-packages/airflow/utils/session.py", line 76, in wrapper
    return func(*args, **kwargs)
           ^^^^^^^^^^^^^^^^^^^^^
  File "/home/airflow/.local/lib/python3.12/site-packages/airflow/models/dagbag.py", line 664, in _sync_to_db
    for attempt in run_with_db_retries(logger=log):
  File "/home/airflow/.local/lib/python3.12/site-packages/tenacity/__init__.py", line 347, in __iter__
    do = self.iter(retry_state=retry_state)
         ^^^^^^^^^^^^^^^^^^^^^^^^^^^^^^^^^^
  File "/home/airflow/.local/lib/python3.12/site-packages/tenacity/__init__.py", line 314, in iter
    return fut.result()
           ^^^^^^^^^^^^
  File "/usr/local/lib/python3.12/concurrent/futures/_base.py", line 449, in result
    return self.__get_result()
           ^^^^^^^^^^^^^^^^^^^
  File "/usr/local/lib/python3.12/concurrent/futures/_base.py", line 401, in __get_result
    raise self._exception
  File "/home/airflow/.local/lib/python3.12/site-packages/airflow/models/dagbag.py", line 680, in _sync_to_db
    DAG.bulk_write_to_db(dags.values(), processor_subdir=processor_subdir, session=session)
  File "/home/airflow/.local/lib/python3.12/site-packages/airflow/utils/session.py", line 76, in wrapper
    return func(*args, **kwargs)
           ^^^^^^^^^^^^^^^^^^^^^
  File "/home/airflow/.local/lib/python3.12/site-packages/airflow/models/dag.py", line 3108, in bulk_write_to_db
    orm_dags: list[DagModel] = session.scalars(query).unique().all()
                               ^^^^^^^^^^^^^^^^^^^^^^
  File "/home/airflow/.local/lib/python3.12/site-packages/sqlalchemy/orm/session.py", line 1778, in scalars
    return self.execute(
           ^^^^^^^^^^^^^
  File "/home/airflow/.local/lib/python3.12/site-packages/sqlalchemy/orm/session.py", line 1716, in execute
    conn = self._connection_for_bind(bind)
           ^^^^^^^^^^^^^^^^^^^^^^^^^^^^^^^
  File "/home/airflow/.local/lib/python3.12/site-packages/sqlalchemy/orm/session.py", line 1555, in _connection_for_bind
    return self._transaction._connection_for_bind(
           ^^^^^^^^^^^^^^^^^^^^^^^^^^^^^^^^^^^^^^^
  File "/home/airflow/.local/lib/python3.12/site-packages/sqlalchemy/orm/session.py", line 724, in _connection_for_bind
    self._assert_active()
  File "/home/airflow/.local/lib/python3.12/site-packages/sqlalchemy/orm/session.py", line 604, in _assert_active
    raise sa_exc.PendingRollbackError(
sqlalchemy.exc.PendingRollbackError: This Session's transaction has been rolled back due to a previous exception during flush. To begin a new transaction with this Session, first issue Session.rollback(). Original exception was: (psycopg2.errors.UniqueViolation) duplicate key value violates unique constraint "dag_pkey"
DETAIL:  Key (dag_id)=(download_google_sheet_dag) already exists.

[SQL: INSERT INTO dag (dag_id, root_dag_id, is_paused, is_subdag, is_active, last_parsed_time, last_pickled, last_expired, scheduler_lock, pickle_id, fileloc, processor_subdir, owners, dag_display_name, description, default_view, schedule_interval, timetable_description, dataset_expression, max_active_tasks, max_active_runs, max_consecutive_failed_dag_runs, has_task_concurrency_limits, has_import_errors, next_dagrun, next_dagrun_data_interval_start, next_dagrun_data_interval_end, next_dagrun_create_after) VALUES (%(dag_id)s, %(root_dag_id)s, %(is_paused)s, %(is_subdag)s, %(is_active)s, %(last_parsed_time)s, %(last_pickled)s, %(last_expired)s, %(scheduler_lock)s, %(pickle_id)s, %(fileloc)s, %(processor_subdir)s, %(owners)s, %(dag_display_name)s, %(description)s, %(default_view)s, %(schedule_interval)s, %(timetable_description)s, %(dataset_expression)s, %(max_active_tasks)s, %(max_active_runs)s, %(max_consecutive_failed_dag_runs)s, %(has_task_concurrency_limits)s, %(has_import_errors)s, %(next_dagrun)s, %(next_dagrun_data_interval_start)s, %(next_dagrun_data_interval_end)s, %(next_dagrun_create_after)s)]
[parameters: {'dag_id': 'download_google_sheet_dag', 'root_dag_id': None, 'is_paused': True, 'is_subdag': False, 'is_active': True, 'last_parsed_time': datetime.datetime(2024, 11, 15, 16, 15, 23, 989691, tzinfo=Timezone('UTC')), 'last_pickled': None, 'last_expired': None, 'scheduler_lock': None, 'pickle_id': None, 'fileloc': '/opt/airflow/dags/etl_float_data.py', 'processor_subdir': '/opt/airflow/dags', 'owners': 'airflow', 'dag_display_name': None, 'description': None, 'default_view': 'grid', 'schedule_interval': '"@daily"', 'timetable_description': 'At 00:00', 'dataset_expression': 'null', 'max_active_tasks': 16, 'max_active_runs': 16, 'max_consecutive_failed_dag_runs': 0, 'has_task_concurrency_limits': False, 'has_import_errors': False, 'next_dagrun': DateTime(2024, 11, 14, 0, 0, 0, tzinfo=Timezone('UTC')), 'next_dagrun_data_interval_start': DateTime(2024, 11, 14, 0, 0, 0, tzinfo=Timezone('UTC')), 'next_dagrun_data_interval_end': DateTime(2024, 11, 15, 0, 0, 0, tzinfo=Timezone('UTC')), 'next_dagrun_create_after': DateTime(2024, 11, 15, 0, 0, 0, tzinfo=Timezone('UTC'))}]
(Background on this error at: https://sqlalche.me/e/14/gkpj) (Background on this error at: https://sqlalche.me/e/14/7s2a)
[2024-11-15T16:15:54.551+0000] {processor.py:161} INFO - Started process (PID=100) to work on /opt/airflow/dags/etl_float_data.py
[2024-11-15T16:15:54.553+0000] {processor.py:830} INFO - Processing file /opt/airflow/dags/etl_float_data.py for tasks to queue
[2024-11-15T16:15:54.554+0000] {logging_mixin.py:188} INFO - [2024-11-15T16:15:54.554+0000] {dagbag.py:545} INFO - Filling up the DagBag from /opt/airflow/dags/etl_float_data.py
[2024-11-15T16:15:55.041+0000] {processor.py:840} INFO - DAG(s) 'download_google_sheet_dag' retrieved from /opt/airflow/dags/etl_float_data.py
[2024-11-15T16:15:55.155+0000] {logging_mixin.py:188} INFO - [2024-11-15T16:15:55.154+0000] {dag.py:3096} INFO - Sync 1 DAGs
[2024-11-15T16:15:55.176+0000] {logging_mixin.py:188} INFO - [2024-11-15T16:15:55.175+0000] {dag.py:3954} INFO - Setting next_dagrun for download_google_sheet_dag to 2024-11-14 00:00:00+00:00, run_after=2024-11-15 00:00:00+00:00
[2024-11-15T16:15:55.197+0000] {processor.py:183} INFO - Processing /opt/airflow/dags/etl_float_data.py took 0.653 seconds
[2024-11-15T16:16:25.253+0000] {processor.py:161} INFO - Started process (PID=108) to work on /opt/airflow/dags/etl_float_data.py
[2024-11-15T16:16:25.254+0000] {processor.py:830} INFO - Processing file /opt/airflow/dags/etl_float_data.py for tasks to queue
[2024-11-15T16:16:25.256+0000] {logging_mixin.py:188} INFO - [2024-11-15T16:16:25.255+0000] {dagbag.py:545} INFO - Filling up the DagBag from /opt/airflow/dags/etl_float_data.py
[2024-11-15T16:16:25.871+0000] {processor.py:840} INFO - DAG(s) 'download_google_sheet_dag' retrieved from /opt/airflow/dags/etl_float_data.py
[2024-11-15T16:16:25.896+0000] {logging_mixin.py:188} INFO - [2024-11-15T16:16:25.896+0000] {dag.py:3096} INFO - Sync 1 DAGs
[2024-11-15T16:16:25.916+0000] {logging_mixin.py:188} INFO - [2024-11-15T16:16:25.916+0000] {dag.py:3954} INFO - Setting next_dagrun for download_google_sheet_dag to 2024-11-14 00:00:00+00:00, run_after=2024-11-15 00:00:00+00:00
[2024-11-15T16:16:25.937+0000] {processor.py:183} INFO - Processing /opt/airflow/dags/etl_float_data.py took 0.693 seconds
[2024-11-15T16:16:56.296+0000] {processor.py:161} INFO - Started process (PID=118) to work on /opt/airflow/dags/etl_float_data.py
[2024-11-15T16:16:56.302+0000] {processor.py:830} INFO - Processing file /opt/airflow/dags/etl_float_data.py for tasks to queue
[2024-11-15T16:16:56.322+0000] {logging_mixin.py:188} INFO - [2024-11-15T16:16:56.306+0000] {dagbag.py:545} INFO - Filling up the DagBag from /opt/airflow/dags/etl_float_data.py
[2024-11-15T16:16:56.978+0000] {processor.py:840} INFO - DAG(s) 'download_google_sheet_dag' retrieved from /opt/airflow/dags/etl_float_data.py
[2024-11-15T16:16:57.100+0000] {logging_mixin.py:188} INFO - [2024-11-15T16:16:57.100+0000] {dag.py:3096} INFO - Sync 1 DAGs
[2024-11-15T16:16:57.120+0000] {logging_mixin.py:188} INFO - [2024-11-15T16:16:57.120+0000] {dag.py:3954} INFO - Setting next_dagrun for download_google_sheet_dag to 2024-11-14 00:00:00+00:00, run_after=2024-11-15 00:00:00+00:00
[2024-11-15T16:16:57.139+0000] {processor.py:183} INFO - Processing /opt/airflow/dags/etl_float_data.py took 0.895 seconds
[2024-11-15T16:17:27.619+0000] {processor.py:161} INFO - Started process (PID=128) to work on /opt/airflow/dags/etl_float_data.py
[2024-11-15T16:17:27.625+0000] {processor.py:830} INFO - Processing file /opt/airflow/dags/etl_float_data.py for tasks to queue
[2024-11-15T16:17:27.627+0000] {logging_mixin.py:188} INFO - [2024-11-15T16:17:27.627+0000] {dagbag.py:545} INFO - Filling up the DagBag from /opt/airflow/dags/etl_float_data.py
[2024-11-15T16:17:28.455+0000] {processor.py:840} INFO - DAG(s) 'download_google_sheet_dag' retrieved from /opt/airflow/dags/etl_float_data.py
[2024-11-15T16:17:28.481+0000] {logging_mixin.py:188} INFO - [2024-11-15T16:17:28.481+0000] {dag.py:3096} INFO - Sync 1 DAGs
[2024-11-15T16:17:28.509+0000] {logging_mixin.py:188} INFO - [2024-11-15T16:17:28.508+0000] {dag.py:3954} INFO - Setting next_dagrun for download_google_sheet_dag to 2024-11-14 00:00:00+00:00, run_after=2024-11-15 00:00:00+00:00
[2024-11-15T16:17:28.532+0000] {processor.py:183} INFO - Processing /opt/airflow/dags/etl_float_data.py took 0.925 seconds
[2024-11-15T16:17:54.869+0000] {processor.py:161} INFO - Started process (PID=138) to work on /opt/airflow/dags/etl_float_data.py
[2024-11-15T16:17:54.870+0000] {processor.py:830} INFO - Processing file /opt/airflow/dags/etl_float_data.py for tasks to queue
[2024-11-15T16:17:54.871+0000] {logging_mixin.py:188} INFO - [2024-11-15T16:17:54.871+0000] {dagbag.py:545} INFO - Filling up the DagBag from /opt/airflow/dags/etl_float_data.py
[2024-11-15T16:17:55.350+0000] {processor.py:840} INFO - DAG(s) 'download_google_sheet_dag' retrieved from /opt/airflow/dags/etl_float_data.py
[2024-11-15T16:17:55.364+0000] {logging_mixin.py:188} INFO - [2024-11-15T16:17:55.364+0000] {dag.py:3096} INFO - Sync 1 DAGs
[2024-11-15T16:17:55.395+0000] {logging_mixin.py:188} INFO - [2024-11-15T16:17:55.395+0000] {dag.py:3954} INFO - Setting next_dagrun for download_google_sheet_dag to 2024-11-14 00:00:00+00:00, run_after=2024-11-15 00:00:00+00:00
[2024-11-15T16:17:55.418+0000] {processor.py:183} INFO - Processing /opt/airflow/dags/etl_float_data.py took 0.555 seconds
[2024-11-15T16:18:25.738+0000] {processor.py:161} INFO - Started process (PID=148) to work on /opt/airflow/dags/etl_float_data.py
[2024-11-15T16:18:25.739+0000] {processor.py:830} INFO - Processing file /opt/airflow/dags/etl_float_data.py for tasks to queue
[2024-11-15T16:18:25.740+0000] {logging_mixin.py:188} INFO - [2024-11-15T16:18:25.740+0000] {dagbag.py:545} INFO - Filling up the DagBag from /opt/airflow/dags/etl_float_data.py
[2024-11-15T16:18:26.422+0000] {processor.py:840} INFO - DAG(s) 'download_google_sheet_dag' retrieved from /opt/airflow/dags/etl_float_data.py
[2024-11-15T16:18:26.554+0000] {logging_mixin.py:188} INFO - [2024-11-15T16:18:26.553+0000] {dag.py:3096} INFO - Sync 1 DAGs
[2024-11-15T16:18:26.580+0000] {logging_mixin.py:188} INFO - [2024-11-15T16:18:26.580+0000] {dag.py:3954} INFO - Setting next_dagrun for download_google_sheet_dag to 2024-11-14 00:00:00+00:00, run_after=2024-11-15 00:00:00+00:00
[2024-11-15T16:18:26.604+0000] {processor.py:183} INFO - Processing /opt/airflow/dags/etl_float_data.py took 0.876 seconds
[2024-11-15T16:18:56.698+0000] {processor.py:161} INFO - Started process (PID=158) to work on /opt/airflow/dags/etl_float_data.py
[2024-11-15T16:18:56.699+0000] {processor.py:830} INFO - Processing file /opt/airflow/dags/etl_float_data.py for tasks to queue
[2024-11-15T16:18:56.701+0000] {logging_mixin.py:188} INFO - [2024-11-15T16:18:56.700+0000] {dagbag.py:545} INFO - Filling up the DagBag from /opt/airflow/dags/etl_float_data.py
[2024-11-15T16:18:57.360+0000] {processor.py:840} INFO - DAG(s) 'download_google_sheet_dag' retrieved from /opt/airflow/dags/etl_float_data.py
[2024-11-15T16:18:57.413+0000] {logging_mixin.py:188} INFO - [2024-11-15T16:18:57.412+0000] {dag.py:3096} INFO - Sync 1 DAGs
[2024-11-15T16:18:57.454+0000] {logging_mixin.py:188} INFO - [2024-11-15T16:18:57.454+0000] {dag.py:3954} INFO - Setting next_dagrun for download_google_sheet_dag to 2024-11-14 00:00:00+00:00, run_after=2024-11-15 00:00:00+00:00
[2024-11-15T16:18:57.481+0000] {processor.py:183} INFO - Processing /opt/airflow/dags/etl_float_data.py took 0.792 seconds
[2024-11-15T16:19:05.110+0000] {processor.py:161} INFO - Started process (PID=162) to work on /opt/airflow/dags/etl_float_data.py
[2024-11-15T16:19:05.112+0000] {processor.py:830} INFO - Processing file /opt/airflow/dags/etl_float_data.py for tasks to queue
[2024-11-15T16:19:05.113+0000] {logging_mixin.py:188} INFO - [2024-11-15T16:19:05.112+0000] {dagbag.py:545} INFO - Filling up the DagBag from /opt/airflow/dags/etl_float_data.py
[2024-11-15T16:19:05.674+0000] {processor.py:840} INFO - DAG(s) 'download_google_sheet_dag' retrieved from /opt/airflow/dags/etl_float_data.py
[2024-11-15T16:19:05.686+0000] {logging_mixin.py:188} INFO - [2024-11-15T16:19:05.686+0000] {dag.py:3096} INFO - Sync 1 DAGs
[2024-11-15T16:19:05.706+0000] {logging_mixin.py:188} INFO - [2024-11-15T16:19:05.706+0000] {dag.py:3954} INFO - Setting next_dagrun for download_google_sheet_dag to 2024-11-14 00:00:00+00:00, run_after=2024-11-15 00:00:00+00:00
[2024-11-15T16:19:05.725+0000] {processor.py:183} INFO - Processing /opt/airflow/dags/etl_float_data.py took 0.629 seconds
[2024-11-15T16:19:17.888+0000] {processor.py:161} INFO - Started process (PID=164) to work on /opt/airflow/dags/etl_float_data.py
[2024-11-15T16:19:17.889+0000] {processor.py:830} INFO - Processing file /opt/airflow/dags/etl_float_data.py for tasks to queue
[2024-11-15T16:19:17.890+0000] {logging_mixin.py:188} INFO - [2024-11-15T16:19:17.890+0000] {dagbag.py:545} INFO - Filling up the DagBag from /opt/airflow/dags/etl_float_data.py
[2024-11-15T16:19:18.530+0000] {processor.py:840} INFO - DAG(s) 'download_google_sheet_dag' retrieved from /opt/airflow/dags/etl_float_data.py
[2024-11-15T16:19:18.545+0000] {logging_mixin.py:188} INFO - [2024-11-15T16:19:18.544+0000] {dag.py:3096} INFO - Sync 1 DAGs
[2024-11-15T16:19:18.571+0000] {logging_mixin.py:188} INFO - [2024-11-15T16:19:18.570+0000] {dag.py:3954} INFO - Setting next_dagrun for download_google_sheet_dag to 2024-11-14 00:00:00+00:00, run_after=2024-11-15 00:00:00+00:00
[2024-11-15T16:19:18.597+0000] {processor.py:183} INFO - Processing /opt/airflow/dags/etl_float_data.py took 0.717 seconds
[2024-11-15T16:19:26.705+0000] {processor.py:161} INFO - Started process (PID=172) to work on /opt/airflow/dags/etl_float_data.py
[2024-11-15T16:19:26.706+0000] {processor.py:830} INFO - Processing file /opt/airflow/dags/etl_float_data.py for tasks to queue
[2024-11-15T16:19:26.707+0000] {logging_mixin.py:188} INFO - [2024-11-15T16:19:26.707+0000] {dagbag.py:545} INFO - Filling up the DagBag from /opt/airflow/dags/etl_float_data.py
[2024-11-15T16:19:27.279+0000] {processor.py:840} INFO - DAG(s) 'download_google_sheet_dag' retrieved from /opt/airflow/dags/etl_float_data.py
[2024-11-15T16:19:27.292+0000] {logging_mixin.py:188} INFO - [2024-11-15T16:19:27.291+0000] {dag.py:3096} INFO - Sync 1 DAGs
[2024-11-15T16:19:27.315+0000] {logging_mixin.py:188} INFO - [2024-11-15T16:19:27.315+0000] {dag.py:3954} INFO - Setting next_dagrun for download_google_sheet_dag to 2024-11-14 00:00:00+00:00, run_after=2024-11-15 00:00:00+00:00
[2024-11-15T16:19:27.340+0000] {processor.py:183} INFO - Processing /opt/airflow/dags/etl_float_data.py took 0.642 seconds
[2024-11-15T16:19:32.077+0000] {processor.py:161} INFO - Started process (PID=174) to work on /opt/airflow/dags/etl_float_data.py
[2024-11-15T16:19:32.083+0000] {processor.py:830} INFO - Processing file /opt/airflow/dags/etl_float_data.py for tasks to queue
[2024-11-15T16:19:32.088+0000] {logging_mixin.py:188} INFO - [2024-11-15T16:19:32.087+0000] {dagbag.py:545} INFO - Filling up the DagBag from /opt/airflow/dags/etl_float_data.py
[2024-11-15T16:19:32.934+0000] {processor.py:840} INFO - DAG(s) 'download_google_sheet_dag' retrieved from /opt/airflow/dags/etl_float_data.py
[2024-11-15T16:19:33.099+0000] {logging_mixin.py:188} INFO - [2024-11-15T16:19:33.099+0000] {dag.py:3096} INFO - Sync 1 DAGs
[2024-11-15T16:19:33.129+0000] {logging_mixin.py:188} INFO - [2024-11-15T16:19:33.129+0000] {dag.py:3954} INFO - Setting next_dagrun for download_google_sheet_dag to 2024-11-14 00:00:00+00:00, run_after=2024-11-15 00:00:00+00:00
[2024-11-15T16:19:33.161+0000] {processor.py:183} INFO - Processing /opt/airflow/dags/etl_float_data.py took 1.094 seconds
[2024-11-15T16:20:03.295+0000] {processor.py:161} INFO - Started process (PID=184) to work on /opt/airflow/dags/etl_float_data.py
[2024-11-15T16:20:03.297+0000] {processor.py:830} INFO - Processing file /opt/airflow/dags/etl_float_data.py for tasks to queue
[2024-11-15T16:20:03.299+0000] {logging_mixin.py:188} INFO - [2024-11-15T16:20:03.298+0000] {dagbag.py:545} INFO - Filling up the DagBag from /opt/airflow/dags/etl_float_data.py
[2024-11-15T16:20:04.125+0000] {processor.py:840} INFO - DAG(s) 'download_google_sheet_dag' retrieved from /opt/airflow/dags/etl_float_data.py
[2024-11-15T16:20:04.215+0000] {logging_mixin.py:188} INFO - [2024-11-15T16:20:04.215+0000] {dag.py:3096} INFO - Sync 1 DAGs
[2024-11-15T16:20:04.281+0000] {logging_mixin.py:188} INFO - [2024-11-15T16:20:04.279+0000] {dag.py:3954} INFO - Setting next_dagrun for download_google_sheet_dag to 2024-11-14 00:00:00+00:00, run_after=2024-11-15 00:00:00+00:00
[2024-11-15T16:20:04.357+0000] {processor.py:183} INFO - Processing /opt/airflow/dags/etl_float_data.py took 1.071 seconds
[2024-11-15T16:20:34.653+0000] {processor.py:161} INFO - Started process (PID=198) to work on /opt/airflow/dags/etl_float_data.py
[2024-11-15T16:20:34.654+0000] {processor.py:830} INFO - Processing file /opt/airflow/dags/etl_float_data.py for tasks to queue
[2024-11-15T16:20:34.656+0000] {logging_mixin.py:188} INFO - [2024-11-15T16:20:34.655+0000] {dagbag.py:545} INFO - Filling up the DagBag from /opt/airflow/dags/etl_float_data.py
[2024-11-15T16:20:35.149+0000] {processor.py:840} INFO - DAG(s) 'download_google_sheet_dag' retrieved from /opt/airflow/dags/etl_float_data.py
[2024-11-15T16:20:35.597+0000] {logging_mixin.py:188} INFO - [2024-11-15T16:20:35.596+0000] {dag.py:3096} INFO - Sync 1 DAGs
[2024-11-15T16:20:35.631+0000] {logging_mixin.py:188} INFO - [2024-11-15T16:20:35.631+0000] {dag.py:3954} INFO - Setting next_dagrun for download_google_sheet_dag to 2024-11-15 00:00:00+00:00, run_after=2024-11-16 00:00:00+00:00
[2024-11-15T16:20:35.671+0000] {processor.py:183} INFO - Processing /opt/airflow/dags/etl_float_data.py took 1.025 seconds
[2024-11-15T16:21:05.897+0000] {processor.py:161} INFO - Started process (PID=208) to work on /opt/airflow/dags/etl_float_data.py
[2024-11-15T16:21:05.898+0000] {processor.py:830} INFO - Processing file /opt/airflow/dags/etl_float_data.py for tasks to queue
[2024-11-15T16:21:05.899+0000] {logging_mixin.py:188} INFO - [2024-11-15T16:21:05.899+0000] {dagbag.py:545} INFO - Filling up the DagBag from /opt/airflow/dags/etl_float_data.py
[2024-11-15T16:21:06.423+0000] {processor.py:840} INFO - DAG(s) 'download_google_sheet_dag' retrieved from /opt/airflow/dags/etl_float_data.py
[2024-11-15T16:21:06.448+0000] {logging_mixin.py:188} INFO - [2024-11-15T16:21:06.448+0000] {dag.py:3096} INFO - Sync 1 DAGs
[2024-11-15T16:21:06.469+0000] {logging_mixin.py:188} INFO - [2024-11-15T16:21:06.469+0000] {dag.py:3954} INFO - Setting next_dagrun for download_google_sheet_dag to 2024-11-15 00:00:00+00:00, run_after=2024-11-16 00:00:00+00:00
[2024-11-15T16:21:06.488+0000] {processor.py:183} INFO - Processing /opt/airflow/dags/etl_float_data.py took 0.598 seconds
[2024-11-15T16:21:36.879+0000] {processor.py:161} INFO - Started process (PID=218) to work on /opt/airflow/dags/etl_float_data.py
[2024-11-15T16:21:36.881+0000] {processor.py:830} INFO - Processing file /opt/airflow/dags/etl_float_data.py for tasks to queue
[2024-11-15T16:21:36.882+0000] {logging_mixin.py:188} INFO - [2024-11-15T16:21:36.881+0000] {dagbag.py:545} INFO - Filling up the DagBag from /opt/airflow/dags/etl_float_data.py
[2024-11-15T16:21:37.366+0000] {processor.py:840} INFO - DAG(s) 'download_google_sheet_dag' retrieved from /opt/airflow/dags/etl_float_data.py
[2024-11-15T16:21:37.480+0000] {logging_mixin.py:188} INFO - [2024-11-15T16:21:37.480+0000] {dag.py:3096} INFO - Sync 1 DAGs
[2024-11-15T16:21:37.500+0000] {logging_mixin.py:188} INFO - [2024-11-15T16:21:37.500+0000] {dag.py:3954} INFO - Setting next_dagrun for download_google_sheet_dag to 2024-11-15 00:00:00+00:00, run_after=2024-11-16 00:00:00+00:00
[2024-11-15T16:21:37.521+0000] {processor.py:183} INFO - Processing /opt/airflow/dags/etl_float_data.py took 0.649 seconds
[2024-11-15T16:23:29.406+0000] {processor.py:161} INFO - Started process (PID=60) to work on /opt/airflow/dags/etl_float_data.py
[2024-11-15T16:23:29.409+0000] {processor.py:830} INFO - Processing file /opt/airflow/dags/etl_float_data.py for tasks to queue
[2024-11-15T16:23:29.415+0000] {logging_mixin.py:188} INFO - [2024-11-15T16:23:29.415+0000] {dagbag.py:545} INFO - Filling up the DagBag from /opt/airflow/dags/etl_float_data.py
[2024-11-15T16:23:32.571+0000] {processor.py:840} INFO - DAG(s) 'download_google_sheet_dag' retrieved from /opt/airflow/dags/etl_float_data.py
[2024-11-15T16:23:33.084+0000] {logging_mixin.py:188} INFO - [2024-11-15T16:23:33.083+0000] {dag.py:3096} INFO - Sync 1 DAGs
[2024-11-15T16:23:33.117+0000] {logging_mixin.py:188} INFO - [2024-11-15T16:23:33.116+0000] {dag.py:3954} INFO - Setting next_dagrun for download_google_sheet_dag to 2024-11-15 00:00:00+00:00, run_after=2024-11-16 00:00:00+00:00
[2024-11-15T16:23:33.159+0000] {processor.py:183} INFO - Processing /opt/airflow/dags/etl_float_data.py took 3.772 seconds
[2024-11-15T16:24:03.433+0000] {processor.py:161} INFO - Started process (PID=70) to work on /opt/airflow/dags/etl_float_data.py
[2024-11-15T16:24:03.435+0000] {processor.py:830} INFO - Processing file /opt/airflow/dags/etl_float_data.py for tasks to queue
[2024-11-15T16:24:03.439+0000] {logging_mixin.py:188} INFO - [2024-11-15T16:24:03.438+0000] {dagbag.py:545} INFO - Filling up the DagBag from /opt/airflow/dags/etl_float_data.py
[2024-11-15T16:24:03.854+0000] {processor.py:840} INFO - DAG(s) 'download_google_sheet_dag' retrieved from /opt/airflow/dags/etl_float_data.py
[2024-11-15T16:24:04.022+0000] {logging_mixin.py:188} INFO - [2024-11-15T16:24:04.021+0000] {dag.py:3096} INFO - Sync 1 DAGs
[2024-11-15T16:24:04.043+0000] {logging_mixin.py:188} INFO - [2024-11-15T16:24:04.043+0000] {dag.py:3954} INFO - Setting next_dagrun for download_google_sheet_dag to 2024-11-15 00:00:00+00:00, run_after=2024-11-16 00:00:00+00:00
[2024-11-15T16:24:04.060+0000] {processor.py:183} INFO - Processing /opt/airflow/dags/etl_float_data.py took 0.634 seconds
[2024-11-15T16:24:34.635+0000] {processor.py:161} INFO - Started process (PID=80) to work on /opt/airflow/dags/etl_float_data.py
[2024-11-15T16:24:34.637+0000] {processor.py:830} INFO - Processing file /opt/airflow/dags/etl_float_data.py for tasks to queue
[2024-11-15T16:24:34.639+0000] {logging_mixin.py:188} INFO - [2024-11-15T16:24:34.638+0000] {dagbag.py:545} INFO - Filling up the DagBag from /opt/airflow/dags/etl_float_data.py
[2024-11-15T16:24:35.297+0000] {processor.py:840} INFO - DAG(s) 'download_google_sheet_dag' retrieved from /opt/airflow/dags/etl_float_data.py
[2024-11-15T16:24:35.456+0000] {logging_mixin.py:188} INFO - [2024-11-15T16:24:35.455+0000] {dag.py:3096} INFO - Sync 1 DAGs
[2024-11-15T16:24:35.484+0000] {logging_mixin.py:188} INFO - [2024-11-15T16:24:35.483+0000] {dag.py:3954} INFO - Setting next_dagrun for download_google_sheet_dag to 2024-11-15 00:00:00+00:00, run_after=2024-11-16 00:00:00+00:00
[2024-11-15T16:24:35.506+0000] {processor.py:183} INFO - Processing /opt/airflow/dags/etl_float_data.py took 0.878 seconds
[2024-11-15T16:25:05.793+0000] {processor.py:161} INFO - Started process (PID=90) to work on /opt/airflow/dags/etl_float_data.py
[2024-11-15T16:25:05.796+0000] {processor.py:830} INFO - Processing file /opt/airflow/dags/etl_float_data.py for tasks to queue
[2024-11-15T16:25:05.800+0000] {logging_mixin.py:188} INFO - [2024-11-15T16:25:05.800+0000] {dagbag.py:545} INFO - Filling up the DagBag from /opt/airflow/dags/etl_float_data.py
[2024-11-15T16:25:06.994+0000] {processor.py:840} INFO - DAG(s) 'download_google_sheet_dag' retrieved from /opt/airflow/dags/etl_float_data.py
[2024-11-15T16:25:07.019+0000] {logging_mixin.py:188} INFO - [2024-11-15T16:25:07.019+0000] {dag.py:3096} INFO - Sync 1 DAGs
[2024-11-15T16:25:07.042+0000] {logging_mixin.py:188} INFO - [2024-11-15T16:25:07.042+0000] {dag.py:3954} INFO - Setting next_dagrun for download_google_sheet_dag to 2024-11-15 00:00:00+00:00, run_after=2024-11-16 00:00:00+00:00
[2024-11-15T16:25:07.064+0000] {processor.py:183} INFO - Processing /opt/airflow/dags/etl_float_data.py took 1.281 seconds
[2024-11-15T16:25:37.349+0000] {processor.py:161} INFO - Started process (PID=100) to work on /opt/airflow/dags/etl_float_data.py
[2024-11-15T16:25:37.352+0000] {processor.py:830} INFO - Processing file /opt/airflow/dags/etl_float_data.py for tasks to queue
[2024-11-15T16:25:37.355+0000] {logging_mixin.py:188} INFO - [2024-11-15T16:25:37.355+0000] {dagbag.py:545} INFO - Filling up the DagBag from /opt/airflow/dags/etl_float_data.py
[2024-11-15T16:25:37.898+0000] {processor.py:840} INFO - DAG(s) 'download_google_sheet_dag' retrieved from /opt/airflow/dags/etl_float_data.py
[2024-11-15T16:25:38.140+0000] {logging_mixin.py:188} INFO - [2024-11-15T16:25:38.140+0000] {dag.py:3096} INFO - Sync 1 DAGs
[2024-11-15T16:25:38.160+0000] {logging_mixin.py:188} INFO - [2024-11-15T16:25:38.160+0000] {dag.py:3954} INFO - Setting next_dagrun for download_google_sheet_dag to 2024-11-15 00:00:00+00:00, run_after=2024-11-16 00:00:00+00:00
[2024-11-15T16:25:38.178+0000] {processor.py:183} INFO - Processing /opt/airflow/dags/etl_float_data.py took 0.840 seconds
[2024-11-15T16:26:08.365+0000] {processor.py:161} INFO - Started process (PID=110) to work on /opt/airflow/dags/etl_float_data.py
[2024-11-15T16:26:08.366+0000] {processor.py:830} INFO - Processing file /opt/airflow/dags/etl_float_data.py for tasks to queue
[2024-11-15T16:26:08.369+0000] {logging_mixin.py:188} INFO - [2024-11-15T16:26:08.368+0000] {dagbag.py:545} INFO - Filling up the DagBag from /opt/airflow/dags/etl_float_data.py
[2024-11-15T16:26:08.876+0000] {processor.py:840} INFO - DAG(s) 'download_google_sheet_dag' retrieved from /opt/airflow/dags/etl_float_data.py
[2024-11-15T16:26:08.901+0000] {logging_mixin.py:188} INFO - [2024-11-15T16:26:08.901+0000] {dag.py:3096} INFO - Sync 1 DAGs
[2024-11-15T16:26:08.928+0000] {logging_mixin.py:188} INFO - [2024-11-15T16:26:08.927+0000] {dag.py:3954} INFO - Setting next_dagrun for download_google_sheet_dag to 2024-11-15 00:00:00+00:00, run_after=2024-11-16 00:00:00+00:00
[2024-11-15T16:26:08.946+0000] {processor.py:183} INFO - Processing /opt/airflow/dags/etl_float_data.py took 0.592 seconds
[2024-11-15T16:26:39.377+0000] {processor.py:161} INFO - Started process (PID=120) to work on /opt/airflow/dags/etl_float_data.py
[2024-11-15T16:26:39.379+0000] {processor.py:830} INFO - Processing file /opt/airflow/dags/etl_float_data.py for tasks to queue
[2024-11-15T16:26:39.384+0000] {logging_mixin.py:188} INFO - [2024-11-15T16:26:39.383+0000] {dagbag.py:545} INFO - Filling up the DagBag from /opt/airflow/dags/etl_float_data.py
[2024-11-15T16:26:41.560+0000] {processor.py:840} INFO - DAG(s) 'download_google_sheet_dag' retrieved from /opt/airflow/dags/etl_float_data.py
[2024-11-15T16:26:41.694+0000] {logging_mixin.py:188} INFO - [2024-11-15T16:26:41.693+0000] {dag.py:3096} INFO - Sync 1 DAGs
[2024-11-15T16:26:41.721+0000] {logging_mixin.py:188} INFO - [2024-11-15T16:26:41.721+0000] {dag.py:3954} INFO - Setting next_dagrun for download_google_sheet_dag to 2024-11-15 00:00:00+00:00, run_after=2024-11-16 00:00:00+00:00
[2024-11-15T16:26:41.748+0000] {processor.py:183} INFO - Processing /opt/airflow/dags/etl_float_data.py took 2.402 seconds
[2024-11-15T16:27:11.278+0000] {processor.py:161} INFO - Started process (PID=130) to work on /opt/airflow/dags/etl_float_data.py
[2024-11-15T16:27:11.279+0000] {processor.py:830} INFO - Processing file /opt/airflow/dags/etl_float_data.py for tasks to queue
[2024-11-15T16:27:11.282+0000] {logging_mixin.py:188} INFO - [2024-11-15T16:27:11.282+0000] {dagbag.py:545} INFO - Filling up the DagBag from /opt/airflow/dags/etl_float_data.py
[2024-11-15T16:27:12.117+0000] {processor.py:840} INFO - DAG(s) 'download_google_sheet_dag' retrieved from /opt/airflow/dags/etl_float_data.py
[2024-11-15T16:27:12.182+0000] {logging_mixin.py:188} INFO - [2024-11-15T16:27:12.181+0000] {taskinstance.py:2907} ERROR - {'DAG Id': 'download_google_sheet_dag', 'Task Id': 'download_google_sheet', 'Run Id': 'manual__2024-11-15T16:20:12.898688+00:00', 'Hostname': 'b414ecfb1534', 'External Executor Id': '6f22499e-cfcb-439b-87be-558ef0c71eca'}
[2024-11-15T16:27:12.228+0000] {logging_mixin.py:188} INFO - [2024-11-15T16:27:12.228+0000] {taskinstance.py:1206} INFO - Marking task as FAILED. dag_id=download_google_sheet_dag, task_id=download_google_sheet, run_id=manual__2024-11-15T16:20:12.898688+00:00, execution_date=20241115T162012, start_date=20241115T162016, end_date=20241115T162712
[2024-11-15T16:27:12.275+0000] {processor.py:791} INFO - Executed failure callback for <TaskInstance: download_google_sheet_dag.download_google_sheet manual__2024-11-15T16:20:12.898688+00:00 [failed]> in state failed
[2024-11-15T16:27:12.358+0000] {logging_mixin.py:188} INFO - [2024-11-15T16:27:12.356+0000] {dag.py:3096} INFO - Sync 1 DAGs
[2024-11-15T16:27:12.473+0000] {logging_mixin.py:188} INFO - [2024-11-15T16:27:12.472+0000] {dag.py:3954} INFO - Setting next_dagrun for download_google_sheet_dag to 2024-11-15 00:00:00+00:00, run_after=2024-11-16 00:00:00+00:00
[2024-11-15T16:27:12.506+0000] {processor.py:183} INFO - Processing /opt/airflow/dags/etl_float_data.py took 1.234 seconds
[2024-11-15T16:27:42.854+0000] {processor.py:161} INFO - Started process (PID=139) to work on /opt/airflow/dags/etl_float_data.py
[2024-11-15T16:27:42.855+0000] {processor.py:830} INFO - Processing file /opt/airflow/dags/etl_float_data.py for tasks to queue
[2024-11-15T16:27:42.858+0000] {logging_mixin.py:188} INFO - [2024-11-15T16:27:42.857+0000] {dagbag.py:545} INFO - Filling up the DagBag from /opt/airflow/dags/etl_float_data.py
[2024-11-15T16:27:43.786+0000] {processor.py:840} INFO - DAG(s) 'download_google_sheet_dag' retrieved from /opt/airflow/dags/etl_float_data.py
[2024-11-15T16:27:43.924+0000] {logging_mixin.py:188} INFO - [2024-11-15T16:27:43.923+0000] {dag.py:3096} INFO - Sync 1 DAGs
[2024-11-15T16:27:43.949+0000] {logging_mixin.py:188} INFO - [2024-11-15T16:27:43.949+0000] {dag.py:3954} INFO - Setting next_dagrun for download_google_sheet_dag to 2024-11-15 00:00:00+00:00, run_after=2024-11-16 00:00:00+00:00
[2024-11-15T16:27:43.972+0000] {processor.py:183} INFO - Processing /opt/airflow/dags/etl_float_data.py took 1.128 seconds
[2024-11-15T16:28:14.378+0000] {processor.py:161} INFO - Started process (PID=148) to work on /opt/airflow/dags/etl_float_data.py
[2024-11-15T16:28:14.383+0000] {processor.py:830} INFO - Processing file /opt/airflow/dags/etl_float_data.py for tasks to queue
[2024-11-15T16:28:14.387+0000] {logging_mixin.py:188} INFO - [2024-11-15T16:28:14.387+0000] {dagbag.py:545} INFO - Filling up the DagBag from /opt/airflow/dags/etl_float_data.py
[2024-11-15T16:28:14.973+0000] {processor.py:840} INFO - DAG(s) 'download_google_sheet_dag' retrieved from /opt/airflow/dags/etl_float_data.py
[2024-11-15T16:28:14.998+0000] {logging_mixin.py:188} INFO - [2024-11-15T16:28:14.998+0000] {dag.py:3096} INFO - Sync 1 DAGs
[2024-11-15T16:28:15.019+0000] {logging_mixin.py:188} INFO - [2024-11-15T16:28:15.019+0000] {dag.py:3954} INFO - Setting next_dagrun for download_google_sheet_dag to 2024-11-15 00:00:00+00:00, run_after=2024-11-16 00:00:00+00:00
[2024-11-15T16:28:15.037+0000] {processor.py:183} INFO - Processing /opt/airflow/dags/etl_float_data.py took 0.668 seconds
[2024-11-15T16:28:45.498+0000] {processor.py:161} INFO - Started process (PID=162) to work on /opt/airflow/dags/etl_float_data.py
[2024-11-15T16:28:45.500+0000] {processor.py:830} INFO - Processing file /opt/airflow/dags/etl_float_data.py for tasks to queue
[2024-11-15T16:28:45.502+0000] {logging_mixin.py:188} INFO - [2024-11-15T16:28:45.502+0000] {dagbag.py:545} INFO - Filling up the DagBag from /opt/airflow/dags/etl_float_data.py
[2024-11-15T16:28:46.087+0000] {processor.py:840} INFO - DAG(s) 'download_google_sheet_dag' retrieved from /opt/airflow/dags/etl_float_data.py
[2024-11-15T16:28:46.279+0000] {logging_mixin.py:188} INFO - [2024-11-15T16:28:46.278+0000] {dag.py:3096} INFO - Sync 1 DAGs
[2024-11-15T16:28:46.306+0000] {logging_mixin.py:188} INFO - [2024-11-15T16:28:46.305+0000] {dag.py:3954} INFO - Setting next_dagrun for download_google_sheet_dag to 2024-11-15 00:00:00+00:00, run_after=2024-11-16 00:00:00+00:00
[2024-11-15T16:28:46.326+0000] {processor.py:183} INFO - Processing /opt/airflow/dags/etl_float_data.py took 0.839 seconds
