[2024-11-15T21:43:01.526+0000] {processor.py:161} INFO - Started process (PID=1702) to work on /opt/airflow/dags/etl_process_clickup_data.py
[2024-11-15T21:43:01.529+0000] {processor.py:830} INFO - Processing file /opt/airflow/dags/etl_process_clickup_data.py for tasks to queue
[2024-11-15T21:43:01.536+0000] {logging_mixin.py:188} INFO - [2024-11-15T21:43:01.535+0000] {dagbag.py:545} INFO - Filling up the DagBag from /opt/airflow/dags/etl_process_clickup_data.py
[2024-11-15T21:43:04.800+0000] {logging_mixin.py:188} INFO - [2024-11-15T21:43:04.791+0000] {dagbag.py:355} ERROR - Failed to import: /opt/airflow/dags/etl_process_clickup_data.py
Traceback (most recent call last):
  File "/home/airflow/.local/lib/python3.12/site-packages/airflow/models/dagbag.py", line 351, in parse
    loader.exec_module(new_module)
  File "<frozen importlib._bootstrap_external>", line 995, in exec_module
  File "<frozen importlib._bootstrap>", line 488, in _call_with_frames_removed
  File "/opt/airflow/dags/etl_process_clickup_data.py", line 18, in <module>
    SHEET_NAME = Variable.get("CLICKUP_SHEET_NAME")
                 ^^^^^^^^^^^^^^^^^^^^^^^^^^^^^^^^^^
  File "/home/airflow/.local/lib/python3.12/site-packages/airflow/models/variable.py", line 143, in get
    raise KeyError(f"Variable {key} does not exist")
KeyError: 'Variable CLICKUP_SHEET_NAME does not exist'
[2024-11-15T21:43:04.803+0000] {processor.py:842} WARNING - No viable dags retrieved from /opt/airflow/dags/etl_process_clickup_data.py
[2024-11-15T21:43:04.832+0000] {processor.py:183} INFO - Processing /opt/airflow/dags/etl_process_clickup_data.py took 3.338 seconds
[2024-11-15T21:43:35.358+0000] {processor.py:161} INFO - Started process (PID=1712) to work on /opt/airflow/dags/etl_process_clickup_data.py
[2024-11-15T21:43:35.360+0000] {processor.py:830} INFO - Processing file /opt/airflow/dags/etl_process_clickup_data.py for tasks to queue
[2024-11-15T21:43:35.364+0000] {logging_mixin.py:188} INFO - [2024-11-15T21:43:35.363+0000] {dagbag.py:545} INFO - Filling up the DagBag from /opt/airflow/dags/etl_process_clickup_data.py
[2024-11-15T21:43:36.108+0000] {logging_mixin.py:188} INFO - [2024-11-15T21:43:36.104+0000] {dagbag.py:355} ERROR - Failed to import: /opt/airflow/dags/etl_process_clickup_data.py
Traceback (most recent call last):
  File "/home/airflow/.local/lib/python3.12/site-packages/airflow/models/dagbag.py", line 351, in parse
    loader.exec_module(new_module)
  File "<frozen importlib._bootstrap_external>", line 995, in exec_module
  File "<frozen importlib._bootstrap>", line 488, in _call_with_frames_removed
  File "/opt/airflow/dags/etl_process_clickup_data.py", line 19, in <module>
    TABLE_NAME = Variable.get("CLICKUP_DWH_TABLE_NAME")
                 ^^^^^^^^^^^^^^^^^^^^^^^^^^^^^^^^^^^^^^
  File "/home/airflow/.local/lib/python3.12/site-packages/airflow/models/variable.py", line 143, in get
    raise KeyError(f"Variable {key} does not exist")
KeyError: 'Variable CLICKUP_DWH_TABLE_NAME does not exist'
[2024-11-15T21:43:36.109+0000] {processor.py:842} WARNING - No viable dags retrieved from /opt/airflow/dags/etl_process_clickup_data.py
[2024-11-15T21:43:36.124+0000] {processor.py:183} INFO - Processing /opt/airflow/dags/etl_process_clickup_data.py took 0.778 seconds
[2024-11-15T21:44:06.692+0000] {processor.py:161} INFO - Started process (PID=1722) to work on /opt/airflow/dags/etl_process_clickup_data.py
[2024-11-15T21:44:06.694+0000] {processor.py:830} INFO - Processing file /opt/airflow/dags/etl_process_clickup_data.py for tasks to queue
[2024-11-15T21:44:06.698+0000] {logging_mixin.py:188} INFO - [2024-11-15T21:44:06.697+0000] {dagbag.py:545} INFO - Filling up the DagBag from /opt/airflow/dags/etl_process_clickup_data.py
[2024-11-15T21:44:07.522+0000] {logging_mixin.py:188} INFO - [2024-11-15T21:44:07.518+0000] {dagbag.py:355} ERROR - Failed to import: /opt/airflow/dags/etl_process_clickup_data.py
Traceback (most recent call last):
  File "/home/airflow/.local/lib/python3.12/site-packages/airflow/models/dagbag.py", line 351, in parse
    loader.exec_module(new_module)
  File "<frozen importlib._bootstrap_external>", line 995, in exec_module
  File "<frozen importlib._bootstrap>", line 488, in _call_with_frames_removed
  File "/opt/airflow/dags/etl_process_clickup_data.py", line 19, in <module>
    TABLE_NAME = Variable.get("CLICKUP_DWH_TABLE_NAME")
                 ^^^^^^^^^^^^^^^^^^^^^^^^^^^^^^^^^^^^^^
  File "/home/airflow/.local/lib/python3.12/site-packages/airflow/models/variable.py", line 143, in get
    raise KeyError(f"Variable {key} does not exist")
KeyError: 'Variable CLICKUP_DWH_TABLE_NAME does not exist'
[2024-11-15T21:44:07.526+0000] {processor.py:842} WARNING - No viable dags retrieved from /opt/airflow/dags/etl_process_clickup_data.py
[2024-11-15T21:44:07.543+0000] {processor.py:183} INFO - Processing /opt/airflow/dags/etl_process_clickup_data.py took 0.863 seconds
[2024-11-15T21:44:37.969+0000] {processor.py:161} INFO - Started process (PID=1738) to work on /opt/airflow/dags/etl_process_clickup_data.py
[2024-11-15T21:44:37.971+0000] {processor.py:830} INFO - Processing file /opt/airflow/dags/etl_process_clickup_data.py for tasks to queue
[2024-11-15T21:44:37.975+0000] {logging_mixin.py:188} INFO - [2024-11-15T21:44:37.974+0000] {dagbag.py:545} INFO - Filling up the DagBag from /opt/airflow/dags/etl_process_clickup_data.py
[2024-11-15T21:44:38.973+0000] {processor.py:840} INFO - DAG(s) 'FLOAT_DATA_TO_PG' retrieved from /opt/airflow/dags/etl_process_clickup_data.py
[2024-11-15T21:44:39.212+0000] {logging_mixin.py:188} INFO - [2024-11-15T21:44:39.212+0000] {dag.py:3096} INFO - Sync 1 DAGs
[2024-11-15T21:44:39.256+0000] {logging_mixin.py:188} INFO - [2024-11-15T21:44:39.256+0000] {dag.py:3954} INFO - Setting next_dagrun for FLOAT_DATA_TO_PG to 2024-11-15 00:00:00+00:00, run_after=2024-11-16 00:00:00+00:00
[2024-11-15T21:44:39.300+0000] {processor.py:183} INFO - Processing /opt/airflow/dags/etl_process_clickup_data.py took 1.343 seconds
[2024-11-15T21:45:09.808+0000] {processor.py:161} INFO - Started process (PID=1748) to work on /opt/airflow/dags/etl_process_clickup_data.py
[2024-11-15T21:45:09.812+0000] {processor.py:830} INFO - Processing file /opt/airflow/dags/etl_process_clickup_data.py for tasks to queue
[2024-11-15T21:45:09.817+0000] {logging_mixin.py:188} INFO - [2024-11-15T21:45:09.816+0000] {dagbag.py:545} INFO - Filling up the DagBag from /opt/airflow/dags/etl_process_clickup_data.py
[2024-11-15T21:45:11.456+0000] {processor.py:840} INFO - DAG(s) 'FLOAT_DATA_TO_PG' retrieved from /opt/airflow/dags/etl_process_clickup_data.py
[2024-11-15T21:45:11.514+0000] {logging_mixin.py:188} INFO - [2024-11-15T21:45:11.513+0000] {dag.py:3096} INFO - Sync 1 DAGs
[2024-11-15T21:45:11.581+0000] {logging_mixin.py:188} INFO - [2024-11-15T21:45:11.580+0000] {dag.py:3954} INFO - Setting next_dagrun for FLOAT_DATA_TO_PG to 2024-11-15 00:00:00+00:00, run_after=2024-11-16 00:00:00+00:00
[2024-11-15T21:45:11.680+0000] {processor.py:183} INFO - Processing /opt/airflow/dags/etl_process_clickup_data.py took 1.888 seconds
[2024-11-15T21:45:41.760+0000] {processor.py:161} INFO - Started process (PID=1758) to work on /opt/airflow/dags/etl_process_clickup_data.py
[2024-11-15T21:45:41.761+0000] {processor.py:830} INFO - Processing file /opt/airflow/dags/etl_process_clickup_data.py for tasks to queue
[2024-11-15T21:45:41.767+0000] {logging_mixin.py:188} INFO - [2024-11-15T21:45:41.766+0000] {dagbag.py:545} INFO - Filling up the DagBag from /opt/airflow/dags/etl_process_clickup_data.py
[2024-11-15T21:45:42.552+0000] {processor.py:840} INFO - DAG(s) 'FLOAT_DATA_TO_PG' retrieved from /opt/airflow/dags/etl_process_clickup_data.py
[2024-11-15T21:45:42.559+0000] {logging_mixin.py:188} INFO - [2024-11-15T21:45:42.558+0000] {dag.py:3096} INFO - Sync 1 DAGs
[2024-11-15T21:45:42.598+0000] {logging_mixin.py:188} INFO - [2024-11-15T21:45:42.597+0000] {dag.py:3954} INFO - Setting next_dagrun for FLOAT_DATA_TO_PG to 2024-11-15 00:00:00+00:00, run_after=2024-11-16 00:00:00+00:00
[2024-11-15T21:45:42.641+0000] {processor.py:183} INFO - Processing /opt/airflow/dags/etl_process_clickup_data.py took 0.895 seconds
[2024-11-15T21:46:13.028+0000] {processor.py:161} INFO - Started process (PID=1768) to work on /opt/airflow/dags/etl_process_clickup_data.py
[2024-11-15T21:46:13.036+0000] {processor.py:830} INFO - Processing file /opt/airflow/dags/etl_process_clickup_data.py for tasks to queue
[2024-11-15T21:46:13.046+0000] {logging_mixin.py:188} INFO - [2024-11-15T21:46:13.045+0000] {dagbag.py:545} INFO - Filling up the DagBag from /opt/airflow/dags/etl_process_clickup_data.py
[2024-11-15T21:46:15.277+0000] {processor.py:840} INFO - DAG(s) 'FLOAT_DATA_TO_PG' retrieved from /opt/airflow/dags/etl_process_clickup_data.py
[2024-11-15T21:46:15.846+0000] {logging_mixin.py:188} INFO - [2024-11-15T21:46:15.844+0000] {dag.py:3096} INFO - Sync 1 DAGs
[2024-11-15T21:46:15.955+0000] {logging_mixin.py:188} INFO - [2024-11-15T21:46:15.954+0000] {dag.py:3954} INFO - Setting next_dagrun for FLOAT_DATA_TO_PG to 2024-11-15 00:00:00+00:00, run_after=2024-11-16 00:00:00+00:00
[2024-11-15T21:46:16.019+0000] {processor.py:183} INFO - Processing /opt/airflow/dags/etl_process_clickup_data.py took 3.029 seconds
[2024-11-15T21:46:46.886+0000] {processor.py:161} INFO - Started process (PID=1778) to work on /opt/airflow/dags/etl_process_clickup_data.py
[2024-11-15T21:46:46.892+0000] {processor.py:830} INFO - Processing file /opt/airflow/dags/etl_process_clickup_data.py for tasks to queue
[2024-11-15T21:46:46.902+0000] {logging_mixin.py:188} INFO - [2024-11-15T21:46:46.901+0000] {dagbag.py:545} INFO - Filling up the DagBag from /opt/airflow/dags/etl_process_clickup_data.py
[2024-11-15T21:46:51.299+0000] {processor.py:840} INFO - DAG(s) 'FLOAT_DATA_TO_PG' retrieved from /opt/airflow/dags/etl_process_clickup_data.py
[2024-11-15T21:46:51.538+0000] {logging_mixin.py:188} INFO - [2024-11-15T21:46:51.536+0000] {dag.py:3096} INFO - Sync 1 DAGs
[2024-11-15T21:46:51.840+0000] {logging_mixin.py:188} INFO - [2024-11-15T21:46:51.839+0000] {dag.py:3954} INFO - Setting next_dagrun for FLOAT_DATA_TO_PG to 2024-11-15 00:00:00+00:00, run_after=2024-11-16 00:00:00+00:00
[2024-11-15T21:46:51.972+0000] {processor.py:183} INFO - Processing /opt/airflow/dags/etl_process_clickup_data.py took 5.123 seconds
[2024-11-15T21:47:22.601+0000] {processor.py:161} INFO - Started process (PID=1787) to work on /opt/airflow/dags/etl_process_clickup_data.py
[2024-11-15T21:47:22.603+0000] {processor.py:830} INFO - Processing file /opt/airflow/dags/etl_process_clickup_data.py for tasks to queue
[2024-11-15T21:47:22.608+0000] {logging_mixin.py:188} INFO - [2024-11-15T21:47:22.607+0000] {dagbag.py:545} INFO - Filling up the DagBag from /opt/airflow/dags/etl_process_clickup_data.py
[2024-11-15T21:47:23.794+0000] {processor.py:840} INFO - DAG(s) 'FLOAT_DATA_TO_PG' retrieved from /opt/airflow/dags/etl_process_clickup_data.py
[2024-11-15T21:47:23.803+0000] {logging_mixin.py:188} INFO - [2024-11-15T21:47:23.803+0000] {dag.py:3096} INFO - Sync 1 DAGs
[2024-11-15T21:47:23.889+0000] {logging_mixin.py:188} INFO - [2024-11-15T21:47:23.888+0000] {dag.py:3954} INFO - Setting next_dagrun for FLOAT_DATA_TO_PG to 2024-11-15 00:00:00+00:00, run_after=2024-11-16 00:00:00+00:00
[2024-11-15T21:47:23.948+0000] {processor.py:183} INFO - Processing /opt/airflow/dags/etl_process_clickup_data.py took 1.362 seconds
[2024-11-15T21:47:54.071+0000] {processor.py:161} INFO - Started process (PID=1797) to work on /opt/airflow/dags/etl_process_clickup_data.py
[2024-11-15T21:47:54.073+0000] {processor.py:830} INFO - Processing file /opt/airflow/dags/etl_process_clickup_data.py for tasks to queue
[2024-11-15T21:47:54.078+0000] {logging_mixin.py:188} INFO - [2024-11-15T21:47:54.077+0000] {dagbag.py:545} INFO - Filling up the DagBag from /opt/airflow/dags/etl_process_clickup_data.py
[2024-11-15T21:47:54.966+0000] {processor.py:840} INFO - DAG(s) 'FLOAT_DATA_TO_PG' retrieved from /opt/airflow/dags/etl_process_clickup_data.py
[2024-11-15T21:47:55.152+0000] {logging_mixin.py:188} INFO - [2024-11-15T21:47:55.151+0000] {dag.py:3096} INFO - Sync 1 DAGs
[2024-11-15T21:47:55.188+0000] {logging_mixin.py:188} INFO - [2024-11-15T21:47:55.188+0000] {dag.py:3954} INFO - Setting next_dagrun for FLOAT_DATA_TO_PG to 2024-11-15 00:00:00+00:00, run_after=2024-11-16 00:00:00+00:00
[2024-11-15T21:47:55.221+0000] {processor.py:183} INFO - Processing /opt/airflow/dags/etl_process_clickup_data.py took 1.164 seconds
[2024-11-15T21:48:25.469+0000] {processor.py:161} INFO - Started process (PID=1806) to work on /opt/airflow/dags/etl_process_clickup_data.py
[2024-11-15T21:48:25.471+0000] {processor.py:830} INFO - Processing file /opt/airflow/dags/etl_process_clickup_data.py for tasks to queue
[2024-11-15T21:48:25.479+0000] {logging_mixin.py:188} INFO - [2024-11-15T21:48:25.478+0000] {dagbag.py:545} INFO - Filling up the DagBag from /opt/airflow/dags/etl_process_clickup_data.py
[2024-11-15T21:48:26.841+0000] {processor.py:840} INFO - DAG(s) 'FLOAT_DATA_TO_PG' retrieved from /opt/airflow/dags/etl_process_clickup_data.py
[2024-11-15T21:48:26.891+0000] {logging_mixin.py:188} INFO - [2024-11-15T21:48:26.891+0000] {dag.py:3096} INFO - Sync 1 DAGs
[2024-11-15T21:48:26.940+0000] {logging_mixin.py:188} INFO - [2024-11-15T21:48:26.940+0000] {dag.py:3954} INFO - Setting next_dagrun for FLOAT_DATA_TO_PG to 2024-11-15 00:00:00+00:00, run_after=2024-11-16 00:00:00+00:00
[2024-11-15T21:48:26.977+0000] {processor.py:183} INFO - Processing /opt/airflow/dags/etl_process_clickup_data.py took 1.524 seconds
[2024-11-15T21:48:57.486+0000] {processor.py:161} INFO - Started process (PID=1816) to work on /opt/airflow/dags/etl_process_clickup_data.py
[2024-11-15T21:48:57.489+0000] {processor.py:830} INFO - Processing file /opt/airflow/dags/etl_process_clickup_data.py for tasks to queue
[2024-11-15T21:48:57.497+0000] {logging_mixin.py:188} INFO - [2024-11-15T21:48:57.495+0000] {dagbag.py:545} INFO - Filling up the DagBag from /opt/airflow/dags/etl_process_clickup_data.py
[2024-11-15T21:48:59.881+0000] {processor.py:840} INFO - DAG(s) 'FLOAT_DATA_TO_PG' retrieved from /opt/airflow/dags/etl_process_clickup_data.py
[2024-11-15T21:48:59.901+0000] {logging_mixin.py:188} INFO - [2024-11-15T21:48:59.898+0000] {dag.py:3096} INFO - Sync 1 DAGs
[2024-11-15T21:48:59.973+0000] {logging_mixin.py:188} INFO - [2024-11-15T21:48:59.973+0000] {dag.py:3954} INFO - Setting next_dagrun for FLOAT_DATA_TO_PG to 2024-11-15 00:00:00+00:00, run_after=2024-11-16 00:00:00+00:00
[2024-11-15T21:49:00.035+0000] {processor.py:183} INFO - Processing /opt/airflow/dags/etl_process_clickup_data.py took 2.573 seconds
[2024-11-15T21:49:30.606+0000] {processor.py:161} INFO - Started process (PID=1826) to work on /opt/airflow/dags/etl_process_clickup_data.py
[2024-11-15T21:49:30.610+0000] {processor.py:830} INFO - Processing file /opt/airflow/dags/etl_process_clickup_data.py for tasks to queue
[2024-11-15T21:49:30.621+0000] {logging_mixin.py:188} INFO - [2024-11-15T21:49:30.621+0000] {dagbag.py:545} INFO - Filling up the DagBag from /opt/airflow/dags/etl_process_clickup_data.py
[2024-11-15T21:49:33.844+0000] {processor.py:840} INFO - DAG(s) 'FLOAT_DATA_TO_PG' retrieved from /opt/airflow/dags/etl_process_clickup_data.py
[2024-11-15T21:49:34.679+0000] {logging_mixin.py:188} INFO - [2024-11-15T21:49:34.676+0000] {dag.py:3096} INFO - Sync 1 DAGs
[2024-11-15T21:49:34.772+0000] {logging_mixin.py:188} INFO - [2024-11-15T21:49:34.772+0000] {dag.py:3954} INFO - Setting next_dagrun for FLOAT_DATA_TO_PG to 2024-11-15 00:00:00+00:00, run_after=2024-11-16 00:00:00+00:00
[2024-11-15T21:49:34.852+0000] {processor.py:183} INFO - Processing /opt/airflow/dags/etl_process_clickup_data.py took 4.295 seconds
[2024-11-15T21:49:59.892+0000] {processor.py:161} INFO - Started process (PID=1836) to work on /opt/airflow/dags/etl_process_clickup_data.py
[2024-11-15T21:49:59.916+0000] {processor.py:830} INFO - Processing file /opt/airflow/dags/etl_process_clickup_data.py for tasks to queue
[2024-11-15T21:49:59.922+0000] {logging_mixin.py:188} INFO - [2024-11-15T21:49:59.922+0000] {dagbag.py:545} INFO - Filling up the DagBag from /opt/airflow/dags/etl_process_clickup_data.py
[2024-11-15T21:50:02.124+0000] {processor.py:840} INFO - DAG(s) 'CLICKUP_DATA_TO_PG' retrieved from /opt/airflow/dags/etl_process_clickup_data.py
[2024-11-15T21:50:02.414+0000] {logging_mixin.py:188} INFO - [2024-11-15T21:50:02.413+0000] {override.py:1829} INFO - Created Permission View: can edit on DAG:CLICKUP_DATA_TO_PG
[2024-11-15T21:50:02.441+0000] {logging_mixin.py:188} INFO - [2024-11-15T21:50:02.440+0000] {override.py:1829} INFO - Created Permission View: can delete on DAG:CLICKUP_DATA_TO_PG
[2024-11-15T21:50:02.458+0000] {logging_mixin.py:188} INFO - [2024-11-15T21:50:02.457+0000] {override.py:1829} INFO - Created Permission View: can read on DAG:CLICKUP_DATA_TO_PG
[2024-11-15T21:50:02.460+0000] {logging_mixin.py:188} INFO - [2024-11-15T21:50:02.459+0000] {dag.py:3096} INFO - Sync 1 DAGs
[2024-11-15T21:50:02.494+0000] {logging_mixin.py:188} INFO - [2024-11-15T21:50:02.493+0000] {dag.py:3118} INFO - Creating ORM DAG for CLICKUP_DATA_TO_PG
[2024-11-15T21:50:02.538+0000] {logging_mixin.py:188} INFO - [2024-11-15T21:50:02.537+0000] {dag.py:3954} INFO - Setting next_dagrun for CLICKUP_DATA_TO_PG to 2024-11-15 00:00:00+00:00, run_after=2024-11-16 00:00:00+00:00
[2024-11-15T21:50:02.577+0000] {processor.py:183} INFO - Processing /opt/airflow/dags/etl_process_clickup_data.py took 2.722 seconds
[2024-11-15T21:50:33.034+0000] {processor.py:161} INFO - Started process (PID=1846) to work on /opt/airflow/dags/etl_process_clickup_data.py
[2024-11-15T21:50:33.036+0000] {processor.py:830} INFO - Processing file /opt/airflow/dags/etl_process_clickup_data.py for tasks to queue
[2024-11-15T21:50:33.041+0000] {logging_mixin.py:188} INFO - [2024-11-15T21:50:33.040+0000] {dagbag.py:545} INFO - Filling up the DagBag from /opt/airflow/dags/etl_process_clickup_data.py
[2024-11-15T21:50:34.246+0000] {processor.py:840} INFO - DAG(s) 'CLICKUP_DATA_TO_PG' retrieved from /opt/airflow/dags/etl_process_clickup_data.py
[2024-11-15T21:50:34.282+0000] {logging_mixin.py:188} INFO - [2024-11-15T21:50:34.281+0000] {dag.py:3096} INFO - Sync 1 DAGs
[2024-11-15T21:50:34.344+0000] {logging_mixin.py:188} INFO - [2024-11-15T21:50:34.343+0000] {dag.py:3954} INFO - Setting next_dagrun for CLICKUP_DATA_TO_PG to 2024-11-15 00:00:00+00:00, run_after=2024-11-16 00:00:00+00:00
[2024-11-15T21:50:34.393+0000] {processor.py:183} INFO - Processing /opt/airflow/dags/etl_process_clickup_data.py took 1.379 seconds
[2024-11-15T21:51:04.551+0000] {processor.py:161} INFO - Started process (PID=1855) to work on /opt/airflow/dags/etl_process_clickup_data.py
[2024-11-15T21:51:04.553+0000] {processor.py:830} INFO - Processing file /opt/airflow/dags/etl_process_clickup_data.py for tasks to queue
[2024-11-15T21:51:04.557+0000] {logging_mixin.py:188} INFO - [2024-11-15T21:51:04.556+0000] {dagbag.py:545} INFO - Filling up the DagBag from /opt/airflow/dags/etl_process_clickup_data.py
[2024-11-15T21:51:05.519+0000] {processor.py:840} INFO - DAG(s) 'CLICKUP_DATA_TO_PG' retrieved from /opt/airflow/dags/etl_process_clickup_data.py
[2024-11-15T21:51:05.553+0000] {logging_mixin.py:188} INFO - [2024-11-15T21:51:05.552+0000] {dag.py:3096} INFO - Sync 1 DAGs
[2024-11-15T21:51:05.593+0000] {logging_mixin.py:188} INFO - [2024-11-15T21:51:05.593+0000] {dag.py:3954} INFO - Setting next_dagrun for CLICKUP_DATA_TO_PG to 2024-11-15 00:00:00+00:00, run_after=2024-11-16 00:00:00+00:00
[2024-11-15T21:51:05.624+0000] {processor.py:183} INFO - Processing /opt/airflow/dags/etl_process_clickup_data.py took 1.089 seconds
[2024-11-15T21:51:36.175+0000] {processor.py:161} INFO - Started process (PID=1865) to work on /opt/airflow/dags/etl_process_clickup_data.py
[2024-11-15T21:51:36.176+0000] {processor.py:830} INFO - Processing file /opt/airflow/dags/etl_process_clickup_data.py for tasks to queue
[2024-11-15T21:51:36.184+0000] {logging_mixin.py:188} INFO - [2024-11-15T21:51:36.182+0000] {dagbag.py:545} INFO - Filling up the DagBag from /opt/airflow/dags/etl_process_clickup_data.py
[2024-11-15T21:51:37.654+0000] {processor.py:840} INFO - DAG(s) 'CLICKUP_DATA_TO_PG' retrieved from /opt/airflow/dags/etl_process_clickup_data.py
[2024-11-15T21:51:37.737+0000] {logging_mixin.py:188} INFO - [2024-11-15T21:51:37.736+0000] {dag.py:3096} INFO - Sync 1 DAGs
[2024-11-15T21:51:37.817+0000] {logging_mixin.py:188} INFO - [2024-11-15T21:51:37.817+0000] {dag.py:3954} INFO - Setting next_dagrun for CLICKUP_DATA_TO_PG to 2024-11-15 00:00:00+00:00, run_after=2024-11-16 00:00:00+00:00
[2024-11-15T21:51:37.883+0000] {processor.py:183} INFO - Processing /opt/airflow/dags/etl_process_clickup_data.py took 1.730 seconds
[2024-11-15T21:52:08.521+0000] {processor.py:161} INFO - Started process (PID=1875) to work on /opt/airflow/dags/etl_process_clickup_data.py
[2024-11-15T21:52:08.524+0000] {processor.py:830} INFO - Processing file /opt/airflow/dags/etl_process_clickup_data.py for tasks to queue
[2024-11-15T21:52:08.537+0000] {logging_mixin.py:188} INFO - [2024-11-15T21:52:08.536+0000] {dagbag.py:545} INFO - Filling up the DagBag from /opt/airflow/dags/etl_process_clickup_data.py
[2024-11-15T21:52:11.618+0000] {processor.py:840} INFO - DAG(s) 'CLICKUP_DATA_TO_PG' retrieved from /opt/airflow/dags/etl_process_clickup_data.py
[2024-11-15T21:52:11.684+0000] {logging_mixin.py:188} INFO - [2024-11-15T21:52:11.682+0000] {dag.py:3096} INFO - Sync 1 DAGs
[2024-11-15T21:52:11.784+0000] {logging_mixin.py:188} INFO - [2024-11-15T21:52:11.784+0000] {dag.py:3954} INFO - Setting next_dagrun for CLICKUP_DATA_TO_PG to 2024-11-15 00:00:00+00:00, run_after=2024-11-16 00:00:00+00:00
[2024-11-15T21:52:11.860+0000] {processor.py:183} INFO - Processing /opt/airflow/dags/etl_process_clickup_data.py took 3.385 seconds
[2024-11-15T21:52:42.330+0000] {processor.py:161} INFO - Started process (PID=1891) to work on /opt/airflow/dags/etl_process_clickup_data.py
[2024-11-15T21:52:42.332+0000] {processor.py:830} INFO - Processing file /opt/airflow/dags/etl_process_clickup_data.py for tasks to queue
[2024-11-15T21:52:42.338+0000] {logging_mixin.py:188} INFO - [2024-11-15T21:52:42.337+0000] {dagbag.py:545} INFO - Filling up the DagBag from /opt/airflow/dags/etl_process_clickup_data.py
[2024-11-15T21:52:44.052+0000] {processor.py:840} INFO - DAG(s) 'CLICKUP_DATA_TO_PG' retrieved from /opt/airflow/dags/etl_process_clickup_data.py
[2024-11-15T21:52:44.094+0000] {logging_mixin.py:188} INFO - [2024-11-15T21:52:44.093+0000] {dag.py:3096} INFO - Sync 1 DAGs
[2024-11-15T21:52:44.168+0000] {logging_mixin.py:188} INFO - [2024-11-15T21:52:44.167+0000] {dag.py:3954} INFO - Setting next_dagrun for CLICKUP_DATA_TO_PG to 2024-11-15 00:00:00+00:00, run_after=2024-11-16 00:00:00+00:00
[2024-11-15T21:52:44.245+0000] {processor.py:183} INFO - Processing /opt/airflow/dags/etl_process_clickup_data.py took 1.937 seconds
[2024-11-15T21:53:14.599+0000] {processor.py:161} INFO - Started process (PID=1901) to work on /opt/airflow/dags/etl_process_clickup_data.py
[2024-11-15T21:53:14.602+0000] {processor.py:830} INFO - Processing file /opt/airflow/dags/etl_process_clickup_data.py for tasks to queue
[2024-11-15T21:53:14.610+0000] {logging_mixin.py:188} INFO - [2024-11-15T21:53:14.609+0000] {dagbag.py:545} INFO - Filling up the DagBag from /opt/airflow/dags/etl_process_clickup_data.py
[2024-11-15T21:53:16.112+0000] {processor.py:840} INFO - DAG(s) 'CLICKUP_DATA_TO_PG' retrieved from /opt/airflow/dags/etl_process_clickup_data.py
[2024-11-15T21:53:16.148+0000] {logging_mixin.py:188} INFO - [2024-11-15T21:53:16.148+0000] {dag.py:3096} INFO - Sync 1 DAGs
[2024-11-15T21:53:16.205+0000] {logging_mixin.py:188} INFO - [2024-11-15T21:53:16.204+0000] {dag.py:3954} INFO - Setting next_dagrun for CLICKUP_DATA_TO_PG to 2024-11-15 00:00:00+00:00, run_after=2024-11-16 00:00:00+00:00
[2024-11-15T21:53:16.245+0000] {processor.py:183} INFO - Processing /opt/airflow/dags/etl_process_clickup_data.py took 1.663 seconds
[2024-11-15T21:53:46.677+0000] {processor.py:161} INFO - Started process (PID=1911) to work on /opt/airflow/dags/etl_process_clickup_data.py
[2024-11-15T21:53:46.680+0000] {processor.py:830} INFO - Processing file /opt/airflow/dags/etl_process_clickup_data.py for tasks to queue
[2024-11-15T21:53:46.684+0000] {logging_mixin.py:188} INFO - [2024-11-15T21:53:46.683+0000] {dagbag.py:545} INFO - Filling up the DagBag from /opt/airflow/dags/etl_process_clickup_data.py
[2024-11-15T21:53:47.765+0000] {processor.py:840} INFO - DAG(s) 'CLICKUP_DATA_TO_PG' retrieved from /opt/airflow/dags/etl_process_clickup_data.py
[2024-11-15T21:53:47.807+0000] {logging_mixin.py:188} INFO - [2024-11-15T21:53:47.806+0000] {dag.py:3096} INFO - Sync 1 DAGs
[2024-11-15T21:53:47.858+0000] {logging_mixin.py:188} INFO - [2024-11-15T21:53:47.858+0000] {dag.py:3954} INFO - Setting next_dagrun for CLICKUP_DATA_TO_PG to 2024-11-15 00:00:00+00:00, run_after=2024-11-16 00:00:00+00:00
[2024-11-15T21:53:47.899+0000] {processor.py:183} INFO - Processing /opt/airflow/dags/etl_process_clickup_data.py took 1.236 seconds
[2024-11-15T21:54:18.101+0000] {processor.py:161} INFO - Started process (PID=1921) to work on /opt/airflow/dags/etl_process_clickup_data.py
[2024-11-15T21:54:18.111+0000] {processor.py:830} INFO - Processing file /opt/airflow/dags/etl_process_clickup_data.py for tasks to queue
[2024-11-15T21:54:18.117+0000] {logging_mixin.py:188} INFO - [2024-11-15T21:54:18.116+0000] {dagbag.py:545} INFO - Filling up the DagBag from /opt/airflow/dags/etl_process_clickup_data.py
[2024-11-15T21:54:19.240+0000] {processor.py:840} INFO - DAG(s) 'CLICKUP_DATA_TO_PG' retrieved from /opt/airflow/dags/etl_process_clickup_data.py
[2024-11-15T21:54:19.298+0000] {logging_mixin.py:188} INFO - [2024-11-15T21:54:19.297+0000] {dag.py:3096} INFO - Sync 1 DAGs
[2024-11-15T21:54:19.369+0000] {logging_mixin.py:188} INFO - [2024-11-15T21:54:19.368+0000] {dag.py:3954} INFO - Setting next_dagrun for CLICKUP_DATA_TO_PG to 2024-11-15 00:00:00+00:00, run_after=2024-11-16 00:00:00+00:00
[2024-11-15T21:54:19.457+0000] {processor.py:183} INFO - Processing /opt/airflow/dags/etl_process_clickup_data.py took 1.380 seconds
[2024-11-15T21:54:49.872+0000] {processor.py:161} INFO - Started process (PID=1930) to work on /opt/airflow/dags/etl_process_clickup_data.py
[2024-11-15T21:54:49.874+0000] {processor.py:830} INFO - Processing file /opt/airflow/dags/etl_process_clickup_data.py for tasks to queue
[2024-11-15T21:54:49.880+0000] {logging_mixin.py:188} INFO - [2024-11-15T21:54:49.879+0000] {dagbag.py:545} INFO - Filling up the DagBag from /opt/airflow/dags/etl_process_clickup_data.py
[2024-11-15T21:54:51.772+0000] {processor.py:840} INFO - DAG(s) 'CLICKUP_DATA_TO_PG' retrieved from /opt/airflow/dags/etl_process_clickup_data.py
[2024-11-15T21:54:51.833+0000] {logging_mixin.py:188} INFO - [2024-11-15T21:54:51.832+0000] {dag.py:3096} INFO - Sync 1 DAGs
[2024-11-15T21:54:51.912+0000] {logging_mixin.py:188} INFO - [2024-11-15T21:54:51.911+0000] {dag.py:3954} INFO - Setting next_dagrun for CLICKUP_DATA_TO_PG to 2024-11-15 00:00:00+00:00, run_after=2024-11-16 00:00:00+00:00
[2024-11-15T21:54:51.978+0000] {processor.py:183} INFO - Processing /opt/airflow/dags/etl_process_clickup_data.py took 2.122 seconds
[2024-11-15T21:55:22.401+0000] {processor.py:161} INFO - Started process (PID=1940) to work on /opt/airflow/dags/etl_process_clickup_data.py
[2024-11-15T21:55:22.405+0000] {processor.py:830} INFO - Processing file /opt/airflow/dags/etl_process_clickup_data.py for tasks to queue
[2024-11-15T21:55:22.412+0000] {logging_mixin.py:188} INFO - [2024-11-15T21:55:22.411+0000] {dagbag.py:545} INFO - Filling up the DagBag from /opt/airflow/dags/etl_process_clickup_data.py
[2024-11-15T21:55:23.895+0000] {processor.py:840} INFO - DAG(s) 'CLICKUP_DATA_TO_PG' retrieved from /opt/airflow/dags/etl_process_clickup_data.py
[2024-11-15T21:55:23.950+0000] {logging_mixin.py:188} INFO - [2024-11-15T21:55:23.949+0000] {dag.py:3096} INFO - Sync 1 DAGs
[2024-11-15T21:55:24.041+0000] {logging_mixin.py:188} INFO - [2024-11-15T21:55:24.041+0000] {dag.py:3954} INFO - Setting next_dagrun for CLICKUP_DATA_TO_PG to 2024-11-15 00:00:00+00:00, run_after=2024-11-16 00:00:00+00:00
[2024-11-15T21:55:24.086+0000] {processor.py:183} INFO - Processing /opt/airflow/dags/etl_process_clickup_data.py took 1.703 seconds
[2024-11-15T21:55:54.794+0000] {processor.py:161} INFO - Started process (PID=1950) to work on /opt/airflow/dags/etl_process_clickup_data.py
[2024-11-15T21:55:54.796+0000] {processor.py:830} INFO - Processing file /opt/airflow/dags/etl_process_clickup_data.py for tasks to queue
[2024-11-15T21:55:54.800+0000] {logging_mixin.py:188} INFO - [2024-11-15T21:55:54.800+0000] {dagbag.py:545} INFO - Filling up the DagBag from /opt/airflow/dags/etl_process_clickup_data.py
[2024-11-15T21:55:55.915+0000] {processor.py:840} INFO - DAG(s) 'CLICKUP_DATA_TO_PG' retrieved from /opt/airflow/dags/etl_process_clickup_data.py
[2024-11-15T21:55:55.959+0000] {logging_mixin.py:188} INFO - [2024-11-15T21:55:55.958+0000] {dag.py:3096} INFO - Sync 1 DAGs
[2024-11-15T21:55:56.024+0000] {logging_mixin.py:188} INFO - [2024-11-15T21:55:56.021+0000] {dag.py:3954} INFO - Setting next_dagrun for CLICKUP_DATA_TO_PG to 2024-11-15 00:00:00+00:00, run_after=2024-11-16 00:00:00+00:00
[2024-11-15T21:55:56.063+0000] {processor.py:183} INFO - Processing /opt/airflow/dags/etl_process_clickup_data.py took 1.284 seconds
[2024-11-15T21:56:26.298+0000] {processor.py:161} INFO - Started process (PID=1960) to work on /opt/airflow/dags/etl_process_clickup_data.py
[2024-11-15T21:56:26.303+0000] {processor.py:830} INFO - Processing file /opt/airflow/dags/etl_process_clickup_data.py for tasks to queue
[2024-11-15T21:56:26.309+0000] {logging_mixin.py:188} INFO - [2024-11-15T21:56:26.308+0000] {dagbag.py:545} INFO - Filling up the DagBag from /opt/airflow/dags/etl_process_clickup_data.py
[2024-11-15T21:56:28.357+0000] {processor.py:840} INFO - DAG(s) 'CLICKUP_DATA_TO_PG' retrieved from /opt/airflow/dags/etl_process_clickup_data.py
[2024-11-15T21:56:28.403+0000] {logging_mixin.py:188} INFO - [2024-11-15T21:56:28.402+0000] {dag.py:3096} INFO - Sync 1 DAGs
[2024-11-15T21:56:28.460+0000] {logging_mixin.py:188} INFO - [2024-11-15T21:56:28.460+0000] {dag.py:3954} INFO - Setting next_dagrun for CLICKUP_DATA_TO_PG to 2024-11-15 00:00:00+00:00, run_after=2024-11-16 00:00:00+00:00
[2024-11-15T21:56:28.499+0000] {processor.py:183} INFO - Processing /opt/airflow/dags/etl_process_clickup_data.py took 2.230 seconds
[2024-11-15T21:56:59.090+0000] {processor.py:161} INFO - Started process (PID=1970) to work on /opt/airflow/dags/etl_process_clickup_data.py
[2024-11-15T21:56:59.092+0000] {processor.py:830} INFO - Processing file /opt/airflow/dags/etl_process_clickup_data.py for tasks to queue
[2024-11-15T21:56:59.095+0000] {logging_mixin.py:188} INFO - [2024-11-15T21:56:59.095+0000] {dagbag.py:545} INFO - Filling up the DagBag from /opt/airflow/dags/etl_process_clickup_data.py
[2024-11-15T21:57:00.221+0000] {processor.py:840} INFO - DAG(s) 'CLICKUP_DATA_TO_PG' retrieved from /opt/airflow/dags/etl_process_clickup_data.py
[2024-11-15T21:57:00.250+0000] {logging_mixin.py:188} INFO - [2024-11-15T21:57:00.249+0000] {dag.py:3096} INFO - Sync 1 DAGs
[2024-11-15T21:57:00.286+0000] {logging_mixin.py:188} INFO - [2024-11-15T21:57:00.285+0000] {dag.py:3954} INFO - Setting next_dagrun for CLICKUP_DATA_TO_PG to 2024-11-15 00:00:00+00:00, run_after=2024-11-16 00:00:00+00:00
[2024-11-15T21:57:00.320+0000] {processor.py:183} INFO - Processing /opt/airflow/dags/etl_process_clickup_data.py took 1.242 seconds
[2024-11-15T21:57:30.818+0000] {processor.py:161} INFO - Started process (PID=1980) to work on /opt/airflow/dags/etl_process_clickup_data.py
[2024-11-15T21:57:30.820+0000] {processor.py:830} INFO - Processing file /opt/airflow/dags/etl_process_clickup_data.py for tasks to queue
[2024-11-15T21:57:30.824+0000] {logging_mixin.py:188} INFO - [2024-11-15T21:57:30.824+0000] {dagbag.py:545} INFO - Filling up the DagBag from /opt/airflow/dags/etl_process_clickup_data.py
[2024-11-15T21:57:31.615+0000] {processor.py:840} INFO - DAG(s) 'CLICKUP_DATA_TO_PG' retrieved from /opt/airflow/dags/etl_process_clickup_data.py
[2024-11-15T21:57:31.636+0000] {logging_mixin.py:188} INFO - [2024-11-15T21:57:31.635+0000] {dag.py:3096} INFO - Sync 1 DAGs
[2024-11-15T21:57:31.665+0000] {logging_mixin.py:188} INFO - [2024-11-15T21:57:31.665+0000] {dag.py:3954} INFO - Setting next_dagrun for CLICKUP_DATA_TO_PG to 2024-11-15 00:00:00+00:00, run_after=2024-11-16 00:00:00+00:00
[2024-11-15T21:57:31.695+0000] {processor.py:183} INFO - Processing /opt/airflow/dags/etl_process_clickup_data.py took 0.887 seconds
[2024-11-15T21:58:02.015+0000] {processor.py:161} INFO - Started process (PID=1990) to work on /opt/airflow/dags/etl_process_clickup_data.py
[2024-11-15T21:58:02.018+0000] {processor.py:830} INFO - Processing file /opt/airflow/dags/etl_process_clickup_data.py for tasks to queue
[2024-11-15T21:58:02.028+0000] {logging_mixin.py:188} INFO - [2024-11-15T21:58:02.027+0000] {dagbag.py:545} INFO - Filling up the DagBag from /opt/airflow/dags/etl_process_clickup_data.py
[2024-11-15T21:58:04.158+0000] {processor.py:840} INFO - DAG(s) 'CLICKUP_DATA_TO_PG' retrieved from /opt/airflow/dags/etl_process_clickup_data.py
[2024-11-15T21:58:04.198+0000] {logging_mixin.py:188} INFO - [2024-11-15T21:58:04.198+0000] {dag.py:3096} INFO - Sync 1 DAGs
[2024-11-15T21:58:04.260+0000] {logging_mixin.py:188} INFO - [2024-11-15T21:58:04.259+0000] {dag.py:3954} INFO - Setting next_dagrun for CLICKUP_DATA_TO_PG to 2024-11-15 00:00:00+00:00, run_after=2024-11-16 00:00:00+00:00
[2024-11-15T21:58:04.307+0000] {processor.py:183} INFO - Processing /opt/airflow/dags/etl_process_clickup_data.py took 2.372 seconds
[2024-11-15T21:58:34.576+0000] {processor.py:161} INFO - Started process (PID=2000) to work on /opt/airflow/dags/etl_process_clickup_data.py
[2024-11-15T21:58:34.579+0000] {processor.py:830} INFO - Processing file /opt/airflow/dags/etl_process_clickup_data.py for tasks to queue
[2024-11-15T21:58:34.586+0000] {logging_mixin.py:188} INFO - [2024-11-15T21:58:34.585+0000] {dagbag.py:545} INFO - Filling up the DagBag from /opt/airflow/dags/etl_process_clickup_data.py
[2024-11-15T21:58:36.198+0000] {processor.py:840} INFO - DAG(s) 'CLICKUP_DATA_TO_PG' retrieved from /opt/airflow/dags/etl_process_clickup_data.py
[2024-11-15T21:58:36.237+0000] {logging_mixin.py:188} INFO - [2024-11-15T21:58:36.236+0000] {dag.py:3096} INFO - Sync 1 DAGs
[2024-11-15T21:58:36.302+0000] {logging_mixin.py:188} INFO - [2024-11-15T21:58:36.301+0000] {dag.py:3954} INFO - Setting next_dagrun for CLICKUP_DATA_TO_PG to 2024-11-15 00:00:00+00:00, run_after=2024-11-16 00:00:00+00:00
[2024-11-15T21:58:36.348+0000] {processor.py:183} INFO - Processing /opt/airflow/dags/etl_process_clickup_data.py took 1.800 seconds
[2024-11-15T21:59:06.679+0000] {processor.py:161} INFO - Started process (PID=2009) to work on /opt/airflow/dags/etl_process_clickup_data.py
[2024-11-15T21:59:06.682+0000] {processor.py:830} INFO - Processing file /opt/airflow/dags/etl_process_clickup_data.py for tasks to queue
[2024-11-15T21:59:06.687+0000] {logging_mixin.py:188} INFO - [2024-11-15T21:59:06.686+0000] {dagbag.py:545} INFO - Filling up the DagBag from /opt/airflow/dags/etl_process_clickup_data.py
[2024-11-15T21:59:08.011+0000] {processor.py:840} INFO - DAG(s) 'CLICKUP_DATA_TO_PG' retrieved from /opt/airflow/dags/etl_process_clickup_data.py
[2024-11-15T21:59:08.073+0000] {logging_mixin.py:188} INFO - [2024-11-15T21:59:08.072+0000] {dag.py:3096} INFO - Sync 1 DAGs
[2024-11-15T21:59:08.136+0000] {logging_mixin.py:188} INFO - [2024-11-15T21:59:08.136+0000] {dag.py:3954} INFO - Setting next_dagrun for CLICKUP_DATA_TO_PG to 2024-11-15 00:00:00+00:00, run_after=2024-11-16 00:00:00+00:00
[2024-11-15T21:59:08.184+0000] {processor.py:183} INFO - Processing /opt/airflow/dags/etl_process_clickup_data.py took 1.523 seconds
[2024-11-15T21:59:38.647+0000] {processor.py:161} INFO - Started process (PID=2019) to work on /opt/airflow/dags/etl_process_clickup_data.py
[2024-11-15T21:59:38.651+0000] {processor.py:830} INFO - Processing file /opt/airflow/dags/etl_process_clickup_data.py for tasks to queue
[2024-11-15T21:59:38.657+0000] {logging_mixin.py:188} INFO - [2024-11-15T21:59:38.657+0000] {dagbag.py:545} INFO - Filling up the DagBag from /opt/airflow/dags/etl_process_clickup_data.py
[2024-11-15T21:59:40.060+0000] {processor.py:840} INFO - DAG(s) 'CLICKUP_DATA_TO_PG' retrieved from /opt/airflow/dags/etl_process_clickup_data.py
[2024-11-15T21:59:40.096+0000] {logging_mixin.py:188} INFO - [2024-11-15T21:59:40.095+0000] {dag.py:3096} INFO - Sync 1 DAGs
[2024-11-15T21:59:40.153+0000] {logging_mixin.py:188} INFO - [2024-11-15T21:59:40.152+0000] {dag.py:3954} INFO - Setting next_dagrun for CLICKUP_DATA_TO_PG to 2024-11-15 00:00:00+00:00, run_after=2024-11-16 00:00:00+00:00
[2024-11-15T21:59:40.194+0000] {processor.py:183} INFO - Processing /opt/airflow/dags/etl_process_clickup_data.py took 1.567 seconds
[2024-11-15T22:00:10.669+0000] {processor.py:161} INFO - Started process (PID=2029) to work on /opt/airflow/dags/etl_process_clickup_data.py
[2024-11-15T22:00:10.671+0000] {processor.py:830} INFO - Processing file /opt/airflow/dags/etl_process_clickup_data.py for tasks to queue
[2024-11-15T22:00:10.675+0000] {logging_mixin.py:188} INFO - [2024-11-15T22:00:10.673+0000] {dagbag.py:545} INFO - Filling up the DagBag from /opt/airflow/dags/etl_process_clickup_data.py
[2024-11-15T22:00:11.773+0000] {processor.py:840} INFO - DAG(s) 'CLICKUP_DATA_TO_PG' retrieved from /opt/airflow/dags/etl_process_clickup_data.py
[2024-11-15T22:00:11.800+0000] {logging_mixin.py:188} INFO - [2024-11-15T22:00:11.800+0000] {dag.py:3096} INFO - Sync 1 DAGs
[2024-11-15T22:00:11.833+0000] {logging_mixin.py:188} INFO - [2024-11-15T22:00:11.833+0000] {dag.py:3954} INFO - Setting next_dagrun for CLICKUP_DATA_TO_PG to 2024-11-15 00:00:00+00:00, run_after=2024-11-16 00:00:00+00:00
[2024-11-15T22:00:11.863+0000] {processor.py:183} INFO - Processing /opt/airflow/dags/etl_process_clickup_data.py took 1.204 seconds
[2024-11-15T22:00:42.485+0000] {processor.py:161} INFO - Started process (PID=2039) to work on /opt/airflow/dags/etl_process_clickup_data.py
[2024-11-15T22:00:42.491+0000] {processor.py:830} INFO - Processing file /opt/airflow/dags/etl_process_clickup_data.py for tasks to queue
[2024-11-15T22:00:42.501+0000] {logging_mixin.py:188} INFO - [2024-11-15T22:00:42.500+0000] {dagbag.py:545} INFO - Filling up the DagBag from /opt/airflow/dags/etl_process_clickup_data.py
[2024-11-15T22:00:44.225+0000] {processor.py:840} INFO - DAG(s) 'CLICKUP_DATA_TO_PG' retrieved from /opt/airflow/dags/etl_process_clickup_data.py
[2024-11-15T22:00:44.275+0000] {logging_mixin.py:188} INFO - [2024-11-15T22:00:44.274+0000] {dag.py:3096} INFO - Sync 1 DAGs
[2024-11-15T22:00:44.373+0000] {logging_mixin.py:188} INFO - [2024-11-15T22:00:44.372+0000] {dag.py:3954} INFO - Setting next_dagrun for CLICKUP_DATA_TO_PG to 2024-11-15 00:00:00+00:00, run_after=2024-11-16 00:00:00+00:00
[2024-11-15T22:00:44.493+0000] {processor.py:183} INFO - Processing /opt/airflow/dags/etl_process_clickup_data.py took 2.049 seconds
[2024-11-15T22:01:14.850+0000] {processor.py:161} INFO - Started process (PID=2055) to work on /opt/airflow/dags/etl_process_clickup_data.py
[2024-11-15T22:01:14.852+0000] {processor.py:830} INFO - Processing file /opt/airflow/dags/etl_process_clickup_data.py for tasks to queue
[2024-11-15T22:01:14.860+0000] {logging_mixin.py:188} INFO - [2024-11-15T22:01:14.857+0000] {dagbag.py:545} INFO - Filling up the DagBag from /opt/airflow/dags/etl_process_clickup_data.py
[2024-11-15T22:01:16.348+0000] {processor.py:840} INFO - DAG(s) 'CLICKUP_DATA_TO_PG' retrieved from /opt/airflow/dags/etl_process_clickup_data.py
[2024-11-15T22:01:16.384+0000] {logging_mixin.py:188} INFO - [2024-11-15T22:01:16.383+0000] {dag.py:3096} INFO - Sync 1 DAGs
[2024-11-15T22:01:16.446+0000] {logging_mixin.py:188} INFO - [2024-11-15T22:01:16.445+0000] {dag.py:3954} INFO - Setting next_dagrun for CLICKUP_DATA_TO_PG to 2024-11-15 00:00:00+00:00, run_after=2024-11-16 00:00:00+00:00
[2024-11-15T22:01:16.489+0000] {processor.py:183} INFO - Processing /opt/airflow/dags/etl_process_clickup_data.py took 1.665 seconds
[2024-11-15T22:01:46.748+0000] {processor.py:161} INFO - Started process (PID=2065) to work on /opt/airflow/dags/etl_process_clickup_data.py
[2024-11-15T22:01:46.752+0000] {processor.py:830} INFO - Processing file /opt/airflow/dags/etl_process_clickup_data.py for tasks to queue
[2024-11-15T22:01:46.757+0000] {logging_mixin.py:188} INFO - [2024-11-15T22:01:46.756+0000] {dagbag.py:545} INFO - Filling up the DagBag from /opt/airflow/dags/etl_process_clickup_data.py
[2024-11-15T22:01:47.682+0000] {processor.py:840} INFO - DAG(s) 'CLICKUP_DATA_TO_PG' retrieved from /opt/airflow/dags/etl_process_clickup_data.py
[2024-11-15T22:01:47.715+0000] {logging_mixin.py:188} INFO - [2024-11-15T22:01:47.714+0000] {dag.py:3096} INFO - Sync 1 DAGs
[2024-11-15T22:01:47.774+0000] {logging_mixin.py:188} INFO - [2024-11-15T22:01:47.774+0000] {dag.py:3954} INFO - Setting next_dagrun for CLICKUP_DATA_TO_PG to 2024-11-15 00:00:00+00:00, run_after=2024-11-16 00:00:00+00:00
[2024-11-15T22:01:47.813+0000] {processor.py:183} INFO - Processing /opt/airflow/dags/etl_process_clickup_data.py took 1.080 seconds
[2024-11-15T22:02:18.156+0000] {processor.py:161} INFO - Started process (PID=2075) to work on /opt/airflow/dags/etl_process_clickup_data.py
[2024-11-15T22:02:18.159+0000] {processor.py:830} INFO - Processing file /opt/airflow/dags/etl_process_clickup_data.py for tasks to queue
[2024-11-15T22:02:18.169+0000] {logging_mixin.py:188} INFO - [2024-11-15T22:02:18.168+0000] {dagbag.py:545} INFO - Filling up the DagBag from /opt/airflow/dags/etl_process_clickup_data.py
[2024-11-15T22:02:19.421+0000] {processor.py:840} INFO - DAG(s) 'CLICKUP_DATA_TO_PG' retrieved from /opt/airflow/dags/etl_process_clickup_data.py
[2024-11-15T22:02:19.461+0000] {logging_mixin.py:188} INFO - [2024-11-15T22:02:19.461+0000] {dag.py:3096} INFO - Sync 1 DAGs
[2024-11-15T22:02:19.505+0000] {logging_mixin.py:188} INFO - [2024-11-15T22:02:19.505+0000] {dag.py:3954} INFO - Setting next_dagrun for CLICKUP_DATA_TO_PG to 2024-11-15 00:00:00+00:00, run_after=2024-11-16 00:00:00+00:00
[2024-11-15T22:02:19.545+0000] {processor.py:183} INFO - Processing /opt/airflow/dags/etl_process_clickup_data.py took 1.409 seconds
[2024-11-15T22:02:49.669+0000] {processor.py:161} INFO - Started process (PID=2085) to work on /opt/airflow/dags/etl_process_clickup_data.py
[2024-11-15T22:02:49.671+0000] {processor.py:830} INFO - Processing file /opt/airflow/dags/etl_process_clickup_data.py for tasks to queue
[2024-11-15T22:02:49.676+0000] {logging_mixin.py:188} INFO - [2024-11-15T22:02:49.675+0000] {dagbag.py:545} INFO - Filling up the DagBag from /opt/airflow/dags/etl_process_clickup_data.py
[2024-11-15T22:02:50.693+0000] {processor.py:840} INFO - DAG(s) 'CLICKUP_DATA_TO_PG' retrieved from /opt/airflow/dags/etl_process_clickup_data.py
[2024-11-15T22:02:50.737+0000] {logging_mixin.py:188} INFO - [2024-11-15T22:02:50.736+0000] {dag.py:3096} INFO - Sync 1 DAGs
[2024-11-15T22:02:50.776+0000] {logging_mixin.py:188} INFO - [2024-11-15T22:02:50.775+0000] {dag.py:3954} INFO - Setting next_dagrun for CLICKUP_DATA_TO_PG to 2024-11-15 00:00:00+00:00, run_after=2024-11-16 00:00:00+00:00
[2024-11-15T22:02:50.984+0000] {processor.py:183} INFO - Processing /opt/airflow/dags/etl_process_clickup_data.py took 1.328 seconds
[2024-11-15T22:03:21.592+0000] {processor.py:161} INFO - Started process (PID=2094) to work on /opt/airflow/dags/etl_process_clickup_data.py
[2024-11-15T22:03:21.597+0000] {processor.py:830} INFO - Processing file /opt/airflow/dags/etl_process_clickup_data.py for tasks to queue
[2024-11-15T22:03:21.606+0000] {logging_mixin.py:188} INFO - [2024-11-15T22:03:21.605+0000] {dagbag.py:545} INFO - Filling up the DagBag from /opt/airflow/dags/etl_process_clickup_data.py
[2024-11-15T22:03:23.034+0000] {processor.py:840} INFO - DAG(s) 'CLICKUP_DATA_TO_PG' retrieved from /opt/airflow/dags/etl_process_clickup_data.py
[2024-11-15T22:03:23.075+0000] {logging_mixin.py:188} INFO - [2024-11-15T22:03:23.074+0000] {dag.py:3096} INFO - Sync 1 DAGs
[2024-11-15T22:03:23.151+0000] {logging_mixin.py:188} INFO - [2024-11-15T22:03:23.151+0000] {dag.py:3954} INFO - Setting next_dagrun for CLICKUP_DATA_TO_PG to 2024-11-15 00:00:00+00:00, run_after=2024-11-16 00:00:00+00:00
[2024-11-15T22:03:23.193+0000] {processor.py:183} INFO - Processing /opt/airflow/dags/etl_process_clickup_data.py took 1.635 seconds
[2024-11-15T22:03:54.085+0000] {processor.py:161} INFO - Started process (PID=2104) to work on /opt/airflow/dags/etl_process_clickup_data.py
[2024-11-15T22:03:54.090+0000] {processor.py:830} INFO - Processing file /opt/airflow/dags/etl_process_clickup_data.py for tasks to queue
[2024-11-15T22:03:54.097+0000] {logging_mixin.py:188} INFO - [2024-11-15T22:03:54.096+0000] {dagbag.py:545} INFO - Filling up the DagBag from /opt/airflow/dags/etl_process_clickup_data.py
[2024-11-15T22:03:56.186+0000] {processor.py:840} INFO - DAG(s) 'CLICKUP_DATA_TO_PG' retrieved from /opt/airflow/dags/etl_process_clickup_data.py
[2024-11-15T22:03:56.237+0000] {logging_mixin.py:188} INFO - [2024-11-15T22:03:56.236+0000] {dag.py:3096} INFO - Sync 1 DAGs
[2024-11-15T22:03:56.296+0000] {logging_mixin.py:188} INFO - [2024-11-15T22:03:56.295+0000] {dag.py:3954} INFO - Setting next_dagrun for CLICKUP_DATA_TO_PG to 2024-11-15 00:00:00+00:00, run_after=2024-11-16 00:00:00+00:00
[2024-11-15T22:03:56.354+0000] {processor.py:183} INFO - Processing /opt/airflow/dags/etl_process_clickup_data.py took 2.291 seconds
[2024-11-15T22:04:26.781+0000] {processor.py:161} INFO - Started process (PID=2113) to work on /opt/airflow/dags/etl_process_clickup_data.py
[2024-11-15T22:04:26.783+0000] {processor.py:830} INFO - Processing file /opt/airflow/dags/etl_process_clickup_data.py for tasks to queue
[2024-11-15T22:04:26.788+0000] {logging_mixin.py:188} INFO - [2024-11-15T22:04:26.788+0000] {dagbag.py:545} INFO - Filling up the DagBag from /opt/airflow/dags/etl_process_clickup_data.py
[2024-11-15T22:04:27.855+0000] {processor.py:840} INFO - DAG(s) 'CLICKUP_DATA_TO_PG' retrieved from /opt/airflow/dags/etl_process_clickup_data.py
[2024-11-15T22:04:27.892+0000] {logging_mixin.py:188} INFO - [2024-11-15T22:04:27.891+0000] {dag.py:3096} INFO - Sync 1 DAGs
[2024-11-15T22:04:27.957+0000] {logging_mixin.py:188} INFO - [2024-11-15T22:04:27.956+0000] {dag.py:3954} INFO - Setting next_dagrun for CLICKUP_DATA_TO_PG to 2024-11-15 00:00:00+00:00, run_after=2024-11-16 00:00:00+00:00
[2024-11-15T22:04:28.007+0000] {processor.py:183} INFO - Processing /opt/airflow/dags/etl_process_clickup_data.py took 1.250 seconds
[2024-11-15T22:04:58.352+0000] {processor.py:161} INFO - Started process (PID=2123) to work on /opt/airflow/dags/etl_process_clickup_data.py
[2024-11-15T22:04:58.355+0000] {processor.py:830} INFO - Processing file /opt/airflow/dags/etl_process_clickup_data.py for tasks to queue
[2024-11-15T22:04:58.359+0000] {logging_mixin.py:188} INFO - [2024-11-15T22:04:58.359+0000] {dagbag.py:545} INFO - Filling up the DagBag from /opt/airflow/dags/etl_process_clickup_data.py
[2024-11-15T22:04:59.632+0000] {processor.py:840} INFO - DAG(s) 'CLICKUP_DATA_TO_PG' retrieved from /opt/airflow/dags/etl_process_clickup_data.py
[2024-11-15T22:04:59.682+0000] {logging_mixin.py:188} INFO - [2024-11-15T22:04:59.680+0000] {dag.py:3096} INFO - Sync 1 DAGs
[2024-11-15T22:04:59.787+0000] {logging_mixin.py:188} INFO - [2024-11-15T22:04:59.786+0000] {dag.py:3954} INFO - Setting next_dagrun for CLICKUP_DATA_TO_PG to 2024-11-15 00:00:00+00:00, run_after=2024-11-16 00:00:00+00:00
[2024-11-15T22:04:59.827+0000] {processor.py:183} INFO - Processing /opt/airflow/dags/etl_process_clickup_data.py took 1.489 seconds
[2024-11-15T22:05:30.222+0000] {processor.py:161} INFO - Started process (PID=2133) to work on /opt/airflow/dags/etl_process_clickup_data.py
[2024-11-15T22:05:30.224+0000] {processor.py:830} INFO - Processing file /opt/airflow/dags/etl_process_clickup_data.py for tasks to queue
[2024-11-15T22:05:30.228+0000] {logging_mixin.py:188} INFO - [2024-11-15T22:05:30.227+0000] {dagbag.py:545} INFO - Filling up the DagBag from /opt/airflow/dags/etl_process_clickup_data.py
[2024-11-15T22:05:31.708+0000] {processor.py:840} INFO - DAG(s) 'CLICKUP_DATA_TO_PG' retrieved from /opt/airflow/dags/etl_process_clickup_data.py
[2024-11-15T22:05:31.838+0000] {logging_mixin.py:188} INFO - [2024-11-15T22:05:31.837+0000] {dag.py:3096} INFO - Sync 1 DAGs
[2024-11-15T22:05:31.918+0000] {logging_mixin.py:188} INFO - [2024-11-15T22:05:31.916+0000] {dag.py:3954} INFO - Setting next_dagrun for CLICKUP_DATA_TO_PG to 2024-11-15 00:00:00+00:00, run_after=2024-11-16 00:00:00+00:00
[2024-11-15T22:05:32.039+0000] {processor.py:183} INFO - Processing /opt/airflow/dags/etl_process_clickup_data.py took 1.830 seconds
[2024-11-15T22:06:02.549+0000] {processor.py:161} INFO - Started process (PID=2144) to work on /opt/airflow/dags/etl_process_clickup_data.py
[2024-11-15T22:06:02.551+0000] {processor.py:830} INFO - Processing file /opt/airflow/dags/etl_process_clickup_data.py for tasks to queue
[2024-11-15T22:06:02.559+0000] {logging_mixin.py:188} INFO - [2024-11-15T22:06:02.558+0000] {dagbag.py:545} INFO - Filling up the DagBag from /opt/airflow/dags/etl_process_clickup_data.py
[2024-11-15T22:06:03.844+0000] {processor.py:840} INFO - DAG(s) 'CLICKUP_DATA_TO_PG' retrieved from /opt/airflow/dags/etl_process_clickup_data.py
[2024-11-15T22:06:03.887+0000] {logging_mixin.py:188} INFO - [2024-11-15T22:06:03.886+0000] {dag.py:3096} INFO - Sync 1 DAGs
[2024-11-15T22:06:03.941+0000] {logging_mixin.py:188} INFO - [2024-11-15T22:06:03.941+0000] {dag.py:3954} INFO - Setting next_dagrun for CLICKUP_DATA_TO_PG to 2024-11-15 00:00:00+00:00, run_after=2024-11-16 00:00:00+00:00
[2024-11-15T22:06:03.987+0000] {processor.py:183} INFO - Processing /opt/airflow/dags/etl_process_clickup_data.py took 1.460 seconds
[2024-11-15T22:06:34.689+0000] {processor.py:161} INFO - Started process (PID=2154) to work on /opt/airflow/dags/etl_process_clickup_data.py
[2024-11-15T22:06:34.693+0000] {processor.py:830} INFO - Processing file /opt/airflow/dags/etl_process_clickup_data.py for tasks to queue
[2024-11-15T22:06:34.775+0000] {logging_mixin.py:188} INFO - [2024-11-15T22:06:34.738+0000] {dagbag.py:545} INFO - Filling up the DagBag from /opt/airflow/dags/etl_process_clickup_data.py
[2024-11-15T22:06:37.530+0000] {processor.py:840} INFO - DAG(s) 'CLICKUP_DATA_TO_PG' retrieved from /opt/airflow/dags/etl_process_clickup_data.py
[2024-11-15T22:06:37.654+0000] {logging_mixin.py:188} INFO - [2024-11-15T22:06:37.653+0000] {dag.py:3096} INFO - Sync 1 DAGs
[2024-11-15T22:06:37.767+0000] {logging_mixin.py:188} INFO - [2024-11-15T22:06:37.765+0000] {dag.py:3954} INFO - Setting next_dagrun for CLICKUP_DATA_TO_PG to 2024-11-15 00:00:00+00:00, run_after=2024-11-16 00:00:00+00:00
[2024-11-15T22:06:37.831+0000] {processor.py:183} INFO - Processing /opt/airflow/dags/etl_process_clickup_data.py took 3.209 seconds
[2024-11-15T22:07:09.078+0000] {processor.py:161} INFO - Started process (PID=2163) to work on /opt/airflow/dags/etl_process_clickup_data.py
[2024-11-15T22:07:09.085+0000] {processor.py:830} INFO - Processing file /opt/airflow/dags/etl_process_clickup_data.py for tasks to queue
[2024-11-15T22:07:09.111+0000] {logging_mixin.py:188} INFO - [2024-11-15T22:07:09.108+0000] {dagbag.py:545} INFO - Filling up the DagBag from /opt/airflow/dags/etl_process_clickup_data.py
[2024-11-15T22:07:12.393+0000] {processor.py:840} INFO - DAG(s) 'CLICKUP_DATA_TO_PG' retrieved from /opt/airflow/dags/etl_process_clickup_data.py
[2024-11-15T22:07:12.473+0000] {logging_mixin.py:188} INFO - [2024-11-15T22:07:12.471+0000] {dag.py:3096} INFO - Sync 1 DAGs
[2024-11-15T22:07:12.563+0000] {logging_mixin.py:188} INFO - [2024-11-15T22:07:12.563+0000] {dag.py:3954} INFO - Setting next_dagrun for CLICKUP_DATA_TO_PG to 2024-11-15 00:00:00+00:00, run_after=2024-11-16 00:00:00+00:00
[2024-11-15T22:07:12.623+0000] {processor.py:183} INFO - Processing /opt/airflow/dags/etl_process_clickup_data.py took 3.571 seconds
[2024-11-15T22:07:43.628+0000] {processor.py:161} INFO - Started process (PID=2173) to work on /opt/airflow/dags/etl_process_clickup_data.py
[2024-11-15T22:07:43.630+0000] {processor.py:830} INFO - Processing file /opt/airflow/dags/etl_process_clickup_data.py for tasks to queue
[2024-11-15T22:07:43.634+0000] {logging_mixin.py:188} INFO - [2024-11-15T22:07:43.634+0000] {dagbag.py:545} INFO - Filling up the DagBag from /opt/airflow/dags/etl_process_clickup_data.py
[2024-11-15T22:07:44.928+0000] {processor.py:840} INFO - DAG(s) 'CLICKUP_DATA_TO_PG' retrieved from /opt/airflow/dags/etl_process_clickup_data.py
[2024-11-15T22:07:44.970+0000] {logging_mixin.py:188} INFO - [2024-11-15T22:07:44.969+0000] {dag.py:3096} INFO - Sync 1 DAGs
[2024-11-15T22:07:45.021+0000] {logging_mixin.py:188} INFO - [2024-11-15T22:07:45.021+0000] {dag.py:3954} INFO - Setting next_dagrun for CLICKUP_DATA_TO_PG to 2024-11-15 00:00:00+00:00, run_after=2024-11-16 00:00:00+00:00
[2024-11-15T22:07:45.073+0000] {processor.py:183} INFO - Processing /opt/airflow/dags/etl_process_clickup_data.py took 1.461 seconds
[2024-11-15T22:08:15.329+0000] {processor.py:161} INFO - Started process (PID=2183) to work on /opt/airflow/dags/etl_process_clickup_data.py
[2024-11-15T22:08:15.331+0000] {processor.py:830} INFO - Processing file /opt/airflow/dags/etl_process_clickup_data.py for tasks to queue
[2024-11-15T22:08:15.337+0000] {logging_mixin.py:188} INFO - [2024-11-15T22:08:15.336+0000] {dagbag.py:545} INFO - Filling up the DagBag from /opt/airflow/dags/etl_process_clickup_data.py
[2024-11-15T22:08:16.557+0000] {processor.py:840} INFO - DAG(s) 'CLICKUP_DATA_TO_PG' retrieved from /opt/airflow/dags/etl_process_clickup_data.py
[2024-11-15T22:08:16.590+0000] {logging_mixin.py:188} INFO - [2024-11-15T22:08:16.589+0000] {dag.py:3096} INFO - Sync 1 DAGs
[2024-11-15T22:08:16.630+0000] {logging_mixin.py:188} INFO - [2024-11-15T22:08:16.630+0000] {dag.py:3954} INFO - Setting next_dagrun for CLICKUP_DATA_TO_PG to 2024-11-15 00:00:00+00:00, run_after=2024-11-16 00:00:00+00:00
[2024-11-15T22:08:16.665+0000] {processor.py:183} INFO - Processing /opt/airflow/dags/etl_process_clickup_data.py took 1.352 seconds
[2024-11-15T22:08:47.005+0000] {processor.py:161} INFO - Started process (PID=2199) to work on /opt/airflow/dags/etl_process_clickup_data.py
[2024-11-15T22:08:47.008+0000] {processor.py:830} INFO - Processing file /opt/airflow/dags/etl_process_clickup_data.py for tasks to queue
[2024-11-15T22:08:47.013+0000] {logging_mixin.py:188} INFO - [2024-11-15T22:08:47.012+0000] {dagbag.py:545} INFO - Filling up the DagBag from /opt/airflow/dags/etl_process_clickup_data.py
[2024-11-15T22:08:47.968+0000] {processor.py:840} INFO - DAG(s) 'CLICKUP_DATA_TO_PG' retrieved from /opt/airflow/dags/etl_process_clickup_data.py
[2024-11-15T22:08:48.000+0000] {logging_mixin.py:188} INFO - [2024-11-15T22:08:47.998+0000] {dag.py:3096} INFO - Sync 1 DAGs
[2024-11-15T22:08:48.044+0000] {logging_mixin.py:188} INFO - [2024-11-15T22:08:48.044+0000] {dag.py:3954} INFO - Setting next_dagrun for CLICKUP_DATA_TO_PG to 2024-11-15 00:00:00+00:00, run_after=2024-11-16 00:00:00+00:00
[2024-11-15T22:08:48.074+0000] {processor.py:183} INFO - Processing /opt/airflow/dags/etl_process_clickup_data.py took 1.086 seconds
[2024-11-15T22:09:18.658+0000] {processor.py:161} INFO - Started process (PID=2208) to work on /opt/airflow/dags/etl_process_clickup_data.py
[2024-11-15T22:09:18.666+0000] {processor.py:830} INFO - Processing file /opt/airflow/dags/etl_process_clickup_data.py for tasks to queue
[2024-11-15T22:09:18.675+0000] {logging_mixin.py:188} INFO - [2024-11-15T22:09:18.673+0000] {dagbag.py:545} INFO - Filling up the DagBag from /opt/airflow/dags/etl_process_clickup_data.py
[2024-11-15T22:09:25.029+0000] {processor.py:840} INFO - DAG(s) 'CLICKUP_DATA_TO_PG' retrieved from /opt/airflow/dags/etl_process_clickup_data.py
[2024-11-15T22:09:25.187+0000] {logging_mixin.py:188} INFO - [2024-11-15T22:09:25.179+0000] {dag.py:3096} INFO - Sync 1 DAGs
[2024-11-15T22:09:25.424+0000] {logging_mixin.py:188} INFO - [2024-11-15T22:09:25.423+0000] {dag.py:3954} INFO - Setting next_dagrun for CLICKUP_DATA_TO_PG to 2024-11-15 00:00:00+00:00, run_after=2024-11-16 00:00:00+00:00
[2024-11-15T22:09:25.502+0000] {processor.py:183} INFO - Processing /opt/airflow/dags/etl_process_clickup_data.py took 6.897 seconds
[2024-11-15T22:09:55.694+0000] {processor.py:161} INFO - Started process (PID=2218) to work on /opt/airflow/dags/etl_process_clickup_data.py
[2024-11-15T22:09:55.696+0000] {processor.py:830} INFO - Processing file /opt/airflow/dags/etl_process_clickup_data.py for tasks to queue
[2024-11-15T22:09:55.701+0000] {logging_mixin.py:188} INFO - [2024-11-15T22:09:55.700+0000] {dagbag.py:545} INFO - Filling up the DagBag from /opt/airflow/dags/etl_process_clickup_data.py
[2024-11-15T22:09:57.037+0000] {processor.py:840} INFO - DAG(s) 'CLICKUP_DATA_TO_PG' retrieved from /opt/airflow/dags/etl_process_clickup_data.py
[2024-11-15T22:09:57.067+0000] {logging_mixin.py:188} INFO - [2024-11-15T22:09:57.066+0000] {dag.py:3096} INFO - Sync 1 DAGs
[2024-11-15T22:09:57.114+0000] {logging_mixin.py:188} INFO - [2024-11-15T22:09:57.113+0000] {dag.py:3954} INFO - Setting next_dagrun for CLICKUP_DATA_TO_PG to 2024-11-15 00:00:00+00:00, run_after=2024-11-16 00:00:00+00:00
[2024-11-15T22:09:57.156+0000] {processor.py:183} INFO - Processing /opt/airflow/dags/etl_process_clickup_data.py took 1.494 seconds
[2024-11-15T22:10:27.740+0000] {processor.py:161} INFO - Started process (PID=2228) to work on /opt/airflow/dags/etl_process_clickup_data.py
[2024-11-15T22:10:27.742+0000] {processor.py:830} INFO - Processing file /opt/airflow/dags/etl_process_clickup_data.py for tasks to queue
[2024-11-15T22:10:27.745+0000] {logging_mixin.py:188} INFO - [2024-11-15T22:10:27.744+0000] {dagbag.py:545} INFO - Filling up the DagBag from /opt/airflow/dags/etl_process_clickup_data.py
[2024-11-15T22:10:28.524+0000] {processor.py:840} INFO - DAG(s) 'CLICKUP_DATA_TO_PG' retrieved from /opt/airflow/dags/etl_process_clickup_data.py
[2024-11-15T22:10:28.546+0000] {logging_mixin.py:188} INFO - [2024-11-15T22:10:28.545+0000] {dag.py:3096} INFO - Sync 1 DAGs
[2024-11-15T22:10:28.575+0000] {logging_mixin.py:188} INFO - [2024-11-15T22:10:28.574+0000] {dag.py:3954} INFO - Setting next_dagrun for CLICKUP_DATA_TO_PG to 2024-11-15 00:00:00+00:00, run_after=2024-11-16 00:00:00+00:00
[2024-11-15T22:10:28.605+0000] {processor.py:183} INFO - Processing /opt/airflow/dags/etl_process_clickup_data.py took 0.876 seconds
[2024-11-15T22:10:59.064+0000] {processor.py:161} INFO - Started process (PID=2238) to work on /opt/airflow/dags/etl_process_clickup_data.py
[2024-11-15T22:10:59.070+0000] {processor.py:830} INFO - Processing file /opt/airflow/dags/etl_process_clickup_data.py for tasks to queue
[2024-11-15T22:10:59.073+0000] {logging_mixin.py:188} INFO - [2024-11-15T22:10:59.073+0000] {dagbag.py:545} INFO - Filling up the DagBag from /opt/airflow/dags/etl_process_clickup_data.py
[2024-11-15T22:10:59.768+0000] {processor.py:840} INFO - DAG(s) 'CLICKUP_DATA_TO_PG' retrieved from /opt/airflow/dags/etl_process_clickup_data.py
[2024-11-15T22:10:59.792+0000] {logging_mixin.py:188} INFO - [2024-11-15T22:10:59.791+0000] {dag.py:3096} INFO - Sync 1 DAGs
[2024-11-15T22:10:59.845+0000] {logging_mixin.py:188} INFO - [2024-11-15T22:10:59.845+0000] {dag.py:3954} INFO - Setting next_dagrun for CLICKUP_DATA_TO_PG to 2024-11-15 00:00:00+00:00, run_after=2024-11-16 00:00:00+00:00
[2024-11-15T22:10:59.875+0000] {processor.py:183} INFO - Processing /opt/airflow/dags/etl_process_clickup_data.py took 0.821 seconds
[2024-11-15T22:11:30.167+0000] {processor.py:161} INFO - Started process (PID=2248) to work on /opt/airflow/dags/etl_process_clickup_data.py
[2024-11-15T22:11:30.168+0000] {processor.py:830} INFO - Processing file /opt/airflow/dags/etl_process_clickup_data.py for tasks to queue
[2024-11-15T22:11:30.172+0000] {logging_mixin.py:188} INFO - [2024-11-15T22:11:30.171+0000] {dagbag.py:545} INFO - Filling up the DagBag from /opt/airflow/dags/etl_process_clickup_data.py
[2024-11-15T22:11:30.911+0000] {processor.py:840} INFO - DAG(s) 'CLICKUP_DATA_TO_PG' retrieved from /opt/airflow/dags/etl_process_clickup_data.py
[2024-11-15T22:11:30.951+0000] {logging_mixin.py:188} INFO - [2024-11-15T22:11:30.950+0000] {dag.py:3096} INFO - Sync 1 DAGs
[2024-11-15T22:11:30.981+0000] {logging_mixin.py:188} INFO - [2024-11-15T22:11:30.981+0000] {dag.py:3954} INFO - Setting next_dagrun for CLICKUP_DATA_TO_PG to 2024-11-15 00:00:00+00:00, run_after=2024-11-16 00:00:00+00:00
[2024-11-15T22:11:31.005+0000] {processor.py:183} INFO - Processing /opt/airflow/dags/etl_process_clickup_data.py took 0.854 seconds
[2024-11-15T22:12:01.326+0000] {processor.py:161} INFO - Started process (PID=2258) to work on /opt/airflow/dags/etl_process_clickup_data.py
[2024-11-15T22:12:01.329+0000] {processor.py:830} INFO - Processing file /opt/airflow/dags/etl_process_clickup_data.py for tasks to queue
[2024-11-15T22:12:01.334+0000] {logging_mixin.py:188} INFO - [2024-11-15T22:12:01.333+0000] {dagbag.py:545} INFO - Filling up the DagBag from /opt/airflow/dags/etl_process_clickup_data.py
[2024-11-15T22:12:03.137+0000] {processor.py:840} INFO - DAG(s) 'CLICKUP_DATA_TO_PG' retrieved from /opt/airflow/dags/etl_process_clickup_data.py
[2024-11-15T22:12:03.196+0000] {logging_mixin.py:188} INFO - [2024-11-15T22:12:03.195+0000] {dag.py:3096} INFO - Sync 1 DAGs
[2024-11-15T22:12:03.298+0000] {logging_mixin.py:188} INFO - [2024-11-15T22:12:03.297+0000] {dag.py:3954} INFO - Setting next_dagrun for CLICKUP_DATA_TO_PG to 2024-11-15 00:00:00+00:00, run_after=2024-11-16 00:00:00+00:00
[2024-11-15T22:12:03.431+0000] {processor.py:183} INFO - Processing /opt/airflow/dags/etl_process_clickup_data.py took 2.136 seconds
[2024-11-15T22:12:33.657+0000] {processor.py:161} INFO - Started process (PID=2268) to work on /opt/airflow/dags/etl_process_clickup_data.py
[2024-11-15T22:12:33.659+0000] {processor.py:830} INFO - Processing file /opt/airflow/dags/etl_process_clickup_data.py for tasks to queue
[2024-11-15T22:12:33.663+0000] {logging_mixin.py:188} INFO - [2024-11-15T22:12:33.662+0000] {dagbag.py:545} INFO - Filling up the DagBag from /opt/airflow/dags/etl_process_clickup_data.py
[2024-11-15T22:12:34.570+0000] {processor.py:840} INFO - DAG(s) 'CLICKUP_DATA_TO_PG' retrieved from /opt/airflow/dags/etl_process_clickup_data.py
[2024-11-15T22:12:34.602+0000] {logging_mixin.py:188} INFO - [2024-11-15T22:12:34.602+0000] {dag.py:3096} INFO - Sync 1 DAGs
[2024-11-15T22:12:34.643+0000] {logging_mixin.py:188} INFO - [2024-11-15T22:12:34.643+0000] {dag.py:3954} INFO - Setting next_dagrun for CLICKUP_DATA_TO_PG to 2024-11-15 00:00:00+00:00, run_after=2024-11-16 00:00:00+00:00
[2024-11-15T22:12:34.682+0000] {processor.py:183} INFO - Processing /opt/airflow/dags/etl_process_clickup_data.py took 1.037 seconds
[2024-11-15T22:13:04.872+0000] {processor.py:161} INFO - Started process (PID=2279) to work on /opt/airflow/dags/etl_process_clickup_data.py
[2024-11-15T22:13:04.876+0000] {processor.py:830} INFO - Processing file /opt/airflow/dags/etl_process_clickup_data.py for tasks to queue
[2024-11-15T22:13:04.889+0000] {logging_mixin.py:188} INFO - [2024-11-15T22:13:04.888+0000] {dagbag.py:545} INFO - Filling up the DagBag from /opt/airflow/dags/etl_process_clickup_data.py
[2024-11-15T22:13:07.030+0000] {processor.py:840} INFO - DAG(s) 'CLICKUP_DATA_TO_PG' retrieved from /opt/airflow/dags/etl_process_clickup_data.py
[2024-11-15T22:13:07.102+0000] {logging_mixin.py:188} INFO - [2024-11-15T22:13:07.101+0000] {dag.py:3096} INFO - Sync 1 DAGs
[2024-11-15T22:13:07.226+0000] {logging_mixin.py:188} INFO - [2024-11-15T22:13:07.226+0000] {dag.py:3954} INFO - Setting next_dagrun for CLICKUP_DATA_TO_PG to 2024-11-15 00:00:00+00:00, run_after=2024-11-16 00:00:00+00:00
[2024-11-15T22:13:07.275+0000] {processor.py:183} INFO - Processing /opt/airflow/dags/etl_process_clickup_data.py took 2.432 seconds
[2024-11-15T22:13:37.728+0000] {processor.py:161} INFO - Started process (PID=2289) to work on /opt/airflow/dags/etl_process_clickup_data.py
[2024-11-15T22:13:37.730+0000] {processor.py:830} INFO - Processing file /opt/airflow/dags/etl_process_clickup_data.py for tasks to queue
[2024-11-15T22:13:37.734+0000] {logging_mixin.py:188} INFO - [2024-11-15T22:13:37.733+0000] {dagbag.py:545} INFO - Filling up the DagBag from /opt/airflow/dags/etl_process_clickup_data.py
[2024-11-15T22:13:38.560+0000] {processor.py:840} INFO - DAG(s) 'CLICKUP_DATA_TO_PG' retrieved from /opt/airflow/dags/etl_process_clickup_data.py
[2024-11-15T22:13:38.604+0000] {logging_mixin.py:188} INFO - [2024-11-15T22:13:38.604+0000] {dag.py:3096} INFO - Sync 1 DAGs
[2024-11-15T22:13:38.642+0000] {logging_mixin.py:188} INFO - [2024-11-15T22:13:38.642+0000] {dag.py:3954} INFO - Setting next_dagrun for CLICKUP_DATA_TO_PG to 2024-11-15 00:00:00+00:00, run_after=2024-11-16 00:00:00+00:00
[2024-11-15T22:13:38.670+0000] {processor.py:183} INFO - Processing /opt/airflow/dags/etl_process_clickup_data.py took 0.953 seconds
[2024-11-15T22:14:03.134+0000] {processor.py:161} INFO - Started process (PID=2299) to work on /opt/airflow/dags/etl_process_clickup_data.py
[2024-11-15T22:14:03.136+0000] {processor.py:830} INFO - Processing file /opt/airflow/dags/etl_process_clickup_data.py for tasks to queue
[2024-11-15T22:14:03.141+0000] {logging_mixin.py:188} INFO - [2024-11-15T22:14:03.140+0000] {dagbag.py:545} INFO - Filling up the DagBag from /opt/airflow/dags/etl_process_clickup_data.py
[2024-11-15T22:14:04.809+0000] {processor.py:840} INFO - DAG(s) 'CLICKUP_DATA_TO_PG' retrieved from /opt/airflow/dags/etl_process_clickup_data.py
[2024-11-15T22:14:04.850+0000] {logging_mixin.py:188} INFO - [2024-11-15T22:14:04.850+0000] {dag.py:3096} INFO - Sync 1 DAGs
[2024-11-15T22:14:04.912+0000] {logging_mixin.py:188} INFO - [2024-11-15T22:14:04.912+0000] {dag.py:3954} INFO - Setting next_dagrun for CLICKUP_DATA_TO_PG to 2024-11-15 00:00:00+00:00, run_after=2024-11-16 00:00:00+00:00
[2024-11-15T22:14:04.987+0000] {processor.py:183} INFO - Processing /opt/airflow/dags/etl_process_clickup_data.py took 1.863 seconds
[2024-11-15T22:14:13.722+0000] {processor.py:161} INFO - Started process (PID=2301) to work on /opt/airflow/dags/etl_process_clickup_data.py
[2024-11-15T22:14:13.723+0000] {processor.py:830} INFO - Processing file /opt/airflow/dags/etl_process_clickup_data.py for tasks to queue
[2024-11-15T22:14:13.728+0000] {logging_mixin.py:188} INFO - [2024-11-15T22:14:13.727+0000] {dagbag.py:545} INFO - Filling up the DagBag from /opt/airflow/dags/etl_process_clickup_data.py
[2024-11-15T22:14:14.945+0000] {processor.py:840} INFO - DAG(s) 'CLICKUP_DATA_TO_PG' retrieved from /opt/airflow/dags/etl_process_clickup_data.py
[2024-11-15T22:14:14.973+0000] {logging_mixin.py:188} INFO - [2024-11-15T22:14:14.972+0000] {dag.py:3096} INFO - Sync 1 DAGs
[2024-11-15T22:14:15.011+0000] {logging_mixin.py:188} INFO - [2024-11-15T22:14:15.011+0000] {dag.py:3954} INFO - Setting next_dagrun for CLICKUP_DATA_TO_PG to 2024-11-15 00:00:00+00:00, run_after=2024-11-16 00:00:00+00:00
[2024-11-15T22:14:15.045+0000] {processor.py:183} INFO - Processing /opt/airflow/dags/etl_process_clickup_data.py took 1.335 seconds
[2024-11-15T22:14:45.192+0000] {processor.py:161} INFO - Started process (PID=2315) to work on /opt/airflow/dags/etl_process_clickup_data.py
[2024-11-15T22:14:45.193+0000] {processor.py:830} INFO - Processing file /opt/airflow/dags/etl_process_clickup_data.py for tasks to queue
[2024-11-15T22:14:45.197+0000] {logging_mixin.py:188} INFO - [2024-11-15T22:14:45.197+0000] {dagbag.py:545} INFO - Filling up the DagBag from /opt/airflow/dags/etl_process_clickup_data.py
[2024-11-15T22:14:46.477+0000] {processor.py:840} INFO - DAG(s) 'CLICKUP_DATA_TO_PG' retrieved from /opt/airflow/dags/etl_process_clickup_data.py
[2024-11-15T22:14:46.515+0000] {logging_mixin.py:188} INFO - [2024-11-15T22:14:46.514+0000] {dag.py:3096} INFO - Sync 1 DAGs
[2024-11-15T22:14:46.565+0000] {logging_mixin.py:188} INFO - [2024-11-15T22:14:46.565+0000] {dag.py:3954} INFO - Setting next_dagrun for CLICKUP_DATA_TO_PG to 2024-11-15 00:00:00+00:00, run_after=2024-11-16 00:00:00+00:00
[2024-11-15T22:14:46.606+0000] {processor.py:183} INFO - Processing /opt/airflow/dags/etl_process_clickup_data.py took 1.429 seconds
[2024-11-15T22:15:17.046+0000] {processor.py:161} INFO - Started process (PID=2325) to work on /opt/airflow/dags/etl_process_clickup_data.py
[2024-11-15T22:15:17.067+0000] {processor.py:830} INFO - Processing file /opt/airflow/dags/etl_process_clickup_data.py for tasks to queue
[2024-11-15T22:15:17.194+0000] {logging_mixin.py:188} INFO - [2024-11-15T22:15:17.114+0000] {dagbag.py:545} INFO - Filling up the DagBag from /opt/airflow/dags/etl_process_clickup_data.py
[2024-11-15T22:15:22.983+0000] {processor.py:840} INFO - DAG(s) 'CLICKUP_DATA_TO_PG' retrieved from /opt/airflow/dags/etl_process_clickup_data.py
[2024-11-15T22:15:23.179+0000] {logging_mixin.py:188} INFO - [2024-11-15T22:15:23.176+0000] {dag.py:3096} INFO - Sync 1 DAGs
[2024-11-15T22:15:23.287+0000] {logging_mixin.py:188} INFO - [2024-11-15T22:15:23.287+0000] {dag.py:3954} INFO - Setting next_dagrun for CLICKUP_DATA_TO_PG to 2024-11-15 00:00:00+00:00, run_after=2024-11-16 00:00:00+00:00
[2024-11-15T22:15:23.332+0000] {processor.py:183} INFO - Processing /opt/airflow/dags/etl_process_clickup_data.py took 6.499 seconds
[2024-11-15T22:15:53.886+0000] {processor.py:161} INFO - Started process (PID=2341) to work on /opt/airflow/dags/etl_process_clickup_data.py
[2024-11-15T22:15:53.889+0000] {processor.py:830} INFO - Processing file /opt/airflow/dags/etl_process_clickup_data.py for tasks to queue
[2024-11-15T22:15:53.896+0000] {logging_mixin.py:188} INFO - [2024-11-15T22:15:53.895+0000] {dagbag.py:545} INFO - Filling up the DagBag from /opt/airflow/dags/etl_process_clickup_data.py
[2024-11-15T22:15:54.894+0000] {processor.py:840} INFO - DAG(s) 'CLICKUP_DATA_TO_PG' retrieved from /opt/airflow/dags/etl_process_clickup_data.py
[2024-11-15T22:15:54.944+0000] {logging_mixin.py:188} INFO - [2024-11-15T22:15:54.943+0000] {dag.py:3096} INFO - Sync 1 DAGs
[2024-11-15T22:15:54.998+0000] {logging_mixin.py:188} INFO - [2024-11-15T22:15:54.997+0000] {dag.py:3954} INFO - Setting next_dagrun for CLICKUP_DATA_TO_PG to 2024-11-15 00:00:00+00:00, run_after=2024-11-16 00:00:00+00:00
[2024-11-15T22:15:55.053+0000] {processor.py:183} INFO - Processing /opt/airflow/dags/etl_process_clickup_data.py took 1.185 seconds
[2024-11-15T22:16:25.772+0000] {processor.py:161} INFO - Started process (PID=2351) to work on /opt/airflow/dags/etl_process_clickup_data.py
[2024-11-15T22:16:25.775+0000] {processor.py:830} INFO - Processing file /opt/airflow/dags/etl_process_clickup_data.py for tasks to queue
[2024-11-15T22:16:25.781+0000] {logging_mixin.py:188} INFO - [2024-11-15T22:16:25.780+0000] {dagbag.py:545} INFO - Filling up the DagBag from /opt/airflow/dags/etl_process_clickup_data.py
[2024-11-15T22:16:27.268+0000] {processor.py:840} INFO - DAG(s) 'CLICKUP_DATA_TO_PG' retrieved from /opt/airflow/dags/etl_process_clickup_data.py
[2024-11-15T22:16:27.305+0000] {logging_mixin.py:188} INFO - [2024-11-15T22:16:27.304+0000] {dag.py:3096} INFO - Sync 1 DAGs
[2024-11-15T22:16:27.357+0000] {logging_mixin.py:188} INFO - [2024-11-15T22:16:27.356+0000] {dag.py:3954} INFO - Setting next_dagrun for CLICKUP_DATA_TO_PG to 2024-11-15 00:00:00+00:00, run_after=2024-11-16 00:00:00+00:00
[2024-11-15T22:16:27.400+0000] {processor.py:183} INFO - Processing /opt/airflow/dags/etl_process_clickup_data.py took 1.648 seconds
[2024-11-15T22:16:57.679+0000] {processor.py:161} INFO - Started process (PID=2362) to work on /opt/airflow/dags/etl_process_clickup_data.py
[2024-11-15T22:16:57.681+0000] {processor.py:830} INFO - Processing file /opt/airflow/dags/etl_process_clickup_data.py for tasks to queue
[2024-11-15T22:16:57.685+0000] {logging_mixin.py:188} INFO - [2024-11-15T22:16:57.685+0000] {dagbag.py:545} INFO - Filling up the DagBag from /opt/airflow/dags/etl_process_clickup_data.py
[2024-11-15T22:16:58.966+0000] {processor.py:840} INFO - DAG(s) 'CLICKUP_DATA_TO_PG' retrieved from /opt/airflow/dags/etl_process_clickup_data.py
[2024-11-15T22:16:59.031+0000] {logging_mixin.py:188} INFO - [2024-11-15T22:16:59.029+0000] {dag.py:3096} INFO - Sync 1 DAGs
[2024-11-15T22:16:59.113+0000] {logging_mixin.py:188} INFO - [2024-11-15T22:16:59.113+0000] {dag.py:3954} INFO - Setting next_dagrun for CLICKUP_DATA_TO_PG to 2024-11-15 00:00:00+00:00, run_after=2024-11-16 00:00:00+00:00
[2024-11-15T22:16:59.169+0000] {processor.py:183} INFO - Processing /opt/airflow/dags/etl_process_clickup_data.py took 1.503 seconds
[2024-11-15T22:17:29.427+0000] {processor.py:161} INFO - Started process (PID=2372) to work on /opt/airflow/dags/etl_process_clickup_data.py
[2024-11-15T22:17:29.430+0000] {processor.py:830} INFO - Processing file /opt/airflow/dags/etl_process_clickup_data.py for tasks to queue
[2024-11-15T22:17:29.438+0000] {logging_mixin.py:188} INFO - [2024-11-15T22:17:29.436+0000] {dagbag.py:545} INFO - Filling up the DagBag from /opt/airflow/dags/etl_process_clickup_data.py
[2024-11-15T22:17:31.053+0000] {processor.py:840} INFO - DAG(s) 'CLICKUP_DATA_TO_PG' retrieved from /opt/airflow/dags/etl_process_clickup_data.py
[2024-11-15T22:17:31.090+0000] {logging_mixin.py:188} INFO - [2024-11-15T22:17:31.088+0000] {dag.py:3096} INFO - Sync 1 DAGs
[2024-11-15T22:17:31.182+0000] {logging_mixin.py:188} INFO - [2024-11-15T22:17:31.182+0000] {dag.py:3954} INFO - Setting next_dagrun for CLICKUP_DATA_TO_PG to 2024-11-15 00:00:00+00:00, run_after=2024-11-16 00:00:00+00:00
[2024-11-15T22:17:31.269+0000] {processor.py:183} INFO - Processing /opt/airflow/dags/etl_process_clickup_data.py took 1.862 seconds
[2024-11-15T22:18:01.392+0000] {processor.py:161} INFO - Started process (PID=2380) to work on /opt/airflow/dags/etl_process_clickup_data.py
[2024-11-15T22:18:01.394+0000] {processor.py:830} INFO - Processing file /opt/airflow/dags/etl_process_clickup_data.py for tasks to queue
[2024-11-15T22:18:01.398+0000] {logging_mixin.py:188} INFO - [2024-11-15T22:18:01.397+0000] {dagbag.py:545} INFO - Filling up the DagBag from /opt/airflow/dags/etl_process_clickup_data.py
[2024-11-15T22:18:02.615+0000] {processor.py:840} INFO - DAG(s) 'CLICKUP_DATA_TO_PG' retrieved from /opt/airflow/dags/etl_process_clickup_data.py
[2024-11-15T22:18:02.687+0000] {logging_mixin.py:188} INFO - [2024-11-15T22:18:02.680+0000] {dag.py:3096} INFO - Sync 1 DAGs
[2024-11-15T22:18:02.850+0000] {logging_mixin.py:188} INFO - [2024-11-15T22:18:02.849+0000] {dag.py:3954} INFO - Setting next_dagrun for CLICKUP_DATA_TO_PG to 2024-11-15 00:00:00+00:00, run_after=2024-11-16 00:00:00+00:00
[2024-11-15T22:18:02.981+0000] {processor.py:183} INFO - Processing /opt/airflow/dags/etl_process_clickup_data.py took 1.605 seconds
[2024-11-15T22:18:34.037+0000] {processor.py:161} INFO - Started process (PID=2390) to work on /opt/airflow/dags/etl_process_clickup_data.py
[2024-11-15T22:18:34.049+0000] {processor.py:830} INFO - Processing file /opt/airflow/dags/etl_process_clickup_data.py for tasks to queue
[2024-11-15T22:18:34.067+0000] {logging_mixin.py:188} INFO - [2024-11-15T22:18:34.066+0000] {dagbag.py:545} INFO - Filling up the DagBag from /opt/airflow/dags/etl_process_clickup_data.py
[2024-11-15T22:18:36.526+0000] {processor.py:840} INFO - DAG(s) 'CLICKUP_DATA_TO_PG' retrieved from /opt/airflow/dags/etl_process_clickup_data.py
[2024-11-15T22:18:36.576+0000] {logging_mixin.py:188} INFO - [2024-11-15T22:18:36.575+0000] {dag.py:3096} INFO - Sync 1 DAGs
[2024-11-15T22:18:36.682+0000] {logging_mixin.py:188} INFO - [2024-11-15T22:18:36.681+0000] {dag.py:3954} INFO - Setting next_dagrun for CLICKUP_DATA_TO_PG to 2024-11-15 00:00:00+00:00, run_after=2024-11-16 00:00:00+00:00
[2024-11-15T22:18:36.774+0000] {processor.py:183} INFO - Processing /opt/airflow/dags/etl_process_clickup_data.py took 2.803 seconds
[2024-11-15T22:19:07.233+0000] {processor.py:161} INFO - Started process (PID=2400) to work on /opt/airflow/dags/etl_process_clickup_data.py
[2024-11-15T22:19:07.255+0000] {processor.py:830} INFO - Processing file /opt/airflow/dags/etl_process_clickup_data.py for tasks to queue
[2024-11-15T22:19:07.262+0000] {logging_mixin.py:188} INFO - [2024-11-15T22:19:07.261+0000] {dagbag.py:545} INFO - Filling up the DagBag from /opt/airflow/dags/etl_process_clickup_data.py
[2024-11-15T22:19:08.162+0000] {processor.py:840} INFO - DAG(s) 'CLICKUP_DATA_TO_PG' retrieved from /opt/airflow/dags/etl_process_clickup_data.py
[2024-11-15T22:19:08.191+0000] {logging_mixin.py:188} INFO - [2024-11-15T22:19:08.190+0000] {dag.py:3096} INFO - Sync 1 DAGs
[2024-11-15T22:19:08.234+0000] {logging_mixin.py:188} INFO - [2024-11-15T22:19:08.234+0000] {dag.py:3954} INFO - Setting next_dagrun for CLICKUP_DATA_TO_PG to 2024-11-15 00:00:00+00:00, run_after=2024-11-16 00:00:00+00:00
[2024-11-15T22:19:08.267+0000] {processor.py:183} INFO - Processing /opt/airflow/dags/etl_process_clickup_data.py took 1.071 seconds
