[2024-11-15T14:59:34.389+0000] {processor.py:161} INFO - Started process (PID=180) to work on /opt/airflow/dags/etl_sheets_to_postgres.py
[2024-11-15T14:59:34.390+0000] {processor.py:830} INFO - Processing file /opt/airflow/dags/etl_sheets_to_postgres.py for tasks to queue
[2024-11-15T14:59:34.393+0000] {logging_mixin.py:188} INFO - [2024-11-15T14:59:34.392+0000] {dagbag.py:545} INFO - Filling up the DagBag from /opt/airflow/dags/etl_sheets_to_postgres.py
[2024-11-15T14:59:36.184+0000] {processor.py:840} INFO - DAG(s) 'download_google_sheet' retrieved from /opt/airflow/dags/etl_sheets_to_postgres.py
[2024-11-15T14:59:36.419+0000] {logging_mixin.py:188} INFO - [2024-11-15T14:59:36.418+0000] {override.py:1829} INFO - Created Permission View: can read on DAG:download_google_sheet
[2024-11-15T14:59:36.427+0000] {logging_mixin.py:188} INFO - [2024-11-15T14:59:36.427+0000] {override.py:1829} INFO - Created Permission View: can delete on DAG:download_google_sheet
[2024-11-15T14:59:36.437+0000] {logging_mixin.py:188} INFO - [2024-11-15T14:59:36.436+0000] {override.py:1829} INFO - Created Permission View: can edit on DAG:download_google_sheet
[2024-11-15T14:59:36.437+0000] {logging_mixin.py:188} INFO - [2024-11-15T14:59:36.437+0000] {dag.py:3096} INFO - Sync 1 DAGs
[2024-11-15T14:59:36.448+0000] {logging_mixin.py:188} INFO - [2024-11-15T14:59:36.448+0000] {dag.py:3118} INFO - Creating ORM DAG for download_google_sheet
[2024-11-15T14:59:36.463+0000] {logging_mixin.py:188} INFO - [2024-11-15T14:59:36.463+0000] {dag.py:3954} INFO - Setting next_dagrun for download_google_sheet to 2024-11-14 00:00:00+00:00, run_after=2024-11-15 00:00:00+00:00
[2024-11-15T14:59:36.526+0000] {processor.py:183} INFO - Processing /opt/airflow/dags/etl_sheets_to_postgres.py took 2.144 seconds
[2024-11-15T15:00:03.768+0000] {processor.py:161} INFO - Started process (PID=188) to work on /opt/airflow/dags/etl_sheets_to_postgres.py
[2024-11-15T15:00:03.770+0000] {processor.py:830} INFO - Processing file /opt/airflow/dags/etl_sheets_to_postgres.py for tasks to queue
[2024-11-15T15:00:03.773+0000] {logging_mixin.py:188} INFO - [2024-11-15T15:00:03.773+0000] {dagbag.py:545} INFO - Filling up the DagBag from /opt/airflow/dags/etl_sheets_to_postgres.py
[2024-11-15T15:00:04.237+0000] {processor.py:840} INFO - DAG(s) 'download_google_sheet' retrieved from /opt/airflow/dags/etl_sheets_to_postgres.py
[2024-11-15T15:00:04.252+0000] {logging_mixin.py:188} INFO - [2024-11-15T15:00:04.251+0000] {dag.py:3096} INFO - Sync 1 DAGs
[2024-11-15T15:00:04.289+0000] {logging_mixin.py:188} INFO - [2024-11-15T15:00:04.289+0000] {dag.py:3954} INFO - Setting next_dagrun for download_google_sheet to 2024-11-14 00:00:00+00:00, run_after=2024-11-15 00:00:00+00:00
[2024-11-15T15:00:04.326+0000] {processor.py:183} INFO - Processing /opt/airflow/dags/etl_sheets_to_postgres.py took 0.567 seconds
[2024-11-15T15:00:34.696+0000] {processor.py:161} INFO - Started process (PID=200) to work on /opt/airflow/dags/etl_sheets_to_postgres.py
[2024-11-15T15:00:34.698+0000] {processor.py:830} INFO - Processing file /opt/airflow/dags/etl_sheets_to_postgres.py for tasks to queue
[2024-11-15T15:00:34.701+0000] {logging_mixin.py:188} INFO - [2024-11-15T15:00:34.701+0000] {dagbag.py:545} INFO - Filling up the DagBag from /opt/airflow/dags/etl_sheets_to_postgres.py
[2024-11-15T15:00:35.064+0000] {processor.py:840} INFO - DAG(s) 'download_google_sheet' retrieved from /opt/airflow/dags/etl_sheets_to_postgres.py
[2024-11-15T15:00:35.088+0000] {logging_mixin.py:188} INFO - [2024-11-15T15:00:35.087+0000] {dag.py:3096} INFO - Sync 1 DAGs
[2024-11-15T15:00:35.116+0000] {logging_mixin.py:188} INFO - [2024-11-15T15:00:35.115+0000] {dag.py:3954} INFO - Setting next_dagrun for download_google_sheet to 2024-11-15 00:00:00+00:00, run_after=2024-11-16 00:00:00+00:00
[2024-11-15T15:00:35.135+0000] {processor.py:183} INFO - Processing /opt/airflow/dags/etl_sheets_to_postgres.py took 0.448 seconds
[2024-11-15T15:01:05.265+0000] {processor.py:161} INFO - Started process (PID=207) to work on /opt/airflow/dags/etl_sheets_to_postgres.py
[2024-11-15T15:01:05.267+0000] {processor.py:830} INFO - Processing file /opt/airflow/dags/etl_sheets_to_postgres.py for tasks to queue
[2024-11-15T15:01:05.269+0000] {logging_mixin.py:188} INFO - [2024-11-15T15:01:05.269+0000] {dagbag.py:545} INFO - Filling up the DagBag from /opt/airflow/dags/etl_sheets_to_postgres.py
[2024-11-15T15:01:05.674+0000] {processor.py:840} INFO - DAG(s) 'download_google_sheet' retrieved from /opt/airflow/dags/etl_sheets_to_postgres.py
[2024-11-15T15:01:05.709+0000] {logging_mixin.py:188} INFO - [2024-11-15T15:01:05.709+0000] {dag.py:3096} INFO - Sync 1 DAGs
[2024-11-15T15:01:05.745+0000] {logging_mixin.py:188} INFO - [2024-11-15T15:01:05.745+0000] {dag.py:3954} INFO - Setting next_dagrun for download_google_sheet to 2024-11-15 00:00:00+00:00, run_after=2024-11-16 00:00:00+00:00
[2024-11-15T15:01:05.772+0000] {processor.py:183} INFO - Processing /opt/airflow/dags/etl_sheets_to_postgres.py took 0.515 seconds
[2024-11-15T15:01:36.073+0000] {processor.py:161} INFO - Started process (PID=215) to work on /opt/airflow/dags/etl_sheets_to_postgres.py
[2024-11-15T15:01:36.074+0000] {processor.py:830} INFO - Processing file /opt/airflow/dags/etl_sheets_to_postgres.py for tasks to queue
[2024-11-15T15:01:36.076+0000] {logging_mixin.py:188} INFO - [2024-11-15T15:01:36.076+0000] {dagbag.py:545} INFO - Filling up the DagBag from /opt/airflow/dags/etl_sheets_to_postgres.py
[2024-11-15T15:01:36.410+0000] {processor.py:840} INFO - DAG(s) 'download_google_sheet' retrieved from /opt/airflow/dags/etl_sheets_to_postgres.py
[2024-11-15T15:01:36.435+0000] {logging_mixin.py:188} INFO - [2024-11-15T15:01:36.435+0000] {dag.py:3096} INFO - Sync 1 DAGs
[2024-11-15T15:01:36.462+0000] {logging_mixin.py:188} INFO - [2024-11-15T15:01:36.462+0000] {dag.py:3954} INFO - Setting next_dagrun for download_google_sheet to 2024-11-15 00:00:00+00:00, run_after=2024-11-16 00:00:00+00:00
[2024-11-15T15:01:36.487+0000] {processor.py:183} INFO - Processing /opt/airflow/dags/etl_sheets_to_postgres.py took 0.422 seconds
[2024-11-15T15:02:06.690+0000] {processor.py:161} INFO - Started process (PID=222) to work on /opt/airflow/dags/etl_sheets_to_postgres.py
[2024-11-15T15:02:06.691+0000] {processor.py:830} INFO - Processing file /opt/airflow/dags/etl_sheets_to_postgres.py for tasks to queue
[2024-11-15T15:02:06.694+0000] {logging_mixin.py:188} INFO - [2024-11-15T15:02:06.693+0000] {dagbag.py:545} INFO - Filling up the DagBag from /opt/airflow/dags/etl_sheets_to_postgres.py
[2024-11-15T15:02:07.013+0000] {processor.py:840} INFO - DAG(s) 'download_google_sheet' retrieved from /opt/airflow/dags/etl_sheets_to_postgres.py
[2024-11-15T15:02:07.038+0000] {logging_mixin.py:188} INFO - [2024-11-15T15:02:07.037+0000] {dag.py:3096} INFO - Sync 1 DAGs
[2024-11-15T15:02:07.062+0000] {logging_mixin.py:188} INFO - [2024-11-15T15:02:07.062+0000] {dag.py:3954} INFO - Setting next_dagrun for download_google_sheet to 2024-11-15 00:00:00+00:00, run_after=2024-11-16 00:00:00+00:00
[2024-11-15T15:02:07.083+0000] {processor.py:183} INFO - Processing /opt/airflow/dags/etl_sheets_to_postgres.py took 0.401 seconds
[2024-11-15T15:02:37.367+0000] {processor.py:161} INFO - Started process (PID=230) to work on /opt/airflow/dags/etl_sheets_to_postgres.py
[2024-11-15T15:02:37.368+0000] {processor.py:830} INFO - Processing file /opt/airflow/dags/etl_sheets_to_postgres.py for tasks to queue
[2024-11-15T15:02:37.371+0000] {logging_mixin.py:188} INFO - [2024-11-15T15:02:37.370+0000] {dagbag.py:545} INFO - Filling up the DagBag from /opt/airflow/dags/etl_sheets_to_postgres.py
[2024-11-15T15:02:37.716+0000] {processor.py:840} INFO - DAG(s) 'download_google_sheet' retrieved from /opt/airflow/dags/etl_sheets_to_postgres.py
[2024-11-15T15:02:37.741+0000] {logging_mixin.py:188} INFO - [2024-11-15T15:02:37.741+0000] {dag.py:3096} INFO - Sync 1 DAGs
[2024-11-15T15:02:37.765+0000] {logging_mixin.py:188} INFO - [2024-11-15T15:02:37.765+0000] {dag.py:3954} INFO - Setting next_dagrun for download_google_sheet to 2024-11-15 00:00:00+00:00, run_after=2024-11-16 00:00:00+00:00
[2024-11-15T15:02:37.786+0000] {processor.py:183} INFO - Processing /opt/airflow/dags/etl_sheets_to_postgres.py took 0.427 seconds
[2024-11-15T15:03:08.005+0000] {processor.py:161} INFO - Started process (PID=238) to work on /opt/airflow/dags/etl_sheets_to_postgres.py
[2024-11-15T15:03:08.006+0000] {processor.py:830} INFO - Processing file /opt/airflow/dags/etl_sheets_to_postgres.py for tasks to queue
[2024-11-15T15:03:08.008+0000] {logging_mixin.py:188} INFO - [2024-11-15T15:03:08.008+0000] {dagbag.py:545} INFO - Filling up the DagBag from /opt/airflow/dags/etl_sheets_to_postgres.py
[2024-11-15T15:03:08.317+0000] {processor.py:840} INFO - DAG(s) 'download_google_sheet' retrieved from /opt/airflow/dags/etl_sheets_to_postgres.py
[2024-11-15T15:03:08.341+0000] {logging_mixin.py:188} INFO - [2024-11-15T15:03:08.340+0000] {dag.py:3096} INFO - Sync 1 DAGs
[2024-11-15T15:03:08.366+0000] {logging_mixin.py:188} INFO - [2024-11-15T15:03:08.366+0000] {dag.py:3954} INFO - Setting next_dagrun for download_google_sheet to 2024-11-15 00:00:00+00:00, run_after=2024-11-16 00:00:00+00:00
[2024-11-15T15:03:08.386+0000] {processor.py:183} INFO - Processing /opt/airflow/dags/etl_sheets_to_postgres.py took 0.389 seconds
[2024-11-15T15:03:38.601+0000] {processor.py:161} INFO - Started process (PID=246) to work on /opt/airflow/dags/etl_sheets_to_postgres.py
[2024-11-15T15:03:38.602+0000] {processor.py:830} INFO - Processing file /opt/airflow/dags/etl_sheets_to_postgres.py for tasks to queue
[2024-11-15T15:03:38.604+0000] {logging_mixin.py:188} INFO - [2024-11-15T15:03:38.604+0000] {dagbag.py:545} INFO - Filling up the DagBag from /opt/airflow/dags/etl_sheets_to_postgres.py
[2024-11-15T15:03:38.915+0000] {processor.py:840} INFO - DAG(s) 'download_google_sheet' retrieved from /opt/airflow/dags/etl_sheets_to_postgres.py
[2024-11-15T15:03:38.939+0000] {logging_mixin.py:188} INFO - [2024-11-15T15:03:38.939+0000] {dag.py:3096} INFO - Sync 1 DAGs
[2024-11-15T15:03:38.965+0000] {logging_mixin.py:188} INFO - [2024-11-15T15:03:38.964+0000] {dag.py:3954} INFO - Setting next_dagrun for download_google_sheet to 2024-11-15 00:00:00+00:00, run_after=2024-11-16 00:00:00+00:00
[2024-11-15T15:03:38.985+0000] {processor.py:183} INFO - Processing /opt/airflow/dags/etl_sheets_to_postgres.py took 0.392 seconds
[2024-11-15T15:04:09.343+0000] {processor.py:161} INFO - Started process (PID=254) to work on /opt/airflow/dags/etl_sheets_to_postgres.py
[2024-11-15T15:04:09.344+0000] {processor.py:830} INFO - Processing file /opt/airflow/dags/etl_sheets_to_postgres.py for tasks to queue
[2024-11-15T15:04:09.347+0000] {logging_mixin.py:188} INFO - [2024-11-15T15:04:09.347+0000] {dagbag.py:545} INFO - Filling up the DagBag from /opt/airflow/dags/etl_sheets_to_postgres.py
[2024-11-15T15:04:09.718+0000] {processor.py:840} INFO - DAG(s) 'download_google_sheet' retrieved from /opt/airflow/dags/etl_sheets_to_postgres.py
[2024-11-15T15:04:09.798+0000] {logging_mixin.py:188} INFO - [2024-11-15T15:04:09.797+0000] {dag.py:3096} INFO - Sync 1 DAGs
[2024-11-15T15:04:09.822+0000] {logging_mixin.py:188} INFO - [2024-11-15T15:04:09.822+0000] {dag.py:3954} INFO - Setting next_dagrun for download_google_sheet to 2024-11-15 00:00:00+00:00, run_after=2024-11-16 00:00:00+00:00
[2024-11-15T15:04:09.847+0000] {processor.py:183} INFO - Processing /opt/airflow/dags/etl_sheets_to_postgres.py took 0.513 seconds
[2024-11-15T15:04:40.048+0000] {processor.py:161} INFO - Started process (PID=262) to work on /opt/airflow/dags/etl_sheets_to_postgres.py
[2024-11-15T15:04:40.049+0000] {processor.py:830} INFO - Processing file /opt/airflow/dags/etl_sheets_to_postgres.py for tasks to queue
[2024-11-15T15:04:40.058+0000] {logging_mixin.py:188} INFO - [2024-11-15T15:04:40.057+0000] {dagbag.py:545} INFO - Filling up the DagBag from /opt/airflow/dags/etl_sheets_to_postgres.py
[2024-11-15T15:04:40.587+0000] {processor.py:840} INFO - DAG(s) 'download_google_sheet' retrieved from /opt/airflow/dags/etl_sheets_to_postgres.py
[2024-11-15T15:04:40.617+0000] {logging_mixin.py:188} INFO - [2024-11-15T15:04:40.616+0000] {dag.py:3096} INFO - Sync 1 DAGs
[2024-11-15T15:04:40.659+0000] {logging_mixin.py:188} INFO - [2024-11-15T15:04:40.659+0000] {dag.py:3954} INFO - Setting next_dagrun for download_google_sheet to 2024-11-15 00:00:00+00:00, run_after=2024-11-16 00:00:00+00:00
[2024-11-15T15:04:40.685+0000] {processor.py:183} INFO - Processing /opt/airflow/dags/etl_sheets_to_postgres.py took 0.646 seconds
[2024-11-15T15:05:11.123+0000] {processor.py:161} INFO - Started process (PID=270) to work on /opt/airflow/dags/etl_sheets_to_postgres.py
[2024-11-15T15:05:11.124+0000] {processor.py:830} INFO - Processing file /opt/airflow/dags/etl_sheets_to_postgres.py for tasks to queue
[2024-11-15T15:05:11.128+0000] {logging_mixin.py:188} INFO - [2024-11-15T15:05:11.128+0000] {dagbag.py:545} INFO - Filling up the DagBag from /opt/airflow/dags/etl_sheets_to_postgres.py
[2024-11-15T15:05:11.657+0000] {processor.py:840} INFO - DAG(s) 'download_google_sheet' retrieved from /opt/airflow/dags/etl_sheets_to_postgres.py
[2024-11-15T15:05:11.686+0000] {logging_mixin.py:188} INFO - [2024-11-15T15:05:11.685+0000] {dag.py:3096} INFO - Sync 1 DAGs
[2024-11-15T15:05:11.713+0000] {logging_mixin.py:188} INFO - [2024-11-15T15:05:11.712+0000] {dag.py:3954} INFO - Setting next_dagrun for download_google_sheet to 2024-11-15 00:00:00+00:00, run_after=2024-11-16 00:00:00+00:00
[2024-11-15T15:05:11.739+0000] {processor.py:183} INFO - Processing /opt/airflow/dags/etl_sheets_to_postgres.py took 0.629 seconds
[2024-11-15T15:05:41.963+0000] {processor.py:161} INFO - Started process (PID=278) to work on /opt/airflow/dags/etl_sheets_to_postgres.py
[2024-11-15T15:05:41.965+0000] {processor.py:830} INFO - Processing file /opt/airflow/dags/etl_sheets_to_postgres.py for tasks to queue
[2024-11-15T15:05:41.967+0000] {logging_mixin.py:188} INFO - [2024-11-15T15:05:41.967+0000] {dagbag.py:545} INFO - Filling up the DagBag from /opt/airflow/dags/etl_sheets_to_postgres.py
[2024-11-15T15:05:42.305+0000] {processor.py:840} INFO - DAG(s) 'download_google_sheet' retrieved from /opt/airflow/dags/etl_sheets_to_postgres.py
[2024-11-15T15:05:42.333+0000] {logging_mixin.py:188} INFO - [2024-11-15T15:05:42.332+0000] {dag.py:3096} INFO - Sync 1 DAGs
[2024-11-15T15:05:42.359+0000] {logging_mixin.py:188} INFO - [2024-11-15T15:05:42.359+0000] {dag.py:3954} INFO - Setting next_dagrun for download_google_sheet to 2024-11-15 00:00:00+00:00, run_after=2024-11-16 00:00:00+00:00
[2024-11-15T15:05:42.387+0000] {processor.py:183} INFO - Processing /opt/airflow/dags/etl_sheets_to_postgres.py took 0.431 seconds
[2024-11-15T15:06:12.648+0000] {processor.py:161} INFO - Started process (PID=286) to work on /opt/airflow/dags/etl_sheets_to_postgres.py
[2024-11-15T15:06:12.649+0000] {processor.py:830} INFO - Processing file /opt/airflow/dags/etl_sheets_to_postgres.py for tasks to queue
[2024-11-15T15:06:12.652+0000] {logging_mixin.py:188} INFO - [2024-11-15T15:06:12.652+0000] {dagbag.py:545} INFO - Filling up the DagBag from /opt/airflow/dags/etl_sheets_to_postgres.py
[2024-11-15T15:06:12.983+0000] {processor.py:840} INFO - DAG(s) 'download_google_sheet' retrieved from /opt/airflow/dags/etl_sheets_to_postgres.py
[2024-11-15T15:06:13.013+0000] {logging_mixin.py:188} INFO - [2024-11-15T15:06:13.012+0000] {dag.py:3096} INFO - Sync 1 DAGs
[2024-11-15T15:06:13.038+0000] {logging_mixin.py:188} INFO - [2024-11-15T15:06:13.038+0000] {dag.py:3954} INFO - Setting next_dagrun for download_google_sheet to 2024-11-15 00:00:00+00:00, run_after=2024-11-16 00:00:00+00:00
[2024-11-15T15:06:13.060+0000] {processor.py:183} INFO - Processing /opt/airflow/dags/etl_sheets_to_postgres.py took 0.419 seconds
[2024-11-15T15:06:43.334+0000] {processor.py:161} INFO - Started process (PID=294) to work on /opt/airflow/dags/etl_sheets_to_postgres.py
[2024-11-15T15:06:43.358+0000] {processor.py:830} INFO - Processing file /opt/airflow/dags/etl_sheets_to_postgres.py for tasks to queue
[2024-11-15T15:06:43.362+0000] {logging_mixin.py:188} INFO - [2024-11-15T15:06:43.361+0000] {dagbag.py:545} INFO - Filling up the DagBag from /opt/airflow/dags/etl_sheets_to_postgres.py
[2024-11-15T15:06:43.704+0000] {processor.py:840} INFO - DAG(s) 'download_google_sheet' retrieved from /opt/airflow/dags/etl_sheets_to_postgres.py
[2024-11-15T15:06:43.729+0000] {logging_mixin.py:188} INFO - [2024-11-15T15:06:43.728+0000] {dag.py:3096} INFO - Sync 1 DAGs
[2024-11-15T15:06:43.754+0000] {logging_mixin.py:188} INFO - [2024-11-15T15:06:43.753+0000] {dag.py:3954} INFO - Setting next_dagrun for download_google_sheet to 2024-11-15 00:00:00+00:00, run_after=2024-11-16 00:00:00+00:00
[2024-11-15T15:06:43.774+0000] {processor.py:183} INFO - Processing /opt/airflow/dags/etl_sheets_to_postgres.py took 0.447 seconds
[2024-11-15T15:07:14.013+0000] {processor.py:161} INFO - Started process (PID=302) to work on /opt/airflow/dags/etl_sheets_to_postgres.py
[2024-11-15T15:07:14.015+0000] {processor.py:830} INFO - Processing file /opt/airflow/dags/etl_sheets_to_postgres.py for tasks to queue
[2024-11-15T15:07:14.018+0000] {logging_mixin.py:188} INFO - [2024-11-15T15:07:14.017+0000] {dagbag.py:545} INFO - Filling up the DagBag from /opt/airflow/dags/etl_sheets_to_postgres.py
[2024-11-15T15:07:14.335+0000] {processor.py:840} INFO - DAG(s) 'download_google_sheet' retrieved from /opt/airflow/dags/etl_sheets_to_postgres.py
[2024-11-15T15:07:14.359+0000] {logging_mixin.py:188} INFO - [2024-11-15T15:07:14.359+0000] {dag.py:3096} INFO - Sync 1 DAGs
[2024-11-15T15:07:14.387+0000] {logging_mixin.py:188} INFO - [2024-11-15T15:07:14.387+0000] {dag.py:3954} INFO - Setting next_dagrun for download_google_sheet to 2024-11-15 00:00:00+00:00, run_after=2024-11-16 00:00:00+00:00
[2024-11-15T15:07:14.409+0000] {processor.py:183} INFO - Processing /opt/airflow/dags/etl_sheets_to_postgres.py took 0.404 seconds
[2024-11-15T15:07:44.802+0000] {processor.py:161} INFO - Started process (PID=309) to work on /opt/airflow/dags/etl_sheets_to_postgres.py
[2024-11-15T15:07:44.803+0000] {processor.py:830} INFO - Processing file /opt/airflow/dags/etl_sheets_to_postgres.py for tasks to queue
[2024-11-15T15:07:44.808+0000] {logging_mixin.py:188} INFO - [2024-11-15T15:07:44.807+0000] {dagbag.py:545} INFO - Filling up the DagBag from /opt/airflow/dags/etl_sheets_to_postgres.py
[2024-11-15T15:07:45.184+0000] {processor.py:840} INFO - DAG(s) 'download_google_sheet' retrieved from /opt/airflow/dags/etl_sheets_to_postgres.py
[2024-11-15T15:07:45.215+0000] {logging_mixin.py:188} INFO - [2024-11-15T15:07:45.214+0000] {dag.py:3096} INFO - Sync 1 DAGs
[2024-11-15T15:07:45.245+0000] {logging_mixin.py:188} INFO - [2024-11-15T15:07:45.245+0000] {dag.py:3954} INFO - Setting next_dagrun for download_google_sheet to 2024-11-15 00:00:00+00:00, run_after=2024-11-16 00:00:00+00:00
[2024-11-15T15:07:45.267+0000] {processor.py:183} INFO - Processing /opt/airflow/dags/etl_sheets_to_postgres.py took 0.473 seconds
[2024-11-15T15:08:15.552+0000] {processor.py:161} INFO - Started process (PID=317) to work on /opt/airflow/dags/etl_sheets_to_postgres.py
[2024-11-15T15:08:15.553+0000] {processor.py:830} INFO - Processing file /opt/airflow/dags/etl_sheets_to_postgres.py for tasks to queue
[2024-11-15T15:08:15.557+0000] {logging_mixin.py:188} INFO - [2024-11-15T15:08:15.556+0000] {dagbag.py:545} INFO - Filling up the DagBag from /opt/airflow/dags/etl_sheets_to_postgres.py
[2024-11-15T15:08:15.953+0000] {processor.py:840} INFO - DAG(s) 'download_google_sheet' retrieved from /opt/airflow/dags/etl_sheets_to_postgres.py
[2024-11-15T15:08:15.977+0000] {logging_mixin.py:188} INFO - [2024-11-15T15:08:15.977+0000] {dag.py:3096} INFO - Sync 1 DAGs
[2024-11-15T15:08:16.001+0000] {logging_mixin.py:188} INFO - [2024-11-15T15:08:16.001+0000] {dag.py:3954} INFO - Setting next_dagrun for download_google_sheet to 2024-11-15 00:00:00+00:00, run_after=2024-11-16 00:00:00+00:00
[2024-11-15T15:08:16.020+0000] {processor.py:183} INFO - Processing /opt/airflow/dags/etl_sheets_to_postgres.py took 0.475 seconds
[2024-11-15T15:08:46.316+0000] {processor.py:161} INFO - Started process (PID=325) to work on /opt/airflow/dags/etl_sheets_to_postgres.py
[2024-11-15T15:08:46.317+0000] {processor.py:830} INFO - Processing file /opt/airflow/dags/etl_sheets_to_postgres.py for tasks to queue
[2024-11-15T15:08:46.321+0000] {logging_mixin.py:188} INFO - [2024-11-15T15:08:46.320+0000] {dagbag.py:545} INFO - Filling up the DagBag from /opt/airflow/dags/etl_sheets_to_postgres.py
[2024-11-15T15:08:46.792+0000] {processor.py:840} INFO - DAG(s) 'download_google_sheet' retrieved from /opt/airflow/dags/etl_sheets_to_postgres.py
[2024-11-15T15:08:46.817+0000] {logging_mixin.py:188} INFO - [2024-11-15T15:08:46.816+0000] {dag.py:3096} INFO - Sync 1 DAGs
[2024-11-15T15:08:46.841+0000] {logging_mixin.py:188} INFO - [2024-11-15T15:08:46.841+0000] {dag.py:3954} INFO - Setting next_dagrun for download_google_sheet to 2024-11-15 00:00:00+00:00, run_after=2024-11-16 00:00:00+00:00
[2024-11-15T15:08:46.862+0000] {processor.py:183} INFO - Processing /opt/airflow/dags/etl_sheets_to_postgres.py took 0.555 seconds
[2024-11-15T15:09:08.978+0000] {processor.py:161} INFO - Started process (PID=333) to work on /opt/airflow/dags/etl_sheets_to_postgres.py
[2024-11-15T15:09:08.979+0000] {processor.py:830} INFO - Processing file /opt/airflow/dags/etl_sheets_to_postgres.py for tasks to queue
[2024-11-15T15:09:08.985+0000] {logging_mixin.py:188} INFO - [2024-11-15T15:09:08.985+0000] {dagbag.py:545} INFO - Filling up the DagBag from /opt/airflow/dags/etl_sheets_to_postgres.py
[2024-11-15T15:09:09.393+0000] {processor.py:840} INFO - DAG(s) 'download_google_sheet_dag' retrieved from /opt/airflow/dags/etl_sheets_to_postgres.py
[2024-11-15T15:09:09.538+0000] {logging_mixin.py:188} INFO - [2024-11-15T15:09:09.537+0000] {override.py:1829} INFO - Created Permission View: can read on DAG:download_google_sheet_dag
[2024-11-15T15:09:09.551+0000] {logging_mixin.py:188} INFO - [2024-11-15T15:09:09.551+0000] {override.py:1829} INFO - Created Permission View: can delete on DAG:download_google_sheet_dag
[2024-11-15T15:09:09.560+0000] {logging_mixin.py:188} INFO - [2024-11-15T15:09:09.560+0000] {override.py:1829} INFO - Created Permission View: can edit on DAG:download_google_sheet_dag
[2024-11-15T15:09:09.561+0000] {logging_mixin.py:188} INFO - [2024-11-15T15:09:09.561+0000] {dag.py:3096} INFO - Sync 1 DAGs
[2024-11-15T15:09:09.578+0000] {logging_mixin.py:188} INFO - [2024-11-15T15:09:09.577+0000] {dag.py:3118} INFO - Creating ORM DAG for download_google_sheet_dag
[2024-11-15T15:09:09.603+0000] {logging_mixin.py:188} INFO - [2024-11-15T15:09:09.603+0000] {dag.py:3954} INFO - Setting next_dagrun for download_google_sheet_dag to 2024-11-14 00:00:00+00:00, run_after=2024-11-15 00:00:00+00:00
[2024-11-15T15:09:09.630+0000] {processor.py:183} INFO - Processing /opt/airflow/dags/etl_sheets_to_postgres.py took 0.669 seconds
[2024-11-15T15:09:18.749+0000] {processor.py:161} INFO - Started process (PID=335) to work on /opt/airflow/dags/etl_sheets_to_postgres.py
[2024-11-15T15:09:18.750+0000] {processor.py:830} INFO - Processing file /opt/airflow/dags/etl_sheets_to_postgres.py for tasks to queue
[2024-11-15T15:09:18.754+0000] {logging_mixin.py:188} INFO - [2024-11-15T15:09:18.754+0000] {dagbag.py:545} INFO - Filling up the DagBag from /opt/airflow/dags/etl_sheets_to_postgres.py
[2024-11-15T15:09:19.206+0000] {processor.py:840} INFO - DAG(s) 'download_google_sheet_dag' retrieved from /opt/airflow/dags/etl_sheets_to_postgres.py
[2024-11-15T15:09:19.229+0000] {logging_mixin.py:188} INFO - [2024-11-15T15:09:19.228+0000] {dag.py:3096} INFO - Sync 1 DAGs
[2024-11-15T15:09:19.258+0000] {logging_mixin.py:188} INFO - [2024-11-15T15:09:19.258+0000] {dag.py:3954} INFO - Setting next_dagrun for download_google_sheet_dag to 2024-11-14 00:00:00+00:00, run_after=2024-11-15 00:00:00+00:00
[2024-11-15T15:09:19.285+0000] {processor.py:183} INFO - Processing /opt/airflow/dags/etl_sheets_to_postgres.py took 0.543 seconds
[2024-11-15T15:09:31.903+0000] {processor.py:161} INFO - Started process (PID=337) to work on /opt/airflow/dags/etl_sheets_to_postgres.py
[2024-11-15T15:09:31.904+0000] {processor.py:830} INFO - Processing file /opt/airflow/dags/etl_sheets_to_postgres.py for tasks to queue
[2024-11-15T15:09:31.906+0000] {logging_mixin.py:188} INFO - [2024-11-15T15:09:31.906+0000] {dagbag.py:545} INFO - Filling up the DagBag from /opt/airflow/dags/etl_sheets_to_postgres.py
[2024-11-15T15:09:32.364+0000] {processor.py:840} INFO - DAG(s) 'download_google_sheet_dag' retrieved from /opt/airflow/dags/etl_sheets_to_postgres.py
[2024-11-15T15:09:32.380+0000] {logging_mixin.py:188} INFO - [2024-11-15T15:09:32.379+0000] {dag.py:3096} INFO - Sync 1 DAGs
[2024-11-15T15:09:32.411+0000] {logging_mixin.py:188} INFO - [2024-11-15T15:09:32.411+0000] {dag.py:3954} INFO - Setting next_dagrun for download_google_sheet_dag to 2024-11-14 00:00:00+00:00, run_after=2024-11-15 00:00:00+00:00
[2024-11-15T15:09:32.445+0000] {processor.py:183} INFO - Processing /opt/airflow/dags/etl_sheets_to_postgres.py took 0.550 seconds
[2024-11-15T15:10:02.765+0000] {processor.py:161} INFO - Started process (PID=351) to work on /opt/airflow/dags/etl_sheets_to_postgres.py
[2024-11-15T15:10:02.766+0000] {processor.py:830} INFO - Processing file /opt/airflow/dags/etl_sheets_to_postgres.py for tasks to queue
[2024-11-15T15:10:02.769+0000] {logging_mixin.py:188} INFO - [2024-11-15T15:10:02.769+0000] {dagbag.py:545} INFO - Filling up the DagBag from /opt/airflow/dags/etl_sheets_to_postgres.py
[2024-11-15T15:10:03.136+0000] {processor.py:840} INFO - DAG(s) 'download_google_sheet_dag' retrieved from /opt/airflow/dags/etl_sheets_to_postgres.py
[2024-11-15T15:10:03.160+0000] {logging_mixin.py:188} INFO - [2024-11-15T15:10:03.160+0000] {dag.py:3096} INFO - Sync 1 DAGs
[2024-11-15T15:10:03.185+0000] {logging_mixin.py:188} INFO - [2024-11-15T15:10:03.185+0000] {dag.py:3954} INFO - Setting next_dagrun for download_google_sheet_dag to 2024-11-14 00:00:00+00:00, run_after=2024-11-15 00:00:00+00:00
[2024-11-15T15:10:03.210+0000] {processor.py:183} INFO - Processing /opt/airflow/dags/etl_sheets_to_postgres.py took 0.452 seconds
[2024-11-15T15:10:33.379+0000] {processor.py:161} INFO - Started process (PID=363) to work on /opt/airflow/dags/etl_sheets_to_postgres.py
[2024-11-15T15:10:33.380+0000] {processor.py:830} INFO - Processing file /opt/airflow/dags/etl_sheets_to_postgres.py for tasks to queue
[2024-11-15T15:10:33.383+0000] {logging_mixin.py:188} INFO - [2024-11-15T15:10:33.382+0000] {dagbag.py:545} INFO - Filling up the DagBag from /opt/airflow/dags/etl_sheets_to_postgres.py
[2024-11-15T15:10:33.727+0000] {processor.py:840} INFO - DAG(s) 'download_google_sheet_dag' retrieved from /opt/airflow/dags/etl_sheets_to_postgres.py
[2024-11-15T15:10:33.755+0000] {logging_mixin.py:188} INFO - [2024-11-15T15:10:33.754+0000] {dag.py:3096} INFO - Sync 1 DAGs
[2024-11-15T15:10:33.782+0000] {logging_mixin.py:188} INFO - [2024-11-15T15:10:33.782+0000] {dag.py:3954} INFO - Setting next_dagrun for download_google_sheet_dag to 2024-11-15 00:00:00+00:00, run_after=2024-11-16 00:00:00+00:00
[2024-11-15T15:10:33.803+0000] {processor.py:183} INFO - Processing /opt/airflow/dags/etl_sheets_to_postgres.py took 0.435 seconds
[2024-11-15T15:53:40.032+0000] {processor.py:161} INFO - Started process (PID=62) to work on /opt/airflow/dags/etl_sheets_to_postgres.py
[2024-11-15T15:53:40.034+0000] {processor.py:830} INFO - Processing file /opt/airflow/dags/etl_sheets_to_postgres.py for tasks to queue
[2024-11-15T15:53:40.041+0000] {logging_mixin.py:188} INFO - [2024-11-15T15:53:40.040+0000] {dagbag.py:545} INFO - Filling up the DagBag from /opt/airflow/dags/etl_sheets_to_postgres.py
[2024-11-15T15:53:41.290+0000] {processor.py:840} INFO - DAG(s) 'download_google_sheet_dag' retrieved from /opt/airflow/dags/etl_sheets_to_postgres.py
[2024-11-15T15:53:41.982+0000] {logging_mixin.py:188} INFO - [2024-11-15T15:53:41.981+0000] {dag.py:3096} INFO - Sync 1 DAGs
[2024-11-15T15:53:42.024+0000] {logging_mixin.py:188} INFO - [2024-11-15T15:53:42.024+0000] {dag.py:3954} INFO - Setting next_dagrun for download_google_sheet_dag to 2024-11-15 00:00:00+00:00, run_after=2024-11-16 00:00:00+00:00
[2024-11-15T15:53:42.066+0000] {processor.py:183} INFO - Processing /opt/airflow/dags/etl_sheets_to_postgres.py took 2.051 seconds
[2024-11-15T15:54:21.898+0000] {processor.py:161} INFO - Started process (PID=38) to work on /opt/airflow/dags/etl_sheets_to_postgres.py
[2024-11-15T15:54:21.901+0000] {processor.py:830} INFO - Processing file /opt/airflow/dags/etl_sheets_to_postgres.py for tasks to queue
[2024-11-15T15:54:21.904+0000] {logging_mixin.py:188} INFO - [2024-11-15T15:54:21.904+0000] {dagbag.py:545} INFO - Filling up the DagBag from /opt/airflow/dags/etl_sheets_to_postgres.py
[2024-11-15T15:54:22.644+0000] {processor.py:840} INFO - DAG(s) 'download_google_sheet_dag' retrieved from /opt/airflow/dags/etl_sheets_to_postgres.py
[2024-11-15T15:54:22.912+0000] {logging_mixin.py:188} INFO - [2024-11-15T15:54:22.912+0000] {dag.py:3096} INFO - Sync 1 DAGs
[2024-11-15T15:54:22.948+0000] {logging_mixin.py:188} INFO - [2024-11-15T15:54:22.947+0000] {dag.py:3954} INFO - Setting next_dagrun for download_google_sheet_dag to 2024-11-15 00:00:00+00:00, run_after=2024-11-16 00:00:00+00:00
[2024-11-15T15:54:22.987+0000] {processor.py:183} INFO - Processing /opt/airflow/dags/etl_sheets_to_postgres.py took 1.099 seconds
[2024-11-15T15:54:53.373+0000] {processor.py:161} INFO - Started process (PID=58) to work on /opt/airflow/dags/etl_sheets_to_postgres.py
[2024-11-15T15:54:53.375+0000] {processor.py:830} INFO - Processing file /opt/airflow/dags/etl_sheets_to_postgres.py for tasks to queue
[2024-11-15T15:54:53.377+0000] {logging_mixin.py:188} INFO - [2024-11-15T15:54:53.377+0000] {dagbag.py:545} INFO - Filling up the DagBag from /opt/airflow/dags/etl_sheets_to_postgres.py
[2024-11-15T15:54:53.926+0000] {processor.py:840} INFO - DAG(s) 'download_google_sheet_dag' retrieved from /opt/airflow/dags/etl_sheets_to_postgres.py
[2024-11-15T15:54:53.959+0000] {logging_mixin.py:188} INFO - [2024-11-15T15:54:53.959+0000] {dag.py:3096} INFO - Sync 1 DAGs
[2024-11-15T15:54:53.994+0000] {logging_mixin.py:188} INFO - [2024-11-15T15:54:53.994+0000] {dag.py:3954} INFO - Setting next_dagrun for download_google_sheet_dag to 2024-11-15 00:00:00+00:00, run_after=2024-11-16 00:00:00+00:00
[2024-11-15T15:54:54.023+0000] {processor.py:183} INFO - Processing /opt/airflow/dags/etl_sheets_to_postgres.py took 0.657 seconds
[2024-11-15T15:55:24.303+0000] {processor.py:161} INFO - Started process (PID=68) to work on /opt/airflow/dags/etl_sheets_to_postgres.py
[2024-11-15T15:55:24.314+0000] {processor.py:830} INFO - Processing file /opt/airflow/dags/etl_sheets_to_postgres.py for tasks to queue
[2024-11-15T15:55:24.325+0000] {logging_mixin.py:188} INFO - [2024-11-15T15:55:24.324+0000] {dagbag.py:545} INFO - Filling up the DagBag from /opt/airflow/dags/etl_sheets_to_postgres.py
[2024-11-15T15:55:25.652+0000] {processor.py:840} INFO - DAG(s) 'download_google_sheet_dag' retrieved from /opt/airflow/dags/etl_sheets_to_postgres.py
[2024-11-15T15:55:25.718+0000] {logging_mixin.py:188} INFO - [2024-11-15T15:55:25.718+0000] {dag.py:3096} INFO - Sync 1 DAGs
[2024-11-15T15:55:25.786+0000] {logging_mixin.py:188} INFO - [2024-11-15T15:55:25.785+0000] {dag.py:3954} INFO - Setting next_dagrun for download_google_sheet_dag to 2024-11-15 00:00:00+00:00, run_after=2024-11-16 00:00:00+00:00
[2024-11-15T15:55:25.849+0000] {processor.py:183} INFO - Processing /opt/airflow/dags/etl_sheets_to_postgres.py took 1.574 seconds
[2024-11-15T15:55:56.190+0000] {processor.py:161} INFO - Started process (PID=80) to work on /opt/airflow/dags/etl_sheets_to_postgres.py
[2024-11-15T15:55:56.191+0000] {processor.py:830} INFO - Processing file /opt/airflow/dags/etl_sheets_to_postgres.py for tasks to queue
[2024-11-15T15:55:56.195+0000] {logging_mixin.py:188} INFO - [2024-11-15T15:55:56.195+0000] {dagbag.py:545} INFO - Filling up the DagBag from /opt/airflow/dags/etl_sheets_to_postgres.py
[2024-11-15T15:55:56.666+0000] {processor.py:840} INFO - DAG(s) 'download_google_sheet_dag' retrieved from /opt/airflow/dags/etl_sheets_to_postgres.py
[2024-11-15T15:55:56.688+0000] {logging_mixin.py:188} INFO - [2024-11-15T15:55:56.687+0000] {dag.py:3096} INFO - Sync 1 DAGs
[2024-11-15T15:55:56.707+0000] {logging_mixin.py:188} INFO - [2024-11-15T15:55:56.707+0000] {dag.py:3954} INFO - Setting next_dagrun for download_google_sheet_dag to 2024-11-15 00:00:00+00:00, run_after=2024-11-16 00:00:00+00:00
[2024-11-15T15:55:56.725+0000] {processor.py:183} INFO - Processing /opt/airflow/dags/etl_sheets_to_postgres.py took 0.542 seconds
[2024-11-15T15:56:27.017+0000] {processor.py:161} INFO - Started process (PID=90) to work on /opt/airflow/dags/etl_sheets_to_postgres.py
[2024-11-15T15:56:27.018+0000] {processor.py:830} INFO - Processing file /opt/airflow/dags/etl_sheets_to_postgres.py for tasks to queue
[2024-11-15T15:56:27.022+0000] {logging_mixin.py:188} INFO - [2024-11-15T15:56:27.021+0000] {dagbag.py:545} INFO - Filling up the DagBag from /opt/airflow/dags/etl_sheets_to_postgres.py
[2024-11-15T15:56:27.486+0000] {processor.py:840} INFO - DAG(s) 'download_google_sheet_dag' retrieved from /opt/airflow/dags/etl_sheets_to_postgres.py
[2024-11-15T15:56:27.508+0000] {logging_mixin.py:188} INFO - [2024-11-15T15:56:27.507+0000] {dag.py:3096} INFO - Sync 1 DAGs
[2024-11-15T15:56:27.528+0000] {logging_mixin.py:188} INFO - [2024-11-15T15:56:27.528+0000] {dag.py:3954} INFO - Setting next_dagrun for download_google_sheet_dag to 2024-11-15 00:00:00+00:00, run_after=2024-11-16 00:00:00+00:00
[2024-11-15T15:56:27.549+0000] {processor.py:183} INFO - Processing /opt/airflow/dags/etl_sheets_to_postgres.py took 0.541 seconds
[2024-11-15T15:56:57.633+0000] {processor.py:161} INFO - Started process (PID=99) to work on /opt/airflow/dags/etl_sheets_to_postgres.py
[2024-11-15T15:56:57.634+0000] {processor.py:830} INFO - Processing file /opt/airflow/dags/etl_sheets_to_postgres.py for tasks to queue
[2024-11-15T15:56:57.640+0000] {logging_mixin.py:188} INFO - [2024-11-15T15:56:57.639+0000] {dagbag.py:545} INFO - Filling up the DagBag from /opt/airflow/dags/etl_sheets_to_postgres.py
[2024-11-15T15:56:58.186+0000] {processor.py:840} INFO - DAG(s) 'download_google_sheet_dag' retrieved from /opt/airflow/dags/etl_sheets_to_postgres.py
[2024-11-15T15:56:58.211+0000] {logging_mixin.py:188} INFO - [2024-11-15T15:56:58.211+0000] {dag.py:3096} INFO - Sync 1 DAGs
[2024-11-15T15:56:58.239+0000] {logging_mixin.py:188} INFO - [2024-11-15T15:56:58.239+0000] {dag.py:3954} INFO - Setting next_dagrun for download_google_sheet_dag to 2024-11-15 00:00:00+00:00, run_after=2024-11-16 00:00:00+00:00
[2024-11-15T15:56:58.269+0000] {processor.py:183} INFO - Processing /opt/airflow/dags/etl_sheets_to_postgres.py took 0.648 seconds
[2024-11-15T15:57:28.523+0000] {processor.py:161} INFO - Started process (PID=109) to work on /opt/airflow/dags/etl_sheets_to_postgres.py
[2024-11-15T15:57:28.525+0000] {processor.py:830} INFO - Processing file /opt/airflow/dags/etl_sheets_to_postgres.py for tasks to queue
[2024-11-15T15:57:28.528+0000] {logging_mixin.py:188} INFO - [2024-11-15T15:57:28.528+0000] {dagbag.py:545} INFO - Filling up the DagBag from /opt/airflow/dags/etl_sheets_to_postgres.py
[2024-11-15T15:57:29.423+0000] {processor.py:840} INFO - DAG(s) 'download_google_sheet_dag' retrieved from /opt/airflow/dags/etl_sheets_to_postgres.py
[2024-11-15T15:57:29.478+0000] {logging_mixin.py:188} INFO - [2024-11-15T15:57:29.477+0000] {dag.py:3096} INFO - Sync 1 DAGs
[2024-11-15T15:57:29.526+0000] {logging_mixin.py:188} INFO - [2024-11-15T15:57:29.525+0000] {dag.py:3954} INFO - Setting next_dagrun for download_google_sheet_dag to 2024-11-15 00:00:00+00:00, run_after=2024-11-16 00:00:00+00:00
[2024-11-15T15:57:29.561+0000] {processor.py:183} INFO - Processing /opt/airflow/dags/etl_sheets_to_postgres.py took 1.049 seconds
[2024-11-15T15:57:59.791+0000] {processor.py:161} INFO - Started process (PID=119) to work on /opt/airflow/dags/etl_sheets_to_postgres.py
[2024-11-15T15:57:59.798+0000] {processor.py:830} INFO - Processing file /opt/airflow/dags/etl_sheets_to_postgres.py for tasks to queue
[2024-11-15T15:57:59.806+0000] {logging_mixin.py:188} INFO - [2024-11-15T15:57:59.806+0000] {dagbag.py:545} INFO - Filling up the DagBag from /opt/airflow/dags/etl_sheets_to_postgres.py
[2024-11-15T15:58:00.330+0000] {processor.py:840} INFO - DAG(s) 'download_google_sheet_dag' retrieved from /opt/airflow/dags/etl_sheets_to_postgres.py
[2024-11-15T15:58:00.367+0000] {logging_mixin.py:188} INFO - [2024-11-15T15:58:00.364+0000] {dag.py:3096} INFO - Sync 1 DAGs
[2024-11-15T15:58:00.390+0000] {logging_mixin.py:188} INFO - [2024-11-15T15:58:00.389+0000] {dag.py:3954} INFO - Setting next_dagrun for download_google_sheet_dag to 2024-11-15 00:00:00+00:00, run_after=2024-11-16 00:00:00+00:00
[2024-11-15T15:58:00.414+0000] {processor.py:183} INFO - Processing /opt/airflow/dags/etl_sheets_to_postgres.py took 0.640 seconds
[2024-11-15T15:58:30.720+0000] {processor.py:161} INFO - Started process (PID=128) to work on /opt/airflow/dags/etl_sheets_to_postgres.py
[2024-11-15T15:58:30.722+0000] {processor.py:830} INFO - Processing file /opt/airflow/dags/etl_sheets_to_postgres.py for tasks to queue
[2024-11-15T15:58:30.726+0000] {logging_mixin.py:188} INFO - [2024-11-15T15:58:30.725+0000] {dagbag.py:545} INFO - Filling up the DagBag from /opt/airflow/dags/etl_sheets_to_postgres.py
[2024-11-15T15:58:31.199+0000] {processor.py:840} INFO - DAG(s) 'download_google_sheet_dag' retrieved from /opt/airflow/dags/etl_sheets_to_postgres.py
[2024-11-15T15:58:31.224+0000] {logging_mixin.py:188} INFO - [2024-11-15T15:58:31.224+0000] {dag.py:3096} INFO - Sync 1 DAGs
[2024-11-15T15:58:31.249+0000] {logging_mixin.py:188} INFO - [2024-11-15T15:58:31.249+0000] {dag.py:3954} INFO - Setting next_dagrun for download_google_sheet_dag to 2024-11-15 00:00:00+00:00, run_after=2024-11-16 00:00:00+00:00
[2024-11-15T15:58:31.272+0000] {processor.py:183} INFO - Processing /opt/airflow/dags/etl_sheets_to_postgres.py took 0.559 seconds
[2024-11-15T15:59:01.532+0000] {processor.py:161} INFO - Started process (PID=138) to work on /opt/airflow/dags/etl_sheets_to_postgres.py
[2024-11-15T15:59:01.534+0000] {processor.py:830} INFO - Processing file /opt/airflow/dags/etl_sheets_to_postgres.py for tasks to queue
[2024-11-15T15:59:01.546+0000] {logging_mixin.py:188} INFO - [2024-11-15T15:59:01.545+0000] {dagbag.py:545} INFO - Filling up the DagBag from /opt/airflow/dags/etl_sheets_to_postgres.py
[2024-11-15T15:59:02.309+0000] {processor.py:840} INFO - DAG(s) 'download_google_sheet_dag' retrieved from /opt/airflow/dags/etl_sheets_to_postgres.py
[2024-11-15T15:59:02.341+0000] {logging_mixin.py:188} INFO - [2024-11-15T15:59:02.340+0000] {dag.py:3096} INFO - Sync 1 DAGs
[2024-11-15T15:59:02.367+0000] {logging_mixin.py:188} INFO - [2024-11-15T15:59:02.367+0000] {dag.py:3954} INFO - Setting next_dagrun for download_google_sheet_dag to 2024-11-15 00:00:00+00:00, run_after=2024-11-16 00:00:00+00:00
[2024-11-15T15:59:02.398+0000] {processor.py:183} INFO - Processing /opt/airflow/dags/etl_sheets_to_postgres.py took 0.879 seconds
[2024-11-15T15:59:32.848+0000] {processor.py:161} INFO - Started process (PID=148) to work on /opt/airflow/dags/etl_sheets_to_postgres.py
[2024-11-15T15:59:32.850+0000] {processor.py:830} INFO - Processing file /opt/airflow/dags/etl_sheets_to_postgres.py for tasks to queue
[2024-11-15T15:59:32.852+0000] {logging_mixin.py:188} INFO - [2024-11-15T15:59:32.852+0000] {dagbag.py:545} INFO - Filling up the DagBag from /opt/airflow/dags/etl_sheets_to_postgres.py
[2024-11-15T15:59:33.444+0000] {processor.py:840} INFO - DAG(s) 'download_google_sheet_dag' retrieved from /opt/airflow/dags/etl_sheets_to_postgres.py
[2024-11-15T15:59:33.469+0000] {logging_mixin.py:188} INFO - [2024-11-15T15:59:33.469+0000] {dag.py:3096} INFO - Sync 1 DAGs
[2024-11-15T15:59:33.491+0000] {logging_mixin.py:188} INFO - [2024-11-15T15:59:33.491+0000] {dag.py:3954} INFO - Setting next_dagrun for download_google_sheet_dag to 2024-11-15 00:00:00+00:00, run_after=2024-11-16 00:00:00+00:00
[2024-11-15T15:59:33.513+0000] {processor.py:183} INFO - Processing /opt/airflow/dags/etl_sheets_to_postgres.py took 0.672 seconds
[2024-11-15T16:00:04.007+0000] {processor.py:161} INFO - Started process (PID=158) to work on /opt/airflow/dags/etl_sheets_to_postgres.py
[2024-11-15T16:00:04.010+0000] {processor.py:830} INFO - Processing file /opt/airflow/dags/etl_sheets_to_postgres.py for tasks to queue
[2024-11-15T16:00:04.014+0000] {logging_mixin.py:188} INFO - [2024-11-15T16:00:04.014+0000] {dagbag.py:545} INFO - Filling up the DagBag from /opt/airflow/dags/etl_sheets_to_postgres.py
[2024-11-15T16:00:04.705+0000] {processor.py:840} INFO - DAG(s) 'download_google_sheet_dag' retrieved from /opt/airflow/dags/etl_sheets_to_postgres.py
[2024-11-15T16:00:04.737+0000] {logging_mixin.py:188} INFO - [2024-11-15T16:00:04.733+0000] {dag.py:3096} INFO - Sync 1 DAGs
[2024-11-15T16:00:04.806+0000] {logging_mixin.py:188} INFO - [2024-11-15T16:00:04.806+0000] {dag.py:3954} INFO - Setting next_dagrun for download_google_sheet_dag to 2024-11-15 00:00:00+00:00, run_after=2024-11-16 00:00:00+00:00
[2024-11-15T16:00:04.858+0000] {processor.py:183} INFO - Processing /opt/airflow/dags/etl_sheets_to_postgres.py took 0.864 seconds
[2024-11-15T16:14:16.524+0000] {processor.py:161} INFO - Started process (PID=63) to work on /opt/airflow/dags/etl_sheets_to_postgres.py
[2024-11-15T16:14:16.526+0000] {processor.py:830} INFO - Processing file /opt/airflow/dags/etl_sheets_to_postgres.py for tasks to queue
[2024-11-15T16:14:16.531+0000] {logging_mixin.py:188} INFO - [2024-11-15T16:14:16.531+0000] {dagbag.py:545} INFO - Filling up the DagBag from /opt/airflow/dags/etl_sheets_to_postgres.py
[2024-11-15T16:14:19.674+0000] {processor.py:840} INFO - DAG(s) 'download_google_sheet_dag' retrieved from /opt/airflow/dags/etl_sheets_to_postgres.py
[2024-11-15T16:14:20.163+0000] {logging_mixin.py:188} INFO - [2024-11-15T16:14:20.162+0000] {dag.py:3096} INFO - Sync 1 DAGs
[2024-11-15T16:14:20.207+0000] {logging_mixin.py:188} INFO - [2024-11-15T16:14:20.207+0000] {dag.py:3954} INFO - Setting next_dagrun for download_google_sheet_dag to 2024-11-15 00:00:00+00:00, run_after=2024-11-16 00:00:00+00:00
[2024-11-15T16:14:20.269+0000] {processor.py:183} INFO - Processing /opt/airflow/dags/etl_sheets_to_postgres.py took 3.766 seconds
[2024-11-15T16:14:51.121+0000] {processor.py:161} INFO - Started process (PID=73) to work on /opt/airflow/dags/etl_sheets_to_postgres.py
[2024-11-15T16:14:51.125+0000] {processor.py:830} INFO - Processing file /opt/airflow/dags/etl_sheets_to_postgres.py for tasks to queue
[2024-11-15T16:14:51.133+0000] {logging_mixin.py:188} INFO - [2024-11-15T16:14:51.132+0000] {dagbag.py:545} INFO - Filling up the DagBag from /opt/airflow/dags/etl_sheets_to_postgres.py
[2024-11-15T16:14:52.467+0000] {processor.py:840} INFO - DAG(s) 'download_google_sheet_dag' retrieved from /opt/airflow/dags/etl_sheets_to_postgres.py
[2024-11-15T16:14:52.895+0000] {logging_mixin.py:188} INFO - [2024-11-15T16:14:52.893+0000] {dag.py:3096} INFO - Sync 1 DAGs
[2024-11-15T16:14:52.968+0000] {logging_mixin.py:188} INFO - [2024-11-15T16:14:52.968+0000] {dag.py:3954} INFO - Setting next_dagrun for download_google_sheet_dag to 2024-11-15 00:00:00+00:00, run_after=2024-11-16 00:00:00+00:00
[2024-11-15T16:14:52.995+0000] {processor.py:183} INFO - Processing /opt/airflow/dags/etl_sheets_to_postgres.py took 2.015 seconds
[2024-11-15T16:15:23.311+0000] {processor.py:161} INFO - Started process (PID=89) to work on /opt/airflow/dags/etl_sheets_to_postgres.py
[2024-11-15T16:15:23.312+0000] {processor.py:830} INFO - Processing file /opt/airflow/dags/etl_sheets_to_postgres.py for tasks to queue
[2024-11-15T16:15:23.314+0000] {logging_mixin.py:188} INFO - [2024-11-15T16:15:23.314+0000] {dagbag.py:545} INFO - Filling up the DagBag from /opt/airflow/dags/etl_sheets_to_postgres.py
[2024-11-15T16:15:23.707+0000] {processor.py:840} INFO - DAG(s) 'download_google_sheet_dag' retrieved from /opt/airflow/dags/etl_sheets_to_postgres.py
[2024-11-15T16:15:23.968+0000] {logging_mixin.py:188} INFO - [2024-11-15T16:15:23.968+0000] {dag.py:3096} INFO - Sync 1 DAGs
[2024-11-15T16:15:23.980+0000] {logging_mixin.py:188} INFO - [2024-11-15T16:15:23.980+0000] {dag.py:3118} INFO - Creating ORM DAG for download_google_sheet_dag
[2024-11-15T16:15:23.991+0000] {logging_mixin.py:188} INFO - [2024-11-15T16:15:23.991+0000] {dag.py:3954} INFO - Setting next_dagrun for download_google_sheet_dag to 2024-11-14 00:00:00+00:00, run_after=2024-11-15 00:00:00+00:00
[2024-11-15T16:15:24.010+0000] {processor.py:183} INFO - Processing /opt/airflow/dags/etl_sheets_to_postgres.py took 0.711 seconds
[2024-11-15T16:15:54.342+0000] {processor.py:161} INFO - Started process (PID=98) to work on /opt/airflow/dags/etl_sheets_to_postgres.py
[2024-11-15T16:15:54.344+0000] {processor.py:830} INFO - Processing file /opt/airflow/dags/etl_sheets_to_postgres.py for tasks to queue
[2024-11-15T16:15:54.345+0000] {logging_mixin.py:188} INFO - [2024-11-15T16:15:54.344+0000] {dagbag.py:545} INFO - Filling up the DagBag from /opt/airflow/dags/etl_sheets_to_postgres.py
[2024-11-15T16:15:54.850+0000] {processor.py:840} INFO - DAG(s) 'download_google_sheet_dag' retrieved from /opt/airflow/dags/etl_sheets_to_postgres.py
[2024-11-15T16:15:54.871+0000] {logging_mixin.py:188} INFO - [2024-11-15T16:15:54.871+0000] {dag.py:3096} INFO - Sync 1 DAGs
[2024-11-15T16:15:54.892+0000] {logging_mixin.py:188} INFO - [2024-11-15T16:15:54.891+0000] {dag.py:3954} INFO - Setting next_dagrun for download_google_sheet_dag to 2024-11-14 00:00:00+00:00, run_after=2024-11-15 00:00:00+00:00
[2024-11-15T16:15:54.910+0000] {processor.py:183} INFO - Processing /opt/airflow/dags/etl_sheets_to_postgres.py took 0.575 seconds
[2024-11-15T16:16:25.261+0000] {processor.py:161} INFO - Started process (PID=109) to work on /opt/airflow/dags/etl_sheets_to_postgres.py
[2024-11-15T16:16:25.263+0000] {processor.py:830} INFO - Processing file /opt/airflow/dags/etl_sheets_to_postgres.py for tasks to queue
[2024-11-15T16:16:25.264+0000] {logging_mixin.py:188} INFO - [2024-11-15T16:16:25.264+0000] {dagbag.py:545} INFO - Filling up the DagBag from /opt/airflow/dags/etl_sheets_to_postgres.py
[2024-11-15T16:16:25.878+0000] {processor.py:840} INFO - DAG(s) 'download_google_sheet_dag' retrieved from /opt/airflow/dags/etl_sheets_to_postgres.py
[2024-11-15T16:16:25.990+0000] {logging_mixin.py:188} INFO - [2024-11-15T16:16:25.989+0000] {dag.py:3096} INFO - Sync 1 DAGs
[2024-11-15T16:16:26.011+0000] {logging_mixin.py:188} INFO - [2024-11-15T16:16:26.011+0000] {dag.py:3954} INFO - Setting next_dagrun for download_google_sheet_dag to 2024-11-14 00:00:00+00:00, run_after=2024-11-15 00:00:00+00:00
[2024-11-15T16:16:26.035+0000] {processor.py:183} INFO - Processing /opt/airflow/dags/etl_sheets_to_postgres.py took 0.782 seconds
[2024-11-15T16:16:56.368+0000] {processor.py:161} INFO - Started process (PID=119) to work on /opt/airflow/dags/etl_sheets_to_postgres.py
[2024-11-15T16:16:56.370+0000] {processor.py:830} INFO - Processing file /opt/airflow/dags/etl_sheets_to_postgres.py for tasks to queue
[2024-11-15T16:16:56.372+0000] {logging_mixin.py:188} INFO - [2024-11-15T16:16:56.372+0000] {dagbag.py:545} INFO - Filling up the DagBag from /opt/airflow/dags/etl_sheets_to_postgres.py
[2024-11-15T16:16:56.983+0000] {processor.py:840} INFO - DAG(s) 'download_google_sheet_dag' retrieved from /opt/airflow/dags/etl_sheets_to_postgres.py
[2024-11-15T16:16:57.008+0000] {logging_mixin.py:188} INFO - [2024-11-15T16:16:57.007+0000] {dag.py:3096} INFO - Sync 1 DAGs
[2024-11-15T16:16:57.032+0000] {logging_mixin.py:188} INFO - [2024-11-15T16:16:57.032+0000] {dag.py:3954} INFO - Setting next_dagrun for download_google_sheet_dag to 2024-11-14 00:00:00+00:00, run_after=2024-11-15 00:00:00+00:00
[2024-11-15T16:16:57.052+0000] {processor.py:183} INFO - Processing /opt/airflow/dags/etl_sheets_to_postgres.py took 0.719 seconds
[2024-11-15T16:17:27.631+0000] {processor.py:161} INFO - Started process (PID=129) to work on /opt/airflow/dags/etl_sheets_to_postgres.py
[2024-11-15T16:17:27.632+0000] {processor.py:830} INFO - Processing file /opt/airflow/dags/etl_sheets_to_postgres.py for tasks to queue
[2024-11-15T16:17:27.634+0000] {logging_mixin.py:188} INFO - [2024-11-15T16:17:27.633+0000] {dagbag.py:545} INFO - Filling up the DagBag from /opt/airflow/dags/etl_sheets_to_postgres.py
[2024-11-15T16:17:28.450+0000] {processor.py:840} INFO - DAG(s) 'download_google_sheet_dag' retrieved from /opt/airflow/dags/etl_sheets_to_postgres.py
[2024-11-15T16:17:28.579+0000] {logging_mixin.py:188} INFO - [2024-11-15T16:17:28.579+0000] {dag.py:3096} INFO - Sync 1 DAGs
[2024-11-15T16:17:28.610+0000] {logging_mixin.py:188} INFO - [2024-11-15T16:17:28.610+0000] {dag.py:3954} INFO - Setting next_dagrun for download_google_sheet_dag to 2024-11-14 00:00:00+00:00, run_after=2024-11-15 00:00:00+00:00
[2024-11-15T16:17:28.631+0000] {processor.py:183} INFO - Processing /opt/airflow/dags/etl_sheets_to_postgres.py took 1.011 seconds
[2024-11-15T16:17:58.915+0000] {processor.py:161} INFO - Started process (PID=140) to work on /opt/airflow/dags/etl_sheets_to_postgres.py
[2024-11-15T16:17:58.916+0000] {processor.py:830} INFO - Processing file /opt/airflow/dags/etl_sheets_to_postgres.py for tasks to queue
[2024-11-15T16:17:58.918+0000] {logging_mixin.py:188} INFO - [2024-11-15T16:17:58.917+0000] {dagbag.py:545} INFO - Filling up the DagBag from /opt/airflow/dags/etl_sheets_to_postgres.py
[2024-11-15T16:17:59.309+0000] {processor.py:840} INFO - DAG(s) 'download_google_sheet_dag' retrieved from /opt/airflow/dags/etl_sheets_to_postgres.py
[2024-11-15T16:17:59.565+0000] {logging_mixin.py:188} INFO - [2024-11-15T16:17:59.564+0000] {dag.py:3096} INFO - Sync 1 DAGs
[2024-11-15T16:17:59.592+0000] {logging_mixin.py:188} INFO - [2024-11-15T16:17:59.592+0000] {dag.py:3954} INFO - Setting next_dagrun for download_google_sheet_dag to 2024-11-14 00:00:00+00:00, run_after=2024-11-15 00:00:00+00:00
[2024-11-15T16:17:59.615+0000] {processor.py:183} INFO - Processing /opt/airflow/dags/etl_sheets_to_postgres.py took 0.708 seconds
[2024-11-15T16:18:29.664+0000] {processor.py:161} INFO - Started process (PID=150) to work on /opt/airflow/dags/etl_sheets_to_postgres.py
[2024-11-15T16:18:29.665+0000] {processor.py:830} INFO - Processing file /opt/airflow/dags/etl_sheets_to_postgres.py for tasks to queue
[2024-11-15T16:18:29.666+0000] {logging_mixin.py:188} INFO - [2024-11-15T16:18:29.666+0000] {dagbag.py:545} INFO - Filling up the DagBag from /opt/airflow/dags/etl_sheets_to_postgres.py
[2024-11-15T16:18:30.245+0000] {processor.py:840} INFO - DAG(s) 'download_google_sheet_dag' retrieved from /opt/airflow/dags/etl_sheets_to_postgres.py
[2024-11-15T16:18:30.271+0000] {logging_mixin.py:188} INFO - [2024-11-15T16:18:30.271+0000] {dag.py:3096} INFO - Sync 1 DAGs
[2024-11-15T16:18:30.295+0000] {logging_mixin.py:188} INFO - [2024-11-15T16:18:30.295+0000] {dag.py:3954} INFO - Setting next_dagrun for download_google_sheet_dag to 2024-11-14 00:00:00+00:00, run_after=2024-11-15 00:00:00+00:00
[2024-11-15T16:18:30.323+0000] {processor.py:183} INFO - Processing /opt/airflow/dags/etl_sheets_to_postgres.py took 0.664 seconds
[2024-11-15T16:19:00.529+0000] {processor.py:161} INFO - Started process (PID=160) to work on /opt/airflow/dags/etl_sheets_to_postgres.py
[2024-11-15T16:19:00.532+0000] {processor.py:830} INFO - Processing file /opt/airflow/dags/etl_sheets_to_postgres.py for tasks to queue
[2024-11-15T16:19:00.533+0000] {logging_mixin.py:188} INFO - [2024-11-15T16:19:00.533+0000] {dagbag.py:545} INFO - Filling up the DagBag from /opt/airflow/dags/etl_sheets_to_postgres.py
[2024-11-15T16:19:01.773+0000] {processor.py:840} INFO - DAG(s) 'download_google_sheet_dag' retrieved from /opt/airflow/dags/etl_sheets_to_postgres.py
[2024-11-15T16:19:01.948+0000] {logging_mixin.py:188} INFO - [2024-11-15T16:19:01.947+0000] {dag.py:3096} INFO - Sync 1 DAGs
[2024-11-15T16:19:01.988+0000] {logging_mixin.py:188} INFO - [2024-11-15T16:19:01.987+0000] {dag.py:3954} INFO - Setting next_dagrun for download_google_sheet_dag to 2024-11-14 00:00:00+00:00, run_after=2024-11-15 00:00:00+00:00
[2024-11-15T16:19:02.021+0000] {processor.py:183} INFO - Processing /opt/airflow/dags/etl_sheets_to_postgres.py took 1.499 seconds
[2024-11-15T16:19:32.112+0000] {processor.py:161} INFO - Started process (PID=175) to work on /opt/airflow/dags/etl_sheets_to_postgres.py
[2024-11-15T16:19:32.113+0000] {processor.py:830} INFO - Processing file /opt/airflow/dags/etl_sheets_to_postgres.py for tasks to queue
[2024-11-15T16:19:32.116+0000] {logging_mixin.py:188} INFO - [2024-11-15T16:19:32.115+0000] {dagbag.py:545} INFO - Filling up the DagBag from /opt/airflow/dags/etl_sheets_to_postgres.py
[2024-11-15T16:19:32.940+0000] {processor.py:840} INFO - DAG(s) 'download_google_sheet_dag' retrieved from /opt/airflow/dags/etl_sheets_to_postgres.py
[2024-11-15T16:19:32.973+0000] {logging_mixin.py:188} INFO - [2024-11-15T16:19:32.972+0000] {dag.py:3096} INFO - Sync 1 DAGs
[2024-11-15T16:19:33.007+0000] {logging_mixin.py:188} INFO - [2024-11-15T16:19:33.007+0000] {dag.py:3954} INFO - Setting next_dagrun for download_google_sheet_dag to 2024-11-14 00:00:00+00:00, run_after=2024-11-15 00:00:00+00:00
[2024-11-15T16:19:33.035+0000] {processor.py:183} INFO - Processing /opt/airflow/dags/etl_sheets_to_postgres.py took 0.936 seconds
[2024-11-15T16:20:03.304+0000] {processor.py:161} INFO - Started process (PID=185) to work on /opt/airflow/dags/etl_sheets_to_postgres.py
[2024-11-15T16:20:03.308+0000] {processor.py:830} INFO - Processing file /opt/airflow/dags/etl_sheets_to_postgres.py for tasks to queue
[2024-11-15T16:20:03.309+0000] {logging_mixin.py:188} INFO - [2024-11-15T16:20:03.309+0000] {dagbag.py:545} INFO - Filling up the DagBag from /opt/airflow/dags/etl_sheets_to_postgres.py
[2024-11-15T16:20:04.228+0000] {processor.py:840} INFO - DAG(s) 'download_google_sheet_dag' retrieved from /opt/airflow/dags/etl_sheets_to_postgres.py
[2024-11-15T16:20:04.597+0000] {logging_mixin.py:188} INFO - [2024-11-15T16:20:04.597+0000] {dag.py:3096} INFO - Sync 1 DAGs
[2024-11-15T16:20:04.631+0000] {logging_mixin.py:188} INFO - [2024-11-15T16:20:04.631+0000] {dag.py:3954} INFO - Setting next_dagrun for download_google_sheet_dag to 2024-11-14 00:00:00+00:00, run_after=2024-11-15 00:00:00+00:00
[2024-11-15T16:20:04.662+0000] {processor.py:183} INFO - Processing /opt/airflow/dags/etl_sheets_to_postgres.py took 1.366 seconds
[2024-11-15T16:20:35.224+0000] {processor.py:161} INFO - Started process (PID=200) to work on /opt/airflow/dags/etl_sheets_to_postgres.py
[2024-11-15T16:20:35.225+0000] {processor.py:830} INFO - Processing file /opt/airflow/dags/etl_sheets_to_postgres.py for tasks to queue
[2024-11-15T16:20:35.227+0000] {logging_mixin.py:188} INFO - [2024-11-15T16:20:35.226+0000] {dagbag.py:545} INFO - Filling up the DagBag from /opt/airflow/dags/etl_sheets_to_postgres.py
[2024-11-15T16:20:35.821+0000] {processor.py:840} INFO - DAG(s) 'download_google_sheet_dag' retrieved from /opt/airflow/dags/etl_sheets_to_postgres.py
[2024-11-15T16:20:35.840+0000] {logging_mixin.py:188} INFO - [2024-11-15T16:20:35.840+0000] {dag.py:3096} INFO - Sync 1 DAGs
[2024-11-15T16:20:36.061+0000] {logging_mixin.py:188} INFO - [2024-11-15T16:20:36.061+0000] {dag.py:3954} INFO - Setting next_dagrun for download_google_sheet_dag to 2024-11-15 00:00:00+00:00, run_after=2024-11-16 00:00:00+00:00
[2024-11-15T16:20:36.083+0000] {processor.py:183} INFO - Processing /opt/airflow/dags/etl_sheets_to_postgres.py took 0.875 seconds
[2024-11-15T16:21:06.518+0000] {processor.py:161} INFO - Started process (PID=210) to work on /opt/airflow/dags/etl_sheets_to_postgres.py
[2024-11-15T16:21:06.519+0000] {processor.py:830} INFO - Processing file /opt/airflow/dags/etl_sheets_to_postgres.py for tasks to queue
[2024-11-15T16:21:06.521+0000] {logging_mixin.py:188} INFO - [2024-11-15T16:21:06.521+0000] {dagbag.py:545} INFO - Filling up the DagBag from /opt/airflow/dags/etl_sheets_to_postgres.py
[2024-11-15T16:21:07.125+0000] {processor.py:840} INFO - DAG(s) 'download_google_sheet_dag' retrieved from /opt/airflow/dags/etl_sheets_to_postgres.py
[2024-11-15T16:21:07.233+0000] {logging_mixin.py:188} INFO - [2024-11-15T16:21:07.232+0000] {dag.py:3096} INFO - Sync 1 DAGs
[2024-11-15T16:21:07.256+0000] {logging_mixin.py:188} INFO - [2024-11-15T16:21:07.256+0000] {dag.py:3954} INFO - Setting next_dagrun for download_google_sheet_dag to 2024-11-15 00:00:00+00:00, run_after=2024-11-16 00:00:00+00:00
[2024-11-15T16:21:07.275+0000] {processor.py:183} INFO - Processing /opt/airflow/dags/etl_sheets_to_postgres.py took 0.764 seconds
[2024-11-15T16:21:37.553+0000] {processor.py:161} INFO - Started process (PID=220) to work on /opt/airflow/dags/etl_sheets_to_postgres.py
[2024-11-15T16:21:37.555+0000] {processor.py:830} INFO - Processing file /opt/airflow/dags/etl_sheets_to_postgres.py for tasks to queue
[2024-11-15T16:21:37.556+0000] {logging_mixin.py:188} INFO - [2024-11-15T16:21:37.555+0000] {dagbag.py:545} INFO - Filling up the DagBag from /opt/airflow/dags/etl_sheets_to_postgres.py
[2024-11-15T16:21:38.046+0000] {processor.py:840} INFO - DAG(s) 'download_google_sheet_dag' retrieved from /opt/airflow/dags/etl_sheets_to_postgres.py
[2024-11-15T16:21:38.060+0000] {logging_mixin.py:188} INFO - [2024-11-15T16:21:38.060+0000] {dag.py:3096} INFO - Sync 1 DAGs
[2024-11-15T16:21:38.085+0000] {logging_mixin.py:188} INFO - [2024-11-15T16:21:38.085+0000] {dag.py:3954} INFO - Setting next_dagrun for download_google_sheet_dag to 2024-11-15 00:00:00+00:00, run_after=2024-11-16 00:00:00+00:00
[2024-11-15T16:21:38.109+0000] {processor.py:183} INFO - Processing /opt/airflow/dags/etl_sheets_to_postgres.py took 0.563 seconds
[2024-11-15T16:23:29.424+0000] {processor.py:161} INFO - Started process (PID=61) to work on /opt/airflow/dags/etl_sheets_to_postgres.py
[2024-11-15T16:23:29.429+0000] {processor.py:830} INFO - Processing file /opt/airflow/dags/etl_sheets_to_postgres.py for tasks to queue
[2024-11-15T16:23:29.438+0000] {logging_mixin.py:188} INFO - [2024-11-15T16:23:29.437+0000] {dagbag.py:545} INFO - Filling up the DagBag from /opt/airflow/dags/etl_sheets_to_postgres.py
[2024-11-15T16:23:32.570+0000] {processor.py:840} INFO - DAG(s) 'download_google_sheet_dag' retrieved from /opt/airflow/dags/etl_sheets_to_postgres.py
[2024-11-15T16:23:33.082+0000] {logging_mixin.py:188} INFO - [2024-11-15T16:23:33.081+0000] {dag.py:3096} INFO - Sync 1 DAGs
[2024-11-15T16:23:33.161+0000] {logging_mixin.py:188} INFO - [2024-11-15T16:23:33.160+0000] {dag.py:3954} INFO - Setting next_dagrun for download_google_sheet_dag to 2024-11-15 00:00:00+00:00, run_after=2024-11-16 00:00:00+00:00
[2024-11-15T16:23:33.393+0000] {logging_mixin.py:188} INFO - [2024-11-15T16:23:33.390+0000] {dagbag.py:654} ERROR - Failed to write serialized DAG: /opt/airflow/dags/etl_sheets_to_postgres.py
Traceback (most recent call last):
  File "/home/airflow/.local/lib/python3.12/site-packages/airflow/models/dagbag.py", line 642, in _serialize_dag_capturing_errors
    dag_was_updated = SerializedDagModel.write_dag(
                      ^^^^^^^^^^^^^^^^^^^^^^^^^^^^^
  File "/home/airflow/.local/lib/python3.12/site-packages/airflow/utils/session.py", line 76, in wrapper
    return func(*args, **kwargs)
           ^^^^^^^^^^^^^^^^^^^^^
  File "/home/airflow/.local/lib/python3.12/site-packages/airflow/models/serialized_dag.py", line 158, in write_dag
    if session.scalar(
       ^^^^^^^^^^^^^^^
  File "/home/airflow/.local/lib/python3.12/site-packages/sqlalchemy/orm/session.py", line 1747, in scalar
    return self.execute(
           ^^^^^^^^^^^^^
  File "/home/airflow/.local/lib/python3.12/site-packages/sqlalchemy/orm/session.py", line 1716, in execute
    conn = self._connection_for_bind(bind)
           ^^^^^^^^^^^^^^^^^^^^^^^^^^^^^^^
  File "/home/airflow/.local/lib/python3.12/site-packages/sqlalchemy/orm/session.py", line 1555, in _connection_for_bind
    return self._transaction._connection_for_bind(
           ^^^^^^^^^^^^^^^^^^^^^^^^^^^^^^^^^^^^^^^
  File "/home/airflow/.local/lib/python3.12/site-packages/sqlalchemy/orm/session.py", line 724, in _connection_for_bind
    self._assert_active()
  File "/home/airflow/.local/lib/python3.12/site-packages/sqlalchemy/orm/session.py", line 604, in _assert_active
    raise sa_exc.PendingRollbackError(
sqlalchemy.exc.PendingRollbackError: This Session's transaction has been rolled back due to a previous exception during flush. To begin a new transaction with this Session, first issue Session.rollback(). Original exception was: (psycopg2.errors.UniqueViolation) duplicate key value violates unique constraint "serialized_dag_pkey"
DETAIL:  Key (dag_id)=(download_google_sheet_dag) already exists.

[SQL: INSERT INTO serialized_dag (dag_id, fileloc, fileloc_hash, data, data_compressed, last_updated, dag_hash, processor_subdir) VALUES (%(dag_id)s, %(fileloc)s, %(fileloc_hash)s, %(data)s, %(data_compressed)s, %(last_updated)s, %(dag_hash)s, %(processor_subdir)s)]
[parameters: {'dag_id': 'download_google_sheet_dag', 'fileloc': '/opt/airflow/dags/etl_sheets_to_postgres.py', 'fileloc_hash': 64047371480858691, 'data': '{"__version": 1, "dag": {"_dag_id": "download_google_sheet_dag", "start_date": 1698796800.0, "schedule_interval": "@daily", "timezone": "UTC", "_task ... (940 characters truncated) ... onOperator", "_task_module": "airflow.operators.python", "_is_empty": false, "op_args": [], "op_kwargs": {}}], "dag_dependencies": [], "params": {}}}', 'data_compressed': None, 'last_updated': datetime.datetime(2024, 11, 15, 16, 23, 32, 622843, tzinfo=Timezone('UTC')), 'dag_hash': '5bd81f5ffada93738ef4b33981f8cace', 'processor_subdir': '/opt/airflow/dags'}]
(Background on this error at: https://sqlalche.me/e/14/gkpj) (Background on this error at: https://sqlalche.me/e/14/7s2a)
[2024-11-15T16:23:33.395+0000] {logging_mixin.py:188} INFO - [2024-11-15T16:23:33.395+0000] {dag.py:3096} INFO - Sync 1 DAGs
[2024-11-15T16:23:33.396+0000] {processor.py:186} ERROR - Got an exception! Propagating...
Traceback (most recent call last):
  File "/home/airflow/.local/lib/python3.12/site-packages/airflow/dag_processing/processor.py", line 182, in _run_file_processor
    _handle_dag_file_processing()
  File "/home/airflow/.local/lib/python3.12/site-packages/airflow/dag_processing/processor.py", line 163, in _handle_dag_file_processing
    result: tuple[int, int] = dag_file_processor.process_file(
                              ^^^^^^^^^^^^^^^^^^^^^^^^^^^^^^^^
  File "/home/airflow/.local/lib/python3.12/site-packages/airflow/utils/session.py", line 79, in wrapper
    return func(*args, session=session, **kwargs)
           ^^^^^^^^^^^^^^^^^^^^^^^^^^^^^^^^^^^^^^
  File "/home/airflow/.local/lib/python3.12/site-packages/airflow/dag_processing/processor.py", line 859, in process_file
    serialize_errors = DagFileProcessor.save_dag_to_db(
                       ^^^^^^^^^^^^^^^^^^^^^^^^^^^^^^^^
  File "/home/airflow/.local/lib/python3.12/site-packages/airflow/api_internal/internal_api_call.py", line 115, in wrapper
    return func(*args, **kwargs)
           ^^^^^^^^^^^^^^^^^^^^^
  File "/home/airflow/.local/lib/python3.12/site-packages/airflow/utils/session.py", line 79, in wrapper
    return func(*args, session=session, **kwargs)
           ^^^^^^^^^^^^^^^^^^^^^^^^^^^^^^^^^^^^^^
  File "/home/airflow/.local/lib/python3.12/site-packages/airflow/dag_processing/processor.py", line 895, in save_dag_to_db
    import_errors = DagBag._sync_to_db(dags=dags, processor_subdir=dag_directory, session=session)
                    ^^^^^^^^^^^^^^^^^^^^^^^^^^^^^^^^^^^^^^^^^^^^^^^^^^^^^^^^^^^^^^^^^^^^^^^^^^^^^^
  File "/home/airflow/.local/lib/python3.12/site-packages/airflow/utils/session.py", line 76, in wrapper
    return func(*args, **kwargs)
           ^^^^^^^^^^^^^^^^^^^^^
  File "/home/airflow/.local/lib/python3.12/site-packages/airflow/models/dagbag.py", line 664, in _sync_to_db
    for attempt in run_with_db_retries(logger=log):
  File "/home/airflow/.local/lib/python3.12/site-packages/tenacity/__init__.py", line 347, in __iter__
    do = self.iter(retry_state=retry_state)
         ^^^^^^^^^^^^^^^^^^^^^^^^^^^^^^^^^^
  File "/home/airflow/.local/lib/python3.12/site-packages/tenacity/__init__.py", line 314, in iter
    return fut.result()
           ^^^^^^^^^^^^
  File "/usr/local/lib/python3.12/concurrent/futures/_base.py", line 449, in result
    return self.__get_result()
           ^^^^^^^^^^^^^^^^^^^
  File "/usr/local/lib/python3.12/concurrent/futures/_base.py", line 401, in __get_result
    raise self._exception
  File "/home/airflow/.local/lib/python3.12/site-packages/airflow/models/dagbag.py", line 680, in _sync_to_db
    DAG.bulk_write_to_db(dags.values(), processor_subdir=processor_subdir, session=session)
  File "/home/airflow/.local/lib/python3.12/site-packages/airflow/utils/session.py", line 76, in wrapper
    return func(*args, **kwargs)
           ^^^^^^^^^^^^^^^^^^^^^
  File "/home/airflow/.local/lib/python3.12/site-packages/airflow/models/dag.py", line 3108, in bulk_write_to_db
    orm_dags: list[DagModel] = session.scalars(query).unique().all()
                               ^^^^^^^^^^^^^^^^^^^^^^
  File "/home/airflow/.local/lib/python3.12/site-packages/sqlalchemy/orm/session.py", line 1778, in scalars
    return self.execute(
           ^^^^^^^^^^^^^
  File "/home/airflow/.local/lib/python3.12/site-packages/sqlalchemy/orm/session.py", line 1716, in execute
    conn = self._connection_for_bind(bind)
           ^^^^^^^^^^^^^^^^^^^^^^^^^^^^^^^
  File "/home/airflow/.local/lib/python3.12/site-packages/sqlalchemy/orm/session.py", line 1555, in _connection_for_bind
    return self._transaction._connection_for_bind(
           ^^^^^^^^^^^^^^^^^^^^^^^^^^^^^^^^^^^^^^^
  File "/home/airflow/.local/lib/python3.12/site-packages/sqlalchemy/orm/session.py", line 724, in _connection_for_bind
    self._assert_active()
  File "/home/airflow/.local/lib/python3.12/site-packages/sqlalchemy/orm/session.py", line 604, in _assert_active
    raise sa_exc.PendingRollbackError(
sqlalchemy.exc.PendingRollbackError: This Session's transaction has been rolled back due to a previous exception during flush. To begin a new transaction with this Session, first issue Session.rollback(). Original exception was: (psycopg2.errors.UniqueViolation) duplicate key value violates unique constraint "serialized_dag_pkey"
DETAIL:  Key (dag_id)=(download_google_sheet_dag) already exists.

[SQL: INSERT INTO serialized_dag (dag_id, fileloc, fileloc_hash, data, data_compressed, last_updated, dag_hash, processor_subdir) VALUES (%(dag_id)s, %(fileloc)s, %(fileloc_hash)s, %(data)s, %(data_compressed)s, %(last_updated)s, %(dag_hash)s, %(processor_subdir)s)]
[parameters: {'dag_id': 'download_google_sheet_dag', 'fileloc': '/opt/airflow/dags/etl_sheets_to_postgres.py', 'fileloc_hash': 64047371480858691, 'data': '{"__version": 1, "dag": {"_dag_id": "download_google_sheet_dag", "start_date": 1698796800.0, "schedule_interval": "@daily", "timezone": "UTC", "_task ... (940 characters truncated) ... onOperator", "_task_module": "airflow.operators.python", "_is_empty": false, "op_args": [], "op_kwargs": {}}], "dag_dependencies": [], "params": {}}}', 'data_compressed': None, 'last_updated': datetime.datetime(2024, 11, 15, 16, 23, 32, 622843, tzinfo=Timezone('UTC')), 'dag_hash': '5bd81f5ffada93738ef4b33981f8cace', 'processor_subdir': '/opt/airflow/dags'}]
(Background on this error at: https://sqlalche.me/e/14/gkpj) (Background on this error at: https://sqlalche.me/e/14/7s2a)
[2024-11-15T16:24:04.089+0000] {processor.py:161} INFO - Started process (PID=72) to work on /opt/airflow/dags/etl_sheets_to_postgres.py
[2024-11-15T16:24:04.090+0000] {processor.py:830} INFO - Processing file /opt/airflow/dags/etl_sheets_to_postgres.py for tasks to queue
[2024-11-15T16:24:04.092+0000] {logging_mixin.py:188} INFO - [2024-11-15T16:24:04.092+0000] {dagbag.py:545} INFO - Filling up the DagBag from /opt/airflow/dags/etl_sheets_to_postgres.py
[2024-11-15T16:24:04.400+0000] {processor.py:840} INFO - DAG(s) 'download_google_sheet_dag' retrieved from /opt/airflow/dags/etl_sheets_to_postgres.py
[2024-11-15T16:24:04.646+0000] {logging_mixin.py:188} INFO - [2024-11-15T16:24:04.646+0000] {dag.py:3096} INFO - Sync 1 DAGs
[2024-11-15T16:24:04.667+0000] {logging_mixin.py:188} INFO - [2024-11-15T16:24:04.667+0000] {dag.py:3954} INFO - Setting next_dagrun for download_google_sheet_dag to 2024-11-15 00:00:00+00:00, run_after=2024-11-16 00:00:00+00:00
[2024-11-15T16:24:04.690+0000] {processor.py:183} INFO - Processing /opt/airflow/dags/etl_sheets_to_postgres.py took 0.608 seconds
[2024-11-15T16:24:34.893+0000] {processor.py:161} INFO - Started process (PID=82) to work on /opt/airflow/dags/etl_sheets_to_postgres.py
[2024-11-15T16:24:34.895+0000] {processor.py:830} INFO - Processing file /opt/airflow/dags/etl_sheets_to_postgres.py for tasks to queue
[2024-11-15T16:24:34.899+0000] {logging_mixin.py:188} INFO - [2024-11-15T16:24:34.899+0000] {dagbag.py:545} INFO - Filling up the DagBag from /opt/airflow/dags/etl_sheets_to_postgres.py
[2024-11-15T16:24:35.375+0000] {processor.py:840} INFO - DAG(s) 'download_google_sheet_dag' retrieved from /opt/airflow/dags/etl_sheets_to_postgres.py
[2024-11-15T16:24:35.578+0000] {logging_mixin.py:188} INFO - [2024-11-15T16:24:35.578+0000] {dag.py:3096} INFO - Sync 1 DAGs
[2024-11-15T16:24:35.600+0000] {logging_mixin.py:188} INFO - [2024-11-15T16:24:35.600+0000] {dag.py:3954} INFO - Setting next_dagrun for download_google_sheet_dag to 2024-11-15 00:00:00+00:00, run_after=2024-11-16 00:00:00+00:00
[2024-11-15T16:24:35.618+0000] {processor.py:183} INFO - Processing /opt/airflow/dags/etl_sheets_to_postgres.py took 0.735 seconds
[2024-11-15T16:25:05.802+0000] {processor.py:161} INFO - Started process (PID=91) to work on /opt/airflow/dags/etl_sheets_to_postgres.py
[2024-11-15T16:25:05.804+0000] {processor.py:830} INFO - Processing file /opt/airflow/dags/etl_sheets_to_postgres.py for tasks to queue
[2024-11-15T16:25:05.809+0000] {logging_mixin.py:188} INFO - [2024-11-15T16:25:05.808+0000] {dagbag.py:545} INFO - Filling up the DagBag from /opt/airflow/dags/etl_sheets_to_postgres.py
[2024-11-15T16:25:06.952+0000] {processor.py:840} INFO - DAG(s) 'download_google_sheet_dag' retrieved from /opt/airflow/dags/etl_sheets_to_postgres.py
[2024-11-15T16:25:07.078+0000] {logging_mixin.py:188} INFO - [2024-11-15T16:25:07.077+0000] {dag.py:3096} INFO - Sync 1 DAGs
[2024-11-15T16:25:07.101+0000] {logging_mixin.py:188} INFO - [2024-11-15T16:25:07.100+0000] {dag.py:3954} INFO - Setting next_dagrun for download_google_sheet_dag to 2024-11-15 00:00:00+00:00, run_after=2024-11-16 00:00:00+00:00
[2024-11-15T16:25:07.121+0000] {processor.py:183} INFO - Processing /opt/airflow/dags/etl_sheets_to_postgres.py took 1.329 seconds
[2024-11-15T16:25:37.364+0000] {processor.py:161} INFO - Started process (PID=101) to work on /opt/airflow/dags/etl_sheets_to_postgres.py
[2024-11-15T16:25:37.367+0000] {processor.py:830} INFO - Processing file /opt/airflow/dags/etl_sheets_to_postgres.py for tasks to queue
[2024-11-15T16:25:37.371+0000] {logging_mixin.py:188} INFO - [2024-11-15T16:25:37.370+0000] {dagbag.py:545} INFO - Filling up the DagBag from /opt/airflow/dags/etl_sheets_to_postgres.py
[2024-11-15T16:25:37.897+0000] {processor.py:840} INFO - DAG(s) 'download_google_sheet_dag' retrieved from /opt/airflow/dags/etl_sheets_to_postgres.py
[2024-11-15T16:25:38.048+0000] {logging_mixin.py:188} INFO - [2024-11-15T16:25:38.048+0000] {dag.py:3096} INFO - Sync 1 DAGs
[2024-11-15T16:25:38.074+0000] {logging_mixin.py:188} INFO - [2024-11-15T16:25:38.073+0000] {dag.py:3954} INFO - Setting next_dagrun for download_google_sheet_dag to 2024-11-15 00:00:00+00:00, run_after=2024-11-16 00:00:00+00:00
[2024-11-15T16:25:38.094+0000] {processor.py:183} INFO - Processing /opt/airflow/dags/etl_sheets_to_postgres.py took 0.741 seconds
[2024-11-15T16:26:08.372+0000] {processor.py:161} INFO - Started process (PID=111) to work on /opt/airflow/dags/etl_sheets_to_postgres.py
[2024-11-15T16:26:08.374+0000] {processor.py:830} INFO - Processing file /opt/airflow/dags/etl_sheets_to_postgres.py for tasks to queue
[2024-11-15T16:26:08.377+0000] {logging_mixin.py:188} INFO - [2024-11-15T16:26:08.376+0000] {dagbag.py:545} INFO - Filling up the DagBag from /opt/airflow/dags/etl_sheets_to_postgres.py
[2024-11-15T16:26:08.878+0000] {processor.py:840} INFO - DAG(s) 'download_google_sheet_dag' retrieved from /opt/airflow/dags/etl_sheets_to_postgres.py
[2024-11-15T16:26:08.995+0000] {logging_mixin.py:188} INFO - [2024-11-15T16:26:08.994+0000] {dag.py:3096} INFO - Sync 1 DAGs
[2024-11-15T16:26:09.019+0000] {logging_mixin.py:188} INFO - [2024-11-15T16:26:09.019+0000] {dag.py:3954} INFO - Setting next_dagrun for download_google_sheet_dag to 2024-11-15 00:00:00+00:00, run_after=2024-11-16 00:00:00+00:00
[2024-11-15T16:26:09.040+0000] {processor.py:183} INFO - Processing /opt/airflow/dags/etl_sheets_to_postgres.py took 0.676 seconds
[2024-11-15T16:26:39.362+0000] {processor.py:161} INFO - Started process (PID=121) to work on /opt/airflow/dags/etl_sheets_to_postgres.py
[2024-11-15T16:26:39.365+0000] {processor.py:830} INFO - Processing file /opt/airflow/dags/etl_sheets_to_postgres.py for tasks to queue
[2024-11-15T16:26:39.377+0000] {logging_mixin.py:188} INFO - [2024-11-15T16:26:39.376+0000] {dagbag.py:545} INFO - Filling up the DagBag from /opt/airflow/dags/etl_sheets_to_postgres.py
[2024-11-15T16:26:40.931+0000] {processor.py:840} INFO - DAG(s) 'download_google_sheet_dag' retrieved from /opt/airflow/dags/etl_sheets_to_postgres.py
[2024-11-15T16:26:40.998+0000] {logging_mixin.py:188} INFO - [2024-11-15T16:26:40.988+0000] {dag.py:3096} INFO - Sync 1 DAGs
[2024-11-15T16:26:41.100+0000] {logging_mixin.py:188} INFO - [2024-11-15T16:26:41.099+0000] {dag.py:3954} INFO - Setting next_dagrun for download_google_sheet_dag to 2024-11-15 00:00:00+00:00, run_after=2024-11-16 00:00:00+00:00
[2024-11-15T16:26:41.283+0000] {processor.py:183} INFO - Processing /opt/airflow/dags/etl_sheets_to_postgres.py took 1.934 seconds
[2024-11-15T16:27:12.141+0000] {processor.py:161} INFO - Started process (PID=132) to work on /opt/airflow/dags/etl_sheets_to_postgres.py
[2024-11-15T16:27:12.155+0000] {processor.py:830} INFO - Processing file /opt/airflow/dags/etl_sheets_to_postgres.py for tasks to queue
[2024-11-15T16:27:12.172+0000] {logging_mixin.py:188} INFO - [2024-11-15T16:27:12.172+0000] {dagbag.py:545} INFO - Filling up the DagBag from /opt/airflow/dags/etl_sheets_to_postgres.py
[2024-11-15T16:27:13.049+0000] {processor.py:840} INFO - DAG(s) 'download_google_sheet_dag' retrieved from /opt/airflow/dags/etl_sheets_to_postgres.py
[2024-11-15T16:27:13.178+0000] {logging_mixin.py:188} INFO - [2024-11-15T16:27:13.178+0000] {dag.py:3096} INFO - Sync 1 DAGs
[2024-11-15T16:27:13.201+0000] {logging_mixin.py:188} INFO - [2024-11-15T16:27:13.201+0000] {dag.py:3954} INFO - Setting next_dagrun for download_google_sheet_dag to 2024-11-15 00:00:00+00:00, run_after=2024-11-16 00:00:00+00:00
[2024-11-15T16:27:13.225+0000] {processor.py:183} INFO - Processing /opt/airflow/dags/etl_sheets_to_postgres.py took 1.120 seconds
[2024-11-15T16:27:43.487+0000] {processor.py:161} INFO - Started process (PID=141) to work on /opt/airflow/dags/etl_sheets_to_postgres.py
[2024-11-15T16:27:43.491+0000] {processor.py:830} INFO - Processing file /opt/airflow/dags/etl_sheets_to_postgres.py for tasks to queue
[2024-11-15T16:27:43.495+0000] {logging_mixin.py:188} INFO - [2024-11-15T16:27:43.495+0000] {dagbag.py:545} INFO - Filling up the DagBag from /opt/airflow/dags/etl_sheets_to_postgres.py
[2024-11-15T16:27:43.954+0000] {processor.py:840} INFO - DAG(s) 'download_google_sheet_dag' retrieved from /opt/airflow/dags/etl_sheets_to_postgres.py
[2024-11-15T16:27:44.147+0000] {logging_mixin.py:188} INFO - [2024-11-15T16:27:44.147+0000] {dag.py:3096} INFO - Sync 1 DAGs
[2024-11-15T16:27:44.173+0000] {logging_mixin.py:188} INFO - [2024-11-15T16:27:44.173+0000] {dag.py:3954} INFO - Setting next_dagrun for download_google_sheet_dag to 2024-11-15 00:00:00+00:00, run_after=2024-11-16 00:00:00+00:00
[2024-11-15T16:27:44.192+0000] {processor.py:183} INFO - Processing /opt/airflow/dags/etl_sheets_to_postgres.py took 0.718 seconds
[2024-11-15T16:28:14.386+0000] {processor.py:161} INFO - Started process (PID=149) to work on /opt/airflow/dags/etl_sheets_to_postgres.py
[2024-11-15T16:28:14.389+0000] {processor.py:830} INFO - Processing file /opt/airflow/dags/etl_sheets_to_postgres.py for tasks to queue
[2024-11-15T16:28:14.398+0000] {logging_mixin.py:188} INFO - [2024-11-15T16:28:14.397+0000] {dagbag.py:545} INFO - Filling up the DagBag from /opt/airflow/dags/etl_sheets_to_postgres.py
[2024-11-15T16:28:14.972+0000] {processor.py:840} INFO - DAG(s) 'download_google_sheet_dag' retrieved from /opt/airflow/dags/etl_sheets_to_postgres.py
[2024-11-15T16:28:15.078+0000] {logging_mixin.py:188} INFO - [2024-11-15T16:28:15.078+0000] {dag.py:3096} INFO - Sync 1 DAGs
[2024-11-15T16:28:15.097+0000] {logging_mixin.py:188} INFO - [2024-11-15T16:28:15.097+0000] {dag.py:3954} INFO - Setting next_dagrun for download_google_sheet_dag to 2024-11-15 00:00:00+00:00, run_after=2024-11-16 00:00:00+00:00
[2024-11-15T16:28:15.118+0000] {processor.py:183} INFO - Processing /opt/airflow/dags/etl_sheets_to_postgres.py took 0.741 seconds
[2024-11-15T16:28:45.509+0000] {processor.py:161} INFO - Started process (PID=163) to work on /opt/airflow/dags/etl_sheets_to_postgres.py
[2024-11-15T16:28:45.512+0000] {processor.py:830} INFO - Processing file /opt/airflow/dags/etl_sheets_to_postgres.py for tasks to queue
[2024-11-15T16:28:45.516+0000] {logging_mixin.py:188} INFO - [2024-11-15T16:28:45.516+0000] {dagbag.py:545} INFO - Filling up the DagBag from /opt/airflow/dags/etl_sheets_to_postgres.py
[2024-11-15T16:28:46.111+0000] {processor.py:840} INFO - DAG(s) 'download_google_sheet_dag' retrieved from /opt/airflow/dags/etl_sheets_to_postgres.py
[2024-11-15T16:28:46.211+0000] {logging_mixin.py:188} INFO - [2024-11-15T16:28:46.210+0000] {dag.py:3096} INFO - Sync 1 DAGs
[2024-11-15T16:28:46.232+0000] {logging_mixin.py:188} INFO - [2024-11-15T16:28:46.232+0000] {dag.py:3954} INFO - Setting next_dagrun for download_google_sheet_dag to 2024-11-15 00:00:00+00:00, run_after=2024-11-16 00:00:00+00:00
[2024-11-15T16:28:46.260+0000] {processor.py:183} INFO - Processing /opt/airflow/dags/etl_sheets_to_postgres.py took 0.759 seconds
[2024-11-15T16:29:16.643+0000] {processor.py:161} INFO - Started process (PID=180) to work on /opt/airflow/dags/etl_sheets_to_postgres.py
[2024-11-15T16:29:16.645+0000] {processor.py:830} INFO - Processing file /opt/airflow/dags/etl_sheets_to_postgres.py for tasks to queue
[2024-11-15T16:29:16.646+0000] {logging_mixin.py:188} INFO - [2024-11-15T16:29:16.646+0000] {dagbag.py:545} INFO - Filling up the DagBag from /opt/airflow/dags/etl_sheets_to_postgres.py
[2024-11-15T16:29:17.150+0000] {processor.py:840} INFO - DAG(s) 'download_google_sheet_dag' retrieved from /opt/airflow/dags/etl_sheets_to_postgres.py
[2024-11-15T16:29:17.251+0000] {logging_mixin.py:188} INFO - [2024-11-15T16:29:17.250+0000] {dag.py:3096} INFO - Sync 1 DAGs
[2024-11-15T16:29:17.272+0000] {logging_mixin.py:188} INFO - [2024-11-15T16:29:17.271+0000] {dag.py:3954} INFO - Setting next_dagrun for download_google_sheet_dag to 2024-11-15 00:00:00+00:00, run_after=2024-11-16 00:00:00+00:00
[2024-11-15T16:29:17.293+0000] {processor.py:183} INFO - Processing /opt/airflow/dags/etl_sheets_to_postgres.py took 0.658 seconds
