[2024-11-15T22:18:35.270+0000] {local_task_job_runner.py:120} INFO - ::group::Pre task execution logs
[2024-11-15T22:18:35.340+0000] {taskinstance.py:2076} INFO - Dependencies all met for dep_context=non-requeueable deps ti=<TaskInstance: CLICKUP_DATA_TO_PG.download_google_sheet manual__2024-11-15T22:18:28.865315+00:00 [queued]>
[2024-11-15T22:18:35.366+0000] {taskinstance.py:2076} INFO - Dependencies all met for dep_context=requeueable deps ti=<TaskInstance: CLICKUP_DATA_TO_PG.download_google_sheet manual__2024-11-15T22:18:28.865315+00:00 [queued]>
[2024-11-15T22:18:35.367+0000] {taskinstance.py:2306} INFO - Starting attempt 1 of 1
[2024-11-15T22:18:35.851+0000] {taskinstance.py:2330} INFO - Executing <Task(PythonOperator): download_google_sheet> on 2024-11-15 22:18:28.865315+00:00
[2024-11-15T22:18:35.878+0000] {warnings.py:110} WARNING - /home/***/.local/lib/python3.12/site-packages/***/task/task_runner/standard_task_runner.py:61: DeprecationWarning: This process (pid=1616) is multi-threaded, use of fork() may lead to deadlocks in the child.
  pid = os.fork()

[2024-11-15T22:18:35.886+0000] {standard_task_runner.py:63} INFO - Started process 1618 to run task
[2024-11-15T22:18:35.886+0000] {standard_task_runner.py:90} INFO - Running: ['***', 'tasks', 'run', 'CLICKUP_DATA_TO_PG', 'download_google_sheet', 'manual__2024-11-15T22:18:28.865315+00:00', '--job-id', '54', '--raw', '--subdir', 'DAGS_FOLDER/etl_process_clickup_data.py', '--cfg-path', '/tmp/tmpxw4gaakj']
[2024-11-15T22:18:35.894+0000] {standard_task_runner.py:91} INFO - Job 54: Subtask download_google_sheet
[2024-11-15T22:18:36.063+0000] {task_command.py:426} INFO - Running <TaskInstance: CLICKUP_DATA_TO_PG.download_google_sheet manual__2024-11-15T22:18:28.865315+00:00 [running]> on host 35eb7317174e
[2024-11-15T22:18:36.481+0000] {taskinstance.py:2648} INFO - Exporting env vars: AIRFLOW_CTX_DAG_OWNER='***' AIRFLOW_CTX_DAG_ID='CLICKUP_DATA_TO_PG' AIRFLOW_CTX_TASK_ID='download_google_sheet' AIRFLOW_CTX_EXECUTION_DATE='2024-11-15T22:18:28.865315+00:00' AIRFLOW_CTX_TRY_NUMBER='1' AIRFLOW_CTX_DAG_RUN_ID='manual__2024-11-15T22:18:28.865315+00:00'
[2024-11-15T22:18:36.484+0000] {taskinstance.py:430} INFO - ::endgroup::
[2024-11-15T22:18:37.754+0000] {etl_process_clickup_data.py:29} INFO - Google Sheet data downloaded and pushed to XCom
[2024-11-15T22:18:37.755+0000] {python.py:237} INFO - Done. Returned value was: None
[2024-11-15T22:18:37.757+0000] {taskinstance.py:441} INFO - ::group::Post task execution logs
[2024-11-15T22:18:37.778+0000] {taskinstance.py:1206} INFO - Marking task as SUCCESS. dag_id=CLICKUP_DATA_TO_PG, task_id=download_google_sheet, run_id=manual__2024-11-15T22:18:28.865315+00:00, execution_date=20241115T221828, start_date=20241115T221835, end_date=20241115T221837
[2024-11-15T22:18:37.837+0000] {local_task_job_runner.py:240} INFO - Task exited with return code 0
[2024-11-15T22:18:37.908+0000] {taskinstance.py:3498} INFO - 1 downstream tasks scheduled from follow-on schedule check
[2024-11-15T22:18:37.912+0000] {local_task_job_runner.py:222} INFO - ::endgroup::
