[2024-11-15T16:35:56.201+0000] {local_task_job_runner.py:120} INFO - ::group::Pre task execution logs
[2024-11-15T16:35:56.373+0000] {taskinstance.py:2076} INFO - Dependencies all met for dep_context=non-requeueable deps ti=<TaskInstance: FLOAT_DATA_TO_PG.transform_data manual__2024-11-15T16:35:51.208162+00:00 [queued]>
[2024-11-15T16:35:56.381+0000] {taskinstance.py:2076} INFO - Dependencies all met for dep_context=requeueable deps ti=<TaskInstance: FLOAT_DATA_TO_PG.transform_data manual__2024-11-15T16:35:51.208162+00:00 [queued]>
[2024-11-15T16:35:56.381+0000] {taskinstance.py:2306} INFO - Starting attempt 1 of 1
[2024-11-15T16:35:56.394+0000] {taskinstance.py:2330} INFO - Executing <Task(PythonOperator): transform_data> on 2024-11-15 16:35:51.208162+00:00
[2024-11-15T16:35:56.400+0000] {warnings.py:110} WARNING - /home/***/.local/lib/python3.12/site-packages/***/task/task_runner/standard_task_runner.py:61: DeprecationWarning: This process (pid=222) is multi-threaded, use of fork() may lead to deadlocks in the child.
  pid = os.fork()

[2024-11-15T16:35:56.402+0000] {standard_task_runner.py:63} INFO - Started process 224 to run task
[2024-11-15T16:35:56.402+0000] {standard_task_runner.py:90} INFO - Running: ['***', 'tasks', 'run', 'FLOAT_DATA_TO_PG', 'transform_data', 'manual__2024-11-15T16:35:51.208162+00:00', '--job-id', '25', '--raw', '--subdir', 'DAGS_FOLDER/etl_process_float_data.py', '--cfg-path', '/tmp/tmpc_fuwhe1']
[2024-11-15T16:35:56.405+0000] {standard_task_runner.py:91} INFO - Job 25: Subtask transform_data
[2024-11-15T16:35:56.454+0000] {task_command.py:426} INFO - Running <TaskInstance: FLOAT_DATA_TO_PG.transform_data manual__2024-11-15T16:35:51.208162+00:00 [running]> on host 35eb7317174e
[2024-11-15T16:35:56.540+0000] {taskinstance.py:2648} INFO - Exporting env vars: AIRFLOW_CTX_DAG_OWNER='***' AIRFLOW_CTX_DAG_ID='FLOAT_DATA_TO_PG' AIRFLOW_CTX_TASK_ID='transform_data' AIRFLOW_CTX_EXECUTION_DATE='2024-11-15T16:35:51.208162+00:00' AIRFLOW_CTX_TRY_NUMBER='1' AIRFLOW_CTX_DAG_RUN_ID='manual__2024-11-15T16:35:51.208162+00:00'
[2024-11-15T16:35:56.541+0000] {taskinstance.py:430} INFO - ::endgroup::
[2024-11-15T16:35:56.567+0000] {logging_mixin.py:188} INFO - Transformed DataFrame:
[2024-11-15T16:35:56.580+0000] {logging_mixin.py:188} INFO -      Client              Project  ...    End Date Estimated Hours
0  Client 1  Website Development  ...  2023-07-24             112
1  Client 1  Website Development  ...  2023-07-24              24
2  Client 1  Website Development  ...  2023-08-28             189
3  Client 1  Website Development  ...  2023-09-04              77
4  Client 1  Website Development  ...  2023-09-04              92

[5 rows x 8 columns]
[2024-11-15T16:35:56.595+0000] {python.py:237} INFO - Done. Returned value was: None
[2024-11-15T16:35:56.596+0000] {taskinstance.py:441} INFO - ::group::Post task execution logs
[2024-11-15T16:35:56.607+0000] {taskinstance.py:1206} INFO - Marking task as SUCCESS. dag_id=FLOAT_DATA_TO_PG, task_id=transform_data, run_id=manual__2024-11-15T16:35:51.208162+00:00, execution_date=20241115T163551, start_date=20241115T163556, end_date=20241115T163556
[2024-11-15T16:35:56.666+0000] {local_task_job_runner.py:240} INFO - Task exited with return code 0
[2024-11-15T16:35:56.691+0000] {taskinstance.py:3498} INFO - 1 downstream tasks scheduled from follow-on schedule check
[2024-11-15T16:35:56.693+0000] {local_task_job_runner.py:222} INFO - ::endgroup::
