[2024-11-15T20:14:22.874+0000] {local_task_job_runner.py:120} INFO - ::group::Pre task execution logs
[2024-11-15T20:14:23.110+0000] {taskinstance.py:2076} INFO - Dependencies all met for dep_context=non-requeueable deps ti=<TaskInstance: FLOAT_DATA_TO_PG.transform_data manual__2024-11-15T20:14:17.345848+00:00 [queued]>
[2024-11-15T20:14:23.121+0000] {taskinstance.py:2076} INFO - Dependencies all met for dep_context=requeueable deps ti=<TaskInstance: FLOAT_DATA_TO_PG.transform_data manual__2024-11-15T20:14:17.345848+00:00 [queued]>
[2024-11-15T20:14:23.121+0000] {taskinstance.py:2306} INFO - Starting attempt 1 of 1
[2024-11-15T20:14:23.138+0000] {taskinstance.py:2330} INFO - Executing <Task(PythonOperator): transform_data> on 2024-11-15 20:14:17.345848+00:00
[2024-11-15T20:14:23.148+0000] {warnings.py:110} WARNING - /home/***/.local/lib/python3.12/site-packages/***/task/task_runner/standard_task_runner.py:61: DeprecationWarning: This process (pid=197) is multi-threaded, use of fork() may lead to deadlocks in the child.
  pid = os.fork()

[2024-11-15T20:14:23.152+0000] {standard_task_runner.py:63} INFO - Started process 199 to run task
[2024-11-15T20:14:23.149+0000] {standard_task_runner.py:90} INFO - Running: ['***', 'tasks', 'run', 'FLOAT_DATA_TO_PG', 'transform_data', 'manual__2024-11-15T20:14:17.345848+00:00', '--job-id', '30', '--raw', '--subdir', 'DAGS_FOLDER/etl_process_float_data.py', '--cfg-path', '/tmp/tmp03zkmp59']
[2024-11-15T20:14:23.153+0000] {standard_task_runner.py:91} INFO - Job 30: Subtask transform_data
[2024-11-15T20:14:23.214+0000] {task_command.py:426} INFO - Running <TaskInstance: FLOAT_DATA_TO_PG.transform_data manual__2024-11-15T20:14:17.345848+00:00 [running]> on host 35eb7317174e
[2024-11-15T20:14:23.322+0000] {taskinstance.py:2648} INFO - Exporting env vars: AIRFLOW_CTX_DAG_OWNER='***' AIRFLOW_CTX_DAG_ID='FLOAT_DATA_TO_PG' AIRFLOW_CTX_TASK_ID='transform_data' AIRFLOW_CTX_EXECUTION_DATE='2024-11-15T20:14:17.345848+00:00' AIRFLOW_CTX_TRY_NUMBER='1' AIRFLOW_CTX_DAG_RUN_ID='manual__2024-11-15T20:14:17.345848+00:00'
[2024-11-15T20:14:23.323+0000] {taskinstance.py:430} INFO - ::endgroup::
[2024-11-15T20:14:23.365+0000] {logging_mixin.py:188} INFO - Transformed DataFrame:
[2024-11-15T20:14:23.386+0000] {logging_mixin.py:188} INFO -      Client              Project  ...    End Date Estimated Hours
0  Client 1  Website Development  ...  2023-07-24             112
1  Client 1  Website Development  ...  2023-07-24              24
2  Client 1  Website Development  ...  2023-08-28             189
3  Client 1  Website Development  ...  2023-09-04              77
4  Client 1  Website Development  ...  2023-09-04              92

[5 rows x 8 columns]
[2024-11-15T20:14:23.404+0000] {python.py:237} INFO - Done. Returned value was: None
[2024-11-15T20:14:23.406+0000] {taskinstance.py:441} INFO - ::group::Post task execution logs
[2024-11-15T20:14:23.419+0000] {taskinstance.py:1206} INFO - Marking task as SUCCESS. dag_id=FLOAT_DATA_TO_PG, task_id=transform_data, run_id=manual__2024-11-15T20:14:17.345848+00:00, execution_date=20241115T201417, start_date=20241115T201423, end_date=20241115T201423
[2024-11-15T20:14:23.458+0000] {local_task_job_runner.py:240} INFO - Task exited with return code 0
[2024-11-15T20:14:23.485+0000] {taskinstance.py:3498} INFO - 1 downstream tasks scheduled from follow-on schedule check
[2024-11-15T20:14:23.487+0000] {local_task_job_runner.py:222} INFO - ::endgroup::
